2022-04-25 00:36:57 (ERROR): Unable to open Pathmatrix file for reading (filename: 'de_dust2.pmx').
2022-04-25 00:37:06 (ERROR): Unable to open Visibility file for reading (filename: 'de_dust2.vis').
2022-04-25 00:37:06 (ERROR): Unable to open Practice file for reading (filename: 'de_dust2.prc').
2022-04-25 01:10:17 (ERROR): Unable to open Pathmatrix file for reading (filename: 'cs_747.pmx').
2022-04-25 01:10:18 (ERROR): Unable to open Visibility file for reading (filename: 'cs_747.vis').
2022-04-25 01:10:18 (ERROR): Unable to open Practice file for reading (filename: 'cs_747.prc').
2022-04-25 01:41:08 (ERROR): Unable to open Pathmatrix file for reading (filename: 'de_airstrip.pmx').
2022-04-25 01:41:12 (ERROR): Unable to open Visibility file for reading (filename: 'de_airstrip.vis').
2022-04-25 01:41:12 (ERROR): Unable to open Practice file for reading (filename: 'de_airstrip.prc').
2022-04-25 02:47:04 (ERROR): Unable to open Practice file for reading (filename: 'de_airstrip.prc').
2022-04-25 15:15:09 (ERROR): Unable to open Practice file for reading (filename: 'de_airstrip.prc').
2022-04-25 15:45:18 (ERROR): Unable to open Pathmatrix file for reading (filename: 'de_nuke.pmx').
2022-04-25 15:45:27 (ERROR): Unable to open Visibility file for reading (filename: 'de_nuke.vis').
2022-04-25 15:45:27 (ERROR): Unable to open Practice file for reading (filename: 'de_nuke.prc').
2022-04-25 16:05:59 (ERROR): Unable to open Pathmatrix file for reading (filename: 'cs_havana.pmx').
2022-04-25 16:06:01 (ERROR): Unable to open Visibility file for reading (filename: 'cs_havana.vis').
2022-04-25 16:06:01 (ERROR): Unable to open Practice file for reading (filename: 'cs_havana.prc').
2022-04-25 16:26:26 (ERROR): Unable to open Pathmatrix file for reading (filename: 'de_chateau.pmx').
2022-04-25 16:26:27 (ERROR): Unable to open Visibility file for reading (filename: 'de_chateau.vis').
2022-04-25 16:26:27 (ERROR): Unable to open Practice file for reading (filename: 'de_chateau.prc').
2022-06-22 03:58:34 (ERROR): Unable to open Practice file for reading (filename: 'de_chateau.prc').
2022-06-22 04:18:54 (ERROR): Unable to open Pathmatrix file for reading (filename: 'de_aztec.pmx').
2022-06-22 04:18:59 (ERROR): Unable to open Visibility file for reading (filename: 'de_aztec.vis').
2022-06-22 04:18:59 (ERROR): Unable to open Practice file for reading (filename: 'de_aztec.prc').
2022-06-22 04:39:26 (ERROR): Unable to open Pathmatrix file for reading (filename: 'as_oilrig.pmx').
2022-06-22 04:39:28 (ERROR): Unable to open Visibility file for reading (filename: 'as_oilrig.vis').
2022-06-22 04:39:28 (ERROR): Unable to open Practice file for reading (filename: 'as_oilrig.prc').
2022-06-22 04:59:50 (ERROR): Unable to open Pathmatrix file for reading (filename: 'cs_siege.pmx').
2022-06-22 04:59:53 (ERROR): Unable to open Visibility file for reading (filename: 'cs_siege.vis').
2022-06-22 04:59:53 (ERROR): Unable to open Practice file for reading (filename: 'cs_siege.prc').
2022-06-22 05:20:16 (ERROR): Unable to open Pathmatrix file for reading (filename: 'de_cbble.pmx').
2022-06-22 05:20:22 (ERROR): Unable to open Visibility file for reading (filename: 'de_cbble.vis').
2022-06-22 05:20:22 (ERROR): Unable to open Practice file for reading (filename: 'de_cbble.prc').
2022-06-22 05:40:50 (ERROR): Unable to open Pathmatrix file for reading (filename: 'de_dust.pmx').
2022-06-22 05:40:54 (ERROR): Unable to open Visibility file for reading (filename: 'de_dust.vis').
2022-06-22 05:40:54 (ERROR): Unable to open Practice file for reading (filename: 'de_dust.prc').
2022-06-22 06:01:18 (ERROR): Unable to open Practice file for reading (filename: 'cs_747.prc').
2022-06-22 06:21:37 (ERROR): Unable to open Pathmatrix file for reading (filename: 'de_prodigy.pmx').
2022-06-22 06:21:39 (ERROR): Unable to open Visibility file for reading (filename: 'de_prodigy.vis').
2022-06-22 06:21:39 (ERROR): Unable to open Practice file for reading (filename: 'de_prodigy.prc').
2022-06-22 06:42:01 (ERROR): Unable to open Pathmatrix file for reading (filename: 'cs_assault.pmx').
2022-06-22 06:42:06 (ERROR): Unable to open Visibility file for reading (filename: 'cs_assault.vis').
2022-06-22 06:42:06 (ERROR): Unable to open Practice file for reading (filename: 'cs_assault.prc').
2022-06-22 07:02:32 (ERROR): Unable to open Pathmatrix file for reading (filename: 'cs_office.pmx').
2022-06-22 07:02:35 (ERROR): Unable to open Visibility file for reading (filename: 'cs_office.vis').
2022-06-22 07:02:35 (ERROR): Unable to open Practice file for reading (filename: 'cs_office.prc').
2022-06-22 07:23:05 (ERROR): Unable to open Pathmatrix file for reading (filename: 'cs_italy.pmx').
2022-06-22 07:23:07 (ERROR): Unable to open Visibility file for reading (filename: 'cs_italy.vis').
2022-06-22 07:23:07 (ERROR): Unable to open Practice file for reading (filename: 'cs_italy.prc').
2022-06-22 07:43:30 (ERROR): Unable to open Pathmatrix file for reading (filename: 'cs_backalley.pmx').
2022-06-22 07:43:30 (ERROR): Unable to open Visibility file for reading (filename: 'cs_backalley.vis').
2022-06-22 07:43:30 (ERROR): Unable to open Practice file for reading (filename: 'cs_backalley.prc').
2022-06-22 08:03:51 (ERROR): Unable to open Pathmatrix file for reading (filename: 'cs_militia.pmx').
2022-06-22 08:03:54 (ERROR): Unable to open Visibility file for reading (filename: 'cs_militia.vis').
2022-06-22 08:03:54 (ERROR): Unable to open Practice file for reading (filename: 'cs_militia.prc').
2022-06-22 08:24:18 (ERROR): Unable to open Pathmatrix file for reading (filename: 'de_train.pmx').
2022-06-22 08:24:25 (ERROR): Unable to open Visibility file for reading (filename: 'de_train.vis').
2022-06-22 08:24:25 (ERROR): Unable to open Practice file for reading (filename: 'de_train.prc').
2022-06-22 08:44:50 (ERROR): Unable to open Practice file for reading (filename: 'de_airstrip.prc').
