L 06/22/2022 - 12:24:42: Start of error session.
L 06/22/2022 - 12:24:42: Info (map "de_dust2") (file "addons/amxmodx/logs/error_20220622.log")
L 06/22/2022 - 12:24:42: [OO] PlayerClass@GetPlayerIndex(...): Public not found
L 06/22/2022 - 12:24:42: [AMXX] Displaying debug trace (plugin "contagion.amxx", version "unknown")
L 06/22/2022 - 12:24:42: [AMXX] Run time error 10: native error (native "oo_decl_msg")
L 06/22/2022 - 12:24:42: [AMXX]    [0] playerclass.pwn::PlayerClassOO (line 44)
L 06/22/2022 - 12:24:42: [AMXX]    [1] contagion.sma::oo_init (line 29)
L 06/22/2022 - 12:24:45: [OO] Class (HumanInfo) not found
L 06/22/2022 - 12:24:45: [AMXX] Displaying debug trace (plugin "contagion.amxx", version "unknown")
L 06/22/2022 - 12:24:45: [AMXX] Run time error 10: native error (native "oo_new")
L 06/22/2022 - 12:24:45: [AMXX]    [0] human.pwn::HumanPrecache (line 34)
L 06/22/2022 - 12:24:45: [AMXX]    [1] playerclass.pwn::PlayerClassPrecache (line 333)
L 06/22/2022 - 12:24:45: [AMXX]    [2] contagion.sma::plugin_precache (line 34)
L 06/22/2022 - 12:24:45: [OO] Object (0) not found
L 06/22/2022 - 12:24:45: [AMXX] Displaying debug trace (plugin "contagion.amxx", version "unknown")
L 06/22/2022 - 12:24:45: [AMXX] Run time error 10: native error (native "oo_send")
L 06/22/2022 - 12:24:45: [AMXX]    [0] utils.pwn::CreateBasicPlayerClassCvars (line 16)
L 06/22/2022 - 12:24:45: [AMXX]    [1] human.pwn::HumanInit (line 39)
L 06/22/2022 - 12:24:45: [AMXX]    [2] playerclass.pwn::PlayerClassInit (line 339)
L 06/22/2022 - 12:24:45: [AMXX]    [3] contagion.sma::plugin_init (line 43)
L 06/22/2022 - 12:25:34: Start of error session.
L 06/22/2022 - 12:25:34: Info (map "de_dust2") (file "addons/amxmodx/logs/error_20220622.log")
L 06/22/2022 - 12:25:34: [OO] PlayerClassInfo: Duplicate class
L 06/22/2022 - 12:25:34: [AMXX] Displaying debug trace (plugin "contagion.amxx", version "unknown")
L 06/22/2022 - 12:25:34: [AMXX] Run time error 10: native error (native "oo_decl_class")
L 06/22/2022 - 12:25:34: [AMXX]    [0] playerclass.pwn::PlayerClassOO (line 9)
L 06/22/2022 - 12:25:34: [AMXX]    [1] contagion.sma::oo_init (line 29)
L 06/22/2022 - 12:25:34: [OO] Class (HumanInfo) not found
L 06/22/2022 - 12:25:34: [AMXX] Displaying debug trace (plugin "contagion.amxx", version "unknown")
L 06/22/2022 - 12:25:34: [AMXX] Run time error 10: native error (native "oo_new")
L 06/22/2022 - 12:25:34: [AMXX]    [0] human.pwn::HumanPrecache (line 34)
L 06/22/2022 - 12:25:34: [AMXX]    [1] playerclass.pwn::PlayerClassPrecache (line 332)
L 06/22/2022 - 12:25:34: [AMXX]    [2] contagion.sma::plugin_precache (line 34)
L 06/22/2022 - 12:25:34: [OO] Object (0) not found
L 06/22/2022 - 12:25:34: [AMXX] Displaying debug trace (plugin "contagion.amxx", version "unknown")
L 06/22/2022 - 12:25:34: [AMXX] Run time error 10: native error (native "oo_send")
L 06/22/2022 - 12:25:34: [AMXX]    [0] utils.pwn::CreateBasicPlayerClassCvars (line 16)
L 06/22/2022 - 12:25:34: [AMXX]    [1] human.pwn::HumanInit (line 39)
L 06/22/2022 - 12:25:34: [AMXX]    [2] playerclass.pwn::PlayerClassInit (line 338)
L 06/22/2022 - 12:25:34: [AMXX]    [3] contagion.sma::plugin_init (line 43)
L 06/22/2022 - 12:26:41: Start of error session.
L 06/22/2022 - 12:26:41: Info (map "de_dust2") (file "addons/amxmodx/logs/error_20220622.log")
L 06/22/2022 - 12:26:41: String formatted incorrectly - parameter 4 (total 3)
L 06/22/2022 - 12:26:41: [AMXX] Displaying debug trace (plugin "contagion.amxx", version "unknown")
L 06/22/2022 - 12:26:41: [AMXX] Run time error 25: parameter error 
L 06/22/2022 - 12:26:41: [AMXX]    [0] gamerules.pwn::LoadObjectiveEnts (line 317)
L 06/22/2022 - 12:26:41: [AMXX]    [1] gamerules.pwn::GameRulesPrecache (line 29)
L 06/22/2022 - 12:26:41: [AMXX]    [2] contagion.sma::plugin_precache (line 34)
L 06/22/2022 - 12:26:50: Start of error session.
L 06/22/2022 - 12:26:50: Info (map "de_dust2") (file "addons/amxmodx/logs/error_20220622.log")
L 06/22/2022 - 12:26:50: String formatted incorrectly - parameter 4 (total 3)
L 06/22/2022 - 12:26:50: [AMXX] Displaying debug trace (plugin "contagion.amxx", version "unknown")
L 06/22/2022 - 12:26:50: [AMXX] Run time error 25: parameter error 
L 06/22/2022 - 12:26:50: [AMXX]    [0] gamerules.pwn::LoadObjectiveEnts (line 317)
L 06/22/2022 - 12:26:50: [AMXX]    [1] gamerules.pwn::GameRulesPrecache (line 29)
L 06/22/2022 - 12:26:50: [AMXX]    [2] contagion.sma::plugin_precache (line 34)
L 06/22/2022 - 12:26:57: Start of error session.
L 06/22/2022 - 12:26:57: Info (map "de_dust2") (file "addons/amxmodx/logs/error_20220622.log")
L 06/22/2022 - 12:26:57: String formatted incorrectly - parameter 4 (total 3)
L 06/22/2022 - 12:26:57: [AMXX] Displaying debug trace (plugin "contagion.amxx", version "unknown")
L 06/22/2022 - 12:26:57: [AMXX] Run time error 25: parameter error 
L 06/22/2022 - 12:26:57: [AMXX]    [0] gamerules.pwn::LoadObjectiveEnts (line 317)
L 06/22/2022 - 12:26:57: [AMXX]    [1] gamerules.pwn::GameRulesPrecache (line 29)
L 06/22/2022 - 12:26:57: [AMXX]    [2] contagion.sma::plugin_precache (line 34)
L 06/22/2022 - 12:28:31: Start of error session.
L 06/22/2022 - 12:28:31: Info (map "de_dust2") (file "addons/amxmodx/logs/error_20220622.log")
L 06/22/2022 - 12:28:31: [OO] Reading IVar Human@m_ClassInfo: Not found
L 06/22/2022 - 12:28:31: [AMXX] Displaying debug trace (plugin "contagion.amxx", version "0.1")
L 06/22/2022 - 12:28:31: [AMXX] Run time error 10: native error (native "oo_read")
L 06/22/2022 - 12:28:31: [AMXX]    [0] player.pwn::SetPlayerClass (line 93)
L 06/22/2022 - 12:28:31: [AMXX]    [1] gamerules.pwn::GameRules_PlayerSpawned (line 253)
L 06/22/2022 - 12:28:31: [AMXX]    [2] player.pwn::Player_Spawned (line 44)
L 06/22/2022 - 12:28:31: [AMXX]    [3] ham.pwn::OnHamPlayerSpawn_Post (line 35)
L 06/22/2022 - 12:28:31: [OO] Reading IVar Human@m_ClassInfo: Not found
L 06/22/2022 - 12:28:31: [AMXX] Displaying debug trace (plugin "contagion.amxx", version "0.1")
L 06/22/2022 - 12:28:31: [AMXX] Run time error 10: native error (native "oo_read")
L 06/22/2022 - 12:28:31: [AMXX]    [0] player.pwn::SetPlayerClass (line 93)
L 06/22/2022 - 12:28:31: [AMXX]    [1] gamerules.pwn::GameRules_PlayerSpawned (line 253)
L 06/22/2022 - 12:28:31: [AMXX]    [2] player.pwn::Player_Spawned (line 44)
L 06/22/2022 - 12:28:31: [AMXX]    [3] ham.pwn::OnHamPlayerSpawn_Post (line 35)
L 06/22/2022 - 12:28:32: [OO] Reading IVar Human@m_ClassInfo: Not found
L 06/22/2022 - 12:28:32: [AMXX] Displaying debug trace (plugin "contagion.amxx", version "0.1")
L 06/22/2022 - 12:28:32: [AMXX] Run time error 10: native error (native "oo_read")
L 06/22/2022 - 12:28:32: [AMXX]    [0] player.pwn::SetPlayerClass (line 93)
L 06/22/2022 - 12:28:32: [AMXX]    [1] gamerules.pwn::GameRules_PlayerSpawned (line 253)
L 06/22/2022 - 12:28:32: [AMXX]    [2] player.pwn::Player_Spawned (line 44)
L 06/22/2022 - 12:28:32: [AMXX]    [3] ham.pwn::OnHamPlayerSpawn_Post (line 35)
L 06/22/2022 - 12:28:32: [OO] Reading IVar Human@m_ClassInfo: Not found
L 06/22/2022 - 12:28:32: [AMXX] Displaying debug trace (plugin "contagion.amxx", version "0.1")
L 06/22/2022 - 12:28:32: [AMXX] Run time error 10: native error (native "oo_read")
L 06/22/2022 - 12:28:32: [AMXX]    [0] player.pwn::SetPlayerClass (line 93)
L 06/22/2022 - 12:28:32: [AMXX]    [1] gamerules.pwn::GameRules_PlayerSpawned (line 253)
L 06/22/2022 - 12:28:32: [AMXX]    [2] player.pwn::Player_Spawned (line 44)
L 06/22/2022 - 12:28:32: [AMXX]    [3] ham.pwn::OnHamPlayerSpawn_Post (line 35)
L 06/22/2022 - 12:28:33: [OO] Reading IVar Human@m_ClassInfo: Not found
L 06/22/2022 - 12:28:33: [AMXX] Displaying debug trace (plugin "contagion.amxx", version "0.1")
L 06/22/2022 - 12:28:33: [AMXX] Run time error 10: native error (native "oo_read")
L 06/22/2022 - 12:28:33: [AMXX]    [0] player.pwn::SetPlayerClass (line 93)
L 06/22/2022 - 12:28:33: [AMXX]    [1] gamerules.pwn::GameRules_PlayerSpawned (line 253)
L 06/22/2022 - 12:28:33: [AMXX]    [2] player.pwn::Player_Spawned (line 44)
L 06/22/2022 - 12:28:33: [AMXX]    [3] ham.pwn::OnHamPlayerSpawn_Post (line 35)
L 06/22/2022 - 12:28:33: [OO] Reading IVar Human@m_ClassInfo: Not found
L 06/22/2022 - 12:28:33: [AMXX] Displaying debug trace (plugin "contagion.amxx", version "0.1")
L 06/22/2022 - 12:28:33: [AMXX] Run time error 10: native error (native "oo_read")
L 06/22/2022 - 12:28:33: [AMXX]    [0] player.pwn::SetPlayerClass (line 93)
L 06/22/2022 - 12:28:33: [AMXX]    [1] gamerules.pwn::GameRules_PlayerSpawned (line 253)
L 06/22/2022 - 12:28:33: [AMXX]    [2] player.pwn::Player_Spawned (line 44)
L 06/22/2022 - 12:28:33: [AMXX]    [3] ham.pwn::OnHamPlayerSpawn_Post (line 35)
L 06/22/2022 - 12:28:33: [OO] Reading IVar Human@m_ClassInfo: Not found
L 06/22/2022 - 12:28:34: [AMXX] Displaying debug trace (plugin "contagion.amxx", version "0.1")
L 06/22/2022 - 12:28:34: [AMXX] Run time error 10: native error (native "oo_read")
L 06/22/2022 - 12:28:34: [AMXX]    [0] player.pwn::SetPlayerClass (line 93)
L 06/22/2022 - 12:28:34: [AMXX]    [1] gamerules.pwn::GameRules_PlayerSpawned (line 253)
L 06/22/2022 - 12:28:34: [AMXX]    [2] player.pwn::Player_Spawned (line 44)
L 06/22/2022 - 12:28:34: [AMXX]    [3] ham.pwn::OnHamPlayerSpawn_Post (line 35)
L 06/22/2022 - 12:28:34: [OO] Reading IVar Human@m_ClassInfo: Not found
L 06/22/2022 - 12:28:34: [AMXX] Displaying debug trace (plugin "contagion.amxx", version "0.1")
L 06/22/2022 - 12:28:34: [AMXX] Run time error 10: native error (native "oo_read")
L 06/22/2022 - 12:28:34: [AMXX]    [0] player.pwn::SetPlayerClass (line 93)
L 06/22/2022 - 12:28:34: [AMXX]    [1] gamerules.pwn::GameRules_PlayerSpawned (line 253)
L 06/22/2022 - 12:28:34: [AMXX]    [2] player.pwn::Player_Spawned (line 44)
L 06/22/2022 - 12:28:34: [AMXX]    [3] ham.pwn::OnHamPlayerSpawn_Post (line 35)
L 06/22/2022 - 12:28:34: [OO] Reading IVar Human@m_ClassInfo: Not found
L 06/22/2022 - 12:28:34: [AMXX] Displaying debug trace (plugin "contagion.amxx", version "0.1")
L 06/22/2022 - 12:28:34: [AMXX] Run time error 10: native error (native "oo_read")
L 06/22/2022 - 12:28:34: [AMXX]    [0] player.pwn::SetPlayerClass (line 93)
L 06/22/2022 - 12:28:34: [AMXX]    [1] gamerules.pwn::GameRules_PlayerSpawned (line 253)
L 06/22/2022 - 12:28:34: [AMXX]    [2] player.pwn::Player_Spawned (line 44)
L 06/22/2022 - 12:28:34: [AMXX]    [3] ham.pwn::OnHamPlayerSpawn_Post (line 35)
L 06/22/2022 - 12:28:36: [OO] Reading IVar Human@m_ClassInfo: Not found
L 06/22/2022 - 12:28:36: [AMXX] Displaying debug trace (plugin "contagion.amxx", version "0.1")
L 06/22/2022 - 12:28:36: [AMXX] Run time error 10: native error (native "oo_read")
L 06/22/2022 - 12:28:36: [AMXX]    [0] player.pwn::SetPlayerClass (line 93)
L 06/22/2022 - 12:28:36: [AMXX]    [1] gamerules.pwn::GameRules_RestartRound (line 164)
L 06/22/2022 - 12:28:36: [AMXX]    [2] events.pwn::Event_RestartRound (line 8)
L 06/22/2022 - 12:29:01: [OO] Reading IVar Zombie@m_ClassInfo: Not found
L 06/22/2022 - 12:29:01: [AMXX] Displaying debug trace (plugin "contagion.amxx", version "0.1")
L 06/22/2022 - 12:29:01: [AMXX] Run time error 10: native error (native "oo_read")
L 06/22/2022 - 12:29:01: [AMXX]    [0] player.pwn::SetPlayerClass (line 93)
L 06/22/2022 - 12:29:01: [AMXX]    [1] gamerules.pwn::TaskRespawnPlayer (line 309)
L 06/22/2022 - 12:29:01: [OO] Reading IVar Zombie@m_ClassInfo: Not found
L 06/22/2022 - 12:29:01: [AMXX] Displaying debug trace (plugin "contagion.amxx", version "0.1")
L 06/22/2022 - 12:29:01: [AMXX] Run time error 10: native error (native "oo_read")
L 06/22/2022 - 12:29:01: [AMXX]    [0] player.pwn::SetPlayerClass (line 93)
L 06/22/2022 - 12:29:01: [AMXX]    [1] gamerules.pwn::TaskRespawnPlayer (line 309)
L 06/22/2022 - 12:29:05: [OO] Reading IVar Zombie@m_ClassInfo: Not found
L 06/22/2022 - 12:29:05: [AMXX] Displaying debug trace (plugin "contagion.amxx", version "0.1")
L 06/22/2022 - 12:29:05: [AMXX] Run time error 10: native error (native "oo_read")
L 06/22/2022 - 12:29:05: [AMXX]    [0] player.pwn::SetPlayerClass (line 93)
L 06/22/2022 - 12:29:05: [AMXX]    [1] gamerules.pwn::TaskRespawnPlayer (line 309)
L 06/22/2022 - 12:29:24: [OO] Reading IVar Zombie@m_ClassInfo: Not found
L 06/22/2022 - 12:29:24: [AMXX] Displaying debug trace (plugin "contagion.amxx", version "0.1")
L 06/22/2022 - 12:29:24: [AMXX] Run time error 10: native error (native "oo_read")
L 06/22/2022 - 12:29:24: [AMXX]    [0] player.pwn::SetPlayerClass (line 93)
L 06/22/2022 - 12:29:24: [AMXX]    [1] gamerules.pwn::TaskRespawnPlayer (line 309)
L 06/22/2022 - 12:29:29: [OO] Reading IVar Zombie@m_ClassInfo: Not found
L 06/22/2022 - 12:29:29: [AMXX] Displaying debug trace (plugin "contagion.amxx", version "0.1")
L 06/22/2022 - 12:29:29: [AMXX] Run time error 10: native error (native "oo_read")
L 06/22/2022 - 12:29:29: [AMXX]    [0] player.pwn::SetPlayerClass (line 93)
L 06/22/2022 - 12:29:29: [AMXX]    [1] gamerules.pwn::TaskRespawnPlayer (line 309)
L 06/22/2022 - 12:29:32: [OO] Reading IVar Zombie@m_ClassInfo: Not found
L 06/22/2022 - 12:29:32: [AMXX] Displaying debug trace (plugin "contagion.amxx", version "0.1")
L 06/22/2022 - 12:29:32: [AMXX] Run time error 10: native error (native "oo_read")
L 06/22/2022 - 12:29:32: [AMXX]    [0] player.pwn::SetPlayerClass (line 93)
L 06/22/2022 - 12:29:32: [AMXX]    [1] gamerules.pwn::TaskRespawnPlayer (line 309)
L 06/22/2022 - 12:29:41: [OO] Reading IVar Zombie@m_ClassInfo: Not found
L 06/22/2022 - 12:29:41: [AMXX] Displaying debug trace (plugin "contagion.amxx", version "0.1")
L 06/22/2022 - 12:29:41: [AMXX] Run time error 10: native error (native "oo_read")
L 06/22/2022 - 12:29:41: [AMXX]    [0] player.pwn::SetPlayerClass (line 93)
L 06/22/2022 - 12:29:41: [AMXX]    [1] gamerules.pwn::TaskRespawnPlayer (line 309)
L 06/22/2022 - 12:32:53: Start of error session.
L 06/22/2022 - 12:32:53: Info (map "de_dust2") (file "addons/amxmodx/logs/error_20220622.log")
L 06/22/2022 - 12:32:53: [OO] PlayerClassInfo: Duplicate class
L 06/22/2022 - 12:32:53: [AMXX] Displaying debug trace (plugin "contagion.amxx", version "unknown")
L 06/22/2022 - 12:32:53: [AMXX] Run time error 10: native error (native "oo_decl_class")
L 06/22/2022 - 12:32:53: [AMXX]    [0] playerclass.pwn::PlayerClassOO (line 9)
L 06/22/2022 - 12:32:53: [AMXX]    [1] contagion.sma::oo_init (line 29)
L 06/22/2022 - 12:32:58: Invalid player id 1698092
L 06/22/2022 - 12:32:58: [AMXX] Run time error 10 (plugin "admincmd.amxx") (native "get_user_flags") - debug not enabled!
L 06/22/2022 - 12:32:58: [AMXX] To enable debug mode, add "debug" after the plugin name in plugins.ini (without quotes).
L 06/22/2022 - 12:32:59: Invalid player id 1695436
L 06/22/2022 - 12:32:59: [AMXX] Run time error 10 (plugin "admincmd.amxx") (native "get_user_flags") - debug not enabled!
L 06/22/2022 - 12:32:59: [AMXX] To enable debug mode, add "debug" after the plugin name in plugins.ini (without quotes).
L 06/22/2022 - 12:32:59: Invalid player id 1698092
L 06/22/2022 - 12:32:59: [AMXX] Run time error 10 (plugin "admincmd.amxx") (native "get_user_flags") - debug not enabled!
L 06/22/2022 - 12:32:59: [AMXX] To enable debug mode, add "debug" after the plugin name in plugins.ini (without quotes).
L 06/22/2022 - 12:32:59: Invalid player id 1698092
L 06/22/2022 - 12:32:59: [AMXX] Run time error 10 (plugin "admincmd.amxx") (native "get_user_flags") - debug not enabled!
L 06/22/2022 - 12:32:59: [AMXX] To enable debug mode, add "debug" after the plugin name in plugins.ini (without quotes).
L 06/22/2022 - 12:33:00: Invalid player id 1698092
L 06/22/2022 - 12:33:00: [AMXX] Run time error 10 (plugin "admincmd.amxx") (native "get_user_flags") - debug not enabled!
L 06/22/2022 - 12:33:00: [AMXX] To enable debug mode, add "debug" after the plugin name in plugins.ini (without quotes).
L 06/22/2022 - 12:33:00: Invalid player id 1698092
L 06/22/2022 - 12:33:00: [AMXX] Run time error 10 (plugin "admincmd.amxx") (native "get_user_flags") - debug not enabled!
L 06/22/2022 - 12:33:00: [AMXX] To enable debug mode, add "debug" after the plugin name in plugins.ini (without quotes).
L 06/22/2022 - 12:33:01: Invalid player id 1698092
L 06/22/2022 - 12:33:01: [AMXX] Run time error 10 (plugin "admincmd.amxx") (native "get_user_flags") - debug not enabled!
L 06/22/2022 - 12:33:01: [AMXX] To enable debug mode, add "debug" after the plugin name in plugins.ini (without quotes).
L 06/22/2022 - 12:33:01: Invalid player id 1697868
L 06/22/2022 - 12:33:01: [AMXX] Run time error 10 (plugin "admincmd.amxx") (native "get_user_flags") - debug not enabled!
L 06/22/2022 - 12:33:01: [AMXX] To enable debug mode, add "debug" after the plugin name in plugins.ini (without quotes).
L 06/22/2022 - 12:33:01: Invalid player id 1697868
L 06/22/2022 - 12:33:01: [AMXX] Run time error 10 (plugin "admincmd.amxx") (native "get_user_flags") - debug not enabled!
L 06/22/2022 - 12:33:01: [AMXX] To enable debug mode, add "debug" after the plugin name in plugins.ini (without quotes).
L 06/22/2022 - 12:33:02: Invalid player id 1697868
L 06/22/2022 - 12:33:02: [AMXX] Run time error 10 (plugin "admincmd.amxx") (native "get_user_flags") - debug not enabled!
L 06/22/2022 - 12:33:02: [AMXX] To enable debug mode, add "debug" after the plugin name in plugins.ini (without quotes).
L 06/22/2022 - 12:33:03: Invalid player id 1698792
L 06/22/2022 - 12:33:03: [AMXX] Run time error 10 (plugin "admincmd.amxx") (native "get_user_flags") - debug not enabled!
L 06/22/2022 - 12:33:03: [AMXX] To enable debug mode, add "debug" after the plugin name in plugins.ini (without quotes).
L 06/22/2022 - 12:33:03: Invalid player id 1698792
L 06/22/2022 - 12:33:03: [AMXX] Run time error 10 (plugin "admincmd.amxx") (native "get_user_flags") - debug not enabled!
L 06/22/2022 - 12:33:03: [AMXX] To enable debug mode, add "debug" after the plugin name in plugins.ini (without quotes).
L 06/22/2022 - 12:33:03: Invalid player id 1698792
L 06/22/2022 - 12:33:03: [AMXX] Run time error 10 (plugin "admincmd.amxx") (native "get_user_flags") - debug not enabled!
L 06/22/2022 - 12:33:03: [AMXX] To enable debug mode, add "debug" after the plugin name in plugins.ini (without quotes).
L 06/22/2022 - 12:33:03: Invalid player id 1698792
L 06/22/2022 - 12:33:03: [AMXX] Run time error 10 (plugin "admincmd.amxx") (native "get_user_flags") - debug not enabled!
L 06/22/2022 - 12:33:03: [AMXX] To enable debug mode, add "debug" after the plugin name in plugins.ini (without quotes).
L 06/22/2022 - 12:33:03: Invalid player id 1698792
L 06/22/2022 - 12:33:03: [AMXX] Run time error 10 (plugin "admincmd.amxx") (native "get_user_flags") - debug not enabled!
L 06/22/2022 - 12:33:03: [AMXX] To enable debug mode, add "debug" after the plugin name in plugins.ini (without quotes).
L 06/22/2022 - 12:33:03: Invalid player id 1698792
L 06/22/2022 - 12:33:03: [AMXX] Run time error 10 (plugin "admincmd.amxx") (native "get_user_flags") - debug not enabled!
L 06/22/2022 - 12:33:03: [AMXX] To enable debug mode, add "debug" after the plugin name in plugins.ini (without quotes).
L 06/22/2022 - 12:33:03: Invalid player id 1698792
L 06/22/2022 - 12:33:03: [AMXX] Run time error 10 (plugin "admincmd.amxx") (native "get_user_flags") - debug not enabled!
L 06/22/2022 - 12:33:03: [AMXX] To enable debug mode, add "debug" after the plugin name in plugins.ini (without quotes).
L 06/22/2022 - 12:33:03: Invalid player id 1698792
L 06/22/2022 - 12:33:03: [AMXX] Run time error 10 (plugin "admincmd.amxx") (native "get_user_flags") - debug not enabled!
L 06/22/2022 - 12:33:03: [AMXX] To enable debug mode, add "debug" after the plugin name in plugins.ini (without quotes).
L 06/22/2022 - 12:33:03: Invalid player id 1698792
L 06/22/2022 - 12:33:03: [AMXX] Run time error 10 (plugin "admincmd.amxx") (native "get_user_flags") - debug not enabled!
L 06/22/2022 - 12:33:03: [AMXX] To enable debug mode, add "debug" after the plugin name in plugins.ini (without quotes).
L 06/22/2022 - 12:33:03: Invalid player id 1698792
L 06/22/2022 - 12:33:03: [AMXX] Run time error 10 (plugin "admincmd.amxx") (native "get_user_flags") - debug not enabled!
L 06/22/2022 - 12:33:03: [AMXX] To enable debug mode, add "debug" after the plugin name in plugins.ini (without quotes).
L 06/22/2022 - 12:33:03: Invalid player id 1698792
L 06/22/2022 - 12:33:03: [AMXX] Run time error 10 (plugin "admincmd.amxx") (native "get_user_flags") - debug not enabled!
L 06/22/2022 - 12:33:03: [AMXX] To enable debug mode, add "debug" after the plugin name in plugins.ini (without quotes).
L 06/22/2022 - 12:33:03: Invalid player id 1698792
L 06/22/2022 - 12:33:03: [AMXX] Run time error 10 (plugin "admincmd.amxx") (native "get_user_flags") - debug not enabled!
L 06/22/2022 - 12:33:03: [AMXX] To enable debug mode, add "debug" after the plugin name in plugins.ini (without quotes).
L 06/22/2022 - 12:33:03: Invalid player id 1698792
L 06/22/2022 - 12:33:03: [AMXX] Run time error 10 (plugin "admincmd.amxx") (native "get_user_flags") - debug not enabled!
L 06/22/2022 - 12:33:03: [AMXX] To enable debug mode, add "debug" after the plugin name in plugins.ini (without quotes).
L 06/22/2022 - 12:33:03: Invalid player id 1698792
L 06/22/2022 - 12:33:03: [AMXX] Run time error 10 (plugin "admincmd.amxx") (native "get_user_flags") - debug not enabled!
L 06/22/2022 - 12:33:03: [AMXX] To enable debug mode, add "debug" after the plugin name in plugins.ini (without quotes).
L 06/22/2022 - 12:33:03: Invalid player id 1698792
L 06/22/2022 - 12:33:03: [AMXX] Run time error 10 (plugin "admincmd.amxx") (native "get_user_flags") - debug not enabled!
L 06/22/2022 - 12:33:03: [AMXX] To enable debug mode, add "debug" after the plugin name in plugins.ini (without quotes).
L 06/22/2022 - 12:33:03: Invalid player id 1698792
L 06/22/2022 - 12:33:03: [AMXX] Run time error 10 (plugin "admincmd.amxx") (native "get_user_flags") - debug not enabled!
L 06/22/2022 - 12:33:03: [AMXX] To enable debug mode, add "debug" after the plugin name in plugins.ini (without quotes).
L 06/22/2022 - 12:33:03: Invalid player id 1698792
L 06/22/2022 - 12:33:03: [AMXX] Run time error 10 (plugin "admincmd.amxx") (native "get_user_flags") - debug not enabled!
L 06/22/2022 - 12:33:03: [AMXX] To enable debug mode, add "debug" after the plugin name in plugins.ini (without quotes).
L 06/22/2022 - 12:33:03: Invalid player id 1698792
L 06/22/2022 - 12:33:03: [AMXX] Run time error 10 (plugin "admincmd.amxx") (native "get_user_flags") - debug not enabled!
L 06/22/2022 - 12:33:03: [AMXX] To enable debug mode, add "debug" after the plugin name in plugins.ini (without quotes).
L 06/22/2022 - 12:33:03: Invalid player id 1698792
L 06/22/2022 - 12:33:03: [AMXX] Run time error 10 (plugin "admincmd.amxx") (native "get_user_flags") - debug not enabled!
L 06/22/2022 - 12:33:03: [AMXX] To enable debug mode, add "debug" after the plugin name in plugins.ini (without quotes).
L 06/22/2022 - 12:33:03: Invalid player id 1698792
L 06/22/2022 - 12:33:03: [AMXX] Run time error 10 (plugin "admincmd.amxx") (native "get_user_flags") - debug not enabled!
L 06/22/2022 - 12:33:03: [AMXX] To enable debug mode, add "debug" after the plugin name in plugins.ini (without quotes).
L 06/22/2022 - 12:33:03: Invalid player id 1698924
L 06/22/2022 - 12:33:03: [AMXX] Run time error 10 (plugin "admincmd.amxx") (native "get_user_flags") - debug not enabled!
L 06/22/2022 - 12:33:03: [AMXX] To enable debug mode, add "debug" after the plugin name in plugins.ini (without quotes).
L 06/22/2022 - 12:33:03: Invalid player id 1699036
L 06/22/2022 - 12:33:03: [AMXX] Run time error 10 (plugin "admincmd.amxx") (native "get_user_flags") - debug not enabled!
L 06/22/2022 - 12:33:03: [AMXX] To enable debug mode, add "debug" after the plugin name in plugins.ini (without quotes).
L 06/22/2022 - 12:33:03: Invalid player id 1698924
L 06/22/2022 - 12:33:03: [AMXX] Run time error 10 (plugin "admincmd.amxx") (native "get_user_flags") - debug not enabled!
L 06/22/2022 - 12:33:03: [AMXX] To enable debug mode, add "debug" after the plugin name in plugins.ini (without quotes).
L 06/22/2022 - 12:33:03: Invalid player id 1699036
L 06/22/2022 - 12:33:03: [AMXX] Run time error 10 (plugin "admincmd.amxx") (native "get_user_flags") - debug not enabled!
L 06/22/2022 - 12:33:03: [AMXX] To enable debug mode, add "debug" after the plugin name in plugins.ini (without quotes).
L 06/22/2022 - 12:33:03: Invalid player id 1698924
L 06/22/2022 - 12:33:03: [AMXX] Run time error 10 (plugin "admincmd.amxx") (native "get_user_flags") - debug not enabled!
L 06/22/2022 - 12:33:03: [AMXX] To enable debug mode, add "debug" after the plugin name in plugins.ini (without quotes).
L 06/22/2022 - 12:33:03: Invalid player id 1699036
L 06/22/2022 - 12:33:03: [AMXX] Run time error 10 (plugin "admincmd.amxx") (native "get_user_flags") - debug not enabled!
L 06/22/2022 - 12:33:03: [AMXX] To enable debug mode, add "debug" after the plugin name in plugins.ini (without quotes).
L 06/22/2022 - 12:33:03: Invalid player id 1698924
L 06/22/2022 - 12:33:03: [AMXX] Run time error 10 (plugin "admincmd.amxx") (native "get_user_flags") - debug not enabled!
L 06/22/2022 - 12:33:03: [AMXX] To enable debug mode, add "debug" after the plugin name in plugins.ini (without quotes).
L 06/22/2022 - 12:33:03: Invalid player id 1699036
L 06/22/2022 - 12:33:03: [AMXX] Run time error 10 (plugin "admincmd.amxx") (native "get_user_flags") - debug not enabled!
L 06/22/2022 - 12:33:04: [AMXX] To enable debug mode, add "debug" after the plugin name in plugins.ini (without quotes).
L 06/22/2022 - 12:33:04: Invalid player id 1698924
L 06/22/2022 - 12:33:04: [AMXX] Run time error 10 (plugin "admincmd.amxx") (native "get_user_flags") - debug not enabled!
L 06/22/2022 - 12:33:04: [AMXX] To enable debug mode, add "debug" after the plugin name in plugins.ini (without quotes).
L 06/22/2022 - 12:33:04: Invalid player id 1699036
L 06/22/2022 - 12:33:04: [AMXX] Run time error 10 (plugin "admincmd.amxx") (native "get_user_flags") - debug not enabled!
L 06/22/2022 - 12:33:04: [AMXX] To enable debug mode, add "debug" after the plugin name in plugins.ini (without quotes).
L 06/22/2022 - 12:33:04: Invalid player id 1698924
L 06/22/2022 - 12:33:04: [AMXX] Run time error 10 (plugin "admincmd.amxx") (native "get_user_flags") - debug not enabled!
L 06/22/2022 - 12:33:04: [AMXX] To enable debug mode, add "debug" after the plugin name in plugins.ini (without quotes).
L 06/22/2022 - 12:33:04: Invalid player id 1699036
L 06/22/2022 - 12:33:04: [AMXX] Run time error 10 (plugin "admincmd.amxx") (native "get_user_flags") - debug not enabled!
L 06/22/2022 - 12:33:04: [AMXX] To enable debug mode, add "debug" after the plugin name in plugins.ini (without quotes).
L 06/22/2022 - 12:33:04: Invalid player id 1698924
L 06/22/2022 - 12:33:04: [AMXX] Run time error 10 (plugin "admincmd.amxx") (native "get_user_flags") - debug not enabled!
L 06/22/2022 - 12:33:04: [AMXX] To enable debug mode, add "debug" after the plugin name in plugins.ini (without quotes).
L 06/22/2022 - 12:33:04: Invalid player id 1699036
L 06/22/2022 - 12:33:04: [AMXX] Run time error 10 (plugin "admincmd.amxx") (native "get_user_flags") - debug not enabled!
L 06/22/2022 - 12:33:04: [AMXX] To enable debug mode, add "debug" after the plugin name in plugins.ini (without quotes).
L 06/22/2022 - 12:33:04: Invalid player id 1698924
L 06/22/2022 - 12:33:04: [AMXX] Run time error 10 (plugin "admincmd.amxx") (native "get_user_flags") - debug not enabled!
L 06/22/2022 - 12:33:04: [AMXX] To enable debug mode, add "debug" after the plugin name in plugins.ini (without quotes).
L 06/22/2022 - 12:33:04: Invalid player id 1699036
L 06/22/2022 - 12:33:04: [AMXX] Run time error 10 (plugin "admincmd.amxx") (native "get_user_flags") - debug not enabled!
L 06/22/2022 - 12:33:04: [AMXX] To enable debug mode, add "debug" after the plugin name in plugins.ini (without quotes).
L 06/22/2022 - 12:33:04: Invalid player id 1698924
L 06/22/2022 - 12:33:04: [AMXX] Run time error 10 (plugin "admincmd.amxx") (native "get_user_flags") - debug not enabled!
L 06/22/2022 - 12:33:04: [AMXX] To enable debug mode, add "debug" after the plugin name in plugins.ini (without quotes).
L 06/22/2022 - 12:33:04: Invalid player id 1699036
L 06/22/2022 - 12:33:04: [AMXX] Run time error 10 (plugin "admincmd.amxx") (native "get_user_flags") - debug not enabled!
L 06/22/2022 - 12:33:04: [AMXX] To enable debug mode, add "debug" after the plugin name in plugins.ini (without quotes).
L 06/22/2022 - 12:33:04: Invalid player id 1698924
L 06/22/2022 - 12:33:04: [AMXX] Run time error 10 (plugin "admincmd.amxx") (native "get_user_flags") - debug not enabled!
L 06/22/2022 - 12:33:04: [AMXX] To enable debug mode, add "debug" after the plugin name in plugins.ini (without quotes).
L 06/22/2022 - 12:33:04: Invalid player id 1699036
L 06/22/2022 - 12:33:04: [AMXX] Run time error 10 (plugin "admincmd.amxx") (native "get_user_flags") - debug not enabled!
L 06/22/2022 - 12:33:04: [AMXX] To enable debug mode, add "debug" after the plugin name in plugins.ini (without quotes).
L 06/22/2022 - 12:33:10: Invalid player id 1699100
L 06/22/2022 - 12:33:10: [AMXX] Run time error 10 (plugin "admincmd.amxx") (native "get_user_flags") - debug not enabled!
L 06/22/2022 - 12:33:10: [AMXX] To enable debug mode, add "debug" after the plugin name in plugins.ini (without quotes).
L 06/22/2022 - 12:33:10: Invalid player id 1699100
L 06/22/2022 - 12:33:10: [AMXX] Run time error 10 (plugin "admincmd.amxx") (native "get_user_flags") - debug not enabled!
L 06/22/2022 - 12:33:10: [AMXX] To enable debug mode, add "debug" after the plugin name in plugins.ini (without quotes).
L 06/22/2022 - 12:33:10: Invalid player id 1699100
L 06/22/2022 - 12:33:10: [AMXX] Run time error 10 (plugin "admincmd.amxx") (native "get_user_flags") - debug not enabled!
L 06/22/2022 - 12:33:10: [AMXX] To enable debug mode, add "debug" after the plugin name in plugins.ini (without quotes).
L 06/22/2022 - 12:33:10: Invalid player id 1699100
L 06/22/2022 - 12:33:10: [AMXX] Run time error 10 (plugin "admincmd.amxx") (native "get_user_flags") - debug not enabled!
L 06/22/2022 - 12:33:10: [AMXX] To enable debug mode, add "debug" after the plugin name in plugins.ini (without quotes).
L 06/22/2022 - 12:33:10: Invalid player id 1699100
L 06/22/2022 - 12:33:10: [AMXX] Run time error 10 (plugin "admincmd.amxx") (native "get_user_flags") - debug not enabled!
L 06/22/2022 - 12:33:10: [AMXX] To enable debug mode, add "debug" after the plugin name in plugins.ini (without quotes).
L 06/22/2022 - 12:33:10: Invalid player id 1699100
L 06/22/2022 - 12:33:10: [AMXX] Run time error 10 (plugin "admincmd.amxx") (native "get_user_flags") - debug not enabled!
L 06/22/2022 - 12:33:10: [AMXX] To enable debug mode, add "debug" after the plugin name in plugins.ini (without quotes).
L 06/22/2022 - 12:33:10: Invalid player id 1699100
L 06/22/2022 - 12:33:10: [AMXX] Run time error 10 (plugin "admincmd.amxx") (native "get_user_flags") - debug not enabled!
L 06/22/2022 - 12:33:10: [AMXX] To enable debug mode, add "debug" after the plugin name in plugins.ini (without quotes).
L 06/22/2022 - 12:33:10: Invalid player id 1699100
L 06/22/2022 - 12:33:10: [AMXX] Run time error 10 (plugin "admincmd.amxx") (native "get_user_flags") - debug not enabled!
L 06/22/2022 - 12:33:10: [AMXX] To enable debug mode, add "debug" after the plugin name in plugins.ini (without quotes).
L 06/22/2022 - 12:33:10: Invalid player id 1699100
L 06/22/2022 - 12:33:10: [AMXX] Run time error 10 (plugin "admincmd.amxx") (native "get_user_flags") - debug not enabled!
L 06/22/2022 - 12:33:10: [AMXX] To enable debug mode, add "debug" after the plugin name in plugins.ini (without quotes).
L 06/22/2022 - 12:33:10: Invalid player id 1699100
L 06/22/2022 - 12:33:10: [AMXX] Run time error 10 (plugin "admincmd.amxx") (native "get_user_flags") - debug not enabled!
L 06/22/2022 - 12:33:10: [AMXX] To enable debug mode, add "debug" after the plugin name in plugins.ini (without quotes).
L 06/22/2022 - 12:33:33: Invalid player id 1698824
L 06/22/2022 - 12:33:33: [AMXX] Run time error 10 (plugin "admincmd.amxx") (native "get_user_flags") - debug not enabled!
L 06/22/2022 - 12:33:33: [AMXX] To enable debug mode, add "debug" after the plugin name in plugins.ini (without quotes).
L 06/22/2022 - 12:33:33: Invalid player id 1698824
L 06/22/2022 - 12:33:33: [AMXX] Run time error 10 (plugin "admincmd.amxx") (native "get_user_flags") - debug not enabled!
L 06/22/2022 - 12:33:33: [AMXX] To enable debug mode, add "debug" after the plugin name in plugins.ini (without quotes).
L 06/22/2022 - 12:33:33: Invalid player id 1693500
L 06/22/2022 - 12:33:33: [AMXX] Run time error 10 (plugin "admincmd.amxx") (native "get_user_flags") - debug not enabled!
L 06/22/2022 - 12:33:33: [AMXX] To enable debug mode, add "debug" after the plugin name in plugins.ini (without quotes).
L 06/22/2022 - 12:33:33: Invalid player id 123
L 06/22/2022 - 12:33:33: [AMXX] Run time error 10 (plugin "admincmd.amxx") (native "get_user_flags") - debug not enabled!
L 06/22/2022 - 12:33:33: [AMXX] To enable debug mode, add "debug" after the plugin name in plugins.ini (without quotes).
L 06/22/2022 - 12:33:33: Invalid player id 1690796
L 06/22/2022 - 12:33:33: [AMXX] Run time error 10 (plugin "admincmd.amxx") (native "get_user_flags") - debug not enabled!
L 06/22/2022 - 12:33:33: [AMXX] To enable debug mode, add "debug" after the plugin name in plugins.ini (without quotes).
L 06/22/2022 - 12:33:33: Invalid player id 1693612
L 06/22/2022 - 12:33:33: [AMXX] Run time error 10 (plugin "admincmd.amxx") (native "get_user_flags") - debug not enabled!
L 06/22/2022 - 12:33:33: [AMXX] To enable debug mode, add "debug" after the plugin name in plugins.ini (without quotes).
L 06/22/2022 - 12:33:34: Invalid player id 1698824
L 06/22/2022 - 12:33:34: [AMXX] Run time error 10 (plugin "admincmd.amxx") (native "get_user_flags") - debug not enabled!
L 06/22/2022 - 12:33:34: [AMXX] To enable debug mode, add "debug" after the plugin name in plugins.ini (without quotes).
L 06/22/2022 - 12:33:34: Invalid player id 1698824
L 06/22/2022 - 12:33:34: [AMXX] Run time error 10 (plugin "admincmd.amxx") (native "get_user_flags") - debug not enabled!
L 06/22/2022 - 12:33:34: [AMXX] To enable debug mode, add "debug" after the plugin name in plugins.ini (without quotes).
L 06/22/2022 - 12:33:34: Invalid player id 1693500
L 06/22/2022 - 12:33:34: [AMXX] Run time error 10 (plugin "admincmd.amxx") (native "get_user_flags") - debug not enabled!
L 06/22/2022 - 12:33:34: [AMXX] To enable debug mode, add "debug" after the plugin name in plugins.ini (without quotes).
L 06/22/2022 - 12:33:34: Invalid player id 121
L 06/22/2022 - 12:33:34: [AMXX] Run time error 10 (plugin "admincmd.amxx") (native "get_user_flags") - debug not enabled!
L 06/22/2022 - 12:33:34: [AMXX] To enable debug mode, add "debug" after the plugin name in plugins.ini (without quotes).
L 06/22/2022 - 12:33:34: Invalid player id 1690796
L 06/22/2022 - 12:33:34: [AMXX] Run time error 10 (plugin "admincmd.amxx") (native "get_user_flags") - debug not enabled!
L 06/22/2022 - 12:33:34: [AMXX] To enable debug mode, add "debug" after the plugin name in plugins.ini (without quotes).
L 06/22/2022 - 12:33:34: Invalid player id 1693612
L 06/22/2022 - 12:33:34: [AMXX] Run time error 10 (plugin "admincmd.amxx") (native "get_user_flags") - debug not enabled!
L 06/22/2022 - 12:33:34: [AMXX] To enable debug mode, add "debug" after the plugin name in plugins.ini (without quotes).
L 06/22/2022 - 12:33:35: Invalid player id 1698824
L 06/22/2022 - 12:33:35: [AMXX] Run time error 10 (plugin "admincmd.amxx") (native "get_user_flags") - debug not enabled!
L 06/22/2022 - 12:33:35: [AMXX] To enable debug mode, add "debug" after the plugin name in plugins.ini (without quotes).
L 06/22/2022 - 12:33:35: Invalid player id 1698824
L 06/22/2022 - 12:33:35: [AMXX] Run time error 10 (plugin "admincmd.amxx") (native "get_user_flags") - debug not enabled!
L 06/22/2022 - 12:33:35: [AMXX] To enable debug mode, add "debug" after the plugin name in plugins.ini (without quotes).
L 06/22/2022 - 12:33:35: Invalid player id 1693500
L 06/22/2022 - 12:33:35: [AMXX] Run time error 10 (plugin "admincmd.amxx") (native "get_user_flags") - debug not enabled!
L 06/22/2022 - 12:33:35: [AMXX] To enable debug mode, add "debug" after the plugin name in plugins.ini (without quotes).
L 06/22/2022 - 12:33:35: Invalid player id 124
L 06/22/2022 - 12:33:35: [AMXX] Run time error 10 (plugin "admincmd.amxx") (native "get_user_flags") - debug not enabled!
L 06/22/2022 - 12:33:35: [AMXX] To enable debug mode, add "debug" after the plugin name in plugins.ini (without quotes).
L 06/22/2022 - 12:33:35: Invalid player id 1690796
L 06/22/2022 - 12:33:35: [AMXX] Run time error 10 (plugin "admincmd.amxx") (native "get_user_flags") - debug not enabled!
L 06/22/2022 - 12:33:35: [AMXX] To enable debug mode, add "debug" after the plugin name in plugins.ini (without quotes).
L 06/22/2022 - 12:33:35: Invalid player id 1693612
L 06/22/2022 - 12:33:35: [AMXX] Run time error 10 (plugin "admincmd.amxx") (native "get_user_flags") - debug not enabled!
L 06/22/2022 - 12:33:35: [AMXX] To enable debug mode, add "debug" after the plugin name in plugins.ini (without quotes).
L 06/22/2022 - 12:45:04: Start of error session.
L 06/22/2022 - 12:45:04: Info (map "de_dust2") (file "addons/amxmodx/logs/error_20220622.log")
L 06/22/2022 - 12:45:04: [OO] PlayerClassInfo: Duplicate class
L 06/22/2022 - 12:45:04: [AMXX] Displaying debug trace (plugin "contagion.amxx", version "unknown")
L 06/22/2022 - 12:45:04: [AMXX] Run time error 10: native error (native "oo_decl_class")
L 06/22/2022 - 12:45:04: [AMXX]    [0] playerclass.pwn::PlayerClassOO (line 9)
L 06/22/2022 - 12:45:04: [AMXX]    [1] contagion.sma::oo_init (line 29)
L 06/22/2022 - 12:55:23: Start of error session.
L 06/22/2022 - 12:55:23: Info (map "de_dust2") (file "addons/amxmodx/logs/error_20220622.log")
L 06/22/2022 - 12:55:23: [OO] PlayerClassInfo: Duplicate class
L 06/22/2022 - 12:55:23: [AMXX] Displaying debug trace (plugin "contagion.amxx", version "unknown")
L 06/22/2022 - 12:55:23: [AMXX] Run time error 10: native error (native "oo_decl_class")
L 06/22/2022 - 12:55:23: [AMXX]    [0] playerclass.pwn::PlayerClassOO (line 9)
L 06/22/2022 - 12:55:23: [AMXX]    [1] contagion.sma::oo_init (line 29)
