L 06/24/2022 - 19:26:55: Start of error session.
L 06/24/2022 - 19:26:55: Info (map "de_dust2") (file "addons/amxmodx/logs/error_20220624.log")
L 06/24/2022 - 19:26:55: [OO] Call of ZombieInfo constructor (super): ZombieInfo is not a super class of EndermanInfo
L 06/24/2022 - 19:26:55: [AMXX] Displaying debug trace (plugin "contagion.amxx", version "unknown")
L 06/24/2022 - 19:26:55: [AMXX] Run time error 10: native error (native "oo_super_ctor")
L 06/24/2022 - 19:26:55: [AMXX]    [0] enderman.pwn::EndermanInfo@Ctor (line 39)
L 06/24/2022 - 19:26:56: Invalid map handle provided (0)
L 06/24/2022 - 19:26:56: [AMXX] Displaying debug trace (plugin "contagion.amxx", version "unknown")
L 06/24/2022 - 19:26:56: [AMXX] Run time error 10: native error (native "TrieSetCell")
L 06/24/2022 - 19:26:56: [AMXX]    [0] playerclass.pwn::PlayerClassInfo@CreateCvar (line 91)
L 06/24/2022 - 19:26:56: Invalid map handle provided (0)
L 06/24/2022 - 19:26:56: [AMXX] Displaying debug trace (plugin "contagion.amxx", version "unknown")
L 06/24/2022 - 19:26:56: [AMXX] Run time error 10: native error (native "TrieSetCell")
L 06/24/2022 - 19:26:56: [AMXX]    [0] playerclass.pwn::PlayerClassInfo@CreateCvar (line 91)
L 06/24/2022 - 19:26:56: Invalid map handle provided (0)
L 06/24/2022 - 19:26:56: [AMXX] Displaying debug trace (plugin "contagion.amxx", version "unknown")
L 06/24/2022 - 19:26:56: [AMXX] Run time error 10: native error (native "TrieSetCell")
L 06/24/2022 - 19:26:56: [AMXX]    [0] playerclass.pwn::PlayerClassInfo@CreateCvar (line 91)
L 06/24/2022 - 19:27:55: [OO] Call of Zombie constructor (super): Zombie is not a super class of Enderman
L 06/24/2022 - 19:27:55: [AMXX] Displaying debug trace (plugin "contagion.amxx", version "unknown")
L 06/24/2022 - 19:27:55: [AMXX] Run time error 10: native error (native "oo_super_ctor")
L 06/24/2022 - 19:27:55: [AMXX]    [0] enderman.pwn::Enderman@Ctor (line 49)
L 06/24/2022 - 19:27:55: Invalid map handle provided (0)
L 06/24/2022 - 19:27:55: [AMXX] Displaying debug trace (plugin "contagion.amxx", version "unknown")
L 06/24/2022 - 19:27:55: [AMXX] Run time error 10: native error (native "TrieGetCell")
L 06/24/2022 - 19:27:55: [AMXX]    [0] playerclass.pwn::PlayerClass@SetProperties (line 224)
L 06/24/2022 - 19:27:59: Invalid map handle provided (0)
L 06/24/2022 - 19:27:59: [AMXX] Displaying debug trace (plugin "contagion.amxx", version "unknown")
L 06/24/2022 - 19:27:59: [AMXX] Run time error 10: native error (native "TrieGetCell")
L 06/24/2022 - 19:27:59: [AMXX]    [0] playerclass.pwn::PlayerClass@ChangeSound (line 313)
L 06/24/2022 - 19:28:47: Start of error session.
L 06/24/2022 - 19:28:47: Info (map "de_dust2") (file "addons/amxmodx/logs/error_20220624.log")
L 06/24/2022 - 19:28:47: [OO] Call of ZombieInfo constructor (super): ZombieInfo is not a super class of EndermanInfo
L 06/24/2022 - 19:28:47: [AMXX] Displaying debug trace (plugin "contagion.amxx", version "unknown")
L 06/24/2022 - 19:28:47: [AMXX] Run time error 10: native error (native "oo_super_ctor")
L 06/24/2022 - 19:28:47: [AMXX]    [0] enderman.pwn::EndermanInfo@Ctor (line 39)
L 06/24/2022 - 19:28:47: Invalid map handle provided (0)
L 06/24/2022 - 19:28:47: [AMXX] Displaying debug trace (plugin "contagion.amxx", version "unknown")
L 06/24/2022 - 19:28:47: [AMXX] Run time error 10: native error (native "TrieSetCell")
L 06/24/2022 - 19:28:47: [AMXX]    [0] playerclass.pwn::PlayerClassInfo@CreateCvar (line 91)
L 06/24/2022 - 19:28:47: Invalid map handle provided (0)
L 06/24/2022 - 19:28:47: [AMXX] Displaying debug trace (plugin "contagion.amxx", version "unknown")
L 06/24/2022 - 19:28:47: [AMXX] Run time error 10: native error (native "TrieSetCell")
L 06/24/2022 - 19:28:47: [AMXX]    [0] playerclass.pwn::PlayerClassInfo@CreateCvar (line 91)
L 06/24/2022 - 19:28:47: Invalid map handle provided (0)
L 06/24/2022 - 19:28:47: [AMXX] Displaying debug trace (plugin "contagion.amxx", version "unknown")
L 06/24/2022 - 19:28:47: [AMXX] Run time error 10: native error (native "TrieSetCell")
L 06/24/2022 - 19:28:47: [AMXX]    [0] playerclass.pwn::PlayerClassInfo@CreateCvar (line 91)
