L 05/09/2022 - 03:10:10: Start of error session.
L 05/09/2022 - 03:10:10: Info (map "de_dust2") (file "addons/amxmodx/logs/error_20220509.log")
L 05/09/2022 - 03:10:10: [OO] Invalid object id (0)
L 05/09/2022 - 03:10:10: [AMXX] Displaying debug trace (plugin "ctg_Player.amxx", version "0.1")
L 05/09/2022 - 03:10:10: [AMXX] Run time error 10: native error (native "oo_get")
L 05/09/2022 - 03:10:10: [AMXX]    [0] ctg_Player.sma::OnEmitSound (line 101)
L 05/09/2022 - 03:10:10: [FAKEMETA] Data field is not integer-based
L 05/09/2022 - 03:10:10: [AMXX] Displaying debug trace (plugin "ctg_Player.amxx", version "0.1")
L 05/09/2022 - 03:10:10: [AMXX] Run time error 10: native error (native "get_ent_data")
L 05/09/2022 - 03:10:10: [AMXX]    [0] ctg_Player.sma::OnItemDeploy_Post (line 90)
L 05/09/2022 - 03:10:10: [OO] Invalid object id (0)
L 05/09/2022 - 03:10:10: [AMXX] Displaying debug trace (plugin "ctg_Player.amxx", version "0.1")
L 05/09/2022 - 03:10:10: [AMXX] Run time error 10: native error (native "oo_get")
L 05/09/2022 - 03:10:10: [AMXX]    [0] ctg_Player.sma::OnEmitSound (line 101)
L 05/09/2022 - 03:10:10: [FAKEMETA] Data field is not integer-based
L 05/09/2022 - 03:10:10: [AMXX] Displaying debug trace (plugin "ctg_Player.amxx", version "0.1")
L 05/09/2022 - 03:10:10: [AMXX] Run time error 10: native error (native "get_ent_data")
L 05/09/2022 - 03:10:10: [AMXX]    [0] ctg_Player.sma::OnItemDeploy_Post (line 90)
L 05/09/2022 - 03:10:10: [OO] Invalid object id (0)
L 05/09/2022 - 03:10:10: [AMXX] Displaying debug trace (plugin "ctg_Player.amxx", version "0.1")
L 05/09/2022 - 03:10:10: [AMXX] Run time error 10: native error (native "oo_get")
L 05/09/2022 - 03:10:10: [AMXX]    [0] ctg_Player.sma::OnEmitSound (line 101)
L 05/09/2022 - 03:10:10: [OO] Invalid object id (0)
L 05/09/2022 - 03:10:10: [AMXX] Displaying debug trace (plugin "ctg_Player.amxx", version "0.1")
L 05/09/2022 - 03:10:10: [AMXX] Run time error 10: native error (native "oo_get")
L 05/09/2022 - 03:10:10: [AMXX]    [0] ctg_Player.sma::OnEmitSound (line 101)
L 05/09/2022 - 03:10:10: [OO] Invalid object id (0)
L 05/09/2022 - 03:10:10: [AMXX] Displaying debug trace (plugin "ctg_Player.amxx", version "0.1")
L 05/09/2022 - 03:10:10: [AMXX] Run time error 10: native error (native "oo_delete")
L 05/09/2022 - 03:10:10: [AMXX]    [0] ctg_Player.sma::client_disconnected (line 119)
L 05/09/2022 - 03:10:11: [FAKEMETA] Data field is not integer-based
L 05/09/2022 - 03:10:11: [AMXX] Displaying debug trace (plugin "ctg_Player.amxx", version "0.1")
L 05/09/2022 - 03:10:11: [AMXX] Run time error 10: native error (native "get_ent_data")
L 05/09/2022 - 03:10:11: [AMXX]    [0] ctg_Player.sma::OnItemDeploy_Post (line 90)
L 05/09/2022 - 03:11:13: Start of error session.
L 05/09/2022 - 03:11:13: Info (map "de_dust2") (file "addons/amxmodx/logs/error_20220509.log")
L 05/09/2022 - 03:11:13: [FAKEMETA] Data field is not integer-based
L 05/09/2022 - 03:11:13: [AMXX] Displaying debug trace (plugin "ctg_Player.amxx", version "0.1")
L 05/09/2022 - 03:11:13: [AMXX] Run time error 10: native error (native "get_ent_data")
L 05/09/2022 - 03:11:13: [AMXX]    [0] ctg_Player.sma::OnItemDeploy_Post (line 90)
L 05/09/2022 - 03:11:13: [FAKEMETA] Data field is not integer-based
L 05/09/2022 - 03:11:13: [AMXX] Displaying debug trace (plugin "ctg_Player.amxx", version "0.1")
L 05/09/2022 - 03:11:13: [AMXX] Run time error 10: native error (native "get_ent_data")
L 05/09/2022 - 03:11:13: [AMXX]    [0] ctg_Player.sma::OnItemDeploy_Post (line 90)
L 05/09/2022 - 03:11:13: [FAKEMETA] Data field is not integer-based
L 05/09/2022 - 03:11:13: [AMXX] Displaying debug trace (plugin "ctg_Player.amxx", version "0.1")
L 05/09/2022 - 03:11:13: [AMXX] Run time error 10: native error (native "get_ent_data")
L 05/09/2022 - 03:11:13: [AMXX]    [0] ctg_Player.sma::OnItemDeploy_Post (line 90)
L 05/09/2022 - 03:14:13: Start of error session.
L 05/09/2022 - 03:14:13: Info (map "de_dust2") (file "addons/amxmodx/logs/error_20220509.log")
L 05/09/2022 - 03:14:13: [OO] Invalid object id (1)
L 05/09/2022 - 03:14:13: [AMXX] Displaying debug trace (plugin "ctg_Player.amxx", version "0.1")
L 05/09/2022 - 03:14:13: [AMXX] Run time error 10: native error (native "oo_get")
L 05/09/2022 - 03:14:13: [AMXX]    [0] ctg_Player.sma::OnItemDeploy_Post (line 91)
L 05/09/2022 - 04:34:27: Start of error session.
L 05/09/2022 - 04:34:27: Info (map "de_dust2") (file "addons/amxmodx/logs/error_20220509.log")
L 05/09/2022 - 04:34:27: [OO] Variable (m_oPlayerClassInfo) not found in class (Zombie)
L 05/09/2022 - 04:34:27: [AMXX] Displaying debug trace (plugin "ctg_PlayerClass.amxx", version "0.1")
L 05/09/2022 - 04:34:27: [AMXX] Run time error 10: native error (native "oo_get")
L 05/09/2022 - 04:34:27: [AMXX]    [0] ctg_PlayerClass.sma::PlayerClass@SetMaxSpeed (line 104)
L 05/09/2022 - 04:34:27: [AMXX] Displaying debug trace (plugin "oo.amxx", version "0.1")
L 05/09/2022 - 04:34:27: [AMXX] Run time error -1: unknown error 
L 05/09/2022 - 04:34:27: [AMXX]    [0] oo.sma::CallFuncEnd (line 766)
L 05/09/2022 - 04:34:27: [AMXX]    [1] oo.sma::native_call (line 490)
L 05/09/2022 - 04:34:27: Unhandled dynamic native error
L 05/09/2022 - 04:34:27: [AMXX] Displaying debug trace (plugin "ctg_Player.amxx", version "0.1")
L 05/09/2022 - 04:34:27: [AMXX] Run time error 10: native error (native "oo_call")
L 05/09/2022 - 04:34:27: [AMXX]    [0] ctg_Player.sma::Player@ChangeClass (line 49)
L 05/09/2022 - 04:34:43: [OO] Variable (m_oPlayerClassInfo) not found in class (Zombie)
L 05/09/2022 - 04:34:43: [AMXX] Displaying debug trace (plugin "ctg_PlayerClass.amxx", version "0.1")
L 05/09/2022 - 04:34:43: [AMXX] Run time error 10: native error (native "oo_get")
L 05/09/2022 - 04:34:43: [AMXX]    [0] ctg_PlayerClass.sma::PlayerClass@ChangeSound (line 123)
L 05/09/2022 - 04:34:44: [OO] Variable (m_oPlayerClassInfo) not found in class (Zombie)
L 05/09/2022 - 04:34:44: [AMXX] Displaying debug trace (plugin "ctg_PlayerClass.amxx", version "0.1")
L 05/09/2022 - 04:34:44: [AMXX] Run time error 10: native error (native "oo_get")
L 05/09/2022 - 04:34:44: [AMXX]    [0] ctg_PlayerClass.sma::PlayerClass@ChangeSound (line 123)
L 05/09/2022 - 04:34:44: [OO] Variable (m_oPlayerClassInfo) not found in class (Zombie)
L 05/09/2022 - 04:34:44: [AMXX] Displaying debug trace (plugin "ctg_PlayerClass.amxx", version "0.1")
L 05/09/2022 - 04:34:44: [AMXX] Run time error 10: native error (native "oo_get")
L 05/09/2022 - 04:34:45: [AMXX]    [0] ctg_PlayerClass.sma::PlayerClass@ChangeSound (line 123)
L 05/09/2022 - 04:34:45: [OO] Variable (m_oPlayerClassInfo) not found in class (Zombie)
L 05/09/2022 - 04:34:45: [AMXX] Displaying debug trace (plugin "ctg_PlayerClass.amxx", version "0.1")
L 05/09/2022 - 04:34:45: [AMXX] Run time error 10: native error (native "oo_get")
L 05/09/2022 - 04:34:45: [AMXX]    [0] ctg_PlayerClass.sma::PlayerClass@ChangeSound (line 123)
L 05/09/2022 - 04:34:45: [OO] Variable (m_oPlayerClassInfo) not found in class (Zombie)
L 05/09/2022 - 04:34:45: [AMXX] Displaying debug trace (plugin "ctg_PlayerClass.amxx", version "0.1")
L 05/09/2022 - 04:34:45: [AMXX] Run time error 10: native error (native "oo_get")
L 05/09/2022 - 04:34:45: [AMXX]    [0] ctg_PlayerClass.sma::PlayerClass@ChangeSound (line 123)
L 05/09/2022 - 04:34:45: [OO] Variable (m_oPlayerClassInfo) not found in class (Zombie)
L 05/09/2022 - 04:34:45: [AMXX] Displaying debug trace (plugin "ctg_PlayerClass.amxx", version "0.1")
L 05/09/2022 - 04:34:45: [AMXX] Run time error 10: native error (native "oo_get")
L 05/09/2022 - 04:34:45: [AMXX]    [0] ctg_PlayerClass.sma::PlayerClass@ChangeSound (line 123)
L 05/09/2022 - 04:34:46: [OO] Variable (m_oPlayerClassInfo) not found in class (Zombie)
L 05/09/2022 - 04:34:46: [AMXX] Displaying debug trace (plugin "ctg_PlayerClass.amxx", version "0.1")
L 05/09/2022 - 04:34:46: [AMXX] Run time error 10: native error (native "oo_get")
L 05/09/2022 - 04:34:46: [AMXX]    [0] ctg_PlayerClass.sma::PlayerClass@ChangeSound (line 123)
L 05/09/2022 - 04:34:48: [OO] Variable (m_oPlayerClassInfo) not found in class (Zombie)
L 05/09/2022 - 04:34:48: [AMXX] Displaying debug trace (plugin "ctg_PlayerClass.amxx", version "0.1")
L 05/09/2022 - 04:34:48: [AMXX] Run time error 10: native error (native "oo_get")
L 05/09/2022 - 04:34:48: [AMXX]    [0] ctg_PlayerClass.sma::PlayerClass@ChangeSound (line 123)
L 05/09/2022 - 04:34:48: [OO] Variable (m_oPlayerClassInfo) not found in class (Zombie)
L 05/09/2022 - 04:34:48: [AMXX] Displaying debug trace (plugin "ctg_PlayerClass.amxx", version "0.1")
L 05/09/2022 - 04:34:48: [AMXX] Run time error 10: native error (native "oo_get")
L 05/09/2022 - 04:34:48: [AMXX]    [0] ctg_PlayerClass.sma::PlayerClass@ChangeSound (line 123)
L 05/09/2022 - 04:34:48: [OO] Variable (m_oPlayerClassInfo) not found in class (Zombie)
L 05/09/2022 - 04:34:48: [AMXX] Displaying debug trace (plugin "ctg_PlayerClass.amxx", version "0.1")
L 05/09/2022 - 04:34:48: [AMXX] Run time error 10: native error (native "oo_get")
L 05/09/2022 - 04:34:48: [AMXX]    [0] ctg_PlayerClass.sma::PlayerClass@ChangeSound (line 123)
L 05/09/2022 - 04:34:49: [OO] Variable (m_oPlayerClassInfo) not found in class (Zombie)
L 05/09/2022 - 04:34:49: [AMXX] Displaying debug trace (plugin "ctg_PlayerClass.amxx", version "0.1")
L 05/09/2022 - 04:34:49: [AMXX] Run time error 10: native error (native "oo_get")
L 05/09/2022 - 04:34:49: [AMXX]    [0] ctg_PlayerClass.sma::PlayerClass@ChangeSound (line 123)
L 05/09/2022 - 04:35:03: [OO] Variable (m_oPlayerClassInfo) not found in class (Zombie)
L 05/09/2022 - 04:35:03: [AMXX] Displaying debug trace (plugin "ctg_PlayerClass.amxx", version "0.1")
L 05/09/2022 - 04:35:03: [AMXX] Run time error 10: native error (native "oo_get")
L 05/09/2022 - 04:35:03: [AMXX]    [0] ctg_PlayerClass.sma::PlayerClass@ChangeSound (line 123)
L 05/09/2022 - 04:35:04: [OO] Variable (m_oPlayerClassInfo) not found in class (Zombie)
L 05/09/2022 - 04:35:04: [AMXX] Displaying debug trace (plugin "ctg_PlayerClass.amxx", version "0.1")
L 05/09/2022 - 04:35:04: [AMXX] Run time error 10: native error (native "oo_get")
L 05/09/2022 - 04:35:04: [AMXX]    [0] ctg_PlayerClass.sma::PlayerClass@ChangeSound (line 123)
L 05/09/2022 - 16:38:01: Start of error session.
L 05/09/2022 - 16:38:01: Info (map "de_dust2") (file "addons/amxmodx/logs/error_20220509.log")
L 05/09/2022 - 16:38:01: [OO] Function (Test@Dtor) not found in plugin (111)
L 05/09/2022 - 16:38:01: [AMXX] Displaying debug trace (plugin "oo_test.amxx", version "unknown")
L 05/09/2022 - 16:38:01: [AMXX] Run time error 10: native error (native "oo_method")
L 05/09/2022 - 16:38:01: [AMXX]    [0] oo_test.sma::oo_init (line 9)
L 05/09/2022 - 16:51:48: Start of error session.
L 05/09/2022 - 16:51:48: Info (map "de_dust2") (file "addons/amxmodx/logs/error_20220509.log")
L 05/09/2022 - 16:51:48: [AMXX] Plugin file open error (plugin "ctg_Human.amxx")
L 05/09/2022 - 16:51:48: [AMXX] Plugin file open error (plugin "ctg_Zombie.amxx")
L 05/09/2022 - 16:52:17: Start of error session.
L 05/09/2022 - 16:52:17: Info (map "de_dust2") (file "addons/amxmodx/logs/error_20220509.log")
L 05/09/2022 - 16:52:17: [AMXX] Plugin file open error (plugin "ctg_Human.amxx")
L 05/09/2022 - 16:52:17: [AMXX] Plugin file open error (plugin "ctg_Zombie.amxx")
L 05/09/2022 - 16:53:00: Start of error session.
L 05/09/2022 - 16:53:00: Info (map "de_dust2") (file "addons/amxmodx/logs/error_20220509.log")
L 05/09/2022 - 16:53:00: [AMXX] Plugin file open error (plugin "ctg_Human.amxx")
L 05/09/2022 - 16:53:00: [AMXX] Plugin file open error (plugin "ctg_Zombie.amxx")
L 05/09/2022 - 16:53:06: Start of error session.
L 05/09/2022 - 16:53:06: Info (map "de_dust2") (file "addons/amxmodx/logs/error_20220509.log")
L 05/09/2022 - 16:53:06: [AMXX] Plugin file open error (plugin "ctg_Human.amxx")
L 05/09/2022 - 16:53:06: [AMXX] Plugin file open error (plugin "ctg_Zombie.amxx")
L 05/09/2022 - 17:13:15: Start of error session.
L 05/09/2022 - 17:13:15: Info (map "cs_siege") (file "addons/amxmodx/logs/error_20220509.log")
L 05/09/2022 - 17:13:15: [AMXX] Plugin file open error (plugin "ctg_Human.amxx")
L 05/09/2022 - 17:13:15: [AMXX] Plugin file open error (plugin "ctg_Zombie.amxx")
L 05/09/2022 - 17:19:21: Start of error session.
L 05/09/2022 - 17:19:21: Info (map "cs_siege") (file "addons/amxmodx/logs/error_20220509.log")
L 05/09/2022 - 17:19:21: [AMXX] Plugin file open error (plugin "ctg_Human.amxx")
L 05/09/2022 - 17:19:21: [AMXX] Plugin file open error (plugin "ctg_Zombie.amxx")
L 05/09/2022 - 17:19:31: Start of error session.
L 05/09/2022 - 17:19:31: Info (map "cs_siege") (file "addons/amxmodx/logs/error_20220509.log")
L 05/09/2022 - 17:19:31: [AMXX] Plugin file open error (plugin "ctg_Human.amxx")
L 05/09/2022 - 17:19:31: [AMXX] Plugin file open error (plugin "ctg_Zombie.amxx")
L 05/09/2022 - 17:19:32: String formatted incorrectly - parameter 3 (total 2)
L 05/09/2022 - 17:19:32: [AMXX] Displaying debug trace (plugin "hsjai.amxx", version "unknown")
L 05/09/2022 - 17:19:32: [AMXX] Run time error 25: parameter error 
L 05/09/2022 - 17:19:32: [AMXX]    [0] hsjai.sma::plugin_init (line 10)
L 05/09/2022 - 17:19:54: Start of error session.
L 05/09/2022 - 17:19:54: Info (map "cs_siege") (file "addons/amxmodx/logs/error_20220509.log")
L 05/09/2022 - 17:19:54: [AMXX] Plugin file open error (plugin "ctg_Human.amxx")
L 05/09/2022 - 17:19:54: [AMXX] Plugin file open error (plugin "ctg_Zombie.amxx")
L 05/09/2022 - 17:20:07: Start of error session.
L 05/09/2022 - 17:20:07: Info (map "cs_siege") (file "addons/amxmodx/logs/error_20220509.log")
L 05/09/2022 - 17:20:07: [AMXX] Plugin file open error (plugin "ctg_Human.amxx")
L 05/09/2022 - 17:20:07: [AMXX] Plugin file open error (plugin "ctg_Zombie.amxx")
L 05/09/2022 - 17:20:16: Start of error session.
L 05/09/2022 - 17:20:16: Info (map "cs_siege") (file "addons/amxmodx/logs/error_20220509.log")
L 05/09/2022 - 17:20:16: [AMXX] Plugin file open error (plugin "ctg_Human.amxx")
L 05/09/2022 - 17:20:16: [AMXX] Plugin file open error (plugin "ctg_Zombie.amxx")
L 05/09/2022 - 17:40:25: Start of error session.
L 05/09/2022 - 17:40:25: Info (map "cs_office") (file "addons/amxmodx/logs/error_20220509.log")
L 05/09/2022 - 17:40:25: [AMXX] Plugin file open error (plugin "ctg_Human.amxx")
L 05/09/2022 - 17:40:25: [AMXX] Plugin file open error (plugin "ctg_Zombie.amxx")
L 05/09/2022 - 21:32:43: Start of error session.
L 05/09/2022 - 21:32:43: Info (map "de_dust2") (file "addons/amxmodx/logs/error_20220509.log")
L 05/09/2022 - 21:32:43: [AMXX] Plugin file open error (plugin "ctg_Human.amxx")
L 05/09/2022 - 21:32:43: [AMXX] Plugin file open error (plugin "ctg_Zombie.amxx")
L 05/09/2022 - 21:36:20: Start of error session.
L 05/09/2022 - 21:36:20: Info (map "de_dust2") (file "addons/amxmodx/logs/error_20220509.log")
L 05/09/2022 - 21:36:20: [AMXX] Plugin file open error (plugin "ctg_Human.amxx")
L 05/09/2022 - 21:36:20: [AMXX] Plugin file open error (plugin "ctg_Zombie.amxx")
L 05/09/2022 - 21:36:52: Start of error session.
L 05/09/2022 - 21:36:52: Info (map "de_dust2") (file "addons/amxmodx/logs/error_20220509.log")
L 05/09/2022 - 21:36:52: [AMXX] Plugin file open error (plugin "ctg_Human.amxx")
L 05/09/2022 - 21:36:52: [AMXX] Plugin file open error (plugin "ctg_Zombie.amxx")
L 05/09/2022 - 21:37:21: Start of error session.
L 05/09/2022 - 21:37:21: Info (map "de_dust2") (file "addons/amxmodx/logs/error_20220509.log")
L 05/09/2022 - 21:37:21: [AMXX] Plugin file open error (plugin "ctg_Human.amxx")
L 05/09/2022 - 21:37:21: [AMXX] Plugin file open error (plugin "ctg_Zombie.amxx")
L 05/09/2022 - 21:38:14: Start of error session.
L 05/09/2022 - 21:38:14: Info (map "de_dust2") (file "addons/amxmodx/logs/error_20220509.log")
L 05/09/2022 - 21:38:14: [AMXX] Plugin file open error (plugin "ctg_Human.amxx")
L 05/09/2022 - 21:38:14: [AMXX] Plugin file open error (plugin "ctg_Zombie.amxx")
L 05/09/2022 - 21:40:43: Start of error session.
L 05/09/2022 - 21:40:43: Info (map "de_dust2") (file "addons/amxmodx/logs/error_20220509.log")
L 05/09/2022 - 21:40:43: [AMXX] Plugin file open error (plugin "ctg_Human.amxx")
L 05/09/2022 - 21:41:22: Start of error session.
L 05/09/2022 - 21:41:22: Info (map "de_dust2") (file "addons/amxmodx/logs/error_20220509.log")
L 05/09/2022 - 21:41:22: [AMXX] Plugin file open error (plugin "ctg_Human.amxx")
L 05/09/2022 - 21:41:49: Start of error session.
L 05/09/2022 - 21:41:49: Info (map "de_dust2") (file "addons/amxmodx/logs/error_20220509.log")
L 05/09/2022 - 21:41:49: [AMXX] Plugin file open error (plugin "ctg_Human.amxx")
