L 10/04/2022 - 03:17:16: Start of error session.
L 10/04/2022 - 03:17:16: Info (map "de_dust2") (file "addons/amxmodx/logs/error_20221004.log")
L 10/04/2022 - 03:17:16: [OO] Class (GameMode) not found
L 10/04/2022 - 03:17:16: [AMXX] Displaying debug trace (plugin "ctg_gamerules.amxx", version "0.1.0")
L 10/04/2022 - 03:17:16: [AMXX] Run time error 10: native error (native "oo_new")
L 10/04/2022 - 03:17:16: [AMXX]    [0] ctg_gamerules.sma::plugin_init (line 48)
L 10/04/2022 - 03:21:11: Start of error session.
L 10/04/2022 - 03:21:11: Info (map "de_dust2") (file "addons/amxmodx/logs/error_20221004.log")
L 10/04/2022 - 03:21:11: [OO] Class (GameMode) not found
L 10/04/2022 - 03:21:11: [AMXX] Displaying debug trace (plugin "ctg_gamerules.amxx", version "0.2")
L 10/04/2022 - 03:21:11: [AMXX] Run time error 10: native error (native "oo_new")
L 10/04/2022 - 03:21:11: [AMXX]    [0] ctg_gamerules.sma::plugin_init (line 48)
L 10/04/2022 - 03:22:53: Start of error session.
L 10/04/2022 - 03:22:53: Info (map "de_dust2") (file "addons/amxmodx/logs/error_20221004.log")
L 10/04/2022 - 03:22:53: [OO] Class (GameMode) not found
L 10/04/2022 - 03:22:53: [AMXX] Displaying debug trace (plugin "ctg_gamerules.amxx", version "0.2")
L 10/04/2022 - 03:22:53: [AMXX] Run time error 10: native error (native "oo_new")
L 10/04/2022 - 03:22:53: [AMXX]    [0] ctg_gamerules.sma::plugin_init (line 50)
L 10/04/2022 - 03:28:00: [OO] Object (0) not found
L 10/04/2022 - 03:28:00: [AMXX] Displaying debug trace (plugin "ctg_gamerules.amxx", version "0.2")
L 10/04/2022 - 03:28:00: [AMXX] Run time error 10: native error (native "oo_call")
L 10/04/2022 - 03:28:01: [AMXX]    [0] ctg_gamerules.sma::OnEventRoundEnd (line 81)
L 10/04/2022 - 03:31:12: Start of error session.
L 10/04/2022 - 03:31:12: Info (map "de_dust2") (file "addons/amxmodx/logs/error_20221004.log")
L 10/04/2022 - 03:31:12: [OO] Class (GameMode) not found
L 10/04/2022 - 03:31:12: [AMXX] Displaying debug trace (plugin "ctg_gamerules.amxx", version "0.2")
L 10/04/2022 - 03:31:12: [AMXX] Run time error 10: native error (native "oo_new")
L 10/04/2022 - 03:31:12: [AMXX]    [0] ctg_gamerules.sma::plugin_init (line 50)
L 10/04/2022 - 03:31:58: Start of error session.
L 10/04/2022 - 03:31:58: Info (map "de_dust2") (file "addons/amxmodx/logs/error_20221004.log")
L 10/04/2022 - 03:31:58: [OO] Class (GameMode) not found
L 10/04/2022 - 03:31:58: [AMXX] Displaying debug trace (plugin "ctg_gamerules.amxx", version "0.2")
L 10/04/2022 - 03:31:58: [AMXX] Run time error 10: native error (native "oo_new")
L 10/04/2022 - 03:31:58: [AMXX]    [0] ctg_gamerules.sma::plugin_init (line 50)
