L 10/09/2022 - 13:33:34: Start of error session.
L 10/09/2022 - 13:33:34: Info (map "de_dust2") (file "addons/amxmodx/logs/error_20221009.log")
L 10/09/2022 - 13:33:34: String formatted incorrectly - parameter 4 (total 3)
L 10/09/2022 - 13:33:34: [AMXX] Displaying debug trace (plugin "ctg_gamemode.amxx", version "unknown")
L 10/09/2022 - 13:33:34: [AMXX] Run time error 25: parameter error 
L 10/09/2022 - 13:33:34: [AMXX]    [0] ctg_gamemode.sma::LoadJson (line 443)
L 10/09/2022 - 13:33:34: [AMXX]    [1] ctg_gamemode.sma::plugin_precache (line 64)
L 10/09/2022 - 14:05:42: Start of error session.
L 10/09/2022 - 14:05:42: Info (map "de_dust2") (file "addons/amxmodx/logs/error_20221009.log")
L 10/09/2022 - 14:05:42: [ENGINE] Entity out of range (-1)
L 10/09/2022 - 14:05:42: [AMXX] Displaying debug trace (plugin "ctg_gamemode.amxx", version "0.1.0")
L 10/09/2022 - 14:05:42: [AMXX] Run time error 10: native error (native "entity_set_float")
L 10/09/2022 - 14:05:42: [AMXX]    [0] ctg_gamemode.sma::SetGameNextThink (line 409)
L 10/09/2022 - 14:05:42: [AMXX]    [1] ctg_gamemode.sma::GameMode@Think (line 305)
L 10/09/2022 - 14:06:58: [ENGINE] Entity out of range (-1)
L 10/09/2022 - 14:06:58: [AMXX] Displaying debug trace (plugin "ctg_gamemode.amxx", version "0.1.0")
L 10/09/2022 - 14:06:58: [AMXX] Run time error 10: native error (native "entity_set_float")
L 10/09/2022 - 14:06:58: [AMXX]    [0] ctg_gamemode.sma::SetGameNextThink (line 409)
L 10/09/2022 - 14:06:58: [AMXX]    [1] ctg_gamemode.sma::GameMode@Think (line 305)
L 10/09/2022 - 14:08:14: [ENGINE] Entity out of range (-1)
L 10/09/2022 - 14:08:14: [AMXX] Displaying debug trace (plugin "ctg_gamemode.amxx", version "0.1.0")
L 10/09/2022 - 14:08:14: [AMXX] Run time error 10: native error (native "entity_set_float")
L 10/09/2022 - 14:08:14: [AMXX]    [0] ctg_gamemode.sma::SetGameNextThink (line 409)
L 10/09/2022 - 14:08:14: [AMXX]    [1] ctg_gamemode.sma::GameMode@Think (line 305)
L 10/09/2022 - 14:09:51: Start of error session.
L 10/09/2022 - 14:09:51: Info (map "de_dust2") (file "addons/amxmodx/logs/error_20221009.log")
L 10/09/2022 - 14:09:51: [ENGINE] Entity out of range (-1)
L 10/09/2022 - 14:09:51: [AMXX] Displaying debug trace (plugin "ctg_gamemode.amxx", version "0.1.0")
L 10/09/2022 - 14:09:51: [AMXX] Run time error 10: native error (native "entity_set_float")
L 10/09/2022 - 14:09:51: [AMXX]    [0] ctg_gamemode.sma::SetGameNextThink (line 410)
L 10/09/2022 - 14:09:51: [AMXX]    [1] ctg_gamemode.sma::GameMode@Think (line 305)
L 10/09/2022 - 14:11:07: [ENGINE] Entity out of range (-1)
L 10/09/2022 - 14:11:07: [AMXX] Displaying debug trace (plugin "ctg_gamemode.amxx", version "0.1.0")
L 10/09/2022 - 14:11:07: [AMXX] Run time error 10: native error (native "entity_set_float")
L 10/09/2022 - 14:11:07: [AMXX]    [0] ctg_gamemode.sma::SetGameNextThink (line 410)
L 10/09/2022 - 14:11:07: [AMXX]    [1] ctg_gamemode.sma::GameMode@Think (line 305)
