L 09/26/2022 - 02:47:33: Start of error session.
L 09/26/2022 - 02:47:33: Info (map "de_dust2") (file "addons/amxmodx/logs/error_20220926.log")
L 09/26/2022 - 02:47:33: Failed to grow array
L 09/26/2022 - 02:47:33: [AMXX] Displaying debug trace (plugin "ctg_playerclass.amxx", version "unknown")
L 09/26/2022 - 02:47:33: [AMXX] Run time error 10: native error (native "ArrayPushString")
L 09/26/2022 - 02:47:33: [AMXX]    [0] ctg_playerclass.sma::PlayerClassInfo@LoadJson (line 359)
L 09/26/2022 - 02:47:34: Failed to grow array
L 09/26/2022 - 02:47:34: [AMXX] Displaying debug trace (plugin "ctg_playerclass.amxx", version "unknown")
L 09/26/2022 - 02:47:34: [AMXX] Run time error 10: native error (native "ArrayPushString")
L 09/26/2022 - 02:47:34: [AMXX]    [0] ctg_playerclass.sma::PlayerClassInfo@LoadJson (line 359)
L 09/26/2022 - 02:53:49: Start of error session.
L 09/26/2022 - 02:53:49: Info (map "de_dust2") (file "addons/amxmodx/logs/error_20220926.log")
L 09/26/2022 - 02:53:49: [OO] Reading IVar PlayerClassInfo@sound: Not found
L 09/26/2022 - 02:53:49: [AMXX] Displaying debug trace (plugin "ctg_playerclass.amxx", version "unknown")
L 09/26/2022 - 02:53:49: [AMXX] Run time error 10: native error (native "oo_get")
L 09/26/2022 - 02:53:49: [AMXX]    [0] ctg_playerclass.sma::PlayerClassInfo@LoadJson (line 417)
L 09/26/2022 - 02:53:49: [OO] Reading IVar PlayerClassInfo@sound: Not found
L 09/26/2022 - 02:53:49: [AMXX] Displaying debug trace (plugin "ctg_playerclass.amxx", version "unknown")
L 09/26/2022 - 02:53:49: [AMXX] Run time error 10: native error (native "oo_get")
L 09/26/2022 - 02:53:49: [AMXX]    [0] ctg_playerclass.sma::PlayerClassInfo@LoadJson (line 417)
L 09/26/2022 - 03:18:04: Start of error session.
L 09/26/2022 - 03:18:04: Info (map "de_dust2") (file "addons/amxmodx/logs/error_20220926.log")
L 09/26/2022 - 03:18:04: [FAKEMETA] Invalid return type
L 09/26/2022 - 03:18:04: [AMXX] Displaying debug trace (plugin "ctg_playerclass.amxx", version "0.1.0")
L 09/26/2022 - 03:18:04: [AMXX] Run time error 10: native error (native "pev")
L 09/26/2022 - 03:18:04: [AMXX]    [0] ctg_playerclass.sma::PlayerClass@ChangeWeaponModel (line 544)
L 09/26/2022 - 03:18:04: [FAKEMETA] Invalid return type
L 09/26/2022 - 03:18:04: [AMXX] Displaying debug trace (plugin "ctg_playerclass.amxx", version "0.1.0")
L 09/26/2022 - 03:18:04: [AMXX] Run time error 10: native error (native "pev")
L 09/26/2022 - 03:18:04: [AMXX]    [0] ctg_playerclass.sma::PlayerClass@ChangeWeaponModel (line 544)
L 09/26/2022 - 03:18:04: [FAKEMETA] Invalid return type
L 09/26/2022 - 03:18:04: [AMXX] Displaying debug trace (plugin "ctg_playerclass.amxx", version "0.1.0")
L 09/26/2022 - 03:18:04: [AMXX] Run time error 10: native error (native "pev")
L 09/26/2022 - 03:18:04: [AMXX]    [0] ctg_playerclass.sma::PlayerClass@ChangeWeaponModel (line 544)
L 09/26/2022 - 03:18:04: [FAKEMETA] Invalid return type
L 09/26/2022 - 03:18:04: [AMXX] Displaying debug trace (plugin "ctg_playerclass.amxx", version "0.1.0")
L 09/26/2022 - 03:18:04: [AMXX] Run time error 10: native error (native "pev")
L 09/26/2022 - 03:18:04: [AMXX]    [0] ctg_playerclass.sma::PlayerClass@ChangeWeaponModel (line 544)
L 09/26/2022 - 03:18:05: [FAKEMETA] Invalid return type
L 09/26/2022 - 03:18:05: [AMXX] Displaying debug trace (plugin "ctg_playerclass.amxx", version "0.1.0")
L 09/26/2022 - 03:18:05: [AMXX] Run time error 10: native error (native "pev")
L 09/26/2022 - 03:18:05: [AMXX]    [0] ctg_playerclass.sma::PlayerClass@ChangeWeaponModel (line 544)
L 09/26/2022 - 03:22:18: Start of error session.
L 09/26/2022 - 03:22:18: Info (map "de_dust2") (file "addons/amxmodx/logs/error_20220926.log")
L 09/26/2022 - 03:22:18: [FAKEMETA] Invalid return type
L 09/26/2022 - 03:22:18: [AMXX] Displaying debug trace (plugin "ctg_playerclass.amxx", version "0.1.0")
L 09/26/2022 - 03:22:18: [AMXX] Run time error 10: native error (native "pev")
L 09/26/2022 - 03:22:18: [AMXX]    [0] ctg_playerclass.sma::PlayerClass@ChangeWeaponModel (line 547)
L 09/26/2022 - 10:35:43: Start of error session.
L 09/26/2022 - 10:35:43: Info (map "de_dust2") (file "addons/amxmodx/logs/error_20220926.log")
L 09/26/2022 - 10:35:43: [OO] Call of Hunter@CanPickupItem: No such method!
L 09/26/2022 - 10:35:43: [AMXX] Displaying debug trace (plugin "ctg_player.amxx", version "0.1.0")
L 09/26/2022 - 10:35:43: [AMXX] Run time error 10: native error (native "oo_call")
L 09/26/2022 - 10:35:43: [AMXX]    [0] ctg_player.sma::OnWeaponTouch (line 24)
L 09/26/2022 - 10:35:43: [OO] Call of Hunter@CanPickupItem: No such method!
L 09/26/2022 - 10:35:43: [AMXX] Displaying debug trace (plugin "ctg_player.amxx", version "0.1.0")
L 09/26/2022 - 10:35:43: [AMXX] Run time error 10: native error (native "oo_call")
L 09/26/2022 - 10:35:43: [AMXX]    [0] ctg_player.sma::OnWeaponTouch (line 24)
L 09/26/2022 - 10:35:43: [OO] Call of Hunter@CanPickupItem: No such method!
L 09/26/2022 - 10:35:43: [AMXX] Displaying debug trace (plugin "ctg_player.amxx", version "0.1.0")
L 09/26/2022 - 10:35:43: [AMXX] Run time error 10: native error (native "oo_call")
L 09/26/2022 - 10:35:43: [AMXX]    [0] ctg_player.sma::OnWeaponTouch (line 24)
L 09/26/2022 - 10:35:43: [OO] Call of Hunter@CanPickupItem: No such method!
L 09/26/2022 - 10:35:43: [AMXX] Displaying debug trace (plugin "ctg_player.amxx", version "0.1.0")
L 09/26/2022 - 10:35:43: [AMXX] Run time error 10: native error (native "oo_call")
L 09/26/2022 - 10:35:43: [AMXX]    [0] ctg_player.sma::OnWeaponTouch (line 24)
L 09/26/2022 - 10:35:43: [OO] Call of Hunter@CanPickupItem: No such method!
L 09/26/2022 - 10:35:43: [AMXX] Displaying debug trace (plugin "ctg_player.amxx", version "0.1.0")
L 09/26/2022 - 10:35:43: [AMXX] Run time error 10: native error (native "oo_call")
L 09/26/2022 - 10:35:43: [AMXX]    [0] ctg_player.sma::OnWeaponTouch (line 24)
L 09/26/2022 - 10:35:43: [OO] Call of Hunter@CanPickupItem: No such method!
L 09/26/2022 - 10:35:43: [AMXX] Displaying debug trace (plugin "ctg_player.amxx", version "0.1.0")
L 09/26/2022 - 10:35:43: [AMXX] Run time error 10: native error (native "oo_call")
L 09/26/2022 - 10:35:43: [AMXX]    [0] ctg_player.sma::OnWeaponTouch (line 24)
L 09/26/2022 - 10:35:43: [OO] Call of Hunter@CanPickupItem: No such method!
L 09/26/2022 - 10:35:43: [AMXX] Displaying debug trace (plugin "ctg_player.amxx", version "0.1.0")
L 09/26/2022 - 10:35:43: [AMXX] Run time error 10: native error (native "oo_call")
L 09/26/2022 - 10:35:43: [AMXX]    [0] ctg_player.sma::OnWeaponTouch (line 24)
L 09/26/2022 - 10:35:43: [OO] Call of Hunter@CanPickupItem: No such method!
L 09/26/2022 - 10:35:43: [AMXX] Displaying debug trace (plugin "ctg_player.amxx", version "0.1.0")
L 09/26/2022 - 10:35:43: [AMXX] Run time error 10: native error (native "oo_call")
L 09/26/2022 - 10:35:43: [AMXX]    [0] ctg_player.sma::OnWeaponTouch (line 24)
L 09/26/2022 - 10:35:43: [OO] Call of Hunter@CanPickupItem: No such method!
L 09/26/2022 - 10:35:43: [AMXX] Displaying debug trace (plugin "ctg_player.amxx", version "0.1.0")
L 09/26/2022 - 10:35:43: [AMXX] Run time error 10: native error (native "oo_call")
L 09/26/2022 - 10:35:43: [AMXX]    [0] ctg_player.sma::OnWeaponTouch (line 24)
L 09/26/2022 - 10:35:43: [OO] Call of Hunter@CanPickupItem: No such method!
L 09/26/2022 - 10:35:43: [AMXX] Displaying debug trace (plugin "ctg_player.amxx", version "0.1.0")
L 09/26/2022 - 10:35:43: [AMXX] Run time error 10: native error (native "oo_call")
L 09/26/2022 - 10:35:43: [AMXX]    [0] ctg_player.sma::OnWeaponTouch (line 24)
L 09/26/2022 - 10:35:43: [OO] Call of Hunter@CanPickupItem: No such method!
L 09/26/2022 - 10:35:43: [AMXX] Displaying debug trace (plugin "ctg_player.amxx", version "0.1.0")
L 09/26/2022 - 10:35:43: [AMXX] Run time error 10: native error (native "oo_call")
L 09/26/2022 - 10:35:43: [AMXX]    [0] ctg_player.sma::OnWeaponTouch (line 24)
L 09/26/2022 - 10:35:43: [OO] Call of Hunter@CanPickupItem: No such method!
L 09/26/2022 - 10:35:43: [AMXX] Displaying debug trace (plugin "ctg_player.amxx", version "0.1.0")
L 09/26/2022 - 10:35:43: [AMXX] Run time error 10: native error (native "oo_call")
L 09/26/2022 - 10:35:43: [AMXX]    [0] ctg_player.sma::OnWeaponTouch (line 24)
L 09/26/2022 - 10:35:43: [OO] Call of Hunter@CanPickupItem: No such method!
L 09/26/2022 - 10:35:43: [AMXX] Displaying debug trace (plugin "ctg_player.amxx", version "0.1.0")
L 09/26/2022 - 10:35:43: [AMXX] Run time error 10: native error (native "oo_call")
L 09/26/2022 - 10:35:43: [AMXX]    [0] ctg_player.sma::OnWeaponTouch (line 24)
L 09/26/2022 - 10:35:43: [OO] Call of Hunter@CanPickupItem: No such method!
L 09/26/2022 - 10:35:43: [AMXX] Displaying debug trace (plugin "ctg_player.amxx", version "0.1.0")
L 09/26/2022 - 10:35:43: [AMXX] Run time error 10: native error (native "oo_call")
L 09/26/2022 - 10:35:43: [AMXX]    [0] ctg_player.sma::OnWeaponTouch (line 24)
L 09/26/2022 - 10:35:43: [OO] Call of Hunter@CanPickupItem: No such method!
L 09/26/2022 - 10:35:43: [AMXX] Displaying debug trace (plugin "ctg_player.amxx", version "0.1.0")
L 09/26/2022 - 10:35:43: [AMXX] Run time error 10: native error (native "oo_call")
L 09/26/2022 - 10:35:43: [AMXX]    [0] ctg_player.sma::OnWeaponTouch (line 24)
L 09/26/2022 - 10:35:43: [OO] Call of Hunter@CanPickupItem: No such method!
L 09/26/2022 - 10:35:43: [AMXX] Displaying debug trace (plugin "ctg_player.amxx", version "0.1.0")
L 09/26/2022 - 10:35:43: [AMXX] Run time error 10: native error (native "oo_call")
L 09/26/2022 - 10:35:43: [AMXX]    [0] ctg_player.sma::OnWeaponTouch (line 24)
L 09/26/2022 - 10:35:43: [OO] Call of Hunter@CanPickupItem: No such method!
L 09/26/2022 - 10:35:43: [AMXX] Displaying debug trace (plugin "ctg_player.amxx", version "0.1.0")
L 09/26/2022 - 10:35:43: [AMXX] Run time error 10: native error (native "oo_call")
L 09/26/2022 - 10:35:43: [AMXX]    [0] ctg_player.sma::OnWeaponTouch (line 24)
L 09/26/2022 - 10:35:44: [OO] Call of Hunter@CanPickupItem: No such method!
L 09/26/2022 - 10:35:44: [AMXX] Displaying debug trace (plugin "ctg_player.amxx", version "0.1.0")
L 09/26/2022 - 10:35:44: [AMXX] Run time error 10: native error (native "oo_call")
L 09/26/2022 - 10:35:44: [AMXX]    [0] ctg_player.sma::OnWeaponTouch (line 24)
L 09/26/2022 - 10:35:44: [OO] Call of Hunter@CanPickupItem: No such method!
L 09/26/2022 - 10:35:44: [AMXX] Displaying debug trace (plugin "ctg_player.amxx", version "0.1.0")
L 09/26/2022 - 10:35:44: [AMXX] Run time error 10: native error (native "oo_call")
L 09/26/2022 - 10:35:44: [AMXX]    [0] ctg_player.sma::OnWeaponTouch (line 24)
L 09/26/2022 - 10:35:44: [OO] Call of Hunter@CanPickupItem: No such method!
L 09/26/2022 - 10:35:44: [AMXX] Displaying debug trace (plugin "ctg_player.amxx", version "0.1.0")
L 09/26/2022 - 10:35:44: [AMXX] Run time error 10: native error (native "oo_call")
L 09/26/2022 - 10:35:44: [AMXX]    [0] ctg_player.sma::OnWeaponTouch (line 24)
L 09/26/2022 - 10:35:44: [OO] Call of Hunter@CanPickupItem: No such method!
L 09/26/2022 - 10:35:44: [AMXX] Displaying debug trace (plugin "ctg_player.amxx", version "0.1.0")
L 09/26/2022 - 10:35:44: [AMXX] Run time error 10: native error (native "oo_call")
L 09/26/2022 - 10:35:44: [AMXX]    [0] ctg_player.sma::OnWeaponTouch (line 24)
L 09/26/2022 - 10:35:44: [OO] Call of Hunter@CanPickupItem: No such method!
L 09/26/2022 - 10:35:44: [AMXX] Displaying debug trace (plugin "ctg_player.amxx", version "0.1.0")
L 09/26/2022 - 10:35:44: [AMXX] Run time error 10: native error (native "oo_call")
L 09/26/2022 - 10:35:44: [AMXX]    [0] ctg_player.sma::OnWeaponTouch (line 24)
L 09/26/2022 - 10:35:44: [OO] Call of Hunter@CanPickupItem: No such method!
L 09/26/2022 - 10:35:44: [AMXX] Displaying debug trace (plugin "ctg_player.amxx", version "0.1.0")
L 09/26/2022 - 10:35:44: [AMXX] Run time error 10: native error (native "oo_call")
L 09/26/2022 - 10:35:44: [AMXX]    [0] ctg_player.sma::OnWeaponTouch (line 24)
L 09/26/2022 - 10:35:44: [OO] Call of Hunter@CanPickupItem: No such method!
L 09/26/2022 - 10:35:44: [AMXX] Displaying debug trace (plugin "ctg_player.amxx", version "0.1.0")
L 09/26/2022 - 10:35:44: [AMXX] Run time error 10: native error (native "oo_call")
L 09/26/2022 - 10:35:44: [AMXX]    [0] ctg_player.sma::OnWeaponTouch (line 24)
L 09/26/2022 - 10:35:44: [OO] Call of Hunter@CanPickupItem: No such method!
L 09/26/2022 - 10:35:44: [AMXX] Displaying debug trace (plugin "ctg_player.amxx", version "0.1.0")
L 09/26/2022 - 10:35:44: [AMXX] Run time error 10: native error (native "oo_call")
L 09/26/2022 - 10:35:44: [AMXX]    [0] ctg_player.sma::OnWeaponTouch (line 24)
L 09/26/2022 - 10:35:44: [OO] Call of Hunter@CanPickupItem: No such method!
L 09/26/2022 - 10:35:44: [AMXX] Displaying debug trace (plugin "ctg_player.amxx", version "0.1.0")
L 09/26/2022 - 10:35:44: [AMXX] Run time error 10: native error (native "oo_call")
L 09/26/2022 - 10:35:44: [AMXX]    [0] ctg_player.sma::OnWeaponTouch (line 24)
L 09/26/2022 - 10:35:44: [OO] Call of Hunter@CanPickupItem: No such method!
L 09/26/2022 - 10:35:44: [AMXX] Displaying debug trace (plugin "ctg_player.amxx", version "0.1.0")
L 09/26/2022 - 10:35:44: [AMXX] Run time error 10: native error (native "oo_call")
L 09/26/2022 - 10:35:44: [AMXX]    [0] ctg_player.sma::OnWeaponTouch (line 24)
L 09/26/2022 - 10:35:44: [OO] Call of Hunter@CanPickupItem: No such method!
L 09/26/2022 - 10:35:44: [AMXX] Displaying debug trace (plugin "ctg_player.amxx", version "0.1.0")
L 09/26/2022 - 10:35:44: [AMXX] Run time error 10: native error (native "oo_call")
L 09/26/2022 - 10:35:44: [AMXX]    [0] ctg_player.sma::OnWeaponTouch (line 24)
L 09/26/2022 - 10:35:44: [OO] Call of Hunter@CanPickupItem: No such method!
L 09/26/2022 - 10:35:44: [AMXX] Displaying debug trace (plugin "ctg_player.amxx", version "0.1.0")
L 09/26/2022 - 10:35:44: [AMXX] Run time error 10: native error (native "oo_call")
L 09/26/2022 - 10:35:44: [AMXX]    [0] ctg_player.sma::OnWeaponTouch (line 24)
L 09/26/2022 - 10:35:44: [OO] Call of Hunter@CanPickupItem: No such method!
L 09/26/2022 - 10:35:44: [AMXX] Displaying debug trace (plugin "ctg_player.amxx", version "0.1.0")
L 09/26/2022 - 10:35:44: [AMXX] Run time error 10: native error (native "oo_call")
L 09/26/2022 - 10:35:44: [AMXX]    [0] ctg_player.sma::OnWeaponTouch (line 24)
L 09/26/2022 - 10:35:44: [OO] Call of Hunter@CanPickupItem: No such method!
L 09/26/2022 - 10:35:44: [AMXX] Displaying debug trace (plugin "ctg_player.amxx", version "0.1.0")
L 09/26/2022 - 10:35:44: [AMXX] Run time error 10: native error (native "oo_call")
L 09/26/2022 - 10:35:44: [AMXX]    [0] ctg_player.sma::OnWeaponTouch (line 24)
L 09/26/2022 - 10:35:44: [OO] Call of Hunter@CanPickupItem: No such method!
L 09/26/2022 - 10:35:44: [AMXX] Displaying debug trace (plugin "ctg_player.amxx", version "0.1.0")
L 09/26/2022 - 10:35:44: [AMXX] Run time error 10: native error (native "oo_call")
L 09/26/2022 - 10:35:44: [AMXX]    [0] ctg_player.sma::OnWeaponTouch (line 24)
L 09/26/2022 - 10:35:44: [OO] Call of Hunter@CanPickupItem: No such method!
L 09/26/2022 - 10:35:44: [AMXX] Displaying debug trace (plugin "ctg_player.amxx", version "0.1.0")
L 09/26/2022 - 10:35:44: [AMXX] Run time error 10: native error (native "oo_call")
L 09/26/2022 - 10:35:44: [AMXX]    [0] ctg_player.sma::OnWeaponTouch (line 24)
L 09/26/2022 - 10:35:44: [OO] Call of Hunter@CanPickupItem: No such method!
L 09/26/2022 - 10:35:44: [AMXX] Displaying debug trace (plugin "ctg_player.amxx", version "0.1.0")
L 09/26/2022 - 10:35:44: [AMXX] Run time error 10: native error (native "oo_call")
L 09/26/2022 - 10:35:44: [AMXX]    [0] ctg_player.sma::OnWeaponTouch (line 24)
L 09/26/2022 - 10:35:44: [OO] Call of Hunter@CanPickupItem: No such method!
L 09/26/2022 - 10:35:44: [AMXX] Displaying debug trace (plugin "ctg_player.amxx", version "0.1.0")
L 09/26/2022 - 10:35:44: [AMXX] Run time error 10: native error (native "oo_call")
L 09/26/2022 - 10:35:44: [AMXX]    [0] ctg_player.sma::OnWeaponTouch (line 24)
L 09/26/2022 - 10:35:44: [OO] Call of Hunter@CanPickupItem: No such method!
L 09/26/2022 - 10:35:44: [AMXX] Displaying debug trace (plugin "ctg_player.amxx", version "0.1.0")
L 09/26/2022 - 10:35:44: [AMXX] Run time error 10: native error (native "oo_call")
L 09/26/2022 - 10:35:44: [AMXX]    [0] ctg_player.sma::OnWeaponTouch (line 24)
L 09/26/2022 - 10:35:44: [OO] Call of Hunter@CanPickupItem: No such method!
L 09/26/2022 - 10:35:44: [AMXX] Displaying debug trace (plugin "ctg_player.amxx", version "0.1.0")
L 09/26/2022 - 10:35:44: [AMXX] Run time error 10: native error (native "oo_call")
L 09/26/2022 - 10:35:44: [AMXX]    [0] ctg_player.sma::OnWeaponTouch (line 24)
L 09/26/2022 - 10:35:44: [OO] Call of Hunter@CanPickupItem: No such method!
L 09/26/2022 - 10:35:44: [AMXX] Displaying debug trace (plugin "ctg_player.amxx", version "0.1.0")
L 09/26/2022 - 10:35:44: [AMXX] Run time error 10: native error (native "oo_call")
L 09/26/2022 - 10:35:44: [AMXX]    [0] ctg_player.sma::OnWeaponTouch (line 24)
L 09/26/2022 - 10:35:44: [OO] Call of Hunter@CanPickupItem: No such method!
L 09/26/2022 - 10:35:44: [AMXX] Displaying debug trace (plugin "ctg_player.amxx", version "0.1.0")
L 09/26/2022 - 10:35:44: [AMXX] Run time error 10: native error (native "oo_call")
L 09/26/2022 - 10:35:44: [AMXX]    [0] ctg_player.sma::OnWeaponTouch (line 24)
L 09/26/2022 - 10:35:44: [OO] Call of Hunter@CanPickupItem: No such method!
L 09/26/2022 - 10:35:44: [AMXX] Displaying debug trace (plugin "ctg_player.amxx", version "0.1.0")
L 09/26/2022 - 10:35:44: [AMXX] Run time error 10: native error (native "oo_call")
L 09/26/2022 - 10:35:44: [AMXX]    [0] ctg_player.sma::OnWeaponTouch (line 24)
L 09/26/2022 - 10:35:44: [OO] Call of Hunter@CanPickupItem: No such method!
L 09/26/2022 - 10:35:44: [AMXX] Displaying debug trace (plugin "ctg_player.amxx", version "0.1.0")
L 09/26/2022 - 10:35:44: [AMXX] Run time error 10: native error (native "oo_call")
L 09/26/2022 - 10:35:44: [AMXX]    [0] ctg_player.sma::OnWeaponTouch (line 24)
L 09/26/2022 - 10:35:44: [OO] Call of Hunter@CanPickupItem: No such method!
L 09/26/2022 - 10:35:44: [AMXX] Displaying debug trace (plugin "ctg_player.amxx", version "0.1.0")
L 09/26/2022 - 10:35:44: [AMXX] Run time error 10: native error (native "oo_call")
L 09/26/2022 - 10:35:44: [AMXX]    [0] ctg_player.sma::OnWeaponTouch (line 24)
L 09/26/2022 - 10:35:44: [OO] Call of Hunter@CanPickupItem: No such method!
L 09/26/2022 - 10:35:44: [AMXX] Displaying debug trace (plugin "ctg_player.amxx", version "0.1.0")
L 09/26/2022 - 10:35:44: [AMXX] Run time error 10: native error (native "oo_call")
L 09/26/2022 - 10:35:44: [AMXX]    [0] ctg_player.sma::OnWeaponTouch (line 24)
L 09/26/2022 - 10:35:44: [OO] Call of Hunter@CanPickupItem: No such method!
L 09/26/2022 - 10:35:44: [AMXX] Displaying debug trace (plugin "ctg_player.amxx", version "0.1.0")
L 09/26/2022 - 10:35:44: [AMXX] Run time error 10: native error (native "oo_call")
L 09/26/2022 - 10:35:44: [AMXX]    [0] ctg_player.sma::OnWeaponTouch (line 24)
L 09/26/2022 - 10:35:44: [OO] Call of Hunter@CanPickupItem: No such method!
L 09/26/2022 - 10:35:44: [AMXX] Displaying debug trace (plugin "ctg_player.amxx", version "0.1.0")
L 09/26/2022 - 10:35:44: [AMXX] Run time error 10: native error (native "oo_call")
L 09/26/2022 - 10:35:44: [AMXX]    [0] ctg_player.sma::OnWeaponTouch (line 24)
L 09/26/2022 - 10:35:44: [OO] Call of Hunter@CanPickupItem: No such method!
L 09/26/2022 - 10:35:44: [AMXX] Displaying debug trace (plugin "ctg_player.amxx", version "0.1.0")
L 09/26/2022 - 10:35:44: [AMXX] Run time error 10: native error (native "oo_call")
L 09/26/2022 - 10:35:44: [AMXX]    [0] ctg_player.sma::OnWeaponTouch (line 24)
L 09/26/2022 - 10:35:44: [OO] Call of Hunter@CanPickupItem: No such method!
L 09/26/2022 - 10:35:44: [AMXX] Displaying debug trace (plugin "ctg_player.amxx", version "0.1.0")
L 09/26/2022 - 10:35:44: [AMXX] Run time error 10: native error (native "oo_call")
L 09/26/2022 - 10:35:44: [AMXX]    [0] ctg_player.sma::OnWeaponTouch (line 24)
L 09/26/2022 - 10:35:44: [OO] Call of Hunter@CanPickupItem: No such method!
L 09/26/2022 - 10:35:45: [AMXX] Displaying debug trace (plugin "ctg_player.amxx", version "0.1.0")
L 09/26/2022 - 10:35:45: [AMXX] Run time error 10: native error (native "oo_call")
L 09/26/2022 - 10:35:45: [AMXX]    [0] ctg_player.sma::OnWeaponTouch (line 24)
L 09/26/2022 - 10:35:45: [OO] Call of Hunter@CanPickupItem: No such method!
L 09/26/2022 - 10:35:45: [AMXX] Displaying debug trace (plugin "ctg_player.amxx", version "0.1.0")
L 09/26/2022 - 10:35:45: [AMXX] Run time error 10: native error (native "oo_call")
L 09/26/2022 - 10:35:45: [AMXX]    [0] ctg_player.sma::OnWeaponTouch (line 24)
L 09/26/2022 - 10:35:45: [OO] Call of Hunter@CanPickupItem: No such method!
L 09/26/2022 - 10:35:45: [AMXX] Displaying debug trace (plugin "ctg_player.amxx", version "0.1.0")
L 09/26/2022 - 10:35:45: [AMXX] Run time error 10: native error (native "oo_call")
L 09/26/2022 - 10:35:45: [AMXX]    [0] ctg_player.sma::OnWeaponTouch (line 24)
L 09/26/2022 - 10:35:45: [OO] Call of Hunter@CanPickupItem: No such method!
L 09/26/2022 - 10:35:45: [AMXX] Displaying debug trace (plugin "ctg_player.amxx", version "0.1.0")
L 09/26/2022 - 10:35:45: [AMXX] Run time error 10: native error (native "oo_call")
L 09/26/2022 - 10:35:45: [AMXX]    [0] ctg_player.sma::OnWeaponTouch (line 24)
L 09/26/2022 - 10:35:45: [OO] Call of Hunter@CanPickupItem: No such method!
L 09/26/2022 - 10:35:45: [AMXX] Displaying debug trace (plugin "ctg_player.amxx", version "0.1.0")
L 09/26/2022 - 10:35:45: [AMXX] Run time error 10: native error (native "oo_call")
L 09/26/2022 - 10:35:45: [AMXX]    [0] ctg_player.sma::OnWeaponTouch (line 24)
L 09/26/2022 - 10:35:45: [OO] Call of Hunter@CanPickupItem: No such method!
L 09/26/2022 - 10:35:45: [AMXX] Displaying debug trace (plugin "ctg_player.amxx", version "0.1.0")
L 09/26/2022 - 10:35:45: [AMXX] Run time error 10: native error (native "oo_call")
L 09/26/2022 - 10:35:45: [AMXX]    [0] ctg_player.sma::OnWeaponTouch (line 24)
L 09/26/2022 - 10:35:45: [OO] Call of Hunter@CanPickupItem: No such method!
L 09/26/2022 - 10:35:45: [AMXX] Displaying debug trace (plugin "ctg_player.amxx", version "0.1.0")
L 09/26/2022 - 10:35:45: [AMXX] Run time error 10: native error (native "oo_call")
L 09/26/2022 - 10:35:45: [AMXX]    [0] ctg_player.sma::OnWeaponTouch (line 24)
L 09/26/2022 - 10:35:45: [OO] Call of Hunter@CanPickupItem: No such method!
L 09/26/2022 - 10:35:45: [AMXX] Displaying debug trace (plugin "ctg_player.amxx", version "0.1.0")
L 09/26/2022 - 10:35:45: [AMXX] Run time error 10: native error (native "oo_call")
L 09/26/2022 - 10:35:45: [AMXX]    [0] ctg_player.sma::OnWeaponTouch (line 24)
L 09/26/2022 - 10:35:45: [OO] Call of Hunter@CanPickupItem: No such method!
L 09/26/2022 - 10:35:45: [AMXX] Displaying debug trace (plugin "ctg_player.amxx", version "0.1.0")
L 09/26/2022 - 10:35:45: [AMXX] Run time error 10: native error (native "oo_call")
L 09/26/2022 - 10:35:45: [AMXX]    [0] ctg_player.sma::OnWeaponTouch (line 24)
L 09/26/2022 - 10:35:45: [OO] Call of Hunter@CanPickupItem: No such method!
L 09/26/2022 - 10:35:45: [AMXX] Displaying debug trace (plugin "ctg_player.amxx", version "0.1.0")
L 09/26/2022 - 10:35:45: [AMXX] Run time error 10: native error (native "oo_call")
L 09/26/2022 - 10:35:45: [AMXX]    [0] ctg_player.sma::OnWeaponTouch (line 24)
L 09/26/2022 - 10:35:45: [OO] Call of Hunter@CanPickupItem: No such method!
L 09/26/2022 - 10:35:45: [AMXX] Displaying debug trace (plugin "ctg_player.amxx", version "0.1.0")
L 09/26/2022 - 10:35:45: [AMXX] Run time error 10: native error (native "oo_call")
L 09/26/2022 - 10:35:45: [AMXX]    [0] ctg_player.sma::OnWeaponTouch (line 24)
L 09/26/2022 - 10:35:45: [OO] Call of Hunter@CanPickupItem: No such method!
L 09/26/2022 - 10:35:45: [AMXX] Displaying debug trace (plugin "ctg_player.amxx", version "0.1.0")
L 09/26/2022 - 10:35:45: [AMXX] Run time error 10: native error (native "oo_call")
L 09/26/2022 - 10:35:45: [AMXX]    [0] ctg_player.sma::OnWeaponTouch (line 24)
L 09/26/2022 - 10:35:45: [OO] Call of Hunter@CanPickupItem: No such method!
L 09/26/2022 - 10:35:45: [AMXX] Displaying debug trace (plugin "ctg_player.amxx", version "0.1.0")
L 09/26/2022 - 10:35:45: [AMXX] Run time error 10: native error (native "oo_call")
L 09/26/2022 - 10:35:45: [AMXX]    [0] ctg_player.sma::OnWeaponTouch (line 24)
L 09/26/2022 - 10:35:45: [OO] Call of Hunter@CanPickupItem: No such method!
L 09/26/2022 - 10:35:45: [AMXX] Displaying debug trace (plugin "ctg_player.amxx", version "0.1.0")
L 09/26/2022 - 10:35:45: [AMXX] Run time error 10: native error (native "oo_call")
L 09/26/2022 - 10:35:45: [AMXX]    [0] ctg_player.sma::OnWeaponTouch (line 24)
L 09/26/2022 - 10:35:45: [OO] Call of Hunter@CanPickupItem: No such method!
L 09/26/2022 - 10:35:45: [AMXX] Displaying debug trace (plugin "ctg_player.amxx", version "0.1.0")
L 09/26/2022 - 10:35:45: [AMXX] Run time error 10: native error (native "oo_call")
L 09/26/2022 - 10:35:45: [AMXX]    [0] ctg_player.sma::OnWeaponTouch (line 24)
L 09/26/2022 - 10:35:45: [OO] Call of Hunter@CanPickupItem: No such method!
L 09/26/2022 - 10:35:45: [AMXX] Displaying debug trace (plugin "ctg_player.amxx", version "0.1.0")
L 09/26/2022 - 10:35:45: [AMXX] Run time error 10: native error (native "oo_call")
L 09/26/2022 - 10:35:45: [AMXX]    [0] ctg_player.sma::OnWeaponTouch (line 24)
L 09/26/2022 - 10:35:45: [OO] Call of Hunter@CanPickupItem: No such method!
L 09/26/2022 - 10:35:45: [AMXX] Displaying debug trace (plugin "ctg_player.amxx", version "0.1.0")
L 09/26/2022 - 10:35:45: [AMXX] Run time error 10: native error (native "oo_call")
L 09/26/2022 - 10:35:45: [AMXX]    [0] ctg_player.sma::OnWeaponTouch (line 24)
L 09/26/2022 - 10:35:45: [OO] Call of Hunter@CanPickupItem: No such method!
L 09/26/2022 - 10:35:45: [AMXX] Displaying debug trace (plugin "ctg_player.amxx", version "0.1.0")
L 09/26/2022 - 10:35:45: [AMXX] Run time error 10: native error (native "oo_call")
L 09/26/2022 - 10:35:45: [AMXX]    [0] ctg_player.sma::OnWeaponTouch (line 24)
L 09/26/2022 - 10:35:45: [OO] Call of Hunter@CanPickupItem: No such method!
L 09/26/2022 - 10:35:45: [AMXX] Displaying debug trace (plugin "ctg_player.amxx", version "0.1.0")
L 09/26/2022 - 10:35:45: [AMXX] Run time error 10: native error (native "oo_call")
L 09/26/2022 - 10:35:45: [AMXX]    [0] ctg_player.sma::OnWeaponTouch (line 24)
L 09/26/2022 - 10:35:45: [OO] Call of Hunter@CanPickupItem: No such method!
L 09/26/2022 - 10:35:45: [AMXX] Displaying debug trace (plugin "ctg_player.amxx", version "0.1.0")
L 09/26/2022 - 10:35:45: [AMXX] Run time error 10: native error (native "oo_call")
L 09/26/2022 - 10:35:45: [AMXX]    [0] ctg_player.sma::OnWeaponTouch (line 24)
L 09/26/2022 - 10:35:47: [OO] Call of Hunter@CanPickupItem: No such method!
L 09/26/2022 - 10:35:47: [AMXX] Displaying debug trace (plugin "ctg_player.amxx", version "0.1.0")
L 09/26/2022 - 10:35:47: [AMXX] Run time error 10: native error (native "oo_call")
L 09/26/2022 - 10:35:47: [AMXX]    [0] ctg_player.sma::OnWeaponTouch (line 24)
L 09/26/2022 - 10:36:01: [OO] Call of Hunter@CanPickupItem: No such method!
L 09/26/2022 - 10:36:01: [AMXX] Displaying debug trace (plugin "ctg_player.amxx", version "0.1.0")
L 09/26/2022 - 10:36:01: [AMXX] Run time error 10: native error (native "oo_call")
L 09/26/2022 - 10:36:01: [AMXX]    [0] ctg_player.sma::OnWeaponTouch (line 24)
L 09/26/2022 - 10:36:01: [OO] Call of Hunter@CanPickupItem: No such method!
L 09/26/2022 - 10:36:01: [AMXX] Displaying debug trace (plugin "ctg_player.amxx", version "0.1.0")
L 09/26/2022 - 10:36:01: [AMXX] Run time error 10: native error (native "oo_call")
L 09/26/2022 - 10:36:01: [AMXX]    [0] ctg_player.sma::OnWeaponTouch (line 24)
L 09/26/2022 - 10:36:01: [OO] Call of Hunter@CanPickupItem: No such method!
L 09/26/2022 - 10:36:01: [AMXX] Displaying debug trace (plugin "ctg_player.amxx", version "0.1.0")
L 09/26/2022 - 10:36:01: [AMXX] Run time error 10: native error (native "oo_call")
L 09/26/2022 - 10:36:01: [AMXX]    [0] ctg_player.sma::OnWeaponTouch (line 24)
L 09/26/2022 - 10:36:01: [OO] Call of Hunter@CanPickupItem: No such method!
L 09/26/2022 - 10:36:01: [AMXX] Displaying debug trace (plugin "ctg_player.amxx", version "0.1.0")
L 09/26/2022 - 10:36:01: [AMXX] Run time error 10: native error (native "oo_call")
L 09/26/2022 - 10:36:01: [AMXX]    [0] ctg_player.sma::OnWeaponTouch (line 24)
L 09/26/2022 - 10:36:01: [OO] Call of Hunter@CanPickupItem: No such method!
L 09/26/2022 - 10:36:01: [AMXX] Displaying debug trace (plugin "ctg_player.amxx", version "0.1.0")
L 09/26/2022 - 10:36:01: [AMXX] Run time error 10: native error (native "oo_call")
L 09/26/2022 - 10:36:01: [AMXX]    [0] ctg_player.sma::OnWeaponTouch (line 24)
L 09/26/2022 - 10:36:01: [OO] Call of Hunter@CanPickupItem: No such method!
L 09/26/2022 - 10:36:01: [AMXX] Displaying debug trace (plugin "ctg_player.amxx", version "0.1.0")
L 09/26/2022 - 10:36:01: [AMXX] Run time error 10: native error (native "oo_call")
L 09/26/2022 - 10:36:01: [AMXX]    [0] ctg_player.sma::OnWeaponTouch (line 24)
L 09/26/2022 - 10:36:01: [OO] Call of Hunter@CanPickupItem: No such method!
L 09/26/2022 - 10:36:01: [AMXX] Displaying debug trace (plugin "ctg_player.amxx", version "0.1.0")
L 09/26/2022 - 10:36:01: [AMXX] Run time error 10: native error (native "oo_call")
L 09/26/2022 - 10:36:01: [AMXX]    [0] ctg_player.sma::OnWeaponTouch (line 24)
L 09/26/2022 - 10:36:01: [OO] Call of Hunter@CanPickupItem: No such method!
L 09/26/2022 - 10:36:01: [AMXX] Displaying debug trace (plugin "ctg_player.amxx", version "0.1.0")
L 09/26/2022 - 10:36:01: [AMXX] Run time error 10: native error (native "oo_call")
L 09/26/2022 - 10:36:01: [AMXX]    [0] ctg_player.sma::OnWeaponTouch (line 24)
L 09/26/2022 - 10:36:01: [OO] Call of Hunter@CanPickupItem: No such method!
L 09/26/2022 - 10:36:01: [AMXX] Displaying debug trace (plugin "ctg_player.amxx", version "0.1.0")
L 09/26/2022 - 10:36:01: [AMXX] Run time error 10: native error (native "oo_call")
L 09/26/2022 - 10:36:01: [AMXX]    [0] ctg_player.sma::OnWeaponTouch (line 24)
L 09/26/2022 - 10:36:01: [OO] Call of Hunter@CanPickupItem: No such method!
L 09/26/2022 - 10:36:01: [AMXX] Displaying debug trace (plugin "ctg_player.amxx", version "0.1.0")
L 09/26/2022 - 10:36:01: [AMXX] Run time error 10: native error (native "oo_call")
L 09/26/2022 - 10:36:01: [AMXX]    [0] ctg_player.sma::OnWeaponTouch (line 24)
L 09/26/2022 - 10:36:01: [OO] Call of Hunter@CanPickupItem: No such method!
L 09/26/2022 - 10:36:01: [AMXX] Displaying debug trace (plugin "ctg_player.amxx", version "0.1.0")
L 09/26/2022 - 10:36:01: [AMXX] Run time error 10: native error (native "oo_call")
L 09/26/2022 - 10:36:01: [AMXX]    [0] ctg_player.sma::OnWeaponTouch (line 24)
L 09/26/2022 - 10:36:01: [OO] Call of Hunter@CanPickupItem: No such method!
L 09/26/2022 - 10:36:01: [AMXX] Displaying debug trace (plugin "ctg_player.amxx", version "0.1.0")
L 09/26/2022 - 10:36:01: [AMXX] Run time error 10: native error (native "oo_call")
L 09/26/2022 - 10:36:01: [AMXX]    [0] ctg_player.sma::OnWeaponTouch (line 24)
L 09/26/2022 - 10:36:01: [OO] Call of Hunter@CanPickupItem: No such method!
L 09/26/2022 - 10:36:01: [AMXX] Displaying debug trace (plugin "ctg_player.amxx", version "0.1.0")
L 09/26/2022 - 10:36:01: [AMXX] Run time error 10: native error (native "oo_call")
L 09/26/2022 - 10:36:01: [AMXX]    [0] ctg_player.sma::OnWeaponTouch (line 24)
L 09/26/2022 - 10:36:01: [OO] Call of Hunter@CanPickupItem: No such method!
L 09/26/2022 - 10:36:01: [AMXX] Displaying debug trace (plugin "ctg_player.amxx", version "0.1.0")
L 09/26/2022 - 10:36:01: [AMXX] Run time error 10: native error (native "oo_call")
L 09/26/2022 - 10:36:01: [AMXX]    [0] ctg_player.sma::OnWeaponTouch (line 24)
L 09/26/2022 - 10:36:01: [OO] Call of Hunter@CanPickupItem: No such method!
L 09/26/2022 - 10:36:01: [AMXX] Displaying debug trace (plugin "ctg_player.amxx", version "0.1.0")
L 09/26/2022 - 10:36:01: [AMXX] Run time error 10: native error (native "oo_call")
L 09/26/2022 - 10:36:01: [AMXX]    [0] ctg_player.sma::OnWeaponTouch (line 24)
L 09/26/2022 - 10:36:01: [OO] Call of Hunter@CanPickupItem: No such method!
L 09/26/2022 - 10:36:01: [AMXX] Displaying debug trace (plugin "ctg_player.amxx", version "0.1.0")
L 09/26/2022 - 10:36:01: [AMXX] Run time error 10: native error (native "oo_call")
L 09/26/2022 - 10:36:01: [AMXX]    [0] ctg_player.sma::OnWeaponTouch (line 24)
L 09/26/2022 - 10:36:01: [OO] Call of Hunter@CanPickupItem: No such method!
L 09/26/2022 - 10:36:01: [AMXX] Displaying debug trace (plugin "ctg_player.amxx", version "0.1.0")
L 09/26/2022 - 10:36:01: [AMXX] Run time error 10: native error (native "oo_call")
L 09/26/2022 - 10:36:01: [AMXX]    [0] ctg_player.sma::OnWeaponTouch (line 24)
L 09/26/2022 - 10:36:01: [OO] Call of Hunter@CanPickupItem: No such method!
L 09/26/2022 - 10:36:01: [AMXX] Displaying debug trace (plugin "ctg_player.amxx", version "0.1.0")
L 09/26/2022 - 10:36:01: [AMXX] Run time error 10: native error (native "oo_call")
L 09/26/2022 - 10:36:01: [AMXX]    [0] ctg_player.sma::OnWeaponTouch (line 24)
L 09/26/2022 - 10:36:01: [OO] Call of Hunter@CanPickupItem: No such method!
L 09/26/2022 - 10:36:01: [AMXX] Displaying debug trace (plugin "ctg_player.amxx", version "0.1.0")
L 09/26/2022 - 10:36:01: [AMXX] Run time error 10: native error (native "oo_call")
L 09/26/2022 - 10:36:01: [AMXX]    [0] ctg_player.sma::OnWeaponTouch (line 24)
L 09/26/2022 - 10:36:01: [OO] Call of Hunter@CanPickupItem: No such method!
L 09/26/2022 - 10:36:01: [AMXX] Displaying debug trace (plugin "ctg_player.amxx", version "0.1.0")
L 09/26/2022 - 10:36:01: [AMXX] Run time error 10: native error (native "oo_call")
L 09/26/2022 - 10:36:01: [AMXX]    [0] ctg_player.sma::OnWeaponTouch (line 24)
L 09/26/2022 - 10:36:01: [OO] Call of Hunter@CanPickupItem: No such method!
L 09/26/2022 - 10:36:01: [AMXX] Displaying debug trace (plugin "ctg_player.amxx", version "0.1.0")
L 09/26/2022 - 10:36:02: [AMXX] Run time error 10: native error (native "oo_call")
L 09/26/2022 - 10:36:02: [AMXX]    [0] ctg_player.sma::OnWeaponTouch (line 24)
L 09/26/2022 - 10:36:02: [OO] Call of Hunter@CanPickupItem: No such method!
L 09/26/2022 - 10:36:02: [AMXX] Displaying debug trace (plugin "ctg_player.amxx", version "0.1.0")
L 09/26/2022 - 10:36:02: [AMXX] Run time error 10: native error (native "oo_call")
L 09/26/2022 - 10:36:02: [AMXX]    [0] ctg_player.sma::OnWeaponTouch (line 24)
L 09/26/2022 - 10:36:02: [OO] Call of Hunter@CanPickupItem: No such method!
L 09/26/2022 - 10:36:02: [AMXX] Displaying debug trace (plugin "ctg_player.amxx", version "0.1.0")
L 09/26/2022 - 10:36:02: [AMXX] Run time error 10: native error (native "oo_call")
L 09/26/2022 - 10:36:02: [AMXX]    [0] ctg_player.sma::OnWeaponTouch (line 24)
L 09/26/2022 - 10:36:02: [OO] Call of Hunter@CanPickupItem: No such method!
L 09/26/2022 - 10:36:02: [AMXX] Displaying debug trace (plugin "ctg_player.amxx", version "0.1.0")
L 09/26/2022 - 10:36:02: [AMXX] Run time error 10: native error (native "oo_call")
L 09/26/2022 - 10:36:02: [AMXX]    [0] ctg_player.sma::OnWeaponTouch (line 24)
L 09/26/2022 - 10:36:02: [OO] Call of Hunter@CanPickupItem: No such method!
L 09/26/2022 - 10:36:02: [AMXX] Displaying debug trace (plugin "ctg_player.amxx", version "0.1.0")
L 09/26/2022 - 10:36:02: [AMXX] Run time error 10: native error (native "oo_call")
L 09/26/2022 - 10:36:02: [AMXX]    [0] ctg_player.sma::OnWeaponTouch (line 24)
L 09/26/2022 - 10:36:02: [OO] Call of Hunter@CanPickupItem: No such method!
L 09/26/2022 - 10:36:02: [AMXX] Displaying debug trace (plugin "ctg_player.amxx", version "0.1.0")
L 09/26/2022 - 10:36:02: [AMXX] Run time error 10: native error (native "oo_call")
L 09/26/2022 - 10:36:02: [AMXX]    [0] ctg_player.sma::OnWeaponTouch (line 24)
L 09/26/2022 - 10:36:02: [OO] Call of Hunter@CanPickupItem: No such method!
L 09/26/2022 - 10:36:02: [AMXX] Displaying debug trace (plugin "ctg_player.amxx", version "0.1.0")
L 09/26/2022 - 10:36:02: [AMXX] Run time error 10: native error (native "oo_call")
L 09/26/2022 - 10:36:02: [AMXX]    [0] ctg_player.sma::OnWeaponTouch (line 24)
L 09/26/2022 - 10:36:02: [OO] Call of Hunter@CanPickupItem: No such method!
L 09/26/2022 - 10:36:02: [AMXX] Displaying debug trace (plugin "ctg_player.amxx", version "0.1.0")
L 09/26/2022 - 10:36:02: [AMXX] Run time error 10: native error (native "oo_call")
L 09/26/2022 - 10:36:02: [AMXX]    [0] ctg_player.sma::OnWeaponTouch (line 24)
L 09/26/2022 - 10:36:02: [OO] Call of Hunter@CanPickupItem: No such method!
L 09/26/2022 - 10:36:02: [AMXX] Displaying debug trace (plugin "ctg_player.amxx", version "0.1.0")
L 09/26/2022 - 10:36:02: [AMXX] Run time error 10: native error (native "oo_call")
L 09/26/2022 - 10:36:02: [AMXX]    [0] ctg_player.sma::OnWeaponTouch (line 24)
L 09/26/2022 - 10:36:02: [OO] Call of Hunter@CanPickupItem: No such method!
L 09/26/2022 - 10:36:02: [AMXX] Displaying debug trace (plugin "ctg_player.amxx", version "0.1.0")
L 09/26/2022 - 10:36:02: [AMXX] Run time error 10: native error (native "oo_call")
L 09/26/2022 - 10:36:02: [AMXX]    [0] ctg_player.sma::OnWeaponTouch (line 24)
L 09/26/2022 - 10:36:02: [OO] Call of Hunter@CanPickupItem: No such method!
L 09/26/2022 - 10:36:02: [AMXX] Displaying debug trace (plugin "ctg_player.amxx", version "0.1.0")
L 09/26/2022 - 10:36:02: [AMXX] Run time error 10: native error (native "oo_call")
L 09/26/2022 - 10:36:02: [AMXX]    [0] ctg_player.sma::OnWeaponTouch (line 24)
L 09/26/2022 - 10:36:02: [OO] Call of Hunter@CanPickupItem: No such method!
L 09/26/2022 - 10:36:02: [AMXX] Displaying debug trace (plugin "ctg_player.amxx", version "0.1.0")
L 09/26/2022 - 10:36:02: [AMXX] Run time error 10: native error (native "oo_call")
L 09/26/2022 - 10:36:02: [AMXX]    [0] ctg_player.sma::OnWeaponTouch (line 24)
L 09/26/2022 - 10:36:02: [OO] Call of Hunter@CanPickupItem: No such method!
L 09/26/2022 - 10:36:02: [AMXX] Displaying debug trace (plugin "ctg_player.amxx", version "0.1.0")
L 09/26/2022 - 10:36:02: [AMXX] Run time error 10: native error (native "oo_call")
L 09/26/2022 - 10:36:02: [AMXX]    [0] ctg_player.sma::OnWeaponTouch (line 24)
L 09/26/2022 - 10:36:02: [OO] Call of Hunter@CanPickupItem: No such method!
L 09/26/2022 - 10:36:02: [AMXX] Displaying debug trace (plugin "ctg_player.amxx", version "0.1.0")
L 09/26/2022 - 10:36:02: [AMXX] Run time error 10: native error (native "oo_call")
L 09/26/2022 - 10:36:02: [AMXX]    [0] ctg_player.sma::OnWeaponTouch (line 24)
L 09/26/2022 - 10:36:02: [OO] Call of Hunter@CanPickupItem: No such method!
L 09/26/2022 - 10:36:02: [AMXX] Displaying debug trace (plugin "ctg_player.amxx", version "0.1.0")
L 09/26/2022 - 10:36:02: [AMXX] Run time error 10: native error (native "oo_call")
L 09/26/2022 - 10:36:02: [AMXX]    [0] ctg_player.sma::OnWeaponTouch (line 24)
L 09/26/2022 - 10:36:02: [OO] Call of Hunter@CanPickupItem: No such method!
L 09/26/2022 - 10:36:02: [AMXX] Displaying debug trace (plugin "ctg_player.amxx", version "0.1.0")
L 09/26/2022 - 10:36:02: [AMXX] Run time error 10: native error (native "oo_call")
L 09/26/2022 - 10:36:02: [AMXX]    [0] ctg_player.sma::OnWeaponTouch (line 24)
L 09/26/2022 - 10:36:02: [OO] Call of Hunter@CanPickupItem: No such method!
L 09/26/2022 - 10:36:02: [AMXX] Displaying debug trace (plugin "ctg_player.amxx", version "0.1.0")
L 09/26/2022 - 10:36:02: [AMXX] Run time error 10: native error (native "oo_call")
L 09/26/2022 - 10:36:02: [AMXX]    [0] ctg_player.sma::OnWeaponTouch (line 24)
L 09/26/2022 - 10:36:02: [OO] Call of Hunter@CanPickupItem: No such method!
L 09/26/2022 - 10:36:02: [AMXX] Displaying debug trace (plugin "ctg_player.amxx", version "0.1.0")
L 09/26/2022 - 10:36:02: [AMXX] Run time error 10: native error (native "oo_call")
L 09/26/2022 - 10:36:02: [AMXX]    [0] ctg_player.sma::OnWeaponTouch (line 24)
L 09/26/2022 - 10:36:02: [OO] Call of Hunter@CanPickupItem: No such method!
L 09/26/2022 - 10:36:02: [AMXX] Displaying debug trace (plugin "ctg_player.amxx", version "0.1.0")
L 09/26/2022 - 10:36:02: [AMXX] Run time error 10: native error (native "oo_call")
L 09/26/2022 - 10:36:02: [AMXX]    [0] ctg_player.sma::OnWeaponTouch (line 24)
L 09/26/2022 - 10:36:02: [OO] Call of Hunter@CanPickupItem: No such method!
L 09/26/2022 - 10:36:02: [AMXX] Displaying debug trace (plugin "ctg_player.amxx", version "0.1.0")
L 09/26/2022 - 10:36:02: [AMXX] Run time error 10: native error (native "oo_call")
L 09/26/2022 - 10:36:02: [AMXX]    [0] ctg_player.sma::OnWeaponTouch (line 24)
L 09/26/2022 - 10:36:02: [OO] Call of Hunter@CanPickupItem: No such method!
L 09/26/2022 - 10:36:02: [AMXX] Displaying debug trace (plugin "ctg_player.amxx", version "0.1.0")
L 09/26/2022 - 10:36:02: [AMXX] Run time error 10: native error (native "oo_call")
L 09/26/2022 - 10:36:02: [AMXX]    [0] ctg_player.sma::OnWeaponTouch (line 24)
L 09/26/2022 - 10:36:02: [OO] Call of Hunter@CanPickupItem: No such method!
L 09/26/2022 - 10:36:02: [AMXX] Displaying debug trace (plugin "ctg_player.amxx", version "0.1.0")
L 09/26/2022 - 10:36:02: [AMXX] Run time error 10: native error (native "oo_call")
L 09/26/2022 - 10:36:02: [AMXX]    [0] ctg_player.sma::OnWeaponTouch (line 24)
L 09/26/2022 - 10:36:02: [OO] Call of Hunter@CanPickupItem: No such method!
L 09/26/2022 - 10:36:02: [AMXX] Displaying debug trace (plugin "ctg_player.amxx", version "0.1.0")
L 09/26/2022 - 10:36:02: [AMXX] Run time error 10: native error (native "oo_call")
L 09/26/2022 - 10:36:02: [AMXX]    [0] ctg_player.sma::OnWeaponTouch (line 24)
L 09/26/2022 - 10:36:02: [OO] Call of Hunter@CanPickupItem: No such method!
L 09/26/2022 - 10:36:02: [AMXX] Displaying debug trace (plugin "ctg_player.amxx", version "0.1.0")
L 09/26/2022 - 10:36:02: [AMXX] Run time error 10: native error (native "oo_call")
L 09/26/2022 - 10:36:02: [AMXX]    [0] ctg_player.sma::OnWeaponTouch (line 24)
L 09/26/2022 - 10:36:03: [OO] Call of Hunter@CanPickupItem: No such method!
L 09/26/2022 - 10:36:03: [AMXX] Displaying debug trace (plugin "ctg_player.amxx", version "0.1.0")
L 09/26/2022 - 10:36:03: [AMXX] Run time error 10: native error (native "oo_call")
L 09/26/2022 - 10:36:03: [AMXX]    [0] ctg_player.sma::OnWeaponTouch (line 24)
L 09/26/2022 - 10:36:03: [OO] Call of Hunter@CanPickupItem: No such method!
L 09/26/2022 - 10:36:03: [AMXX] Displaying debug trace (plugin "ctg_player.amxx", version "0.1.0")
L 09/26/2022 - 10:36:03: [AMXX] Run time error 10: native error (native "oo_call")
L 09/26/2022 - 10:36:03: [AMXX]    [0] ctg_player.sma::OnWeaponTouch (line 24)
L 09/26/2022 - 10:36:03: [OO] Call of Hunter@CanPickupItem: No such method!
L 09/26/2022 - 10:36:03: [AMXX] Displaying debug trace (plugin "ctg_player.amxx", version "0.1.0")
L 09/26/2022 - 10:36:03: [AMXX] Run time error 10: native error (native "oo_call")
L 09/26/2022 - 10:36:03: [AMXX]    [0] ctg_player.sma::OnWeaponTouch (line 24)
L 09/26/2022 - 10:36:03: [OO] Call of Hunter@CanPickupItem: No such method!
L 09/26/2022 - 10:36:03: [AMXX] Displaying debug trace (plugin "ctg_player.amxx", version "0.1.0")
L 09/26/2022 - 10:36:03: [AMXX] Run time error 10: native error (native "oo_call")
L 09/26/2022 - 10:36:03: [AMXX]    [0] ctg_player.sma::OnWeaponTouch (line 24)
L 09/26/2022 - 10:36:03: [OO] Call of Hunter@CanPickupItem: No such method!
L 09/26/2022 - 10:36:03: [AMXX] Displaying debug trace (plugin "ctg_player.amxx", version "0.1.0")
L 09/26/2022 - 10:36:03: [AMXX] Run time error 10: native error (native "oo_call")
L 09/26/2022 - 10:36:03: [AMXX]    [0] ctg_player.sma::OnWeaponTouch (line 24)
L 09/26/2022 - 10:36:03: [OO] Call of Hunter@CanPickupItem: No such method!
L 09/26/2022 - 10:36:03: [AMXX] Displaying debug trace (plugin "ctg_player.amxx", version "0.1.0")
L 09/26/2022 - 10:36:03: [AMXX] Run time error 10: native error (native "oo_call")
L 09/26/2022 - 10:36:03: [AMXX]    [0] ctg_player.sma::OnWeaponTouch (line 24)
L 09/26/2022 - 10:36:03: [OO] Call of Hunter@CanPickupItem: No such method!
L 09/26/2022 - 10:36:03: [AMXX] Displaying debug trace (plugin "ctg_player.amxx", version "0.1.0")
L 09/26/2022 - 10:36:03: [AMXX] Run time error 10: native error (native "oo_call")
L 09/26/2022 - 10:36:03: [AMXX]    [0] ctg_player.sma::OnWeaponTouch (line 24)
L 09/26/2022 - 10:36:03: [OO] Call of Hunter@CanPickupItem: No such method!
L 09/26/2022 - 10:36:03: [AMXX] Displaying debug trace (plugin "ctg_player.amxx", version "0.1.0")
L 09/26/2022 - 10:36:03: [AMXX] Run time error 10: native error (native "oo_call")
L 09/26/2022 - 10:36:03: [AMXX]    [0] ctg_player.sma::OnWeaponTouch (line 24)
L 09/26/2022 - 10:36:03: [OO] Call of Hunter@CanPickupItem: No such method!
L 09/26/2022 - 10:36:03: [AMXX] Displaying debug trace (plugin "ctg_player.amxx", version "0.1.0")
L 09/26/2022 - 10:36:03: [AMXX] Run time error 10: native error (native "oo_call")
L 09/26/2022 - 10:36:03: [AMXX]    [0] ctg_player.sma::OnWeaponTouch (line 24)
L 09/26/2022 - 10:36:03: [OO] Call of Hunter@CanPickupItem: No such method!
L 09/26/2022 - 10:36:03: [AMXX] Displaying debug trace (plugin "ctg_player.amxx", version "0.1.0")
L 09/26/2022 - 10:36:03: [AMXX] Run time error 10: native error (native "oo_call")
L 09/26/2022 - 10:36:03: [AMXX]    [0] ctg_player.sma::OnWeaponTouch (line 24)
L 09/26/2022 - 10:36:03: [OO] Call of Hunter@CanPickupItem: No such method!
L 09/26/2022 - 10:36:03: [AMXX] Displaying debug trace (plugin "ctg_player.amxx", version "0.1.0")
L 09/26/2022 - 10:36:03: [AMXX] Run time error 10: native error (native "oo_call")
L 09/26/2022 - 10:36:03: [AMXX]    [0] ctg_player.sma::OnWeaponTouch (line 24)
L 09/26/2022 - 10:36:03: [OO] Call of Hunter@CanPickupItem: No such method!
L 09/26/2022 - 10:36:03: [AMXX] Displaying debug trace (plugin "ctg_player.amxx", version "0.1.0")
L 09/26/2022 - 10:36:03: [AMXX] Run time error 10: native error (native "oo_call")
L 09/26/2022 - 10:36:03: [AMXX]    [0] ctg_player.sma::OnWeaponTouch (line 24)
L 09/26/2022 - 10:36:03: [OO] Call of Hunter@CanPickupItem: No such method!
L 09/26/2022 - 10:36:03: [AMXX] Displaying debug trace (plugin "ctg_player.amxx", version "0.1.0")
L 09/26/2022 - 10:36:03: [AMXX] Run time error 10: native error (native "oo_call")
L 09/26/2022 - 10:36:03: [AMXX]    [0] ctg_player.sma::OnWeaponTouch (line 24)
L 09/26/2022 - 10:36:03: [OO] Call of Hunter@CanPickupItem: No such method!
L 09/26/2022 - 10:36:03: [AMXX] Displaying debug trace (plugin "ctg_player.amxx", version "0.1.0")
L 09/26/2022 - 10:36:03: [AMXX] Run time error 10: native error (native "oo_call")
L 09/26/2022 - 10:36:03: [AMXX]    [0] ctg_player.sma::OnWeaponTouch (line 24)
L 09/26/2022 - 10:36:03: [OO] Call of Hunter@CanPickupItem: No such method!
L 09/26/2022 - 10:36:03: [AMXX] Displaying debug trace (plugin "ctg_player.amxx", version "0.1.0")
L 09/26/2022 - 10:36:03: [AMXX] Run time error 10: native error (native "oo_call")
L 09/26/2022 - 10:36:03: [AMXX]    [0] ctg_player.sma::OnWeaponTouch (line 24)
L 09/26/2022 - 10:36:03: [OO] Call of Hunter@CanPickupItem: No such method!
L 09/26/2022 - 10:36:03: [AMXX] Displaying debug trace (plugin "ctg_player.amxx", version "0.1.0")
L 09/26/2022 - 10:36:03: [AMXX] Run time error 10: native error (native "oo_call")
L 09/26/2022 - 10:36:03: [AMXX]    [0] ctg_player.sma::OnWeaponTouch (line 24)
L 09/26/2022 - 10:36:03: [OO] Call of Hunter@CanPickupItem: No such method!
L 09/26/2022 - 10:36:03: [AMXX] Displaying debug trace (plugin "ctg_player.amxx", version "0.1.0")
L 09/26/2022 - 10:36:03: [AMXX] Run time error 10: native error (native "oo_call")
L 09/26/2022 - 10:36:03: [AMXX]    [0] ctg_player.sma::OnWeaponTouch (line 24)
L 09/26/2022 - 10:36:03: [OO] Call of Hunter@CanPickupItem: No such method!
L 09/26/2022 - 10:36:03: [AMXX] Displaying debug trace (plugin "ctg_player.amxx", version "0.1.0")
L 09/26/2022 - 10:36:03: [AMXX] Run time error 10: native error (native "oo_call")
L 09/26/2022 - 10:36:03: [AMXX]    [0] ctg_player.sma::OnWeaponTouch (line 24)
L 09/26/2022 - 10:36:03: [OO] Call of Hunter@CanPickupItem: No such method!
L 09/26/2022 - 10:36:03: [AMXX] Displaying debug trace (plugin "ctg_player.amxx", version "0.1.0")
L 09/26/2022 - 10:36:03: [AMXX] Run time error 10: native error (native "oo_call")
L 09/26/2022 - 10:36:03: [AMXX]    [0] ctg_player.sma::OnWeaponTouch (line 24)
L 09/26/2022 - 10:36:03: [OO] Call of Hunter@CanPickupItem: No such method!
L 09/26/2022 - 10:36:03: [AMXX] Displaying debug trace (plugin "ctg_player.amxx", version "0.1.0")
L 09/26/2022 - 10:36:03: [AMXX] Run time error 10: native error (native "oo_call")
L 09/26/2022 - 10:36:03: [AMXX]    [0] ctg_player.sma::OnWeaponTouch (line 24)
L 09/26/2022 - 10:36:03: [OO] Call of Hunter@CanPickupItem: No such method!
L 09/26/2022 - 10:36:03: [AMXX] Displaying debug trace (plugin "ctg_player.amxx", version "0.1.0")
L 09/26/2022 - 10:36:03: [AMXX] Run time error 10: native error (native "oo_call")
L 09/26/2022 - 10:36:03: [AMXX]    [0] ctg_player.sma::OnWeaponTouch (line 24)
