L 06/15/2022 - 14:23:54: Start of error session.
L 06/15/2022 - 14:23:54: Info (map "de_dust2") (file "addons/amxmodx/logs/error_20220615.log")
L 06/15/2022 - 14:23:54: [OO] PlayerClassInfo@CreateCvar(...): Public not found
L 06/15/2022 - 14:23:54: [AMXX] Displaying debug trace (plugin "contagion.amxx", version "unknown")
L 06/15/2022 - 14:23:54: [AMXX] Run time error 10: native error (native "oo_decl_msg")
L 06/15/2022 - 14:23:54: [AMXX]    [0] playerclass.pwn::PlayerClassOO (line 28)
L 06/15/2022 - 14:23:54: [AMXX]    [1] contagion.sma::oo_init (line 18)
L 06/15/2022 - 14:23:58: [OO] Class (PlayerManager) not found
L 06/15/2022 - 14:23:58: [AMXX] Displaying debug trace (plugin "contagion.amxx", version "unknown")
L 06/15/2022 - 14:23:58: [AMXX] Run time error 10: native error (native "oo_new")
L 06/15/2022 - 14:23:58: [AMXX]    [0] manager.pwn::ManagerInit (line 29)
L 06/15/2022 - 14:23:58: [AMXX]    [1] contagion.sma::plugin_init (line 27)
L 06/15/2022 - 20:44:29: Start of error session.
L 06/15/2022 - 20:44:29: Info (map "de_dust2") (file "addons/amxmodx/logs/error_20220615.log")
L 06/15/2022 - 20:44:29: [OO] HumanInfo@Dtor(): Public not found
L 06/15/2022 - 20:44:29: [AMXX] Displaying debug trace (plugin "contagion.amxx", version "unknown")
L 06/15/2022 - 20:44:29: [AMXX] Run time error 10: native error (native "oo_decl_dtor")
L 06/15/2022 - 20:44:29: [AMXX]    [0] human.pwn::HumanOO (line 17)
L 06/15/2022 - 20:44:29: [AMXX]    [1] playerclass.pwn::PlayerClassesOO (line 326)
L 06/15/2022 - 20:44:29: [AMXX]    [2] playerclass.pwn::PlayerClassOO (line 54)
L 06/15/2022 - 20:44:29: [AMXX]    [3] contagion.sma::oo_init (line 18)
L 06/15/2022 - 20:44:29: [OO] Writing IVar HumanInfo@m_Name: Required at least 5 arg to set a cell value (now: 1)
L 06/15/2022 - 20:44:29: [AMXX] Displaying debug trace (plugin "contagion.amxx", version "unknown")
L 06/15/2022 - 20:44:29: [AMXX] Run time error 10: native error (native "oo_write")
L 06/15/2022 - 20:44:29: [AMXX]    [0] playerclass.pwn::PlayerClassInfo@Ctor (line 63)
L 06/15/2022 - 20:44:29: [OO] Class (ZombieInfo) not found
L 06/15/2022 - 20:44:29: [AMXX] Displaying debug trace (plugin "contagion.amxx", version "unknown")
L 06/15/2022 - 20:44:29: [AMXX] Run time error 10: native error (native "oo_new")
L 06/15/2022 - 20:44:29: [AMXX]    [0] zombie.pwn::ZombiePrecache (line 35)
L 06/15/2022 - 20:44:29: [AMXX]    [1] playerclass.pwn::PlayerClassPrecache (line 333)
L 06/15/2022 - 20:44:29: [AMXX]    [2] contagion.sma::plugin_precache (line 25)
L 06/15/2022 - 20:44:30: [OO] Reading IVar HumanInfo@m_Name: Required at least 5 args to get array values (now: 2)
L 06/15/2022 - 20:44:30: [AMXX] Displaying debug trace (plugin "contagion.amxx", version "unknown")
L 06/15/2022 - 20:44:30: [AMXX] Run time error 10: native error (native "oo_read")
L 06/15/2022 - 20:44:30: [AMXX]    [0] playerclass.pwn::PlayerClassInfo@CreateCvar (line 84)
L 06/15/2022 - 20:44:30: [OO] Reading IVar HumanInfo@m_Name: Required at least 5 args to get array values (now: 2)
L 06/15/2022 - 20:44:30: [AMXX] Displaying debug trace (plugin "contagion.amxx", version "unknown")
L 06/15/2022 - 20:44:30: [AMXX] Run time error 10: native error (native "oo_read")
L 06/15/2022 - 20:44:30: [AMXX]    [0] playerclass.pwn::PlayerClassInfo@CreateCvar (line 84)
L 06/15/2022 - 20:44:30: [OO] Reading IVar HumanInfo@m_Name: Required at least 5 args to get array values (now: 2)
L 06/15/2022 - 20:44:30: [AMXX] Displaying debug trace (plugin "contagion.amxx", version "unknown")
L 06/15/2022 - 20:44:30: [AMXX] Run time error 10: native error (native "oo_read")
L 06/15/2022 - 20:44:30: [AMXX]    [0] playerclass.pwn::PlayerClassInfo@CreateCvar (line 84)
L 06/15/2022 - 20:44:30: [OO] Object (0) not found
L 06/15/2022 - 20:44:30: [AMXX] Displaying debug trace (plugin "contagion.amxx", version "unknown")
L 06/15/2022 - 20:44:30: [AMXX] Run time error 10: native error (native "oo_send")
L 06/15/2022 - 20:44:30: [AMXX]    [0] utils.pwn::CreateBasicPlayerClassCvars (line 16)
L 06/15/2022 - 20:44:30: [AMXX]    [1] zombie.pwn::ZombieInit (line 40)
L 06/15/2022 - 20:44:30: [AMXX]    [2] playerclass.pwn::PlayerClassInit (line 338)
L 06/15/2022 - 20:44:30: [AMXX]    [3] contagion.sma::plugin_init (line 34)
L 06/15/2022 - 20:44:30: [OO] Object (0) not found
L 06/15/2022 - 20:44:30: [AMXX] Displaying debug trace (plugin "contagion.amxx", version "unknown")
L 06/15/2022 - 20:44:30: [AMXX] Run time error 10: native error (native "oo_send")
L 06/15/2022 - 20:44:30: [AMXX]    [0] contagion.sma::client_connectex (line 63)
L 06/15/2022 - 20:52:47: [OO] Object (0) not found
L 06/15/2022 - 20:52:47: [AMXX] Displaying debug trace (plugin "contagion.amxx", version "unknown")
L 06/15/2022 - 20:52:47: [AMXX] Run time error 10: native error (native "oo_send")
L 06/15/2022 - 20:52:47: [AMXX]    [0] contagion.sma::client_disconnected (line 68)
L 06/15/2022 - 20:52:47: Start of error session.
L 06/15/2022 - 20:52:47: Info (map "de_dust2") (file "addons/amxmodx/logs/error_20220615.log")
L 06/15/2022 - 20:52:47: [OO] HumanInfo@Dtor(): Public not found
L 06/15/2022 - 20:52:47: [AMXX] Displaying debug trace (plugin "contagion.amxx", version "unknown")
L 06/15/2022 - 20:52:47: [AMXX] Run time error 10: native error (native "oo_decl_dtor")
L 06/15/2022 - 20:52:47: [AMXX]    [0] human.pwn::HumanOO (line 17)
L 06/15/2022 - 20:52:47: [AMXX]    [1] playerclass.pwn::PlayerClassesOO (line 326)
L 06/15/2022 - 20:52:47: [AMXX]    [2] playerclass.pwn::PlayerClassOO (line 54)
L 06/15/2022 - 20:52:47: [AMXX]    [3] contagion.sma::oo_init (line 18)
L 06/15/2022 - 20:52:48: [OO] Writing IVar HumanInfo@m_Name: Is of size 32, but requested element #72-104
L 06/15/2022 - 20:52:48: [AMXX] Displaying debug trace (plugin "contagion.amxx", version "unknown")
L 06/15/2022 - 20:52:48: [AMXX] Run time error 10: native error (native "oo_write")
L 06/15/2022 - 20:52:48: [AMXX]    [0] playerclass.pwn::PlayerClassInfo@Ctor (line 63)
L 06/15/2022 - 20:52:48: [OO] Class (ZombieInfo) not found
L 06/15/2022 - 20:52:48: [AMXX] Displaying debug trace (plugin "contagion.amxx", version "unknown")
L 06/15/2022 - 20:52:48: [AMXX] Run time error 10: native error (native "oo_new")
L 06/15/2022 - 20:52:48: [AMXX]    [0] zombie.pwn::ZombiePrecache (line 35)
L 06/15/2022 - 20:52:48: [AMXX]    [1] playerclass.pwn::PlayerClassPrecache (line 333)
L 06/15/2022 - 20:52:48: [AMXX]    [2] contagion.sma::plugin_precache (line 25)
L 06/15/2022 - 20:52:48: Invalid map handle provided (0)
L 06/15/2022 - 20:52:48: [AMXX] Displaying debug trace (plugin "contagion.amxx", version "unknown")
L 06/15/2022 - 20:52:48: [AMXX] Run time error 10: native error (native "TrieSetCell")
L 06/15/2022 - 20:52:48: [AMXX]    [0] playerclass.pwn::PlayerClassInfo@CreateCvar (line 88)
L 06/15/2022 - 20:52:48: Invalid map handle provided (0)
L 06/15/2022 - 20:52:48: [AMXX] Displaying debug trace (plugin "contagion.amxx", version "unknown")
L 06/15/2022 - 20:52:48: [AMXX] Run time error 10: native error (native "TrieSetCell")
L 06/15/2022 - 20:52:48: [AMXX]    [0] playerclass.pwn::PlayerClassInfo@CreateCvar (line 88)
L 06/15/2022 - 20:52:48: Invalid map handle provided (0)
L 06/15/2022 - 20:52:48: [AMXX] Displaying debug trace (plugin "contagion.amxx", version "unknown")
L 06/15/2022 - 20:52:48: [AMXX] Run time error 10: native error (native "TrieSetCell")
L 06/15/2022 - 20:52:48: [AMXX]    [0] playerclass.pwn::PlayerClassInfo@CreateCvar (line 88)
L 06/15/2022 - 20:52:48: [OO] Object (0) not found
L 06/15/2022 - 20:52:48: [AMXX] Displaying debug trace (plugin "contagion.amxx", version "unknown")
L 06/15/2022 - 20:52:48: [AMXX] Run time error 10: native error (native "oo_send")
L 06/15/2022 - 20:52:48: [AMXX]    [0] utils.pwn::CreateBasicPlayerClassCvars (line 16)
L 06/15/2022 - 20:52:48: [AMXX]    [1] zombie.pwn::ZombieInit (line 40)
L 06/15/2022 - 20:52:48: [AMXX]    [2] playerclass.pwn::PlayerClassInit (line 338)
L 06/15/2022 - 20:52:48: [AMXX]    [3] contagion.sma::plugin_init (line 34)
L 06/15/2022 - 20:52:49: [OO] Object (0) not found
L 06/15/2022 - 20:52:49: [AMXX] Displaying debug trace (plugin "contagion.amxx", version "unknown")
L 06/15/2022 - 20:52:49: [AMXX] Run time error 10: native error (native "oo_send")
L 06/15/2022 - 20:52:49: [AMXX]    [0] contagion.sma::client_connectex (line 63)
L 06/15/2022 - 20:54:34: [OO] Object (0) not found
L 06/15/2022 - 20:54:34: [AMXX] Displaying debug trace (plugin "contagion.amxx", version "unknown")
L 06/15/2022 - 20:54:34: [AMXX] Run time error 10: native error (native "oo_send")
L 06/15/2022 - 20:54:34: [AMXX]    [0] contagion.sma::client_disconnected (line 68)
L 06/15/2022 - 20:54:34: Start of error session.
L 06/15/2022 - 20:54:34: Info (map "de_dust2") (file "addons/amxmodx/logs/error_20220615.log")
L 06/15/2022 - 20:54:34: [OO] HumanInfo@Dtor(): Public not found
L 06/15/2022 - 20:54:34: [AMXX] Displaying debug trace (plugin "contagion.amxx", version "unknown")
L 06/15/2022 - 20:54:34: [AMXX] Run time error 10: native error (native "oo_decl_dtor")
L 06/15/2022 - 20:54:34: [AMXX]    [0] human.pwn::HumanOO (line 17)
L 06/15/2022 - 20:54:34: [AMXX]    [1] playerclass.pwn::PlayerClassesOO (line 326)
L 06/15/2022 - 20:54:34: [AMXX]    [2] playerclass.pwn::PlayerClassOO (line 54)
L 06/15/2022 - 20:54:34: [AMXX]    [3] contagion.sma::oo_init (line 18)
L 06/15/2022 - 20:54:35: [OO] Writing IVar HumanInfo@m_Name: Is of size 32, but requested element #72-104
L 06/15/2022 - 20:54:35: [AMXX] Displaying debug trace (plugin "contagion.amxx", version "unknown")
L 06/15/2022 - 20:54:35: [AMXX] Run time error 10: native error (native "oo_write")
L 06/15/2022 - 20:54:35: [AMXX]    [0] playerclass.pwn::PlayerClassInfo@Ctor (line 63)
L 06/15/2022 - 20:54:35: [OO] Class (ZombieInfo) not found
L 06/15/2022 - 20:54:35: [AMXX] Displaying debug trace (plugin "contagion.amxx", version "unknown")
L 06/15/2022 - 20:54:35: [AMXX] Run time error 10: native error (native "oo_new")
L 06/15/2022 - 20:54:35: [AMXX]    [0] zombie.pwn::ZombiePrecache (line 35)
L 06/15/2022 - 20:54:35: [AMXX]    [1] playerclass.pwn::PlayerClassPrecache (line 333)
L 06/15/2022 - 20:54:35: [AMXX]    [2] contagion.sma::plugin_precache (line 25)
L 06/15/2022 - 20:54:35: Invalid map handle provided (0)
L 06/15/2022 - 20:54:35: [AMXX] Displaying debug trace (plugin "contagion.amxx", version "unknown")
L 06/15/2022 - 20:54:35: [AMXX] Run time error 10: native error (native "TrieSetCell")
L 06/15/2022 - 20:54:35: [AMXX]    [0] playerclass.pwn::PlayerClassInfo@CreateCvar (line 88)
L 06/15/2022 - 20:54:35: Invalid map handle provided (0)
L 06/15/2022 - 20:54:35: [AMXX] Displaying debug trace (plugin "contagion.amxx", version "unknown")
L 06/15/2022 - 20:54:35: [AMXX] Run time error 10: native error (native "TrieSetCell")
L 06/15/2022 - 20:54:35: [AMXX]    [0] playerclass.pwn::PlayerClassInfo@CreateCvar (line 88)
L 06/15/2022 - 20:54:35: Invalid map handle provided (0)
L 06/15/2022 - 20:54:35: [AMXX] Displaying debug trace (plugin "contagion.amxx", version "unknown")
L 06/15/2022 - 20:54:35: [AMXX] Run time error 10: native error (native "TrieSetCell")
L 06/15/2022 - 20:54:35: [AMXX]    [0] playerclass.pwn::PlayerClassInfo@CreateCvar (line 88)
L 06/15/2022 - 20:54:35: [OO] Object (0) not found
L 06/15/2022 - 20:54:35: [AMXX] Displaying debug trace (plugin "contagion.amxx", version "unknown")
L 06/15/2022 - 20:54:35: [AMXX] Run time error 10: native error (native "oo_send")
L 06/15/2022 - 20:54:35: [AMXX]    [0] utils.pwn::CreateBasicPlayerClassCvars (line 16)
L 06/15/2022 - 20:54:35: [AMXX]    [1] zombie.pwn::ZombieInit (line 40)
L 06/15/2022 - 20:54:35: [AMXX]    [2] playerclass.pwn::PlayerClassInit (line 338)
L 06/15/2022 - 20:54:35: [AMXX]    [3] contagion.sma::plugin_init (line 34)
L 06/15/2022 - 20:54:36: [OO] Object (0) not found
L 06/15/2022 - 20:54:36: [AMXX] Displaying debug trace (plugin "contagion.amxx", version "unknown")
L 06/15/2022 - 20:54:36: [AMXX] Run time error 10: native error (native "oo_send")
L 06/15/2022 - 20:54:36: [AMXX]    [0] contagion.sma::client_connectex (line 63)
L 06/15/2022 - 21:02:09: [OO] Object (0) not found
L 06/15/2022 - 21:02:09: [AMXX] Displaying debug trace (plugin "contagion.amxx", version "unknown")
L 06/15/2022 - 21:02:09: [AMXX] Run time error 10: native error (native "oo_send")
L 06/15/2022 - 21:02:09: [AMXX]    [0] contagion.sma::client_disconnected (line 68)
L 06/15/2022 - 21:02:09: Start of error session.
L 06/15/2022 - 21:02:09: Info (map "de_dust2") (file "addons/amxmodx/logs/error_20220615.log")
L 06/15/2022 - 21:02:09: [OO] HumanInfo@Dtor(): Public not found
L 06/15/2022 - 21:02:09: [AMXX] Displaying debug trace (plugin "contagion.amxx", version "unknown")
L 06/15/2022 - 21:02:09: [AMXX] Run time error 10: native error (native "oo_decl_dtor")
L 06/15/2022 - 21:02:09: [AMXX]    [0] human.pwn::HumanOO (line 17)
L 06/15/2022 - 21:02:09: [AMXX]    [1] playerclass.pwn::PlayerClassesOO (line 326)
L 06/15/2022 - 21:02:09: [AMXX]    [2] playerclass.pwn::PlayerClassOO (line 54)
L 06/15/2022 - 21:02:09: [AMXX]    [3] contagion.sma::oo_init (line 18)
L 06/15/2022 - 21:02:09: [OO] Class (ZombieInfo) not found
L 06/15/2022 - 21:02:09: [AMXX] Displaying debug trace (plugin "contagion.amxx", version "unknown")
L 06/15/2022 - 21:02:09: [AMXX] Run time error 10: native error (native "oo_new")
L 06/15/2022 - 21:02:09: [AMXX]    [0] zombie.pwn::ZombiePrecache (line 35)
L 06/15/2022 - 21:02:09: [AMXX]    [1] playerclass.pwn::PlayerClassPrecache (line 333)
L 06/15/2022 - 21:02:09: [AMXX]    [2] contagion.sma::plugin_precache (line 25)
L 06/15/2022 - 21:02:10: [OO] Object (0) not found
L 06/15/2022 - 21:02:10: [AMXX] Displaying debug trace (plugin "contagion.amxx", version "unknown")
L 06/15/2022 - 21:02:10: [AMXX] Run time error 10: native error (native "oo_send")
L 06/15/2022 - 21:02:10: [AMXX]    [0] utils.pwn::CreateBasicPlayerClassCvars (line 16)
L 06/15/2022 - 21:02:10: [AMXX]    [1] zombie.pwn::ZombieInit (line 40)
L 06/15/2022 - 21:02:10: [AMXX]    [2] playerclass.pwn::PlayerClassInit (line 338)
L 06/15/2022 - 21:02:10: [AMXX]    [3] contagion.sma::plugin_init (line 34)
L 06/15/2022 - 21:02:10: [OO] Object (0) not found
L 06/15/2022 - 21:02:10: [AMXX] Displaying debug trace (plugin "contagion.amxx", version "unknown")
L 06/15/2022 - 21:02:10: [AMXX] Run time error 10: native error (native "oo_send")
L 06/15/2022 - 21:02:10: [AMXX]    [0] contagion.sma::client_connectex (line 63)
L 06/15/2022 - 21:04:55: [OO] Object (0) not found
L 06/15/2022 - 21:04:55: [AMXX] Displaying debug trace (plugin "contagion.amxx", version "unknown")
L 06/15/2022 - 21:04:55: [AMXX] Run time error 10: native error (native "oo_send")
L 06/15/2022 - 21:04:56: [AMXX]    [0] contagion.sma::client_disconnected (line 68)
L 06/15/2022 - 21:08:33: Start of error session.
L 06/15/2022 - 21:08:33: Info (map "de_dust2") (file "addons/amxmodx/logs/error_20220615.log")
L 06/15/2022 - 21:08:33: [OO] Reading IVar Player@m_PlayerId: Not found
L 06/15/2022 - 21:08:33: [AMXX] Displaying debug trace (plugin "contagion.amxx", version "0.1")
L 06/15/2022 - 21:08:33: [AMXX] Run time error 10: native error (native "oo_read")
L 06/15/2022 - 21:08:33: [AMXX]    [0] playerclass.pwn::PlayerClass@GetPlayerIndex (line 209)
L 06/15/2022 - 21:08:33: [FUN] Player out of range (0)
L 06/15/2022 - 21:08:33: [AMXX] Displaying debug trace (plugin "contagion.amxx", version "0.1")
L 06/15/2022 - 21:08:33: [AMXX] Run time error 10: native error (native "set_user_health")
L 06/15/2022 - 21:08:33: [AMXX]    [0] playerclass.pwn::PlayerClass@SetProperties (line 232)
