L 05/05/2022 - 06:43:09: Start of error session.
L 05/05/2022 - 06:43:09: Info (map "de_dust2") (file "addons/amxmodx/logs/error_20220505.log")
L 05/05/2022 - 06:43:09: [OO] Class (Animal) does not exist
L 05/05/2022 - 06:43:09: [AMXX] Displaying debug trace (plugin "oo_test.amxx", version "unknown")
L 05/05/2022 - 06:43:09: [AMXX] Run time error 10: native error (native "oo_new")
L 05/05/2022 - 06:43:09: [AMXX]    [0] oo_test.sma::plugin_init (line 39)
L 05/05/2022 - 06:45:25: Start of error session.
L 05/05/2022 - 06:45:25: Info (map "de_dust2") (file "addons/amxmodx/logs/error_20220505.log")
L 05/05/2022 - 06:45:25: [OO] Class (Animal) does not exist
L 05/05/2022 - 06:45:25: [AMXX] Displaying debug trace (plugin "oo_test.amxx", version "unknown")
L 05/05/2022 - 06:45:25: [AMXX] Run time error 10: native error (native "oo_new")
L 05/05/2022 - 06:45:25: [AMXX]    [0] oo_test.sma::plugin_init (line 39)
L 05/05/2022 - 06:45:26: A global variable can not be bound to multiple Cvars
L 05/05/2022 - 06:45:26: [AMXX] Run time error 10 (plugin "adminhelp.amxx") (native "bind_pcvar_num") - debug not enabled!
L 05/05/2022 - 06:45:26: [AMXX] To enable debug mode, add "debug" after the plugin name in plugins.ini (without quotes).
L 05/05/2022 - 06:45:26: [OO] Class (Animal) does not exist
L 05/05/2022 - 06:45:26: [AMXX] Displaying debug trace (plugin "oo_test.amxx", version "unknown")
L 05/05/2022 - 06:45:26: [AMXX] Run time error 10: native error (native "oo_new")
L 05/05/2022 - 06:45:26: [AMXX]    [0] oo_test.sma::plugin_init (line 39)
L 05/05/2022 - 06:45:39: Start of error session.
L 05/05/2022 - 06:45:39: Info (map "de_dust2") (file "addons/amxmodx/logs/error_20220505.log")
L 05/05/2022 - 06:45:39: [OO] Class (Animal) does not exist
L 05/05/2022 - 06:45:39: [AMXX] Displaying debug trace (plugin "oo_test.amxx", version "unknown")
L 05/05/2022 - 06:45:39: [AMXX] Run time error 10: native error (native "oo_new")
L 05/05/2022 - 06:45:39: [AMXX]    [0] oo_test.sma::plugin_init (line 39)
L 05/05/2022 - 06:45:39: A global variable can not be bound to multiple Cvars
L 05/05/2022 - 06:45:39: [AMXX] Run time error 10 (plugin "adminhelp.amxx") (native "bind_pcvar_num") - debug not enabled!
L 05/05/2022 - 06:45:39: [AMXX] To enable debug mode, add "debug" after the plugin name in plugins.ini (without quotes).
L 05/05/2022 - 06:45:39: [OO] Class (Animal) does not exist
L 05/05/2022 - 06:45:39: [AMXX] Displaying debug trace (plugin "oo_test.amxx", version "unknown")
L 05/05/2022 - 06:45:39: [AMXX] Run time error 10: native error (native "oo_new")
L 05/05/2022 - 06:45:39: [AMXX]    [0] oo_test.sma::plugin_init (line 39)
L 05/05/2022 - 06:46:43: Start of error session.
L 05/05/2022 - 06:46:43: Info (map "de_dust2") (file "addons/amxmodx/logs/error_20220505.log")
L 05/05/2022 - 06:46:43: [OO] Class (Animal) does not exist
L 05/05/2022 - 06:46:43: [AMXX] Displaying debug trace (plugin "oo_test.amxx", version "unknown")
L 05/05/2022 - 06:46:43: [AMXX] Run time error 10: native error (native "oo_new")
L 05/05/2022 - 06:46:43: [AMXX]    [0] oo_test.sma::plugin_init (line 39)
L 05/05/2022 - 06:47:06: Start of error session.
L 05/05/2022 - 06:47:06: Info (map "de_dust2") (file "addons/amxmodx/logs/error_20220505.log")
L 05/05/2022 - 06:47:06: [OO] Destructor for class (Animal) alreay exists
L 05/05/2022 - 06:47:06: [AMXX] Displaying debug trace (plugin "oo_test.amxx", version "unknown")
L 05/05/2022 - 06:47:06: [AMXX] Run time error 10: native error (native "oo_method")
L 05/05/2022 - 06:47:06: [AMXX]    [0] oo_test.sma::oo_init (line 13)
L 05/05/2022 - 06:47:07: [OO] Variable () not found in class (Animal)
L 05/05/2022 - 06:47:07: [AMXX] Displaying debug trace (plugin "oo_test.amxx", version "unknown")
L 05/05/2022 - 06:47:07: [AMXX] Run time error 10: native error (native "oo_set")
L 05/05/2022 - 06:47:07: [AMXX]    [0] oo_test.sma::Animal@Ctor (line 56)
L 05/05/2022 - 06:48:29: Start of error session.
L 05/05/2022 - 06:48:29: Info (map "de_dust2") (file "addons/amxmodx/logs/error_20220505.log")
L 05/05/2022 - 06:48:29: [OO] Destructor for class (Animal) alreay exists
L 05/05/2022 - 06:48:29: [AMXX] Displaying debug trace (plugin "oo_test.amxx", version "unknown")
L 05/05/2022 - 06:48:29: [AMXX] Run time error 10: native error (native "oo_method")
L 05/05/2022 - 06:48:29: [AMXX]    [0] oo_test.sma::oo_init (line 13)
L 05/05/2022 - 06:48:30: [OO] Variable () not found in class (Animal)
L 05/05/2022 - 06:48:30: [AMXX] Displaying debug trace (plugin "oo_test.amxx", version "unknown")
L 05/05/2022 - 06:48:30: [AMXX] Run time error 10: native error (native "oo_set")
L 05/05/2022 - 06:48:30: [AMXX]    [0] oo_test.sma::Animal@Ctor (line 56)
L 05/05/2022 - 06:51:37: Start of error session.
L 05/05/2022 - 06:51:37: Info (map "de_dust2") (file "addons/amxmodx/logs/error_20220505.log")
L 05/05/2022 - 06:51:37: [OO] Variable () not found in class (Animal)
L 05/05/2022 - 06:51:37: [AMXX] Displaying debug trace (plugin "oo_test.amxx", version "unknown")
L 05/05/2022 - 06:51:38: [AMXX] Run time error 10: native error (native "oo_set")
L 05/05/2022 - 06:51:38: [AMXX]    [0] oo_test.sma::Animal@Ctor (line 56)
L 05/05/2022 - 06:52:10: Start of error session.
L 05/05/2022 - 06:52:10: Info (map "de_dust2") (file "addons/amxmodx/logs/error_20220505.log")
L 05/05/2022 - 06:52:10: [OO] Variable () not found in class (Animal)
L 05/05/2022 - 06:52:10: [AMXX] Displaying debug trace (plugin "oo_test.amxx", version "unknown")
L 05/05/2022 - 06:52:10: [AMXX] Run time error 10: native error (native "oo_set")
L 05/05/2022 - 06:52:10: [AMXX]    [0] oo_test.sma::Animal@Ctor (line 56)
L 05/05/2022 - 06:53:19: Start of error session.
L 05/05/2022 - 06:53:19: Info (map "de_dust2") (file "addons/amxmodx/logs/error_20220505.log")
L 05/05/2022 - 06:53:19: [OO] Variable () not found in class (Animal)
L 05/05/2022 - 06:53:19: [AMXX] Displaying debug trace (plugin "oo_test.amxx", version "unknown")
L 05/05/2022 - 06:53:19: [AMXX] Run time error 10: native error (native "oo_set")
L 05/05/2022 - 06:53:19: [AMXX]    [0] oo_test.sma::Animal@Ctor (line 56)
L 05/05/2022 - 07:03:40: Start of error session.
L 05/05/2022 - 07:03:40: Info (map "de_dust2") (file "addons/amxmodx/logs/error_20220505.log")
L 05/05/2022 - 07:03:40: [OO] Variable () not found in class (Animal)
L 05/05/2022 - 07:03:40: [AMXX] Displaying debug trace (plugin "oo_test.amxx", version "unknown")
L 05/05/2022 - 07:03:40: [AMXX] Run time error 10: native error (native "oo_set")
L 05/05/2022 - 07:03:40: [AMXX]    [0] oo_test.sma::Animal@Ctor (line 56)
L 05/05/2022 - 07:05:12: Start of error session.
L 05/05/2022 - 07:05:12: Info (map "de_dust2") (file "addons/amxmodx/logs/error_20220505.log")
L 05/05/2022 - 07:05:12: [OO] Variable (m_health) not found in class (Animal)
L 05/05/2022 - 07:05:12: [AMXX] Displaying debug trace (plugin "oo_test.amxx", version "unknown")
L 05/05/2022 - 07:05:12: [AMXX] Run time error 10: native error (native "oo_set")
L 05/05/2022 - 07:05:12: [AMXX]    [0] oo_test.sma::Animal@Ctor (line 56)
L 05/05/2022 - 07:07:45: Start of error session.
L 05/05/2022 - 07:07:45: Info (map "de_dust2") (file "addons/amxmodx/logs/error_20220505.log")
L 05/05/2022 - 07:07:45: [OO] Variable (m_health) not found in class (Animal)
L 05/05/2022 - 07:07:45: [AMXX] Displaying debug trace (plugin "oo_test.amxx", version "unknown")
L 05/05/2022 - 07:07:45: [AMXX] Run time error 10: native error (native "oo_set")
L 05/05/2022 - 07:07:45: [AMXX]    [0] oo_test.sma::Animal@Ctor (line 56)
L 05/05/2022 - 07:07:50: Start of error session.
L 05/05/2022 - 07:07:50: Info (map "de_dust2") (file "addons/amxmodx/logs/error_20220505.log")
L 05/05/2022 - 07:07:50: [OO] Variable (m_health) not found in class (Animal)
L 05/05/2022 - 07:07:50: [AMXX] Displaying debug trace (plugin "oo_test.amxx", version "unknown")
L 05/05/2022 - 07:07:50: [AMXX] Run time error 10: native error (native "oo_set")
L 05/05/2022 - 07:07:50: [AMXX]    [0] oo_test.sma::Animal@Ctor (line 56)
L 05/05/2022 - 07:12:13: Start of error session.
L 05/05/2022 - 07:12:13: Info (map "de_dust2") (file "addons/amxmodx/logs/error_20220505.log")
L 05/05/2022 - 07:12:13: [OO] Variable (m_health) not found in class (Animal)
L 05/05/2022 - 07:12:13: [AMXX] Displaying debug trace (plugin "oo_test.amxx", version "unknown")
L 05/05/2022 - 07:12:13: [AMXX] Run time error 10: native error (native "oo_set")
L 05/05/2022 - 07:12:13: [AMXX]    [0] oo_test.sma::Animal@Ctor (line 56)
L 05/05/2022 - 07:15:49: Start of error session.
L 05/05/2022 - 07:15:49: Info (map "de_dust2") (file "addons/amxmodx/logs/error_20220505.log")
L 05/05/2022 - 07:15:49: [OO] Variable (m_health) not found in class (Animal)
L 05/05/2022 - 07:15:49: [AMXX] Displaying debug trace (plugin "oo_test.amxx", version "unknown")
L 05/05/2022 - 07:15:49: [AMXX] Run time error 10: native error (native "oo_set")
L 05/05/2022 - 07:15:49: [AMXX]    [0] oo_test.sma::Animal@Ctor (line 56)
L 05/05/2022 - 07:16:09: Start of error session.
L 05/05/2022 - 07:16:09: Info (map "de_dust2") (file "addons/amxmodx/logs/error_20220505.log")
L 05/05/2022 - 07:16:09: [OO] Variable (m_health) not found in class (Animal)
L 05/05/2022 - 07:16:09: [AMXX] Displaying debug trace (plugin "oo_test.amxx", version "unknown")
L 05/05/2022 - 07:16:09: [AMXX] Run time error 10: native error (native "oo_set")
L 05/05/2022 - 07:16:09: [AMXX]    [0] oo_test.sma::Animal@Ctor (line 56)
L 05/05/2022 - 07:18:06: Start of error session.
L 05/05/2022 - 07:18:06: Info (map "de_dust2") (file "addons/amxmodx/logs/error_20220505.log")
L 05/05/2022 - 07:18:06: [OO] Method () not found in class (Animal)
L 05/05/2022 - 07:18:06: [AMXX] Displaying debug trace (plugin "oo_test.amxx", version "unknown")
L 05/05/2022 - 07:18:06: [AMXX] Run time error 10: native error (native "oo_call")
L 05/05/2022 - 07:18:06: [AMXX]    [0] oo_test.sma::plugin_init (line 40)
L 05/05/2022 - 07:21:08: Start of error session.
L 05/05/2022 - 07:21:08: Info (map "de_dust2") (file "addons/amxmodx/logs/error_20220505.log")
L 05/05/2022 - 07:21:08: [OO] Class (Animal) is not the sub class of (Cat)
L 05/05/2022 - 07:21:08: [AMXX] Displaying debug trace (plugin "oo_test.amxx", version "unknown")
L 05/05/2022 - 07:21:08: [AMXX] Run time error 10: native error (native "oo_call")
L 05/05/2022 - 07:21:08: [AMXX]    [0] oo_test.sma::Cat@Ctor (line 76)
L 05/05/2022 - 07:23:34: Start of error session.
L 05/05/2022 - 07:23:34: Info (map "de_dust2") (file "addons/amxmodx/logs/error_20220505.log")
L 05/05/2022 - 07:23:34: [OO] Class (Animal) is not the sub class of (Cat)
L 05/05/2022 - 07:23:34: [AMXX] Displaying debug trace (plugin "oo_test.amxx", version "unknown")
L 05/05/2022 - 07:23:34: [AMXX] Run time error 10: native error (native "oo_call")
L 05/05/2022 - 07:23:34: [AMXX]    [0] oo_test.sma::Cat@Ctor (line 76)
L 05/05/2022 - 07:32:49: Start of error session.
L 05/05/2022 - 07:32:49: Info (map "de_dust2") (file "addons/amxmodx/logs/error_20220505.log")
L 05/05/2022 - 07:32:49: [OO] Invalid object id (2)
L 05/05/2022 - 07:32:49: [AMXX] Displaying debug trace (plugin "oo_test.amxx", version "unknown")
L 05/05/2022 - 07:32:49: [AMXX] Run time error 10: native error (native "oo_delete")
L 05/05/2022 - 07:32:49: [AMXX]    [0] oo_test.sma::plugin_init (line 51)
L 05/05/2022 - 12:57:20: Start of error session.
L 05/05/2022 - 12:57:20: Info (map "de_dust2") (file "addons/amxmodx/logs/error_20220505.log")
L 05/05/2022 - 12:57:20: Invalid map handle provided (0)
L 05/05/2022 - 12:57:20: [AMXX] Displaying debug trace (plugin "oo.amxx", version "unknown")
L 05/05/2022 - 12:57:20: [AMXX] Run time error 10: native error (native "TrieKeyExists")
L 05/05/2022 - 12:57:20: [AMXX]    [0] oo.sma::native_class (line 158)
L 05/05/2022 - 12:57:20: Unhandled dynamic native error
L 05/05/2022 - 12:57:20: [AMXX] Displaying debug trace (plugin "oo_test.amxx", version "unknown")
L 05/05/2022 - 12:57:20: [AMXX] Run time error 10: native error (native "oo_class")
L 05/05/2022 - 12:57:20: [AMXX]    [0] oo_test.sma::oo_init (line 6)
L 05/05/2022 - 12:57:24: Invalid map handle provided (0)
L 05/05/2022 - 12:57:24: [AMXX] Displaying debug trace (plugin "oo.amxx", version "unknown")
L 05/05/2022 - 12:57:24: [AMXX] Run time error 10: native error (native "TrieGetCell")
L 05/05/2022 - 12:57:24: [AMXX]    [0] oo.sma::native_new (line 336)
L 05/05/2022 - 12:57:24: Unhandled dynamic native error
L 05/05/2022 - 12:57:24: [AMXX] Displaying debug trace (plugin "oo_test.amxx", version "unknown")
L 05/05/2022 - 12:57:24: [AMXX] Run time error 10: native error (native "oo_new")
L 05/05/2022 - 12:57:24: [AMXX]    [0] oo_test.sma::plugin_init (line 39)
L 05/05/2022 - 12:59:01: Start of error session.
L 05/05/2022 - 12:59:01: Info (map "de_dust2") (file "addons/amxmodx/logs/error_20220505.log")
L 05/05/2022 - 12:59:01: Invalid index -1 (count: 3)
L 05/05/2022 - 12:59:01: [AMXX] Displaying debug trace (plugin "oo.amxx", version "0.1")
L 05/05/2022 - 12:59:01: [AMXX] Run time error 10: native error (native "ArrayGetArray")
L 05/05/2022 - 12:59:01: [AMXX]    [0] oo.sma::plugin_init (line 38)
