L 06/06/2022 - 02:02:58: -------- Mapchange to de_dust2 --------
L 06/06/2022 - 02:02:58: [oo_test.amxx] performance issue. Function Test@Ctor executed more than 1.6ms.
L 06/06/2022 - 02:02:58: [oo.amxx] performance issue. Function native_new executed more than 2.6ms.
L 06/06/2022 - 02:02:58: [oo_test.amxx] performance issue. Function oo_init executed more than 7.5ms.
L 06/06/2022 - 02:02:58: [oo.amxx] performance issue. Function plugin_precache executed more than 13.1ms.
L 06/06/2022 - 02:02:58: [ctg_PlayerClassInfo.amxx] performance issue. Function PlayerClassInfo@LoadJson executed more than 49.5ms.
L 06/06/2022 - 02:02:58: [oo.amxx] performance issue. Function native_call executed more than 52.3ms.
L 06/06/2022 - 02:02:58: [ctg_PlayerClassInfo.amxx] performance issue. Function PlayerClassInfo@Ctor executed more than 58.1ms.
L 06/06/2022 - 02:02:58: [oo.amxx] performance issue. Function native_new executed more than 63.5ms.
L 06/06/2022 - 02:02:58: [ctg_Human.amxx] performance issue. Function plugin_precache executed more than 69.2ms.
L 06/06/2022 - 02:02:59: [ctg_PlayerClassInfo.amxx] performance issue. Function PlayerClassInfo@LoadJson executed more than 85.2ms.
L 06/06/2022 - 02:02:59: [oo.amxx] performance issue. Function native_call executed more than 87.9ms.
L 06/06/2022 - 02:02:59: [ctg_PlayerClassInfo.amxx] performance issue. Function PlayerClassInfo@Ctor executed more than 95.8ms.
L 06/06/2022 - 02:02:59: [oo.amxx] performance issue. Function native_new executed more than 101.9ms.
L 06/06/2022 - 02:02:59: [ctg_Zombie.amxx] performance issue. Function plugin_precache executed more than 110.0ms.
L 06/06/2022 - 02:03:03: [oo.amxx] performance issue. Function plugin_init executed more than 73.8ms.
L 06/06/2022 - 02:03:03: [hsjai.amxx] performance issue. Function plugin_init executed more than 26.1ms.
L 06/06/2022 - 02:03:03: [midnight_clean.amxx] server deleted all data
L 06/06/2022 - 02:03:03: [midnight_clean.amxx] performance issue. Function plugin_init executed more than 16.6ms.
L 06/06/2022 - 02:03:44: -------- Mapchange to de_dust2 --------
L 06/06/2022 - 02:03:44: [midnight_clean.amxx] performance issue. Function plugin_init executed more than 2.7ms.
L 06/06/2022 - 02:03:57: [midnight_clean.amxx] player(1) var reset in game
L 06/06/2022 - 02:03:57: [midnight_clean.amxx] performance issue. Function client_connect executed more than 4.0ms.
L 06/06/2022 - 02:04:46: [midnight_clean.amxx] saved data for (STEAM_ID_LAN), value=(0)
L 06/06/2022 - 02:04:46: [midnight_clean.amxx] player(1) var reset in game
L 06/06/2022 - 02:04:46: [midnight_clean.amxx] performance issue. Function client_disconnect executed more than 15.7ms.
L 06/06/2022 - 02:04:46: -------- Mapchange to de_dust2 --------
L 06/06/2022 - 02:04:47: [midnight_clean.amxx] performance issue. Function plugin_init executed more than 2.8ms.
L 06/06/2022 - 02:04:47: [midnight_clean.amxx] loaded data for (STEAM_ID_LAN), value=(0)
L 06/06/2022 - 02:04:47: [midnight_clean.amxx] performance issue. Function client_connect executed more than 2.6ms.
L 06/06/2022 - 02:05:31: [midnight_clean.amxx] saved data for (STEAM_ID_LAN), value=(50)
L 06/06/2022 - 02:05:31: [midnight_clean.amxx] performance issue. Function CmdJojo executed more than 4.1ms.
L 06/06/2022 - 20:48:22: -------- Mapchange to de_dust2 --------
L 06/06/2022 - 20:49:30: -------- Mapchange to de_dust2 --------
