L 06/12/2022 - 01:02:22: -------- Mapchange to de_dust2 --------
L 06/12/2022 - 01:02:23: [test_oo.amxx] performance issue. Function oo_init executed more than 7.6ms.
L 06/12/2022 - 01:04:32: -------- Mapchange to de_dust2 --------
L 06/12/2022 - 01:04:51: -------- Mapchange to de_dust2 --------
L 06/12/2022 - 01:04:51: [test_oo.amxx] performance issue. Function oo_init executed more than 3.1ms.
L 06/12/2022 - 01:06:20: -------- Mapchange to de_dust2 --------
L 06/12/2022 - 01:06:20: [test_oo.amxx] performance issue. Function oo_init executed more than 11.9ms.
L 06/12/2022 - 01:09:54: -------- Mapchange to de_dust2 --------
L 06/12/2022 - 01:11:34: -------- Mapchange to de_dust2 --------
L 06/12/2022 - 01:12:37: -------- Mapchange to de_dust2 --------
L 06/12/2022 - 01:16:46: -------- Mapchange to de_dust2 --------
L 06/12/2022 - 01:19:44: -------- Mapchange to de_dust2 --------
L 06/12/2022 - 01:19:44: [test_oo.amxx] performance issue. Function oo_init executed more than 1.2ms.
L 06/12/2022 - 01:26:53: -------- Mapchange to de_dust2 --------
L 06/12/2022 - 01:26:53: [test_oo.amxx] performance issue. Function oo_init executed more than 8.0ms.
L 06/12/2022 - 01:26:54: [test_oo.amxx] performance issue. Function Player@Ctor executed more than 1.6ms.
L 06/12/2022 - 01:26:54: [oo.amxx] performance issue. Function _oo_call_end_ executed more than 3.6ms.
L 06/12/2022 - 01:26:54: [test_oo.amxx] performance issue. Function plugin_init executed more than 35.4ms.
L 06/12/2022 - 01:35:37: -------- Mapchange to de_dust2 --------
L 06/12/2022 - 01:35:38: [test_oo.amxx] performance issue. Function Player@Ctor executed more than 1.5ms.
L 06/12/2022 - 01:35:38: [oo.amxx] performance issue. Function _oo_call_end_ executed more than 6.4ms.
L 06/12/2022 - 01:35:38: [test_oo.amxx] performance issue. Function plugin_init executed more than 29.2ms.
L 06/12/2022 - 01:42:56: -------- Mapchange to de_dust2 --------
L 06/12/2022 - 01:42:57: [test_oo.amxx] performance issue. Function Player@Ctor executed more than 4.6ms.
L 06/12/2022 - 01:42:57: [oo.amxx] performance issue. Function _oo_call_end_ executed more than 11.3ms.
L 06/12/2022 - 01:42:57: [test_oo.amxx] performance issue. Function plugin_init executed more than 37.0ms.
L 06/12/2022 - 01:45:18: -------- Mapchange to de_dust2 --------
L 06/12/2022 - 01:45:19: [test_oo.amxx] performance issue. Function oo_init executed more than 1.6ms.
L 06/12/2022 - 01:45:19: [test_oo.amxx] performance issue. Function Player@Ctor executed more than 2.3ms.
L 06/12/2022 - 01:45:19: [oo.amxx] performance issue. Function _oo_call_end_ executed more than 4.9ms.
L 06/12/2022 - 01:45:19: [test_oo.amxx] performance issue. Function plugin_init executed more than 141.6ms.
L 06/12/2022 - 01:46:16: -------- Mapchange to de_dust2 --------
L 06/12/2022 - 01:46:16: [test_oo.amxx] performance issue. Function Player@Ctor executed more than 2.1ms.
L 06/12/2022 - 01:46:16: [oo.amxx] performance issue. Function _oo_call_end_ executed more than 4.0ms.
L 06/12/2022 - 01:46:17: [test_oo.amxx] performance issue. Function plugin_init executed more than 33.1ms.
L 06/12/2022 - 01:49:35: -------- Mapchange to de_dust2 --------
L 06/12/2022 - 01:49:35: [test_oo.amxx] performance issue. Function oo_init executed more than 1.6ms.
L 06/12/2022 - 01:49:36: [test_oo.amxx] performance issue. Function Player@Ctor executed more than 1.2ms.
L 06/12/2022 - 01:49:36: [oo.amxx] performance issue. Function _oo_call_end_ executed more than 3.0ms.
L 06/12/2022 - 01:49:36: [test_oo.amxx] performance issue. Function plugin_init executed more than 32.9ms.
L 06/12/2022 - 12:20:29: -------- Mapchange to de_dust2 --------
L 06/12/2022 - 12:20:30: [AMXX] Plugin "oo.amxx" failed to load: Plugin uses an unknown function (name "_oo_set_string") - check your modules.ini.
L 06/12/2022 - 12:20:30: [test_oo.amxx] performance issue. Function oo_init executed more than 3.5ms.
L 06/12/2022 - 12:20:36: [test_oo.amxx] performance issue. Function plugin_init executed more than 4.5ms.
L 06/12/2022 - 12:28:03: -------- Mapchange to de_dust2 --------
L 06/12/2022 - 12:28:03: [AMXX] Plugin "oo.amxx" failed to load: Plugin uses an unknown function (name "_oo_set_string") - check your modules.ini.
L 06/12/2022 - 12:28:03: [test_oo.amxx] performance issue. Function oo_init executed more than 1.3ms.
L 06/12/2022 - 12:28:03: [test_oo.amxx] performance issue. Function Player@Ctor executed more than 1.1ms.
L 06/12/2022 - 12:28:03: [test_oo.amxx] performance issue. Function plugin_init executed more than 8.7ms.
L 06/12/2022 - 12:32:23: -------- Mapchange to de_dust2 --------
L 06/12/2022 - 12:32:23: [AMXX] Plugin "oo.amxx" failed to load: Plugin uses an unknown function (name "_oo_set_string") - check your modules.ini.
L 06/12/2022 - 12:32:23: [test_oo.amxx] performance issue. Function oo_init executed more than 13.5ms.
L 06/12/2022 - 12:32:24: [test_oo.amxx] performance issue. Function plugin_init executed more than 12.1ms.
L 06/12/2022 - 12:37:19: -------- Mapchange to de_dust2 --------
L 06/12/2022 - 12:37:19: [AMXX] Plugin "oo.amxx" failed to load: Plugin uses an unknown function (name "_oo_set_string") - check your modules.ini.
L 06/12/2022 - 12:37:19: [test_oo.amxx] performance issue. Function oo_init executed more than 5.5ms.
L 06/12/2022 - 12:37:20: [test_oo.amxx] performance issue. Function plugin_init executed more than 19.1ms.
L 06/12/2022 - 12:45:15: -------- Mapchange to de_dust2 --------
L 06/12/2022 - 12:45:15: [AMXX] Plugin "oo.amxx" failed to load: Plugin uses an unknown function (name "_oo_set_string") - check your modules.ini.
L 06/12/2022 - 12:46:59: -------- Mapchange to de_dust2 --------
L 06/12/2022 - 12:46:59: [AMXX] Plugin "oo.amxx" failed to load: Plugin uses an unknown function (name "_oo_set_string") - check your modules.ini.
L 06/12/2022 - 12:48:54: -------- Mapchange to de_dust2 --------
L 06/12/2022 - 12:48:55: [AMXX] Plugin "oo.amxx" failed to load: Plugin uses an unknown function (name "_oo_set_string") - check your modules.ini.
L 06/12/2022 - 12:48:55: [test_oo.amxx] performance issue. Function oo_init executed more than 1.1ms.
L 06/12/2022 - 12:51:13: -------- Mapchange to de_dust2 --------
L 06/12/2022 - 12:51:13: [AMXX] Plugin "oo.amxx" failed to load: Plugin uses an unknown function (name "_oo_set_string") - check your modules.ini.
L 06/12/2022 - 12:51:13: [test_oo.amxx] performance issue. Function oo_init executed more than 1.6ms.
L 06/12/2022 - 12:52:26: -------- Mapchange to de_dust2 --------
L 06/12/2022 - 12:52:26: [AMXX] Plugin "oo.amxx" failed to load: Plugin uses an unknown function (name "_oo_set_string") - check your modules.ini.
L 06/12/2022 - 12:54:35: -------- Mapchange to de_dust2 --------
L 06/12/2022 - 12:54:35: [AMXX] Plugin "oo.amxx" failed to load: Plugin uses an unknown function (name "_oo_set_string") - check your modules.ini.
L 06/12/2022 - 12:59:57: -------- Mapchange to de_dust2 --------
L 06/12/2022 - 12:59:57: [AMXX] Plugin "oo.amxx" failed to load: Plugin uses an unknown function (name "_oo_set_string") - check your modules.ini.
L 06/12/2022 - 13:05:22: -------- Mapchange to de_dust2 --------
L 06/12/2022 - 13:05:22: [AMXX] Plugin "oo.amxx" failed to load: Plugin uses an unknown function (name "_oo_set_string") - check your modules.ini.
L 06/12/2022 - 13:05:22: [test_oo.amxx] performance issue. Function oo_init executed more than 25.6ms.
L 06/12/2022 - 13:06:26: -------- Mapchange to de_dust2 --------
L 06/12/2022 - 13:06:26: [AMXX] Plugin "oo.amxx" failed to load: Plugin uses an unknown function (name "_oo_set_string") - check your modules.ini.
L 06/12/2022 - 13:06:26: [test_oo.amxx] performance issue. Function oo_init executed more than 2.7ms.
L 06/12/2022 - 13:17:05: -------- Mapchange to de_dust2 --------
L 06/12/2022 - 13:17:05: [AMXX] Plugin "oo.amxx" failed to load: Plugin uses an unknown function (name "_oo_set_string") - check your modules.ini.
L 06/12/2022 - 13:17:05: [test_oo.amxx] performance issue. Function oo_init executed more than 3.3ms.
L 06/12/2022 - 13:21:08: -------- Mapchange to de_dust2 --------
L 06/12/2022 - 13:21:08: [AMXX] Plugin "oo.amxx" failed to load: Plugin uses an unknown function (name "_oo_set_string") - check your modules.ini.
L 06/12/2022 - 13:21:08: [test_oo.amxx] performance issue. Function oo_init executed more than 16.4ms.
L 06/12/2022 - 13:24:07: -------- Mapchange to de_dust2 --------
L 06/12/2022 - 13:24:07: [AMXX] Plugin "oo.amxx" failed to load: Plugin uses an unknown function (name "_oo_set_string") - check your modules.ini.
L 06/12/2022 - 13:24:07: [test_oo.amxx] performance issue. Function oo_init executed more than 13.7ms.
L 06/12/2022 - 13:25:28: -------- Mapchange to de_dust2 --------
L 06/12/2022 - 13:25:28: [AMXX] Plugin "oo.amxx" failed to load: Plugin uses an unknown function (name "_oo_set_string") - check your modules.ini.
L 06/12/2022 - 13:25:28: [test_oo.amxx] performance issue. Function oo_init executed more than 2.5ms.
L 06/12/2022 - 13:26:31: -------- Mapchange to de_dust2 --------
L 06/12/2022 - 13:26:31: [AMXX] Plugin "oo.amxx" failed to load: Plugin uses an unknown function (name "_oo_set_string") - check your modules.ini.
L 06/12/2022 - 13:26:31: [test_oo.amxx] performance issue. Function oo_init executed more than 13.9ms.
L 06/12/2022 - 13:29:55: -------- Mapchange to de_dust2 --------
L 06/12/2022 - 13:29:55: [AMXX] Plugin "oo.amxx" failed to load: Plugin uses an unknown function (name "_oo_set_string") - check your modules.ini.
L 06/12/2022 - 13:29:55: [test_oo.amxx] performance issue. Function oo_init executed more than 2.4ms.
L 06/12/2022 - 13:31:44: -------- Mapchange to de_dust2 --------
L 06/12/2022 - 13:31:44: [AMXX] Plugin "oo.amxx" failed to load: Plugin uses an unknown function (name "_oo_set_string") - check your modules.ini.
L 06/12/2022 - 13:31:44: [test_oo.amxx] performance issue. Function oo_init executed more than 2.9ms.
L 06/12/2022 - 13:36:19: -------- Mapchange to de_dust2 --------
L 06/12/2022 - 13:36:19: [AMXX] Plugin "oo.amxx" failed to load: Plugin uses an unknown function (name "_oo_set_string") - check your modules.ini.
L 06/12/2022 - 13:36:19: [test_oo.amxx] performance issue. Function oo_init executed more than 4.3ms.
L 06/12/2022 - 13:36:56: -------- Mapchange to de_dust2 --------
L 06/12/2022 - 13:36:56: [AMXX] Plugin "oo.amxx" failed to load: Plugin uses an unknown function (name "_oo_set_string") - check your modules.ini.
L 06/12/2022 - 13:36:56: [test_oo.amxx] performance issue. Function oo_init executed more than 2.6ms.
L 06/12/2022 - 15:28:21: -------- Mapchange to de_dust2 --------
L 06/12/2022 - 15:28:21: [AMXX] Plugin "oo.amxx" failed to load: Plugin uses an unknown function (name "_oo_set_string") - check your modules.ini.
L 06/12/2022 - 15:28:21: [test_oo.amxx] performance issue. Function oo_init executed more than 6.1ms.
L 06/12/2022 - 15:29:42: -------- Mapchange to de_dust2 --------
L 06/12/2022 - 15:29:42: [AMXX] Plugin "oo.amxx" failed to load: Plugin uses an unknown function (name "_oo_set_string") - check your modules.ini.
L 06/12/2022 - 15:29:42: [test_oo.amxx] performance issue. Function oo_init executed more than 2.8ms.
L 06/12/2022 - 15:30:56: -------- Mapchange to de_dust2 --------
L 06/12/2022 - 15:30:56: [AMXX] Plugin "oo.amxx" failed to load: Plugin uses an unknown function (name "_oo_set_string") - check your modules.ini.
L 06/12/2022 - 15:30:56: [test_oo.amxx] performance issue. Function oo_init executed more than 22.2ms.
L 06/12/2022 - 15:31:36: -------- Mapchange to de_dust2 --------
L 06/12/2022 - 15:31:36: [AMXX] Plugin "oo.amxx" failed to load: Plugin uses an unknown function (name "_oo_set_string") - check your modules.ini.
L 06/12/2022 - 15:31:36: [test_oo.amxx] performance issue. Function oo_init executed more than 4.3ms.
L 06/12/2022 - 16:14:32: -------- Mapchange to de_dust2 --------
L 06/12/2022 - 16:14:32: [AMXX] Plugin "oo.amxx" failed to load: Plugin uses an unknown function (name "_oo_set_string") - check your modules.ini.
L 06/12/2022 - 16:14:32: [test_oo.amxx] performance issue. Function oo_init executed more than 1.4ms.
L 06/12/2022 - 16:18:35: -------- Mapchange to de_dust2 --------
L 06/12/2022 - 16:18:35: [AMXX] Plugin "oo.amxx" failed to load: Plugin uses an unknown function (name "_oo_set_string") - check your modules.ini.
L 06/12/2022 - 16:18:35: [test_oo.amxx] performance issue. Function oo_init executed more than 1.1ms.
L 06/12/2022 - 16:38:34: -------- Mapchange to de_dust2 --------
L 06/12/2022 - 16:38:34: [AMXX] Plugin "oo.amxx" failed to load: Plugin uses an unknown function (name "_oo_set_string") - check your modules.ini.
L 06/12/2022 - 16:38:34: [test_oo.amxx] performance issue. Function oo_init executed more than 1.1ms.
L 06/12/2022 - 16:44:50: -------- Mapchange to de_dust2 --------
L 06/12/2022 - 16:44:50: [AMXX] Plugin "oo.amxx" failed to load: Plugin uses an unknown function (name "_oo_set_string") - check your modules.ini.
L 06/12/2022 - 16:44:50: [test_oo.amxx] performance issue. Function oo_init executed more than 1.1ms.
L 06/12/2022 - 16:45:43: -------- Mapchange to de_dust2 --------
L 06/12/2022 - 16:45:43: [AMXX] Plugin "oo.amxx" failed to load: Plugin uses an unknown function (name "_oo_set_string") - check your modules.ini.
L 06/12/2022 - 16:45:43: [test_oo.amxx] performance issue. Function oo_init executed more than 1.5ms.
L 06/12/2022 - 16:45:44: [AMXX] Forwards with more than 32 parameters are not supported (tried to prepare array # 33).
L 06/12/2022 - 16:45:45: [AMXX] Forwards with more than 32 parameters are not supported (tried to prepare array # 33).
L 06/12/2022 - 16:45:45: [AMXX] Forwards with more than 32 parameters are not supported (tried to prepare array # 33).
L 06/12/2022 - 16:45:46: [AMXX] Forwards with more than 32 parameters are not supported (tried to prepare array # 33).
L 06/12/2022 - 16:45:46: [AMXX] Forwards with more than 32 parameters are not supported (tried to prepare array # 33).
L 06/12/2022 - 16:45:47: [AMXX] Forwards with more than 32 parameters are not supported (tried to prepare array # 33).
L 06/12/2022 - 16:45:48: [AMXX] Forwards with more than 32 parameters are not supported (tried to prepare array # 33).
L 06/12/2022 - 16:45:50: [AMXX] Forwards with more than 32 parameters are not supported (tried to prepare array # 33).
L 06/12/2022 - 16:45:51: [AMXX] Forwards with more than 32 parameters are not supported (tried to prepare array # 33).
L 06/12/2022 - 16:45:52: [AMXX] Forwards with more than 32 parameters are not supported (tried to prepare array # 33).
L 06/12/2022 - 16:45:53: [AMXX] Forwards with more than 32 parameters are not supported (tried to prepare array # 33).
L 06/12/2022 - 16:45:53: [AMXX] Forwards with more than 32 parameters are not supported (tried to prepare array # 33).
L 06/12/2022 - 16:45:54: [AMXX] Forwards with more than 32 parameters are not supported (tried to prepare array # 33).
L 06/12/2022 - 16:45:55: [AMXX] Forwards with more than 32 parameters are not supported (tried to prepare array # 33).
L 06/12/2022 - 16:46:20: -------- Mapchange to de_dust2 --------
L 06/12/2022 - 16:46:20: [AMXX] Plugin "oo.amxx" failed to load: Plugin uses an unknown function (name "_oo_set_string") - check your modules.ini.
L 06/12/2022 - 16:46:20: [test_oo.amxx] performance issue. Function oo_init executed more than 2.2ms.
L 06/12/2022 - 16:46:21: [test_oo.amxx] performance issue. Function plugin_init executed more than 1.9ms.
L 06/12/2022 - 16:48:08: -------- Mapchange to de_dust2 --------
L 06/12/2022 - 16:48:08: [AMXX] Plugin "oo.amxx" failed to load: Plugin uses an unknown function (name "_oo_set_string") - check your modules.ini.
L 06/12/2022 - 16:48:08: [test_oo.amxx] performance issue. Function plugin_init executed more than 2.5ms.
L 06/12/2022 - 16:51:30: -------- Mapchange to de_dust2 --------
L 06/12/2022 - 16:51:30: [AMXX] Plugin "oo.amxx" failed to load: Plugin uses an unknown function (name "_oo_set_string") - check your modules.ini.
L 06/12/2022 - 16:55:10: -------- Mapchange to de_dust2 --------
L 06/12/2022 - 16:56:27: -------- Mapchange to de_dust2 --------
L 06/12/2022 - 16:56:27: [test_oo.amxx] performance issue. Function oo_init executed more than 1.1ms.
L 06/12/2022 - 16:57:31: -------- Mapchange to de_dust2 --------
L 06/12/2022 - 17:01:29: -------- Mapchange to de_dust2 --------
L 06/12/2022 - 17:01:29: [test_oo.amxx] performance issue. Function oo_init executed more than 7.3ms.
L 06/12/2022 - 17:02:45: -------- Mapchange to de_dust2 --------
L 06/12/2022 - 17:02:45: [test_oo.amxx] performance issue. Function oo_init executed more than 2.5ms.
L 06/12/2022 - 17:06:53: -------- Mapchange to de_dust2 --------
L 06/12/2022 - 17:06:53: [test_oo.amxx] performance issue. Function oo_init executed more than 1.0ms.
L 06/12/2022 - 17:08:47: -------- Mapchange to de_dust2 --------
L 06/12/2022 - 17:08:48: [test_oo.amxx] performance issue. Function oo_init executed more than 1.0ms.
L 06/12/2022 - 17:10:48: -------- Mapchange to de_dust2 --------
L 06/12/2022 - 17:10:48: [test_oo.amxx] performance issue. Function oo_init executed more than 3.9ms.
L 06/12/2022 - 17:11:26: -------- Mapchange to de_dust2 --------
L 06/12/2022 - 17:11:26: [test_oo.amxx] performance issue. Function oo_init executed more than 1.0ms.
L 06/12/2022 - 17:25:25: -------- Mapchange to de_dust2 --------
L 06/12/2022 - 17:25:25: [test_oo.amxx] performance issue. Function oo_init executed more than 36.1ms.
L 06/12/2022 - 17:30:04: -------- Mapchange to de_dust2 --------
L 06/12/2022 - 17:30:04: [test_oo.amxx] performance issue. Function oo_init executed more than 2.4ms.
L 06/12/2022 - 17:30:05: [test_oo.amxx] performance issue. Function Player@Ctor executed more than 2.4ms.
L 06/12/2022 - 17:30:05: [test_oo.amxx] performance issue. Function plugin_init executed more than 5.3ms.
L 06/12/2022 - 17:36:20: -------- Mapchange to de_dust2 --------
L 06/12/2022 - 17:36:21: [test_oo.amxx] performance issue. Function oo_init executed more than 3.9ms.
L 06/12/2022 - 17:37:20: -------- Mapchange to de_dust2 --------
L 06/12/2022 - 17:37:20: [test_oo.amxx] performance issue. Function oo_init executed more than 1.2ms.
L 06/12/2022 - 17:39:04: -------- Mapchange to de_dust2 --------
L 06/12/2022 - 17:39:04: [test_oo.amxx] performance issue. Function oo_init executed more than 1.0ms.
L 06/12/2022 - 17:40:20: -------- Mapchange to de_dust2 --------
L 06/12/2022 - 17:40:20: [test_oo.amxx] performance issue. Function oo_init executed more than 3.6ms.
L 06/12/2022 - 17:41:25: -------- Mapchange to de_dust2 --------
L 06/12/2022 - 17:41:25: [test_oo.amxx] performance issue. Function oo_init executed more than 2.7ms.
L 06/12/2022 - 17:42:42: -------- Mapchange to de_dust2 --------
L 06/12/2022 - 17:42:42: [test_oo.amxx] performance issue. Function oo_init executed more than 3.0ms.
L 06/12/2022 - 17:43:39: -------- Mapchange to de_dust2 --------
L 06/12/2022 - 17:43:39: [test_oo.amxx] performance issue. Function oo_init executed more than 9.4ms.
L 06/12/2022 - 17:44:26: -------- Mapchange to de_dust2 --------
L 06/12/2022 - 17:44:26: [test_oo.amxx] performance issue. Function oo_init executed more than 4.1ms.
L 06/12/2022 - 17:46:26: -------- Mapchange to de_dust2 --------
L 06/12/2022 - 17:46:26: [test_oo.amxx] performance issue. Function oo_init executed more than 1.2ms.
L 06/12/2022 - 17:46:45: -------- Mapchange to de_dust2 --------
L 06/12/2022 - 17:46:45: [test_oo.amxx] performance issue. Function oo_init executed more than 1.2ms.
L 06/12/2022 - 17:47:59: -------- Mapchange to de_dust2 --------
L 06/12/2022 - 17:47:59: [test_oo.amxx] performance issue. Function oo_init executed more than 2.1ms.
L 06/12/2022 - 17:56:04: -------- Mapchange to de_dust2 --------
L 06/12/2022 - 17:56:04: [test_oo.amxx] performance issue. Function oo_init executed more than 1.1ms.
L 06/12/2022 - 17:57:06: -------- Mapchange to de_dust2 --------
L 06/12/2022 - 17:57:06: [test_oo.amxx] performance issue. Function oo_init executed more than 1.1ms.
L 06/12/2022 - 17:59:25: -------- Mapchange to de_dust2 --------
L 06/12/2022 - 17:59:25: [test_oo.amxx] performance issue. Function oo_init executed more than 12.2ms.
L 06/12/2022 - 18:01:47: -------- Mapchange to de_dust2 --------
L 06/12/2022 - 18:01:47: [test_oo.amxx] performance issue. Function oo_init executed more than 20.9ms.
L 06/12/2022 - 18:03:11: -------- Mapchange to de_dust2 --------
L 06/12/2022 - 18:03:11: [test_oo.amxx] performance issue. Function oo_init executed more than 1.5ms.
L 06/12/2022 - 18:04:49: -------- Mapchange to de_dust2 --------
L 06/12/2022 - 18:20:04: -------- Mapchange to de_dust2 --------
L 06/12/2022 - 18:20:05: [test_oo.amxx] performance issue. Function Player@Ctor executed more than 3.1ms.
L 06/12/2022 - 18:20:05: [test_oo.amxx] performance issue. Function plugin_init executed more than 7.5ms.
L 06/12/2022 - 18:20:49: -------- Mapchange to de_dust2 --------
L 06/12/2022 - 18:20:49: [test_oo.amxx] performance issue. Function oo_init executed more than 2.0ms.
L 06/12/2022 - 18:20:49: [test_oo.amxx] performance issue. Function Player@Ctor executed more than 2.1ms.
L 06/12/2022 - 18:20:49: [test_oo.amxx] performance issue. Function plugin_init executed more than 4.0ms.
L 06/12/2022 - 18:22:14: -------- Mapchange to de_dust2 --------
L 06/12/2022 - 18:22:14: [test_oo.amxx] performance issue. Function oo_init executed more than 1.5ms.
L 06/12/2022 - 18:22:15: [test_oo.amxx] performance issue. Function Player@Ctor executed more than 2.4ms.
L 06/12/2022 - 18:22:15: [test_oo.amxx] performance issue. Function plugin_init executed more than 4.9ms.
L 06/12/2022 - 18:22:43: -------- Mapchange to de_dust2 --------
L 06/12/2022 - 18:22:43: [test_oo.amxx] performance issue. Function oo_init executed more than 12.6ms.
L 06/12/2022 - 18:22:44: [test_oo.amxx] performance issue. Function Player@Ctor executed more than 2.7ms.
L 06/12/2022 - 18:22:44: [test_oo.amxx] performance issue. Function plugin_init executed more than 5.2ms.
L 06/12/2022 - 18:27:40: -------- Mapchange to de_dust2 --------
L 06/12/2022 - 18:27:40: [test_oo.amxx] performance issue. Function oo_init executed more than 2.9ms.
L 06/12/2022 - 18:27:41: [test_oo.amxx] performance issue. Function Player@Ctor executed more than 1.7ms.
L 06/12/2022 - 18:27:41: [test_oo.amxx] performance issue. Function plugin_init executed more than 3.6ms.
L 06/12/2022 - 18:28:31: -------- Mapchange to de_dust2 --------
L 06/12/2022 - 18:28:32: [test_oo.amxx] performance issue. Function oo_init executed more than 1.4ms.
L 06/12/2022 - 18:28:32: [test_oo.amxx] performance issue. Function Player@Ctor executed more than 2.6ms.
L 06/12/2022 - 18:28:32: [test_oo.amxx] performance issue. Function plugin_init executed more than 5.2ms.
L 06/12/2022 - 18:29:49: -------- Mapchange to de_dust2 --------
L 06/12/2022 - 18:29:49: [test_oo.amxx] performance issue. Function oo_init executed more than 2.9ms.
L 06/12/2022 - 18:29:50: [test_oo.amxx] performance issue. Function Player@Ctor executed more than 2.6ms.
L 06/12/2022 - 18:29:50: [test_oo.amxx] performance issue. Function plugin_init executed more than 5.4ms.
L 06/12/2022 - 18:32:51: -------- Mapchange to de_dust2 --------
L 06/12/2022 - 18:32:51: [test_oo.amxx] performance issue. Function oo_init executed more than 2.0ms.
L 06/12/2022 - 18:32:52: [test_oo.amxx] performance issue. Function Player@Ctor executed more than 1.1ms.
L 06/12/2022 - 18:32:52: [test_oo.amxx] performance issue. Function plugin_init executed more than 5.4ms.
L 06/12/2022 - 18:33:30: -------- Mapchange to de_dust2 --------
L 06/12/2022 - 18:33:30: [test_oo.amxx] performance issue. Function oo_init executed more than 8.8ms.
L 06/12/2022 - 18:33:31: [test_oo.amxx] performance issue. Function Player@Ctor executed more than 1.4ms.
L 06/12/2022 - 18:33:31: [test_oo.amxx] performance issue. Function plugin_init executed more than 6.3ms.
L 06/12/2022 - 18:36:11: -------- Mapchange to de_dust2 --------
L 06/12/2022 - 18:36:11: [test_oo.amxx] performance issue. Function oo_init executed more than 19.5ms.
L 06/12/2022 - 18:36:12: [test_oo.amxx] performance issue. Function Player@Ctor executed more than 1.8ms.
L 06/12/2022 - 18:36:12: [test_oo.amxx] performance issue. Function plugin_init executed more than 7.0ms.
L 06/12/2022 - 18:37:06: -------- Mapchange to de_dust2 --------
L 06/12/2022 - 18:37:07: [test_oo.amxx] performance issue. Function oo_init executed more than 19.7ms.
L 06/12/2022 - 18:37:07: [test_oo.amxx] performance issue. Function Player@Ctor executed more than 1.2ms.
L 06/12/2022 - 18:37:07: [test_oo.amxx] performance issue. Function plugin_init executed more than 5.0ms.
L 06/12/2022 - 18:39:02: -------- Mapchange to de_dust2 --------
L 06/12/2022 - 18:39:02: [test_oo.amxx] performance issue. Function oo_init executed more than 39.7ms.
L 06/12/2022 - 18:39:03: [test_oo.amxx] performance issue. Function Player@Ctor executed more than 2.0ms.
L 06/12/2022 - 18:39:03: [test_oo.amxx] performance issue. Function plugin_init executed more than 8.0ms.
L 06/12/2022 - 18:40:17: -------- Mapchange to de_dust2 --------
L 06/12/2022 - 18:40:17: [test_oo.amxx] performance issue. Function oo_init executed more than 2.6ms.
L 06/12/2022 - 18:40:17: [test_oo.amxx] performance issue. Function Player@Ctor executed more than 1.1ms.
L 06/12/2022 - 18:40:17: [test_oo.amxx] performance issue. Function plugin_init executed more than 4.6ms.
L 06/12/2022 - 18:41:25: -------- Mapchange to de_dust2 --------
L 06/12/2022 - 18:41:25: [test_oo.amxx] performance issue. Function oo_init executed more than 2.0ms.
L 06/12/2022 - 18:41:25: [test_oo.amxx] performance issue. Function Player@Ctor executed more than 1.1ms.
L 06/12/2022 - 18:41:25: [test_oo.amxx] performance issue. Function plugin_init executed more than 4.8ms.
L 06/12/2022 - 18:41:56: -------- Mapchange to de_dust2 --------
L 06/12/2022 - 18:41:56: [test_oo.amxx] performance issue. Function oo_init executed more than 2.0ms.
L 06/12/2022 - 18:41:57: [test_oo.amxx] performance issue. Function plugin_init executed more than 2.5ms.
L 06/12/2022 - 18:42:44: -------- Mapchange to de_dust2 --------
L 06/12/2022 - 18:42:44: [test_oo.amxx] performance issue. Function oo_init executed more than 2.4ms.
L 06/12/2022 - 18:42:45: [test_oo.amxx] performance issue. Function Player@Ctor executed more than 1.9ms.
L 06/12/2022 - 18:42:45: [test_oo.amxx] performance issue. Function plugin_init executed more than 5.3ms.
L 06/12/2022 - 18:43:32: -------- Mapchange to de_dust2 --------
L 06/12/2022 - 18:43:32: [test_oo.amxx] performance issue. Function oo_init executed more than 2.4ms.
L 06/12/2022 - 18:43:32: [test_oo.amxx] performance issue. Function plugin_init executed more than 2.6ms.
L 06/12/2022 - 18:49:01: -------- Mapchange to de_dust2 --------
L 06/12/2022 - 18:49:01: [test_oo.amxx] performance issue. Function oo_init executed more than 1.6ms.
L 06/12/2022 - 18:50:41: -------- Mapchange to de_dust2 --------
L 06/12/2022 - 18:50:41: [test_oo.amxx] performance issue. Function oo_init executed more than 9.0ms.
L 06/12/2022 - 18:52:15: -------- Mapchange to de_dust2 --------
L 06/12/2022 - 18:52:16: [test_oo.amxx] performance issue. Function oo_init executed more than 1.2ms.
L 06/12/2022 - 18:53:19: -------- Mapchange to de_dust2 --------
L 06/12/2022 - 18:53:19: [test_oo.amxx] performance issue. Function oo_init executed more than 1.3ms.
L 06/12/2022 - 18:54:59: -------- Mapchange to de_dust2 --------
L 06/12/2022 - 18:54:59: [test_oo.amxx] performance issue. Function oo_init executed more than 2.4ms.
L 06/12/2022 - 18:55:47: -------- Mapchange to de_dust2 --------
L 06/12/2022 - 18:55:47: [test_oo.amxx] performance issue. Function oo_init executed more than 3.8ms.
L 06/12/2022 - 18:57:27: -------- Mapchange to de_dust2 --------
L 06/12/2022 - 18:57:28: [test_oo.amxx] performance issue. Function oo_init executed more than 8.2ms.
L 06/12/2022 - 19:00:54: -------- Mapchange to de_dust2 --------
L 06/12/2022 - 19:00:54: [HAMSANDWICH] Unable to open "cstrike\addons\amxmodx\configs/hamdata.ini" for reading.
L 06/12/2022 - 19:00:54: [HAMSANDWICH] Error: Cannot read config file, natives not registered!
L 06/12/2022 - 19:00:54: [AMXX] Plugin "statsx.amxx" failed to load: Plugin uses an unknown function (name "RegisterHam") - check your modules.ini.
L 06/12/2022 - 19:02:41: -------- Mapchange to de_dust2 --------
L 06/12/2022 - 19:02:41: [HAMSANDWICH] Unable to open "cstrike\addons\amxmodx\configs/hamdata.ini" for reading.
L 06/12/2022 - 19:02:41: [HAMSANDWICH] Error: Cannot read config file, natives not registered!
L 06/12/2022 - 19:02:41: [AMXX] Plugin "statsx.amxx" failed to load: Plugin uses an unknown function (name "RegisterHam") - check your modules.ini.
L 06/12/2022 - 19:03:45: -------- Mapchange to de_dust2 --------
L 06/12/2022 - 19:07:27: -------- Mapchange to de_dust2 --------
L 06/12/2022 - 19:07:27: [test_oo.amxx] performance issue. Function oo_init executed more than 1.9ms.
L 06/12/2022 - 19:08:04: -------- Mapchange to de_dust2 --------
L 06/12/2022 - 19:08:05: [test_oo.amxx] performance issue. Function oo_init executed more than 3.6ms.
L 06/12/2022 - 19:10:42: -------- Mapchange to de_dust2 --------
L 06/12/2022 - 19:10:42: [test_oo.amxx] performance issue. Function oo_init executed more than 1.8ms.
L 06/12/2022 - 19:11:18: -------- Mapchange to de_dust2 --------
L 06/12/2022 - 19:11:19: [test_oo.amxx] performance issue. Function oo_init executed more than 17.2ms.
L 06/12/2022 - 19:15:10: -------- Mapchange to de_dust2 --------
L 06/12/2022 - 19:15:11: [test_oo.amxx] performance issue. Function oo_init executed more than 7.0ms.
L 06/12/2022 - 20:01:22: -------- Mapchange to de_dust2 --------
L 06/12/2022 - 20:01:22: [test_oo.amxx] performance issue. Function oo_init executed more than 47.0ms.
L 06/12/2022 - 20:04:44: -------- Mapchange to de_dust2 --------
L 06/12/2022 - 20:04:51: -------- Mapchange to de_dust2 --------
L 06/12/2022 - 20:04:51: [test_oo.amxx] performance issue. Function oo_init executed more than 3.4ms.
L 06/12/2022 - 20:08:04: -------- Mapchange to de_dust2 --------
L 06/12/2022 - 20:08:04: [test_oo.amxx] performance issue. Function oo_init executed more than 7.7ms.
L 06/12/2022 - 20:08:05: [test_oo.amxx] performance issue. Function Player@Ctor executed more than 2.5ms.
L 06/12/2022 - 20:08:05: [test_oo.amxx] performance issue. Function plugin_init executed more than 4.9ms.
L 06/12/2022 - 20:09:38: -------- Mapchange to de_dust2 --------
L 06/12/2022 - 20:09:38: [test_oo.amxx] performance issue. Function oo_init executed more than 5.5ms.
L 06/12/2022 - 20:09:39: [test_oo.amxx] performance issue. Function Player@Ctor executed more than 2.2ms.
L 06/12/2022 - 20:09:39: [test_oo.amxx] performance issue. Function plugin_init executed more than 4.2ms.
L 06/12/2022 - 21:15:09: -------- Mapchange to de_dust2 --------
L 06/12/2022 - 21:17:07: -------- Mapchange to de_dust2 --------
L 06/12/2022 - 21:18:10: -------- Mapchange to de_dust2 --------
L 06/12/2022 - 21:18:58: -------- Mapchange to de_dust2 --------
L 06/12/2022 - 21:39:17: -------- Mapchange to de_dust2 --------
L 06/12/2022 - 21:40:57: -------- Mapchange to de_dust2 --------
L 06/12/2022 - 21:46:38: -------- Mapchange to de_dust2 --------
L 06/12/2022 - 21:48:36: -------- Mapchange to de_dust2 --------
L 06/12/2022 - 21:48:36: [test_oo.amxx] performance issue. Function oo_init executed more than 2.1ms.
L 06/12/2022 - 21:49:21: -------- Mapchange to de_dust2 --------
L 06/12/2022 - 21:52:04: -------- Mapchange to de_dust2 --------
L 06/12/2022 - 21:53:49: -------- Mapchange to de_dust2 --------
L 06/12/2022 - 21:55:32: -------- Mapchange to de_dust2 --------
L 06/12/2022 - 21:55:51: -------- Mapchange to de_dust2 --------
L 06/12/2022 - 22:10:49: -------- Mapchange to de_dust2 --------
L 06/12/2022 - 22:13:06: -------- Mapchange to de_dust2 --------
L 06/12/2022 - 22:13:07: [test_oo.amxx] performance issue. Function Player@Ctor executed more than 1.2ms.
L 06/12/2022 - 22:13:07: [test_oo.amxx] performance issue. Function plugin_init executed more than 11.7ms.
L 06/12/2022 - 22:14:29: -------- Mapchange to de_dust2 --------
L 06/12/2022 - 22:14:30: [test_oo.amxx] performance issue. Function Player@Ctor executed more than 1.3ms.
L 06/12/2022 - 22:14:30: [test_oo.amxx] performance issue. Function plugin_init executed more than 10.3ms.
L 06/12/2022 - 22:18:10: -------- Mapchange to de_dust2 --------
L 06/12/2022 - 22:18:11: [test_oo.amxx] performance issue. Function Player@Ctor executed more than 1.2ms.
L 06/12/2022 - 22:18:11: [test_oo.amxx] performance issue. Function plugin_init executed more than 9.4ms.
L 06/12/2022 - 22:20:13: -------- Mapchange to de_dust2 --------
L 06/12/2022 - 22:20:14: [test_oo.amxx] performance issue. Function Player@Ctor executed more than 2.6ms.
L 06/12/2022 - 22:20:14: [test_oo.amxx] performance issue. Function plugin_init executed more than 20.4ms.
L 06/12/2022 - 22:24:30: -------- Mapchange to de_dust2 --------
L 06/12/2022 - 22:24:31: [test_oo.amxx] performance issue. Function Player@Ctor executed more than 1.0ms.
L 06/12/2022 - 22:24:31: [test_oo.amxx] performance issue. Function plugin_init executed more than 10.4ms.
L 06/12/2022 - 22:33:57: -------- Mapchange to de_dust2 --------
L 06/12/2022 - 22:33:58: [test_oo.amxx] performance issue. Function Player@Ctor executed more than 3.2ms.
L 06/12/2022 - 22:33:58: [test_oo.amxx] performance issue. Function plugin_init executed more than 19.3ms.
L 06/12/2022 - 22:42:06: -------- Mapchange to de_dust2 --------
L 06/12/2022 - 22:42:07: [test_oo.amxx] performance issue. Function Player@Ctor executed more than 1.2ms.
L 06/12/2022 - 22:42:07: [test_oo.amxx] performance issue. Function plugin_init executed more than 11.6ms.
L 06/12/2022 - 22:51:21: -------- Mapchange to de_dust2 --------
L 06/12/2022 - 22:51:59: -------- Mapchange to de_dust2 --------
L 06/12/2022 - 22:52:51: -------- Mapchange to de_dust2 --------
L 06/12/2022 - 22:52:51: [test_oo.amxx] performance issue. Function oo_init executed more than 1.3ms.
L 06/12/2022 - 22:53:35: -------- Mapchange to de_dust2 --------
L 06/12/2022 - 22:55:12: -------- Mapchange to de_dust2 --------
L 06/12/2022 - 22:55:13: [test_oo.amxx] performance issue. Function Player@Ctor executed more than 1.1ms.
L 06/12/2022 - 22:55:13: [test_oo.amxx] performance issue. Function plugin_init executed more than 13.3ms.
L 06/12/2022 - 23:04:22: -------- Mapchange to de_dust2 --------
L 06/12/2022 - 23:04:23: [test_oo.amxx] performance issue. Function Player@Ctor executed more than 1.7ms.
L 06/12/2022 - 23:04:23: [test_oo.amxx] performance issue. Function plugin_init executed more than 14.7ms.
L 06/12/2022 - 23:04:56: -------- Mapchange to de_dust2 --------
L 06/12/2022 - 23:04:57: [test_oo.amxx] performance issue. Function Player@Ctor executed more than 1.0ms.
L 06/12/2022 - 23:04:57: [test_oo.amxx] performance issue. Function plugin_init executed more than 10.2ms.
L 06/12/2022 - 23:09:22: -------- Mapchange to de_dust2 --------
L 06/12/2022 - 23:09:23: [test_oo.amxx] performance issue. Function plugin_init executed more than 8.0ms.
L 06/12/2022 - 23:11:07: -------- Mapchange to de_dust2 --------
L 06/12/2022 - 23:12:34: -------- Mapchange to de_dust2 --------
L 06/12/2022 - 23:12:35: [test_oo.amxx] performance issue. Function plugin_init executed more than 8.4ms.
L 06/12/2022 - 23:35:07: -------- Mapchange to de_dust2 --------
L 06/12/2022 - 23:35:47: -------- Mapchange to de_dust2 --------
L 06/12/2022 - 23:37:39: -------- Mapchange to de_dust2 --------
L 06/12/2022 - 23:39:00: -------- Mapchange to de_dust2 --------
L 06/12/2022 - 23:39:41: -------- Mapchange to de_dust2 --------
L 06/12/2022 - 23:44:11: -------- Mapchange to de_dust2 --------
L 06/12/2022 - 23:45:38: -------- Mapchange to de_dust2 --------
L 06/12/2022 - 23:45:38: [test_oo.amxx] performance issue. Function oo_init executed more than 2.3ms.
L 06/12/2022 - 23:47:34: -------- Mapchange to de_dust2 --------
L 06/12/2022 - 23:47:34: [test_oo.amxx] performance issue. Function oo_init executed more than 1.6ms.
L 06/12/2022 - 23:48:28: -------- Mapchange to de_dust2 --------
L 06/12/2022 - 23:50:49: -------- Mapchange to de_dust2 --------
L 06/12/2022 - 23:51:21: -------- Mapchange to de_dust2 --------
L 06/12/2022 - 23:51:22: [test_oo.amxx] performance issue. Function Player@Ctor executed more than 1.1ms.
L 06/12/2022 - 23:51:22: [test_oo.amxx] performance issue. Function plugin_init executed more than 11.5ms.
L 06/12/2022 - 23:52:00: -------- Mapchange to de_dust2 --------
L 06/12/2022 - 23:52:01: [test_oo.amxx] performance issue. Function Player@Ctor executed more than 1.5ms.
L 06/12/2022 - 23:52:01: [test_oo.amxx] performance issue. Function plugin_init executed more than 10.2ms.
L 06/12/2022 - 23:52:13: -------- Mapchange to de_dust2 --------
L 06/12/2022 - 23:52:13: [test_oo.amxx] performance issue. Function plugin_init executed more than 8.4ms.
L 06/12/2022 - 23:57:02: -------- Mapchange to de_dust2 --------
L 06/12/2022 - 23:59:41: -------- Mapchange to de_dust2 --------
