L 06/04/2022 - 20:21:24: -------- Mapchange to de_dust2 --------
L 06/04/2022 - 20:21:25: [oo_test.amxx] performance issue. Function Test@Ctor executed more than 1.2ms.
L 06/04/2022 - 20:21:25: [oo.amxx] performance issue. Function native_new executed more than 2.1ms.
L 06/04/2022 - 20:21:25: [oo_test.amxx] performance issue. Function oo_init executed more than 7.4ms.
L 06/04/2022 - 20:21:25: [oo.amxx] performance issue. Function plugin_precache executed more than 14.1ms.
L 06/04/2022 - 20:21:25: [ctg_PlayerClassInfo.amxx] performance issue. Function PlayerClassInfo@LoadJson executed more than 54.6ms.
L 06/04/2022 - 20:21:25: [oo.amxx] performance issue. Function native_call executed more than 57.7ms.
L 06/04/2022 - 20:21:25: [ctg_PlayerClassInfo.amxx] performance issue. Function PlayerClassInfo@Ctor executed more than 63.8ms.
L 06/04/2022 - 20:21:25: [oo.amxx] performance issue. Function native_new executed more than 70.2ms.
L 06/04/2022 - 20:21:25: [ctg_Human.amxx] performance issue. Function plugin_precache executed more than 82.5ms.
L 06/04/2022 - 20:21:25: [ctg_PlayerClassInfo.amxx] performance issue. Function PlayerClassInfo@LoadJson executed more than 96.9ms.
L 06/04/2022 - 20:21:25: [oo.amxx] performance issue. Function native_call executed more than 99.5ms.
L 06/04/2022 - 20:21:25: [ctg_PlayerClassInfo.amxx] performance issue. Function PlayerClassInfo@Ctor executed more than 107.5ms.
L 06/04/2022 - 20:21:25: [oo.amxx] performance issue. Function native_new executed more than 115.0ms.
L 06/04/2022 - 20:21:25: [ctg_Zombie.amxx] performance issue. Function plugin_precache executed more than 122.8ms.
L 06/04/2022 - 20:21:29: [oo.amxx] performance issue. Function plugin_init executed more than 71.0ms.
L 06/04/2022 - 20:21:29: [hsjai.amxx] performance issue. Function plugin_init executed more than 22.3ms.
L 06/04/2022 - 20:32:32: -------- Mapchange to de_dust2 --------
L 06/04/2022 - 20:32:32: [oo_test.amxx] performance issue. Function Test@Ctor executed more than 1.0ms.
L 06/04/2022 - 20:32:32: [oo.amxx] performance issue. Function native_new executed more than 1.9ms.
L 06/04/2022 - 20:32:32: [oo_test.amxx] performance issue. Function oo_init executed more than 12.0ms.
L 06/04/2022 - 20:32:32: [oo.amxx] performance issue. Function plugin_precache executed more than 25.1ms.
L 06/04/2022 - 20:32:32: [ctg_PlayerClassInfo.amxx] performance issue. Function PlayerClassInfo@LoadJson executed more than 39.5ms.
L 06/04/2022 - 20:32:32: [oo.amxx] performance issue. Function native_call executed more than 44.4ms.
L 06/04/2022 - 20:32:32: [ctg_PlayerClassInfo.amxx] performance issue. Function PlayerClassInfo@Ctor executed more than 57.0ms.
L 06/04/2022 - 20:32:32: [oo.amxx] performance issue. Function native_new executed more than 77.2ms.
L 06/04/2022 - 20:32:32: [ctg_Human.amxx] performance issue. Function plugin_precache executed more than 91.3ms.
L 06/04/2022 - 20:32:32: [ctg_PlayerClassInfo.amxx] performance issue. Function PlayerClassInfo@LoadJson executed more than 11.4ms.
L 06/04/2022 - 20:32:32: [oo.amxx] performance issue. Function native_call executed more than 13.9ms.
L 06/04/2022 - 20:32:32: [ctg_PlayerClassInfo.amxx] performance issue. Function PlayerClassInfo@Ctor executed more than 29.8ms.
L 06/04/2022 - 20:32:32: [oo.amxx] performance issue. Function native_new executed more than 43.9ms.
L 06/04/2022 - 20:32:32: [ctg_Zombie.amxx] performance issue. Function plugin_precache executed more than 58.1ms.
L 06/04/2022 - 20:32:33: [oo.amxx] performance issue. Function plugin_init executed more than 68.4ms.
L 06/04/2022 - 20:32:33: [ctg_Player.amxx] performance issue. Function plugin_init executed more than 1.1ms.
L 06/04/2022 - 20:32:33: [hsjai.amxx] performance issue. Function plugin_init executed more than 21.1ms.
L 06/04/2022 - 20:36:57: -------- Mapchange to de_dust2 --------
L 06/04/2022 - 20:36:57: [oo_test.amxx] performance issue. Function Test@Ctor executed more than 1.3ms.
L 06/04/2022 - 20:36:57: [oo.amxx] performance issue. Function native_new executed more than 2.3ms.
L 06/04/2022 - 20:36:57: [oo_test.amxx] performance issue. Function oo_init executed more than 15.1ms.
L 06/04/2022 - 20:36:57: [oo.amxx] performance issue. Function plugin_precache executed more than 29.2ms.
L 06/04/2022 - 20:36:57: [ctg_PlayerClassInfo.amxx] performance issue. Function PlayerClassInfo@LoadJson executed more than 15.5ms.
L 06/04/2022 - 20:36:57: [oo.amxx] performance issue. Function native_call executed more than 17.2ms.
L 06/04/2022 - 20:36:57: [ctg_PlayerClassInfo.amxx] performance issue. Function PlayerClassInfo@Ctor executed more than 31.2ms.
L 06/04/2022 - 20:36:57: [oo.amxx] performance issue. Function native_new executed more than 43.2ms.
L 06/04/2022 - 20:36:57: [ctg_Human.amxx] performance issue. Function plugin_precache executed more than 55.1ms.
L 06/04/2022 - 20:36:57: [ctg_PlayerClassInfo.amxx] performance issue. Function PlayerClassInfo@LoadJson executed more than 11.2ms.
L 06/04/2022 - 20:36:57: [oo.amxx] performance issue. Function native_call executed more than 14.1ms.
L 06/04/2022 - 20:36:57: [ctg_PlayerClassInfo.amxx] performance issue. Function PlayerClassInfo@Ctor executed more than 26.4ms.
L 06/04/2022 - 20:36:57: [oo.amxx] performance issue. Function native_new executed more than 38.1ms.
L 06/04/2022 - 20:36:57: [ctg_Zombie.amxx] performance issue. Function plugin_precache executed more than 49.8ms.
L 06/04/2022 - 20:36:58: [oo.amxx] performance issue. Function plugin_init executed more than 73.0ms.
L 06/04/2022 - 20:36:58: [hsjai.amxx] performance issue. Function plugin_init executed more than 22.8ms.
L 06/04/2022 - 20:37:32: [ctg_Player.amxx] performance issue. Function client_connect executed more than 3.5ms.
L 06/04/2022 - 20:37:58: -------- Mapchange to de_dust2 --------
L 06/04/2022 - 20:37:58: [oo_test.amxx] performance issue. Function Test@Ctor executed more than 1.0ms.
L 06/04/2022 - 20:37:58: [oo.amxx] performance issue. Function native_new executed more than 2.2ms.
L 06/04/2022 - 20:37:58: [oo_test.amxx] performance issue. Function oo_init executed more than 16.4ms.
L 06/04/2022 - 20:37:58: [oo.amxx] performance issue. Function plugin_precache executed more than 29.7ms.
L 06/04/2022 - 20:37:58: [ctg_PlayerClassInfo.amxx] performance issue. Function PlayerClassInfo@LoadJson executed more than 16.2ms.
L 06/04/2022 - 20:37:58: [oo.amxx] performance issue. Function native_call executed more than 17.8ms.
L 06/04/2022 - 20:37:58: [ctg_PlayerClassInfo.amxx] performance issue. Function PlayerClassInfo@Ctor executed more than 32.4ms.
L 06/04/2022 - 20:37:58: [oo.amxx] performance issue. Function native_new executed more than 44.8ms.
L 06/04/2022 - 20:37:58: [ctg_Human.amxx] performance issue. Function plugin_precache executed more than 57.1ms.
L 06/04/2022 - 20:37:58: [ctg_PlayerClassInfo.amxx] performance issue. Function PlayerClassInfo@LoadJson executed more than 11.9ms.
L 06/04/2022 - 20:37:58: [oo.amxx] performance issue. Function native_call executed more than 14.8ms.
L 06/04/2022 - 20:37:58: [ctg_PlayerClassInfo.amxx] performance issue. Function PlayerClassInfo@Ctor executed more than 32.5ms.
L 06/04/2022 - 20:37:58: [oo.amxx] performance issue. Function native_new executed more than 43.6ms.
L 06/04/2022 - 20:37:58: [ctg_Zombie.amxx] performance issue. Function plugin_precache executed more than 58.2ms.
L 06/04/2022 - 20:37:59: [oo.amxx] performance issue. Function plugin_init executed more than 94.5ms.
L 06/04/2022 - 20:37:59: [hsjai.amxx] performance issue. Function plugin_init executed more than 21.9ms.
L 06/04/2022 - 20:39:44: -------- Mapchange to de_dust2 --------
L 06/04/2022 - 20:39:44: [oo_test.amxx] performance issue. Function Test@Ctor executed more than 1.2ms.
L 06/04/2022 - 20:39:44: [oo.amxx] performance issue. Function native_new executed more than 2.3ms.
L 06/04/2022 - 20:39:44: [oo_test.amxx] performance issue. Function oo_init executed more than 14.7ms.
L 06/04/2022 - 20:39:44: [oo.amxx] performance issue. Function plugin_precache executed more than 26.4ms.
L 06/04/2022 - 20:39:44: [ctg_PlayerClassInfo.amxx] performance issue. Function PlayerClassInfo@LoadJson executed more than 14.5ms.
L 06/04/2022 - 20:39:44: [oo.amxx] performance issue. Function native_call executed more than 16.3ms.
L 06/04/2022 - 20:39:44: [ctg_PlayerClassInfo.amxx] performance issue. Function PlayerClassInfo@Ctor executed more than 29.7ms.
L 06/04/2022 - 20:39:44: [oo.amxx] performance issue. Function native_new executed more than 42.3ms.
L 06/04/2022 - 20:39:44: [ctg_Human.amxx] performance issue. Function plugin_precache executed more than 54.9ms.
L 06/04/2022 - 20:39:44: [ctg_PlayerClassInfo.amxx] performance issue. Function PlayerClassInfo@LoadJson executed more than 10.1ms.
L 06/04/2022 - 20:39:44: [oo.amxx] performance issue. Function native_call executed more than 15.8ms.
L 06/04/2022 - 20:39:44: [ctg_PlayerClassInfo.amxx] performance issue. Function PlayerClassInfo@Ctor executed more than 29.9ms.
L 06/04/2022 - 20:39:44: [oo.amxx] performance issue. Function native_new executed more than 42.5ms.
L 06/04/2022 - 20:39:44: [ctg_Zombie.amxx] performance issue. Function plugin_precache executed more than 55.2ms.
L 06/04/2022 - 20:39:45: [oo.amxx] performance issue. Function plugin_init executed more than 77.3ms.
L 06/04/2022 - 20:39:45: [ctg_Player.amxx] performance issue. Function plugin_init executed more than 1.1ms.
L 06/04/2022 - 20:39:45: [hsjai.amxx] performance issue. Function plugin_init executed more than 23.4ms.
L 06/04/2022 - 20:40:02: [ctg_Player.amxx] performance issue. Function client_connect executed more than 2.6ms.
L 06/04/2022 - 20:46:02: [ctg_Player.amxx] performance issue. Function client_connect executed more than 2.2ms.
L 06/04/2022 - 20:47:10: [ctg_Player.amxx] performance issue. Function client_disconnected executed more than 3.0ms.
L 06/04/2022 - 21:23:33: -------- Mapchange to de_dust2 --------
L 06/04/2022 - 21:23:34: [oo_test.amxx] performance issue. Function Test@Ctor executed more than 1.0ms.
L 06/04/2022 - 21:23:34: [oo.amxx] performance issue. Function native_new executed more than 2.1ms.
L 06/04/2022 - 21:23:34: [oo_test.amxx] performance issue. Function oo_init executed more than 14.2ms.
L 06/04/2022 - 21:23:34: [oo.amxx] performance issue. Function plugin_precache executed more than 27.6ms.
L 06/04/2022 - 21:23:34: [ctg_PlayerClassInfo.amxx] performance issue. Function PlayerClassInfo@LoadJson executed more than 54.4ms.
L 06/04/2022 - 21:23:34: [oo.amxx] performance issue. Function native_call executed more than 56.8ms.
L 06/04/2022 - 21:23:34: [ctg_PlayerClassInfo.amxx] performance issue. Function PlayerClassInfo@Ctor executed more than 69.7ms.
L 06/04/2022 - 21:23:34: [oo.amxx] performance issue. Function native_new executed more than 84.3ms.
L 06/04/2022 - 21:23:34: [ctg_Human.amxx] performance issue. Function plugin_precache executed more than 103.3ms.
L 06/04/2022 - 21:23:34: [ctg_PlayerClassInfo.amxx] performance issue. Function PlayerClassInfo@LoadJson executed more than 105.3ms.
L 06/04/2022 - 21:23:34: [oo.amxx] performance issue. Function native_call executed more than 107.6ms.
L 06/04/2022 - 21:23:34: [ctg_PlayerClassInfo.amxx] performance issue. Function PlayerClassInfo@Ctor executed more than 120.1ms.
L 06/04/2022 - 21:23:34: [oo.amxx] performance issue. Function native_new executed more than 132.9ms.
L 06/04/2022 - 21:23:34: [ctg_Zombie.amxx] performance issue. Function plugin_precache executed more than 148.6ms.
L 06/04/2022 - 21:23:38: [oo.amxx] performance issue. Function plugin_init executed more than 73.8ms.
L 06/04/2022 - 21:23:38: [hsjai.amxx] performance issue. Function plugin_init executed more than 22.1ms.
L 06/04/2022 - 21:28:13: -------- Mapchange to de_dust2 --------
L 06/04/2022 - 21:28:13: [oo.amxx] performance issue. Function plugin_precache executed more than 1.1ms.
L 06/04/2022 - 21:28:13: [ctg_PlayerClassInfo.amxx] performance issue. Function PlayerClassInfo@LoadJson executed more than 14.7ms.
L 06/04/2022 - 21:28:13: [oo.amxx] performance issue. Function native_call executed more than 15.9ms.
L 06/04/2022 - 21:28:13: [ctg_PlayerClassInfo.amxx] performance issue. Function PlayerClassInfo@Ctor executed more than 35.5ms.
L 06/04/2022 - 21:28:13: [oo.amxx] performance issue. Function native_new executed more than 48.1ms.
L 06/04/2022 - 21:28:13: [ctg_Human.amxx] performance issue. Function plugin_precache executed more than 66.1ms.
L 06/04/2022 - 21:28:13: [ctg_PlayerClassInfo.amxx] performance issue. Function PlayerClassInfo@LoadJson executed more than 10.3ms.
L 06/04/2022 - 21:28:13: [oo.amxx] performance issue. Function native_call executed more than 14.5ms.
L 06/04/2022 - 21:28:13: [ctg_PlayerClassInfo.amxx] performance issue. Function PlayerClassInfo@Ctor executed more than 27.4ms.
L 06/04/2022 - 21:28:13: [oo.amxx] performance issue. Function native_new executed more than 41.1ms.
L 06/04/2022 - 21:28:13: [ctg_Zombie.amxx] performance issue. Function plugin_precache executed more than 54.9ms.
L 06/04/2022 - 21:28:14: [oo.amxx] performance issue. Function plugin_init executed more than 70.4ms.
L 06/04/2022 - 21:28:14: [ctg_Player.amxx] performance issue. Function plugin_init executed more than 1.1ms.
L 06/04/2022 - 21:28:14: [hsjai.amxx] performance issue. Function plugin_init executed more than 22.4ms.
