L 06/24/2022 - 19:17:59: -------- Mapchange to de_dust2 --------
L 06/24/2022 - 19:18:03: [contagion.amxx] performance issue. Function oo_init executed more than 1.8ms.
L 06/24/2022 - 19:18:06: [contagion.amxx] performance issue. Function PlayerClassInfo@LoadJson executed more than 47.8ms.
L 06/24/2022 - 19:18:06: [contagion.amxx] performance issue. Function HumanInfo@LoadAssets executed more than 49.4ms.
L 06/24/2022 - 19:18:06: [contagion.amxx] performance issue. Function PlayerClassInfo@Ctor executed more than 60.7ms.
L 06/24/2022 - 19:18:06: [contagion.amxx] performance issue. Function HumanInfo@Ctor executed more than 73.1ms.
L 06/24/2022 - 19:18:06: [contagion.amxx] performance issue. Function PlayerClassInfo@LoadJson executed more than 91.8ms.
L 06/24/2022 - 19:18:06: [contagion.amxx] performance issue. Function ZombieInfo@LoadAssets executed more than 93.5ms.
L 06/24/2022 - 19:18:06: [contagion.amxx] performance issue. Function PlayerClassInfo@Ctor executed more than 102.5ms.
L 06/24/2022 - 19:18:06: [contagion.amxx] performance issue. Function ZombieInfo@Ctor executed more than 113.5ms.
L 06/24/2022 - 19:18:06: [contagion.amxx] performance issue. Function plugin_precache executed more than 208.4ms.
L 06/24/2022 - 19:20:26: [contagion.amxx] performance issue. Function plugin_init executed more than 3.3ms.
L 06/24/2022 - 19:26:54: -------- Mapchange to de_dust2 --------
L 06/24/2022 - 19:26:54: [contagion.amxx] performance issue. Function oo_init executed more than 2.1ms.
L 06/24/2022 - 19:26:55: [contagion.amxx] performance issue. Function PlayerClassInfo@LoadJson executed more than 12.6ms.
L 06/24/2022 - 19:26:55: [contagion.amxx] performance issue. Function HumanInfo@LoadAssets executed more than 14.2ms.
L 06/24/2022 - 19:26:55: [contagion.amxx] performance issue. Function PlayerClassInfo@Ctor executed more than 27.2ms.
L 06/24/2022 - 19:26:55: [contagion.amxx] performance issue. Function HumanInfo@Ctor executed more than 37.8ms.
L 06/24/2022 - 19:26:55: [contagion.amxx] performance issue. Function PlayerClassInfo@LoadJson executed more than 13.2ms.
L 06/24/2022 - 19:26:55: [contagion.amxx] performance issue. Function ZombieInfo@LoadAssets executed more than 15.0ms.
L 06/24/2022 - 19:26:55: [contagion.amxx] performance issue. Function PlayerClassInfo@Ctor executed more than 28.3ms.
L 06/24/2022 - 19:26:55: [contagion.amxx] performance issue. Function ZombieInfo@Ctor executed more than 38.3ms.
L 06/24/2022 - 19:26:55: [contagion.amxx] performance issue. Function EndermanInfo@Ctor executed more than 32.4ms.
L 06/24/2022 - 19:26:55: [contagion.amxx] performance issue. Function plugin_precache executed more than 133.8ms.
L 06/24/2022 - 19:26:56: [contagion.amxx] performance issue. Function PlayerClassInfo@CreateCvar executed more than 20.7ms.
L 06/24/2022 - 19:26:56: [contagion.amxx] performance issue. Function PlayerClassInfo@CreateCvar executed more than 25.0ms.
L 06/24/2022 - 19:26:56: [contagion.amxx] performance issue. Function PlayerClassInfo@CreateCvar executed more than 24.9ms.
L 06/24/2022 - 19:26:56: [contagion.amxx] performance issue. Function plugin_init executed more than 81.1ms.
L 06/24/2022 - 19:27:36: [contagion.amxx] performance issue. Function OnHamPlayerSpawn_Post executed more than 1.8ms.
L 06/24/2022 - 19:27:55: [contagion.amxx] performance issue. Function Enderman@Ctor executed more than 26.9ms.
L 06/24/2022 - 19:27:55: [contagion.amxx] performance issue. Function PlayerClass@SetProperties executed more than 24.5ms.
L 06/24/2022 - 19:27:55: [contagion.amxx] performance issue. Function ClCmd_SetPlayerClass executed more than 57.7ms.
L 06/24/2022 - 19:27:59: [contagion.amxx] performance issue. Function PlayerClass@ChangeSound executed more than 24.0ms.
L 06/24/2022 - 19:27:59: [contagion.amxx] performance issue. Function OnFmEmitSound executed more than 26.5ms.
L 06/24/2022 - 19:28:46: -------- Mapchange to de_dust2 --------
L 06/24/2022 - 19:28:46: [contagion.amxx] performance issue. Function oo_init executed more than 2.2ms.
L 06/24/2022 - 19:28:47: [contagion.amxx] performance issue. Function PlayerClassInfo@LoadJson executed more than 12.5ms.
L 06/24/2022 - 19:28:47: [contagion.amxx] performance issue. Function HumanInfo@LoadAssets executed more than 15.0ms.
L 06/24/2022 - 19:28:47: [contagion.amxx] performance issue. Function PlayerClassInfo@Ctor executed more than 32.2ms.
L 06/24/2022 - 19:28:47: [contagion.amxx] performance issue. Function HumanInfo@Ctor executed more than 48.8ms.
L 06/24/2022 - 19:28:47: [contagion.amxx] performance issue. Function PlayerClassInfo@LoadJson executed more than 11.3ms.
L 06/24/2022 - 19:28:47: [contagion.amxx] performance issue. Function ZombieInfo@LoadAssets executed more than 13.5ms.
L 06/24/2022 - 19:28:47: [contagion.amxx] performance issue. Function PlayerClassInfo@Ctor executed more than 28.5ms.
L 06/24/2022 - 19:28:47: [contagion.amxx] performance issue. Function ZombieInfo@Ctor executed more than 41.2ms.
L 06/24/2022 - 19:28:47: [contagion.amxx] performance issue. Function EndermanInfo@Ctor executed more than 23.0ms.
L 06/24/2022 - 19:28:47: [contagion.amxx] performance issue. Function plugin_precache executed more than 146.2ms.
L 06/24/2022 - 19:28:47: [contagion.amxx] performance issue. Function PlayerClassInfo@CreateCvar executed more than 22.0ms.
L 06/24/2022 - 19:28:47: [contagion.amxx] performance issue. Function PlayerClassInfo@CreateCvar executed more than 23.5ms.
L 06/24/2022 - 19:28:47: [contagion.amxx] performance issue. Function PlayerClassInfo@CreateCvar executed more than 23.7ms.
L 06/24/2022 - 19:28:47: [contagion.amxx] performance issue. Function plugin_init executed more than 80.0ms.
L 06/24/2022 - 19:30:42: -------- Mapchange to de_dust2 --------
L 06/24/2022 - 19:30:42: [contagion.amxx] performance issue. Function oo_init executed more than 1.9ms.
L 06/24/2022 - 19:30:42: [contagion.amxx] performance issue. Function PlayerClassInfo@LoadJson executed more than 12.7ms.
L 06/24/2022 - 19:30:42: [contagion.amxx] performance issue. Function HumanInfo@LoadAssets executed more than 14.6ms.
L 06/24/2022 - 19:30:42: [contagion.amxx] performance issue. Function PlayerClassInfo@Ctor executed more than 28.9ms.
L 06/24/2022 - 19:30:42: [contagion.amxx] performance issue. Function HumanInfo@Ctor executed more than 45.3ms.
L 06/24/2022 - 19:30:42: [contagion.amxx] performance issue. Function PlayerClassInfo@LoadJson executed more than 10.9ms.
L 06/24/2022 - 19:30:42: [contagion.amxx] performance issue. Function ZombieInfo@LoadAssets executed more than 14.4ms.
L 06/24/2022 - 19:30:42: [contagion.amxx] performance issue. Function PlayerClassInfo@Ctor executed more than 29.0ms.
L 06/24/2022 - 19:30:42: [contagion.amxx] performance issue. Function ZombieInfo@Ctor executed more than 42.3ms.
L 06/24/2022 - 19:30:42: [contagion.amxx] performance issue. Function PlayerClassInfo@Ctor executed more than 1.7ms.
L 06/24/2022 - 19:30:42: [contagion.amxx] performance issue. Function ZombieInfo@Ctor executed more than 16.2ms.
L 06/24/2022 - 19:30:42: [contagion.amxx] performance issue. Function EndermanInfo@Ctor executed more than 28.6ms.
L 06/24/2022 - 19:30:42: [contagion.amxx] performance issue. Function plugin_precache executed more than 163.0ms.
L 06/24/2022 - 19:30:43: [contagion.amxx] performance issue. Function plugin_init executed more than 2.6ms.
L 06/24/2022 - 19:30:47: [contagion.amxx] performance issue. Function OnHamPlayerSpawn_Post executed more than 1.1ms.
L 06/24/2022 - 19:30:49: [contagion.amxx] performance issue. Function ClCmd_SetPlayerClass executed more than 1.2ms.
L 06/24/2022 - 19:30:56: [contagion.amxx] performance issue. Function ClCmd_SetPlayerClass executed more than 1.4ms.
L 06/24/2022 - 19:32:02: -------- Mapchange to de_dust2 --------
L 06/24/2022 - 19:32:02: [contagion.amxx] performance issue. Function oo_init executed more than 1.9ms.
L 06/24/2022 - 19:32:02: [contagion.amxx] performance issue. Function PlayerClassInfo@LoadJson executed more than 11.3ms.
L 06/24/2022 - 19:32:02: [contagion.amxx] performance issue. Function HumanInfo@LoadAssets executed more than 14.5ms.
L 06/24/2022 - 19:32:02: [contagion.amxx] performance issue. Function PlayerClassInfo@Ctor executed more than 29.9ms.
L 06/24/2022 - 19:32:02: [contagion.amxx] performance issue. Function HumanInfo@Ctor executed more than 43.5ms.
L 06/24/2022 - 19:32:02: [contagion.amxx] performance issue. Function PlayerClassInfo@LoadJson executed more than 12.6ms.
L 06/24/2022 - 19:32:02: [contagion.amxx] performance issue. Function ZombieInfo@LoadAssets executed more than 16.9ms.
L 06/24/2022 - 19:32:02: [contagion.amxx] performance issue. Function PlayerClassInfo@Ctor executed more than 35.0ms.
L 06/24/2022 - 19:32:03: [contagion.amxx] performance issue. Function ZombieInfo@Ctor executed more than 50.6ms.
L 06/24/2022 - 19:32:03: [contagion.amxx] performance issue. Function PlayerClassInfo@Ctor executed more than 1.6ms.
L 06/24/2022 - 19:32:03: [contagion.amxx] performance issue. Function ZombieInfo@Ctor executed more than 15.0ms.
L 06/24/2022 - 19:32:03: [contagion.amxx] performance issue. Function EndermanInfo@Ctor executed more than 32.8ms.
L 06/24/2022 - 19:32:03: [contagion.amxx] performance issue. Function plugin_precache executed more than 182.3ms.
L 06/24/2022 - 19:32:03: [contagion.amxx] performance issue. Function plugin_init executed more than 2.7ms.
L 06/24/2022 - 19:32:07: [contagion.amxx] performance issue. Function OnHamPlayerSpawn_Post executed more than 1.1ms.
L 06/24/2022 - 19:32:09: [contagion.amxx] performance issue. Function ClCmd_SetPlayerClass executed more than 1.4ms.
L 06/24/2022 - 19:50:03: [mapchooser.amxx] Vote: Voting for the nextmap started
L 06/24/2022 - 19:50:18: [mapchooser.amxx] Vote: Voting for the nextmap finished. The nextmap will be de_aztec
L 06/24/2022 - 19:52:13: -------- Mapchange to de_aztec --------
L 06/24/2022 - 19:52:14: [contagion.amxx] performance issue. Function oo_init executed more than 1.9ms.
L 06/24/2022 - 19:52:14: [contagion.amxx] performance issue. Function PlayerClassInfo@LoadJson executed more than 18.7ms.
L 06/24/2022 - 19:52:14: [contagion.amxx] performance issue. Function HumanInfo@LoadAssets executed more than 26.4ms.
L 06/24/2022 - 19:52:14: [contagion.amxx] performance issue. Function PlayerClassInfo@Ctor executed more than 53.5ms.
L 06/24/2022 - 19:52:14: [contagion.amxx] performance issue. Function HumanInfo@Ctor executed more than 74.6ms.
L 06/24/2022 - 19:52:14: [contagion.amxx] performance issue. Function PlayerClassInfo@LoadJson executed more than 13.2ms.
L 06/24/2022 - 19:52:14: [contagion.amxx] performance issue. Function ZombieInfo@LoadAssets executed more than 16.1ms.
L 06/24/2022 - 19:52:14: [contagion.amxx] performance issue. Function PlayerClassInfo@Ctor executed more than 35.4ms.
L 06/24/2022 - 19:52:14: [contagion.amxx] performance issue. Function ZombieInfo@Ctor executed more than 51.1ms.
L 06/24/2022 - 19:52:14: [contagion.amxx] performance issue. Function PlayerClassInfo@Ctor executed more than 2.0ms.
L 06/24/2022 - 19:52:14: [contagion.amxx] performance issue. Function ZombieInfo@Ctor executed more than 17.2ms.
L 06/24/2022 - 19:52:14: [contagion.amxx] performance issue. Function EndermanInfo@Ctor executed more than 36.2ms.
L 06/24/2022 - 19:52:14: [contagion.amxx] performance issue. Function plugin_precache executed more than 218.6ms.
L 06/24/2022 - 19:52:15: [contagion.amxx] performance issue. Function plugin_init executed more than 2.4ms.
