L 04/06/2022 - 01:27:00: -------- Mapchange to de_dust2 --------
L 04/06/2022 - 01:27:03: [contagion.amxx] performance issue. Function oo_init executed more than 1.1ms.
L 04/06/2022 - 01:27:03: [ctg_zombie.amxx] performance issue. Function plugin_precache executed more than 86.1ms.
L 04/06/2022 - 01:27:03: [ctg_human.amxx] performance issue. Function plugin_precache executed more than 46.9ms.
L 04/06/2022 - 01:27:04: [ctg_test.amxx] performance issue. Function plugin_init executed more than 30.9ms.
L 04/06/2022 - 01:27:59: -------- Mapchange to de_dust2 --------
L 04/06/2022 - 01:28:00: [ctg_zombie.amxx] performance issue. Function plugin_precache executed more than 9.2ms.
L 04/06/2022 - 01:28:00: [ctg_human.amxx] performance issue. Function plugin_precache executed more than 9.9ms.
L 04/06/2022 - 01:31:32: -------- Mapchange to de_dust2 --------
L 04/06/2022 - 01:31:32: [ctg_zombie.amxx] performance issue. Function plugin_precache executed more than 10.1ms.
L 04/06/2022 - 01:31:32: [ctg_human.amxx] performance issue. Function plugin_precache executed more than 12.0ms.
L 04/06/2022 - 01:31:58: [contagion.amxx] performance issue. Function client_connectex executed more than 3.2ms.
L 04/06/2022 - 01:32:53: [ctg_test.amxx] performance issue. Function CmdPlayerClass executed more than 4.5ms.
L 04/06/2022 - 01:33:05: [ctg_test.amxx] performance issue. Function CmdPlayerClass executed more than 3.7ms.
L 04/06/2022 - 01:33:08: [ctg_test.amxx] performance issue. Function CmdPlayerClass executed more than 3.9ms.
L 04/06/2022 - 01:33:38: [ctg_test.amxx] performance issue. Function CmdPlayerClass executed more than 36.2ms.
L 04/06/2022 - 01:33:53: [ctg_test.amxx] performance issue. Function CmdPlayerClass executed more than 3.3ms.
L 04/06/2022 - 01:52:22: -------- Mapchange to de_dust2 --------
L 04/06/2022 - 01:52:23: [ctg_zombie.amxx] performance issue. Function plugin_precache executed more than 81.6ms.
L 04/06/2022 - 01:52:23: [ctg_human.amxx] performance issue. Function plugin_precache executed more than 52.3ms.
L 04/06/2022 - 01:58:52: -------- Mapchange to de_dust2 --------
L 04/06/2022 - 01:58:52: [ctg_zombie.amxx] performance issue. Function plugin_precache executed more than 11.7ms.
L 04/06/2022 - 01:58:52: [ctg_human.amxx] performance issue. Function plugin_precache executed more than 13.7ms.
L 04/06/2022 - 02:05:08: -------- Mapchange to de_dust2 --------
L 04/06/2022 - 02:05:09: [ctg_zombie.amxx] performance issue. Function plugin_precache executed more than 13.4ms.
L 04/06/2022 - 02:05:09: [ctg_human.amxx] performance issue. Function plugin_precache executed more than 14.7ms.
L 04/06/2022 - 02:05:33: -------- Mapchange to de_dust2 --------
L 04/06/2022 - 02:05:34: [ctg_zombie.amxx] performance issue. Function plugin_precache executed more than 9.0ms.
L 04/06/2022 - 02:05:34: [ctg_human.amxx] performance issue. Function plugin_precache executed more than 12.8ms.
L 04/06/2022 - 02:05:34: [contagion.amxx] performance issue. Function plugin_init executed more than 1.1ms.
L 04/06/2022 - 02:05:36: [contagion.amxx] performance issue. Function client_connectex executed more than 2.7ms.
L 04/06/2022 - 02:08:13: -------- Mapchange to de_dust2 --------
L 04/06/2022 - 02:08:13: [contagion.amxx] performance issue. Function oo_init executed more than 1.2ms.
L 04/06/2022 - 02:08:13: [ctg_zombie.amxx] performance issue. Function plugin_precache executed more than 29.9ms.
L 04/06/2022 - 02:08:13: [ctg_human.amxx] performance issue. Function plugin_precache executed more than 28.6ms.
L 04/06/2022 - 02:08:14: [contagion.amxx] performance issue. Function plugin_init executed more than 1.2ms.
L 04/06/2022 - 02:08:16: [contagion.amxx] performance issue. Function client_connectex executed more than 3.1ms.
L 04/06/2022 - 02:08:23: [ctg_test.amxx] performance issue. Function CmdPlayerClass executed more than 3.4ms.
L 04/06/2022 - 02:17:44: -------- Mapchange to de_dust2 --------
L 04/06/2022 - 02:17:44: [ctg_zombie.amxx] performance issue. Function plugin_precache executed more than 20.0ms.
L 04/06/2022 - 02:17:44: [ctg_human.amxx] performance issue. Function plugin_precache executed more than 25.7ms.
L 04/06/2022 - 02:17:45: [contagion.amxx] performance issue. Function plugin_init executed more than 1.1ms.
L 04/06/2022 - 02:17:46: [contagion.amxx] performance issue. Function client_connectex executed more than 3.5ms.
L 04/06/2022 - 02:22:19: -------- Mapchange to de_dust2 --------
L 04/06/2022 - 02:22:19: [ctg_zombie.amxx] performance issue. Function plugin_precache executed more than 12.2ms.
L 04/06/2022 - 02:22:19: [ctg_human.amxx] performance issue. Function plugin_precache executed more than 13.5ms.
L 04/06/2022 - 02:22:20: [contagion.amxx] performance issue. Function plugin_init executed more than 1.4ms.
L 04/06/2022 - 02:22:23: [contagion.amxx] performance issue. Function client_connectex executed more than 4.1ms.
L 04/06/2022 - 02:22:37: [ctg_test.amxx] performance issue. Function CmdPlayerClass executed more than 3.6ms.
L 04/06/2022 - 02:31:50: [ctg_test.amxx] performance issue. Function CmdPlayerClass executed more than 5.1ms.
L 04/06/2022 - 02:34:55: [ctg_test.amxx] performance issue. Function CmdPlayerClass executed more than 4.5ms.
L 04/06/2022 - 02:38:19: [ctg_test.amxx] performance issue. Function CmdPlayerClass executed more than 5.0ms.
L 04/06/2022 - 02:40:21: [mapchooser.amxx] Vote: Voting for the nextmap started
L 04/06/2022 - 02:40:36: [mapchooser.amxx] Vote: Voting for the nextmap finished. The nextmap will be de_airstrip
L 04/06/2022 - 02:42:30: [contagion.amxx] performance issue. Function client_disconnected executed more than 11.8ms.
L 04/06/2022 - 02:42:30: -------- Mapchange to de_airstrip --------
L 04/06/2022 - 02:42:30: [ctg_zombie.amxx] performance issue. Function plugin_precache executed more than 10.5ms.
L 04/06/2022 - 02:42:30: [ctg_human.amxx] performance issue. Function plugin_precache executed more than 12.3ms.
L 04/06/2022 - 02:42:31: [contagion.amxx] performance issue. Function client_connectex executed more than 3.8ms.
L 04/06/2022 - 02:44:47: [admincmd.amxx] Cmd: "Counter-Strike 1.6 Server<0><><>" changelevel "de_dust2"
L 04/06/2022 - 02:44:49: [contagion.amxx] performance issue. Function client_disconnected executed more than 4.2ms.
L 04/06/2022 - 02:44:49: -------- Mapchange to de_dust2 --------
L 04/06/2022 - 02:44:50: [ctg_zombie.amxx] performance issue. Function plugin_precache executed more than 11.1ms.
L 04/06/2022 - 02:44:50: [ctg_human.amxx] performance issue. Function plugin_precache executed more than 19.6ms.
L 04/06/2022 - 02:44:50: [contagion.amxx] performance issue. Function client_connectex executed more than 3.5ms.
L 04/06/2022 - 02:45:13: [contagion.amxx] performance issue. Function client_disconnected executed more than 3.7ms.
L 04/06/2022 - 02:45:13: [contagion.amxx] performance issue. Function client_connectex executed more than 3.1ms.
L 04/06/2022 - 02:46:27: [contagion.amxx] performance issue. Function client_connectex executed more than 5.3ms.
L 04/06/2022 - 02:46:27: [contagion.amxx] performance issue. Function client_disconnected executed more than 5.0ms.
L 04/06/2022 - 02:47:19: [contagion.amxx] performance issue. Function client_disconnected executed more than 2.5ms.
L 04/06/2022 - 02:47:19: -------- Mapchange to de_dust2 --------
L 04/06/2022 - 02:47:19: [ctg_zombie.amxx] performance issue. Function plugin_precache executed more than 10.2ms.
L 04/06/2022 - 02:47:19: [ctg_human.amxx] performance issue. Function plugin_precache executed more than 13.9ms.
L 04/06/2022 - 02:47:20: [contagion.amxx] performance issue. Function client_connectex executed more than 4.6ms.
L 04/06/2022 - 02:47:49: -------- Mapchange to de_dust2 --------
L 04/06/2022 - 02:47:49: [ctg_zombie.amxx] performance issue. Function plugin_precache executed more than 12.8ms.
L 04/06/2022 - 02:47:49: [ctg_human.amxx] performance issue. Function plugin_precache executed more than 13.4ms.
L 04/06/2022 - 02:47:58: [contagion.amxx] performance issue. Function client_connectex executed more than 2.4ms.
L 04/06/2022 - 02:48:43: [ctg_test.amxx] performance issue. Function CmdPlayerClass executed more than 41.0ms.
L 04/06/2022 - 02:48:53: [contagion.amxx] performance issue. Function client_connectex executed more than 2.8ms.
L 04/06/2022 - 02:49:32: [ctg_test.amxx] performance issue. Function CmdPlayerClass executed more than 3.4ms.
L 04/06/2022 - 02:50:24: [contagion.amxx] performance issue. Function client_disconnected executed more than 56.0ms.
L 04/06/2022 - 02:50:24: [contagion.amxx] performance issue. Function client_disconnected executed more than 2.7ms.
L 04/06/2022 - 02:50:24: -------- Mapchange to de_dust2 --------
L 04/06/2022 - 02:50:24: [ctg_zombie.amxx] performance issue. Function plugin_precache executed more than 9.9ms.
L 04/06/2022 - 02:50:24: [ctg_human.amxx] performance issue. Function plugin_precache executed more than 11.9ms.
L 04/06/2022 - 02:50:24: [contagion.amxx] performance issue. Function client_connectex executed more than 3.0ms.
L 04/06/2022 - 02:50:24: [contagion.amxx] performance issue. Function client_connectex executed more than 2.5ms.
L 04/06/2022 - 02:50:56: [contagion.amxx] performance issue. Function client_disconnected executed more than 1.8ms.
L 04/06/2022 - 02:50:56: [contagion.amxx] performance issue. Function client_disconnected executed more than 2.1ms.
L 04/06/2022 - 02:50:56: -------- Mapchange to de_dust2 --------
L 04/06/2022 - 02:50:57: [ctg_zombie.amxx] performance issue. Function plugin_precache executed more than 11.2ms.
L 04/06/2022 - 02:50:57: [ctg_human.amxx] performance issue. Function plugin_precache executed more than 13.9ms.
L 04/06/2022 - 02:50:57: [contagion.amxx] performance issue. Function client_connectex executed more than 3.2ms.
L 04/06/2022 - 02:50:57: [contagion.amxx] performance issue. Function client_connectex executed more than 2.5ms.
L 04/06/2022 - 02:51:07: [ctg_test.amxx] performance issue. Function CmdPlayerClass executed more than 3.3ms.
L 04/06/2022 - 02:51:12: [ctg_test.amxx] performance issue. Function CmdPlayerClass executed more than 3.6ms.
L 04/06/2022 - 02:52:38: [contagion.amxx] performance issue. Function client_disconnected executed more than 2.6ms.
L 04/06/2022 - 02:52:38: [contagion.amxx] performance issue. Function client_disconnected executed more than 2.3ms.
L 04/06/2022 - 02:52:38: -------- Mapchange to de_dust2 --------
L 04/06/2022 - 02:52:38: [ctg_zombie.amxx] performance issue. Function plugin_precache executed more than 10.3ms.
L 04/06/2022 - 02:52:38: [ctg_human.amxx] performance issue. Function plugin_precache executed more than 9.8ms.
L 04/06/2022 - 02:52:39: [contagion.amxx] performance issue. Function client_connectex executed more than 3.6ms.
L 04/06/2022 - 02:52:39: [contagion.amxx] performance issue. Function client_connectex executed more than 4.5ms.
L 04/06/2022 - 02:52:45: [ctg_test.amxx] performance issue. Function CmdPlayerClass executed more than 3.0ms.
L 04/06/2022 - 02:53:14: [ctg_test.amxx] performance issue. Function CmdPlayerClass executed more than 30.0ms.
L 04/06/2022 - 02:53:17: [ctg_test.amxx] performance issue. Function CmdPlayerClass executed more than 31.3ms.
L 04/06/2022 - 02:53:18: [ctg_test.amxx] performance issue. Function CmdPlayerClass executed more than 3.4ms.
L 04/06/2022 - 02:53:51: [ctg_test.amxx] performance issue. Function CmdPlayerClass executed more than 3.6ms.
L 04/06/2022 - 02:54:10: [ctg_test.amxx] performance issue. Function CmdPlayerClass executed more than 5.2ms.
L 04/06/2022 - 02:54:17: [ctg_test.amxx] performance issue. Function CmdPlayerClass executed more than 4.2ms.
L 04/06/2022 - 02:54:22: [ctg_test.amxx] performance issue. Function CmdPlayerClass executed more than 31.8ms.
L 04/06/2022 - 02:56:13: [contagion.amxx] performance issue. Function client_disconnected executed more than 2.7ms.
L 04/06/2022 - 02:56:13: [contagion.amxx] performance issue. Function client_disconnected executed more than 2.4ms.
L 04/06/2022 - 02:56:13: -------- Mapchange to de_dust2 --------
L 04/06/2022 - 02:56:13: [ctg_zombie.amxx] performance issue. Function plugin_precache executed more than 10.9ms.
L 04/06/2022 - 02:56:13: [ctg_human.amxx] performance issue. Function plugin_precache executed more than 13.2ms.
L 04/06/2022 - 02:56:14: [contagion.amxx] performance issue. Function client_connectex executed more than 4.4ms.
L 04/06/2022 - 02:56:14: [contagion.amxx] performance issue. Function client_connectex executed more than 4.0ms.
L 04/06/2022 - 02:56:25: [ctg_test.amxx] performance issue. Function CmdPlayerClass executed more than 27.8ms.
L 04/06/2022 - 02:56:26: [ctg_test.amxx] performance issue. Function CmdPlayerClass executed more than 2.4ms.
L 04/06/2022 - 02:56:46: [ctg_test.amxx] performance issue. Function CmdPlayerClass executed more than 32.5ms.
L 04/06/2022 - 02:56:49: [ctg_test.amxx] performance issue. Function CmdPlayerClass executed more than 30.2ms.
L 04/06/2022 - 02:57:05: [ctg_test.amxx] performance issue. Function CmdPlayerClass executed more than 35.3ms.
L 04/06/2022 - 02:57:08: [ctg_test.amxx] performance issue. Function CmdPlayerClass executed more than 32.9ms.
L 04/06/2022 - 02:57:25: [ctg_test.amxx] performance issue. Function CmdPlayerClass executed more than 5.3ms.
L 04/06/2022 - 02:58:11: -------- Mapchange to de_dust2 --------
L 04/06/2022 - 02:58:12: [ctg_zombie.amxx] performance issue. Function plugin_precache executed more than 13.1ms.
L 04/06/2022 - 02:58:12: [ctg_human.amxx] performance issue. Function plugin_precache executed more than 13.0ms.
L 04/06/2022 - 02:58:20: [contagion.amxx] performance issue. Function client_connectex executed more than 2.6ms.
L 04/06/2022 - 02:58:23: [contagion.amxx] performance issue. Function client_connectex executed more than 2.6ms.
L 04/06/2022 - 02:58:46: [ctg_test.amxx] performance issue. Function CmdPlayerClass executed more than 3.5ms.
L 04/06/2022 - 03:00:21: [contagion.amxx] performance issue. Function client_connectex executed more than 2.9ms.
L 04/06/2022 - 03:01:12: [ctg_test.amxx] performance issue. Function CmdPlayerClass executed more than 4.7ms.
L 04/06/2022 - 03:02:08: [contagion.amxx] performance issue. Function client_disconnected executed more than 2.9ms.
L 04/06/2022 - 03:06:52: [contagion.amxx] performance issue. Function client_disconnected executed more than 1.5ms.
L 04/06/2022 - 03:06:52: [contagion.amxx] performance issue. Function client_disconnected executed more than 2.9ms.
L 04/06/2022 - 03:06:52: -------- Mapchange to de_dust2 --------
L 04/06/2022 - 03:06:52: [ctg_zombie.amxx] performance issue. Function plugin_precache executed more than 9.2ms.
L 04/06/2022 - 03:06:52: [ctg_human.amxx] performance issue. Function plugin_precache executed more than 10.1ms.
L 04/06/2022 - 03:06:52: [contagion.amxx] performance issue. Function client_connectex executed more than 3.9ms.
L 04/06/2022 - 03:06:52: [contagion.amxx] performance issue. Function client_connectex executed more than 2.6ms.
L 04/06/2022 - 03:06:58: [ctg_test.amxx] performance issue. Function CmdPlayerClass executed more than 3.1ms.
L 04/06/2022 - 03:13:31: [contagion.amxx] performance issue. Function client_disconnected executed more than 4.2ms.
L 04/06/2022 - 03:21:25: [contagion.amxx] performance issue. Function client_disconnected executed more than 2.8ms.
