L 10/06/2022 - 00:08:22: -------- Mapchange to as_oilrig --------
L 10/06/2022 - 00:26:22: [mapchooser.amxx] Vote: Voting for the nextmap started
L 10/06/2022 - 00:26:37: [mapchooser.amxx] Vote: Voting for the nextmap finished. The nextmap will be cs_siege
L 10/06/2022 - 00:40:25: -------- Mapchange to cs_siege --------
L 10/06/2022 - 00:58:25: [mapchooser.amxx] Vote: Voting for the nextmap started
L 10/06/2022 - 00:58:40: [mapchooser.amxx] Vote: Voting for the nextmap finished. The nextmap will be de_cbble
L 10/06/2022 - 01:12:28: -------- Mapchange to de_cbble --------
L 10/06/2022 - 01:30:28: [mapchooser.amxx] Vote: Voting for the nextmap started
L 10/06/2022 - 01:30:44: [mapchooser.amxx] Vote: Voting for the nextmap finished. The nextmap will be de_dust
L 10/06/2022 - 01:44:31: -------- Mapchange to de_dust --------
L 10/06/2022 - 02:02:32: [mapchooser.amxx] Vote: Voting for the nextmap started
L 10/06/2022 - 02:02:47: [mapchooser.amxx] Vote: Voting for the nextmap finished. The nextmap will be cs_747
L 10/06/2022 - 02:16:35: -------- Mapchange to cs_747 --------
L 10/06/2022 - 02:34:35: [mapchooser.amxx] Vote: Voting for the nextmap started
L 10/06/2022 - 02:34:50: [mapchooser.amxx] Vote: Voting for the nextmap finished. The nextmap will be de_prodigy
L 10/06/2022 - 02:48:37: -------- Mapchange to de_prodigy --------
L 10/06/2022 - 03:06:38: [mapchooser.amxx] Vote: Voting for the nextmap started
L 10/06/2022 - 03:06:53: [mapchooser.amxx] Vote: Voting for the nextmap finished. The nextmap will be cs_assault
L 10/06/2022 - 03:20:40: -------- Mapchange to cs_assault --------
L 10/06/2022 - 03:38:41: [mapchooser.amxx] Vote: Voting for the nextmap started
L 10/06/2022 - 03:38:56: [mapchooser.amxx] Vote: Voting for the nextmap finished. The nextmap will be cs_office
L 10/06/2022 - 03:52:43: -------- Mapchange to cs_office --------
L 10/06/2022 - 04:10:44: [mapchooser.amxx] Vote: Voting for the nextmap started
L 10/06/2022 - 04:10:59: [mapchooser.amxx] Vote: Voting for the nextmap finished. The nextmap will be cs_italy
L 10/06/2022 - 04:24:47: -------- Mapchange to cs_italy --------
L 10/06/2022 - 04:42:47: [mapchooser.amxx] Vote: Voting for the nextmap started
L 10/06/2022 - 04:43:03: [mapchooser.amxx] Vote: Voting for the nextmap finished. The nextmap will be cs_backalley
L 10/06/2022 - 04:56:50: -------- Mapchange to cs_backalley --------
L 10/06/2022 - 05:14:51: [mapchooser.amxx] Vote: Voting for the nextmap started
L 10/06/2022 - 05:15:06: [mapchooser.amxx] Vote: Voting for the nextmap finished. The nextmap will be cs_militia
L 10/06/2022 - 05:28:53: -------- Mapchange to cs_militia --------
L 10/06/2022 - 05:46:53: [mapchooser.amxx] Vote: Voting for the nextmap started
L 10/06/2022 - 05:47:08: [mapchooser.amxx] Vote: Voting for the nextmap finished. The nextmap will be de_train
L 10/06/2022 - 06:00:56: -------- Mapchange to de_train --------
L 10/06/2022 - 06:18:57: [mapchooser.amxx] Vote: Voting for the nextmap started
L 10/06/2022 - 06:19:12: [mapchooser.amxx] Vote: Voting for the nextmap finished. The nextmap will be de_airstrip
L 10/06/2022 - 06:33:00: -------- Mapchange to de_airstrip --------
L 10/06/2022 - 06:51:01: [mapchooser.amxx] Vote: Voting for the nextmap started
L 10/06/2022 - 06:51:16: [mapchooser.amxx] Vote: Voting for the nextmap finished. The nextmap will be cs_havana
L 10/06/2022 - 07:05:03: -------- Mapchange to cs_havana --------
L 10/06/2022 - 07:23:04: [mapchooser.amxx] Vote: Voting for the nextmap started
L 10/06/2022 - 07:23:19: [mapchooser.amxx] Vote: Voting for the nextmap finished. The nextmap will be de_chateau
L 10/06/2022 - 07:37:06: -------- Mapchange to de_chateau --------
