L 06/01/2022 - 15:11:06: -------- Mapchange to de_dust2 --------
L 06/01/2022 - 15:11:06: [oo_test.amxx] performance issue. Function Test@Ctor executed more than 1.2ms.
L 06/01/2022 - 15:11:06: [oo.amxx] performance issue. Function native_new executed more than 2.1ms.
L 06/01/2022 - 15:11:06: [oo_test.amxx] performance issue. Function oo_init executed more than 6.2ms.
L 06/01/2022 - 15:11:06: [oo.amxx] performance issue. Function plugin_precache executed more than 12.1ms.
L 06/01/2022 - 15:11:07: [ctg_PlayerClassInfo.amxx] performance issue. Function PlayerClassInfo@LoadJson executed more than 50.7ms.
L 06/01/2022 - 15:11:07: [oo.amxx] performance issue. Function native_call executed more than 53.5ms.
L 06/01/2022 - 15:11:07: [ctg_PlayerClassInfo.amxx] performance issue. Function PlayerClassInfo@Ctor executed more than 59.0ms.
L 06/01/2022 - 15:11:07: [oo.amxx] performance issue. Function native_new executed more than 64.4ms.
L 06/01/2022 - 15:11:07: [ctg_Human.amxx] performance issue. Function plugin_precache executed more than 71.0ms.
L 06/01/2022 - 15:11:07: [ctg_PlayerClassInfo.amxx] performance issue. Function PlayerClassInfo@LoadJson executed more than 83.7ms.
L 06/01/2022 - 15:11:07: [oo.amxx] performance issue. Function native_call executed more than 85.6ms.
L 06/01/2022 - 15:11:07: [ctg_PlayerClassInfo.amxx] performance issue. Function PlayerClassInfo@Ctor executed more than 92.5ms.
L 06/01/2022 - 15:11:07: [oo.amxx] performance issue. Function native_new executed more than 98.6ms.
L 06/01/2022 - 15:11:07: [ctg_Zombie.amxx] performance issue. Function plugin_precache executed more than 104.8ms.
L 06/01/2022 - 15:11:10: [oo.amxx] performance issue. Function plugin_init executed more than 50.3ms.
L 06/01/2022 - 15:11:10: [hsjai.amxx] performance issue. Function plugin_init executed more than 14.8ms.
L 06/01/2022 - 15:29:11: [mapchooser.amxx] Vote: Voting for the nextmap started
L 06/01/2022 - 15:29:26: [mapchooser.amxx] Vote: Voting for the nextmap finished. The nextmap will be de_airstrip
L 06/01/2022 - 15:31:20: -------- Mapchange to de_airstrip --------
L 06/01/2022 - 15:31:20: [ctg_PlayerClassInfo.amxx] performance issue. Function PlayerClassInfo@LoadJson executed more than 9.5ms.
L 06/01/2022 - 15:31:20: [oo.amxx] performance issue. Function native_call executed more than 11.1ms.
L 06/01/2022 - 15:31:20: [ctg_PlayerClassInfo.amxx] performance issue. Function PlayerClassInfo@Ctor executed more than 19.4ms.
L 06/01/2022 - 15:31:20: [oo.amxx] performance issue. Function native_new executed more than 27.0ms.
L 06/01/2022 - 15:31:20: [ctg_Human.amxx] performance issue. Function plugin_precache executed more than 35.8ms.
L 06/01/2022 - 15:31:20: [ctg_PlayerClassInfo.amxx] performance issue. Function PlayerClassInfo@LoadJson executed more than 9.1ms.
L 06/01/2022 - 15:31:20: [oo.amxx] performance issue. Function native_call executed more than 10.1ms.
L 06/01/2022 - 15:31:20: [ctg_PlayerClassInfo.amxx] performance issue. Function PlayerClassInfo@Ctor executed more than 21.2ms.
L 06/01/2022 - 15:31:20: [oo.amxx] performance issue. Function native_new executed more than 30.3ms.
L 06/01/2022 - 15:31:20: [ctg_Zombie.amxx] performance issue. Function plugin_precache executed more than 39.8ms.
L 06/01/2022 - 15:31:21: [oo.amxx] performance issue. Function plugin_init executed more than 29.5ms.
L 06/01/2022 - 15:31:21: [hsjai.amxx] performance issue. Function plugin_init executed more than 10.8ms.
L 06/01/2022 - 15:45:53: -------- Mapchange to de_dust2 --------
L 06/01/2022 - 15:45:53: [oo.amxx] performance issue. Function native_new executed more than 1.0ms.
L 06/01/2022 - 15:45:53: [oo_test.amxx] performance issue. Function oo_init executed more than 1.9ms.
L 06/01/2022 - 15:45:53: [oo.amxx] performance issue. Function plugin_precache executed more than 13.6ms.
L 06/01/2022 - 15:45:53: [ctg_PlayerClassInfo.amxx] performance issue. Function PlayerClassInfo@LoadJson executed more than 13.4ms.
L 06/01/2022 - 15:45:53: [oo.amxx] performance issue. Function native_call executed more than 16.3ms.
L 06/01/2022 - 15:45:53: [ctg_PlayerClassInfo.amxx] performance issue. Function PlayerClassInfo@Ctor executed more than 27.7ms.
L 06/01/2022 - 15:45:53: [oo.amxx] performance issue. Function native_new executed more than 41.1ms.
L 06/01/2022 - 15:45:53: [ctg_Human.amxx] performance issue. Function plugin_precache executed more than 50.4ms.
L 06/01/2022 - 15:45:53: [ctg_PlayerClassInfo.amxx] performance issue. Function PlayerClassInfo@LoadJson executed more than 10.4ms.
L 06/01/2022 - 15:45:53: [oo.amxx] performance issue. Function native_call executed more than 12.0ms.
L 06/01/2022 - 15:45:53: [ctg_PlayerClassInfo.amxx] performance issue. Function PlayerClassInfo@Ctor executed more than 24.5ms.
L 06/01/2022 - 15:45:53: [oo.amxx] performance issue. Function native_new executed more than 35.4ms.
L 06/01/2022 - 15:45:53: [ctg_Zombie.amxx] performance issue. Function plugin_precache executed more than 48.2ms.
L 06/01/2022 - 15:45:54: [oo.amxx] performance issue. Function plugin_init executed more than 74.1ms.
L 06/01/2022 - 15:45:54: [hsjai.amxx] performance issue. Function plugin_init executed more than 20.8ms.
