L 07/06/2022 - 15:17:19: -------- Mapchange to de_dust2 --------
L 07/06/2022 - 15:42:45: -------- Mapchange to de_dust2 --------
L 07/06/2022 - 15:42:46: [npc.amxx] performance issue. Function plugin_precache executed more than 11.0ms.
L 07/06/2022 - 15:46:45: -------- Mapchange to de_dust2 --------
L 07/06/2022 - 15:47:23: -------- Mapchange to de_dust2 --------
L 07/06/2022 - 15:48:51: -------- Mapchange to de_dust2 --------
L 07/06/2022 - 15:50:18: -------- Mapchange to de_dust2 --------
L 07/06/2022 - 15:51:23: -------- Mapchange to de_dust2 --------
L 07/06/2022 - 15:52:24: -------- Mapchange to de_dust2 --------
L 07/06/2022 - 15:53:08: -------- Mapchange to de_dust2 --------
L 07/06/2022 - 15:54:02: -------- Mapchange to de_dust2 --------
L 07/06/2022 - 15:54:02: [npc.amxx] performance issue. Function plugin_precache executed more than 6.7ms.
L 07/06/2022 - 15:56:42: -------- Mapchange to de_dust2 --------
L 07/06/2022 - 15:56:43: [npc.amxx] performance issue. Function plugin_precache executed more than 7.7ms.
L 07/06/2022 - 15:59:51: -------- Mapchange to de_dust2 --------
L 07/06/2022 - 15:59:51: [npc.amxx] performance issue. Function plugin_precache executed more than 13.2ms.
L 07/06/2022 - 16:02:41: -------- Mapchange to de_dust2 --------
L 07/06/2022 - 16:06:39: -------- Mapchange to de_dust2 --------
L 07/06/2022 - 16:15:38: -------- Mapchange to de_dust2 --------
L 07/06/2022 - 16:17:13: -------- Mapchange to de_dust2 --------
L 07/06/2022 - 16:21:06: -------- Mapchange to de_dust2 --------
L 07/06/2022 - 16:22:31: -------- Mapchange to de_dust2 --------
L 07/06/2022 - 16:28:40: -------- Mapchange to de_dust2 --------
L 07/06/2022 - 16:29:40: -------- Mapchange to de_dust2 --------
L 07/06/2022 - 16:30:59: -------- Mapchange to de_dust2 --------
L 07/06/2022 - 16:39:25: -------- Mapchange to de_dust2 --------
L 07/06/2022 - 16:42:13: -------- Mapchange to de_dust2 --------
L 07/06/2022 - 16:46:24: -------- Mapchange to de_dust2 --------
L 07/06/2022 - 18:17:18: -------- Mapchange to de_dust2 --------
L 07/06/2022 - 18:21:43: -------- Mapchange to de_dust2 --------
L 07/06/2022 - 18:39:43: [mapchooser.amxx] Vote: Voting for the nextmap started
L 07/06/2022 - 18:39:58: [mapchooser.amxx] Vote: Voting for the nextmap finished. The nextmap will be cs_havana
L 07/06/2022 - 18:42:35: -------- Mapchange to cs_havana --------
L 07/06/2022 - 18:50:08: -------- Mapchange to cs_havana --------
L 07/06/2022 - 19:10:23: [mapchooser.amxx] Vote: Voting for the nextmap started
L 07/06/2022 - 19:10:38: [mapchooser.amxx] Vote: Voting for the nextmap finished. The nextmap will be de_aztec
L 07/06/2022 - 19:12:37: -------- Mapchange to de_aztec --------
L 07/06/2022 - 19:30:37: [mapchooser.amxx] Vote: Voting for the nextmap started
L 07/06/2022 - 19:30:52: [mapchooser.amxx] Vote: Voting for the nextmap finished. The nextmap will be as_oilrig
L 07/06/2022 - 19:35:06: -------- Mapchange to as_oilrig --------
L 07/06/2022 - 19:39:25: -------- Mapchange to de_dust2 --------
L 07/06/2022 - 19:42:08: -------- Mapchange to de_dust2 --------
L 07/06/2022 - 19:45:40: -------- Mapchange to de_dust2 --------
L 07/06/2022 - 19:46:11: -------- Mapchange to de_dust2 --------
L 07/06/2022 - 20:04:12: [mapchooser.amxx] Vote: Voting for the nextmap started
L 07/06/2022 - 20:04:27: [mapchooser.amxx] Vote: Voting for the nextmap finished. The nextmap will be de_airstrip
L 07/06/2022 - 20:06:04: -------- Mapchange to de_dust2 --------
L 07/06/2022 - 20:07:24: -------- Mapchange to de_dust2 --------
L 07/06/2022 - 20:08:49: -------- Mapchange to de_dust2 --------
L 07/06/2022 - 20:26:49: [mapchooser.amxx] Vote: Voting for the nextmap started
L 07/06/2022 - 20:27:04: [mapchooser.amxx] Vote: Voting for the nextmap finished. The nextmap will be cs_havana
L 07/06/2022 - 20:28:58: -------- Mapchange to cs_havana --------
L 07/06/2022 - 20:35:40: -------- Mapchange to cs_havana --------
L 07/06/2022 - 20:36:23: [admincmd.amxx] Cmd: "Counter-Strike 1.6 Server<0><><>" changelevel "de_dust"
L 07/06/2022 - 20:36:25: -------- Mapchange to de_dust --------
L 07/06/2022 - 20:40:51: -------- Mapchange to de_dust2 --------
L 07/06/2022 - 20:41:07: [admincmd.amxx] Cmd: "Counter-Strike 1.6 Server<0><><>" changelevel "de_dust"
L 07/06/2022 - 20:41:09: -------- Mapchange to de_dust --------
L 07/06/2022 - 20:42:09: -------- Mapchange to de_dust2 --------
L 07/06/2022 - 20:44:18: -------- Mapchange to de_dust2 --------
L 07/06/2022 - 20:48:39: -------- Mapchange to de_dust2 --------
L 07/06/2022 - 21:06:40: [mapchooser.amxx] Vote: Voting for the nextmap started
L 07/06/2022 - 21:06:55: [mapchooser.amxx] Vote: Voting for the nextmap finished. The nextmap will be cs_havana
L 07/06/2022 - 21:12:58: -------- Mapchange to cs_havana --------
L 07/06/2022 - 21:30:58: [mapchooser.amxx] Vote: Voting for the nextmap started
L 07/06/2022 - 21:31:13: [mapchooser.amxx] Vote: Voting for the nextmap finished. The nextmap will be de_chateau
L 07/06/2022 - 21:37:15: -------- Mapchange to de_chateau --------
L 07/06/2022 - 23:11:09: -------- Mapchange to de_dust2 --------
L 07/06/2022 - 23:18:32: -------- Mapchange to de_dust2 --------
L 07/06/2022 - 23:19:17: -------- Mapchange to de_dust2 --------
L 07/06/2022 - 23:21:44: -------- Mapchange to de_dust2 --------
L 07/06/2022 - 23:33:17: -------- Mapchange to de_dust2 --------
L 07/06/2022 - 23:36:58: -------- Mapchange to de_dust2 --------
L 07/06/2022 - 23:39:52: -------- Mapchange to de_dust2 --------
L 07/06/2022 - 23:40:24: -------- Mapchange to de_dust2 --------
L 07/06/2022 - 23:45:24: -------- Mapchange to de_dust2 --------
