L 05/03/2022 - 17:38:43: Error:
L 05/03/2022 - 17:38:43: [AMXX] Module is not a valid library (file "cstrike\addons\amxmodx\modules\oo_amxx.dll")
L 05/03/2022 - 17:38:44: -------- Mapchange to de_dust2 --------
L 05/03/2022 - 17:38:54: -------- Mapchange to de_dust2 --------
L 05/03/2022 - 17:40:02: -------- Mapchange to de_dust2 --------
L 05/03/2022 - 17:41:34: -------- Mapchange to de_dust2 --------
L 05/03/2022 - 17:41:35: [contagion.amxx] performance issue. Function Player@Ctor executed more than 1.7ms.
L 05/03/2022 - 17:41:35: [oo.amxx] performance issue. Function native_CreateObject executed more than 7.9ms.
L 05/03/2022 - 17:41:35: [contagion.amxx] performance issue. Function PlayerHandler@Connect executed more than 17.2ms.
L 05/03/2022 - 17:41:35: [oo.amxx] performance issue. Function native_CallMethod executed more than 22.8ms.
L 05/03/2022 - 17:41:35: [contagion.amxx] performance issue. Function client_connectex executed more than 27.3ms.
L 05/03/2022 - 17:42:00: [contagion.amxx] performance issue. Function Player@Disconnect executed more than 1.5ms.
L 05/03/2022 - 17:42:00: [oo.amxx] performance issue. Function native_CallMethod executed more than 3.0ms.
L 05/03/2022 - 17:42:00: [contagion.amxx] performance issue. Function PlayerHandler@Disconnect executed more than 10.3ms.
L 05/03/2022 - 17:42:00: [oo.amxx] performance issue. Function native_CallMethod executed more than 15.4ms.
L 05/03/2022 - 17:42:00: [contagion.amxx] performance issue. Function client_disconnected executed more than 22.9ms.
L 05/03/2022 - 17:42:00: -------- Mapchange to de_dust2 --------
L 05/03/2022 - 17:42:05: -------- Mapchange to de_dust2 --------
L 05/03/2022 - 17:42:14: -------- Mapchange to de_dust2 --------
L 05/03/2022 - 17:44:52: -------- Mapchange to de_dust2 --------
L 05/03/2022 - 17:44:54: -------- Mapchange to de_dust2 --------
L 05/03/2022 - 17:44:58: -------- Mapchange to de_dust2 --------
L 05/03/2022 - 23:11:05: -------- Mapchange to de_dust2 --------
