L 06/08/2022 - 23:20:37: [midnight_clean.amxx] server deleted all data
L 06/08/2022 - 23:20:37: [midnight_clean.amxx] player(1) var reset in game
L 06/08/2022 - 23:20:37: [midnight_clean.amxx] performance issue. Function CheckAndDelete executed more than 38.0ms.
L 06/08/2022 - 23:20:47: [midnight_clean.amxx] performance issue. Function CheckAndDelete executed more than 2.9ms.
L 06/08/2022 - 23:20:57: [midnight_clean.amxx] performance issue. Function CheckAndDelete executed more than 2.5ms.
L 06/08/2022 - 23:21:07: [midnight_clean.amxx] performance issue. Function CheckAndDelete executed more than 2.9ms.
L 06/08/2022 - 23:21:17: [midnight_clean.amxx] performance issue. Function CheckAndDelete executed more than 3.0ms.
L 06/08/2022 - 23:21:27: [midnight_clean.amxx] performance issue. Function CheckAndDelete executed more than 1.8ms.
L 06/08/2022 - 23:21:36: [midnight_clean.amxx] saved data for (STEAM_ID_LAN), value=(0)
L 06/08/2022 - 23:21:36: [midnight_clean.amxx] player(1) var reset in game
L 06/08/2022 - 23:21:36: [midnight_clean.amxx] performance issue. Function client_disconnect executed more than 22.8ms.
L 06/08/2022 - 23:21:36: -------- Mapchange to de_dust2 --------
L 06/08/2022 - 23:21:37: [midnight_clean.amxx] performance issue. Function plugin_init executed more than 4.1ms.
L 06/08/2022 - 23:21:38: [midnight_clean.amxx] loaded data for (STEAM_ID_LAN), value=(0)
L 06/08/2022 - 23:21:38: [midnight_clean.amxx] performance issue. Function client_connect executed more than 2.5ms.
L 06/08/2022 - 23:21:47: [midnight_clean.amxx] performance issue. Function CheckAndDelete executed more than 3.5ms.
L 06/08/2022 - 23:21:57: [midnight_clean.amxx] performance issue. Function CheckAndDelete executed more than 2.7ms.
L 06/08/2022 - 23:22:07: [midnight_clean.amxx] performance issue. Function CheckAndDelete executed more than 3.8ms.
L 06/08/2022 - 23:59:13: [midnight_clean.amxx] performance issue. Function CheckAndDelete executed more than 4.3ms.
L 06/08/2022 - 23:59:23: [midnight_clean.amxx] performance issue. Function CheckAndDelete executed more than 3.6ms.
L 06/08/2022 - 23:59:33: [midnight_clean.amxx] performance issue. Function CheckAndDelete executed more than 3.6ms.
L 06/08/2022 - 23:59:43: [midnight_clean.amxx] performance issue. Function CheckAndDelete executed more than 2.5ms.
L 06/08/2022 - 23:59:53: [midnight_clean.amxx] performance issue. Function CheckAndDelete executed more than 3.6ms.
L 06/08/2022 - 17:19:38: -------- Mapchange to de_dust2 --------
L 06/08/2022 - 17:22:42: -------- Mapchange to de_dust2 --------
L 06/08/2022 - 17:23:14: -------- Mapchange to de_dust2 --------
L 06/08/2022 - 17:23:52: -------- Mapchange to de_dust2 --------
L 06/08/2022 - 17:25:25: -------- Mapchange to de_dust2 --------
L 06/08/2022 - 17:25:32: -------- Mapchange to de_dust2 --------
L 06/08/2022 - 17:25:59: -------- Mapchange to de_dust2 --------
L 06/08/2022 - 17:33:19: -------- Mapchange to de_dust2 --------
L 06/08/2022 - 19:33:20: -------- Mapchange to de_dust2 --------
L 06/08/2022 - 19:33:20: [test_oo.amxx] performance issue. Function oo_init executed more than 2.2ms.
L 06/08/2022 - 19:35:27: -------- Mapchange to de_dust2 --------
L 06/08/2022 - 19:36:07: -------- Mapchange to de_dust2 --------
L 06/08/2022 - 19:36:07: [test_oo.amxx] performance issue. Function plugin_init executed more than 2.2ms.
L 06/08/2022 - 19:38:46: -------- Mapchange to de_dust2 --------
L 06/08/2022 - 19:47:41: -------- Mapchange to de_dust2 --------
L 06/08/2022 - 19:52:51: -------- Mapchange to de_dust2 --------
L 06/08/2022 - 19:53:17: -------- Mapchange to de_dust2 --------
L 06/08/2022 - 19:54:25: -------- Mapchange to de_dust2 --------
L 06/08/2022 - 19:54:26: [test_oo.amxx] performance issue. Function plugin_init executed more than 3.1ms.
L 06/08/2022 - 20:04:08: -------- Mapchange to de_dust2 --------
L 06/08/2022 - 20:04:08: [test_oo.amxx] performance issue. Function plugin_init executed more than 3.8ms.
L 06/08/2022 - 20:09:06: -------- Mapchange to de_dust2 --------
L 06/08/2022 - 20:09:06: [test_oo.amxx] performance issue. Function plugin_init executed more than 3.6ms.
L 06/08/2022 - 20:40:50: -------- Mapchange to de_dust2 --------
L 06/08/2022 - 20:40:50: [test_oo.amxx] performance issue. Function oo_init executed more than 2.8ms.
L 06/08/2022 - 20:40:52: [test_oo.amxx] performance issue. Function plugin_init executed more than 4.7ms.
L 06/08/2022 - 20:41:54: -------- Mapchange to de_dust2 --------
L 06/08/2022 - 20:41:55: [test_oo.amxx] performance issue. Function plugin_init executed more than 4.5ms.
L 06/08/2022 - 20:42:45: -------- Mapchange to de_dust2 --------
L 06/08/2022 - 20:43:10: -------- Mapchange to de_dust2 --------
L 06/08/2022 - 20:43:24: -------- Mapchange to de_dust2 --------
L 06/08/2022 - 20:44:10: -------- Mapchange to de_dust2 --------
L 06/08/2022 - 20:44:10: [test_oo.amxx] performance issue. Function plugin_init executed more than 6.3ms.
L 06/08/2022 - 20:45:53: -------- Mapchange to de_dust2 --------
L 06/08/2022 - 20:45:54: [oo.amxx] performance issue. Function _oo_call_ executed more than 1.5ms.
L 06/08/2022 - 20:45:54: [test_oo.amxx] performance issue. Function plugin_init executed more than 17.4ms.
L 06/08/2022 - 21:10:20: -------- Mapchange to de_dust2 --------
L 06/08/2022 - 21:10:21: [test_oo.amxx] performance issue. Function oo_init executed more than 4.0ms.
L 06/08/2022 - 21:10:23: [oo.amxx] performance issue. Function _oo_call_ executed more than 1.3ms.
L 06/08/2022 - 21:10:23: [test_oo.amxx] performance issue. Function plugin_init executed more than 6.3ms.
L 06/08/2022 - 21:12:19: -------- Mapchange to de_dust2 --------
L 06/08/2022 - 21:12:19: [oo.amxx] performance issue. Function _oo_call_ executed more than 1.3ms.
L 06/08/2022 - 21:12:19: [test_oo.amxx] performance issue. Function plugin_init executed more than 6.3ms.
L 06/08/2022 - 21:13:00: -------- Mapchange to de_dust2 --------
L 06/08/2022 - 21:13:01: [oo.amxx] performance issue. Function _oo_call_ executed more than 1.1ms.
L 06/08/2022 - 21:13:01: [oo.amxx] performance issue. Function _oo_call_ executed more than 1.1ms.
L 06/08/2022 - 21:13:01: [oo.amxx] performance issue. Function _oo_call_ executed more than 2.4ms.
L 06/08/2022 - 21:13:01: [test_oo.amxx] performance issue. Function plugin_init executed more than 42.8ms.
L 06/08/2022 - 21:13:50: -------- Mapchange to de_dust2 --------
L 06/08/2022 - 21:13:51: [oo.amxx] performance issue. Function _oo_call_ executed more than 1.5ms.
L 06/08/2022 - 21:13:51: [test_oo.amxx] performance issue. Function plugin_init executed more than 7.6ms.
L 06/08/2022 - 21:14:20: -------- Mapchange to de_dust2 --------
L 06/08/2022 - 21:14:20: [oo.amxx] performance issue. Function _oo_call_ executed more than 22.2ms.
L 06/08/2022 - 21:14:20: [oo.amxx] performance issue. Function _oo_call_ executed more than 20.2ms.
L 06/08/2022 - 21:14:20: [oo.amxx] performance issue. Function _oo_call_ executed more than 21.9ms.
L 06/08/2022 - 21:14:20: [test_oo.amxx] performance issue. Function plugin_init executed more than 78.3ms.
