L 10/08/2022 - 00:08:50: [mapchooser.amxx] Vote: Voting for the nextmap started
L 10/08/2022 - 00:09:05: [mapchooser.amxx] Vote: Voting for the nextmap finished. The nextmap will be de_airstrip
L 10/08/2022 - 00:11:06: -------- Mapchange to de_airstrip --------
L 10/08/2022 - 00:11:08: [admin.amxx] Login: "spectator`<1><STEAM_0:0:75035875><>" became an admin (account "STEAM_0:0:75035875") (access "abcdefghijklmnopqrstuv") (address "192.168.56.1")
L 10/08/2022 - 00:22:14: -------- Mapchange to de_dust2 --------
L 10/08/2022 - 00:22:39: [admin.amxx] Login: "spectator`<10><STEAM_0:0:75035875><>" became an admin (account "STEAM_0:0:75035875") (access "abcdefghijklmnopqrstuv") (address "192.168.56.1")
L 10/08/2022 - 00:30:35: -------- Mapchange to de_dust2 --------
L 10/08/2022 - 00:30:38: [admin.amxx] Login: "spectator`<1><STEAM_0:0:75035875><>" became an admin (account "STEAM_0:0:75035875") (access "abcdefghijklmnopqrstuv") (address "192.168.56.1")
L 10/08/2022 - 00:31:22: [telemenu.amxx] Cmd: "spectator`<1><STEAM_0:0:75035875><>" teleport "BDM-WhiteViper<7><BOT><>"
L 10/08/2022 - 00:46:45: -------- Mapchange to de_dust2 --------
L 10/08/2022 - 00:46:51: [admin.amxx] Login: "spectator`<1><STEAM_0:0:75035875><>" became an admin (account "STEAM_0:0:75035875") (access "abcdefghijklmnopqrstuv") (address "192.168.56.1")
L 10/08/2022 - 00:47:53: [telemenu.amxx] Cmd: "spectator`<1><STEAM_0:0:75035875><>" teleport "Death Knight<9><BOT><>"
L 10/08/2022 - 01:09:36: -------- Mapchange to de_dust2 --------
L 10/08/2022 - 01:09:49: [admin.amxx] Login: "spectator`<10><STEAM_0:0:75035875><>" became an admin (account "STEAM_0:0:75035875") (access "abcdefghijklmnopqrstuv") (address "192.168.56.1")
L 10/08/2022 - 01:13:20: [telemenu.amxx] Cmd: "spectator`<10><STEAM_0:0:75035875><>" teleport "Buddy101<8><BOT><>"
L 10/08/2022 - 01:14:01: [telemenu.amxx] Cmd: "spectator`<10><STEAM_0:0:75035875><>" teleport "Buddy101<8><BOT><>"
L 10/08/2022 - 01:27:40: [mapchooser.amxx] Vote: Voting for the nextmap started
L 10/08/2022 - 01:27:55: [mapchooser.amxx] Vote: Voting for the nextmap finished. The nextmap will be de_airstrip
L 10/08/2022 - 01:29:51: -------- Mapchange to de_airstrip --------
L 10/08/2022 - 01:47:52: [mapchooser.amxx] Vote: Voting for the nextmap started
L 10/08/2022 - 01:48:07: [mapchooser.amxx] Vote: Voting for the nextmap finished. The nextmap will be cs_havana
L 10/08/2022 - 01:50:02: -------- Mapchange to cs_havana --------
L 10/08/2022 - 02:08:03: [mapchooser.amxx] Vote: Voting for the nextmap started
L 10/08/2022 - 02:08:18: [mapchooser.amxx] Vote: Voting for the nextmap finished. The nextmap will be de_chateau
L 10/08/2022 - 02:10:13: -------- Mapchange to de_chateau --------
L 10/08/2022 - 02:16:36: -------- Mapchange to de_dust2 --------
L 10/08/2022 - 02:16:41: [admin.amxx] Login: "spectator`<1><STEAM_0:0:75035875><>" became an admin (account "STEAM_0:0:75035875") (access "abcdefghijklmnopqrstuv") (address "192.168.56.1")
L 10/08/2022 - 02:17:13: [telemenu.amxx] Cmd: "spectator`<1><STEAM_0:0:75035875><>" teleport "tHeCh0sEn0nE<10><BOT><>"
L 10/08/2022 - 02:21:32: [plmenu.amxx] Cmd: "spectator`<1><STEAM_0:0:75035875><>" slay "aznfaijai<2><BOT><>"
L 10/08/2022 - 02:21:33: [plmenu.amxx] Cmd: "spectator`<1><STEAM_0:0:75035875><>" slay "BDM-WhiteViper<4><BOT><>"
L 10/08/2022 - 02:21:33: [plmenu.amxx] Cmd: "spectator`<1><STEAM_0:0:75035875><>" slay "ksqueakj<5><BOT><>"
L 10/08/2022 - 02:21:34: [plmenu.amxx] Cmd: "spectator`<1><STEAM_0:0:75035875><>" slay "tHeCh0sEn0nE<10><BOT><>"
L 10/08/2022 - 02:28:01: -------- Mapchange to de_dust2 --------
L 10/08/2022 - 02:28:05: [admin.amxx] Login: "spectator`<1><STEAM_0:0:75035875><>" became an admin (account "STEAM_0:0:75035875") (access "abcdefghijklmnopqrstuv") (address "192.168.56.1")
L 10/08/2022 - 02:28:37: [plmenu.amxx] Cmd: "spectator`<1><STEAM_0:0:75035875><>" slay "ksqueakj<2><BOT><>"
L 10/08/2022 - 02:28:38: [plmenu.amxx] Cmd: "spectator`<1><STEAM_0:0:75035875><>" slay "funk<3><BOT><>"
L 10/08/2022 - 02:28:38: [plmenu.amxx] Cmd: "spectator`<1><STEAM_0:0:75035875><>" slay "butterfly<4><BOT><>"
L 10/08/2022 - 02:28:39: [plmenu.amxx] Cmd: "spectator`<1><STEAM_0:0:75035875><>" slay "yoda<6><BOT><>"
L 10/08/2022 - 02:28:39: [plmenu.amxx] Cmd: "spectator`<1><STEAM_0:0:75035875><>" slay "peopleRpoop<7><BOT><>"
L 10/08/2022 - 02:28:40: [plmenu.amxx] Cmd: "spectator`<1><STEAM_0:0:75035875><>" slay "red devil<8><BOT><>"
L 10/08/2022 - 02:28:40: [plmenu.amxx] Cmd: "spectator`<1><STEAM_0:0:75035875><>" slay "The Muffin Man<9><BOT><>"
L 10/08/2022 - 02:28:41: [plmenu.amxx] Cmd: "spectator`<1><STEAM_0:0:75035875><>" slay "Chubbs<10><BOT><>"
L 10/08/2022 - 02:28:51: [telemenu.amxx] Cmd: "spectator`<1><STEAM_0:0:75035875><>" teleport "BDM-WhiteViper<5><BOT><>"
L 10/08/2022 - 02:30:05: [plmenu.amxx] Cmd: "spectator`<1><STEAM_0:0:75035875><>" slay "ksqueakj<2><BOT><>"
L 10/08/2022 - 02:30:06: [plmenu.amxx] Cmd: "spectator`<1><STEAM_0:0:75035875><>" slay "funk<3><BOT><>"
L 10/08/2022 - 02:30:06: [plmenu.amxx] Cmd: "spectator`<1><STEAM_0:0:75035875><>" slay "butterfly<4><BOT><>"
L 10/08/2022 - 02:30:06: [plmenu.amxx] Cmd: "spectator`<1><STEAM_0:0:75035875><>" slay "BDM-WhiteViper<5><BOT><>"
L 10/08/2022 - 02:30:07: [plmenu.amxx] Cmd: "spectator`<1><STEAM_0:0:75035875><>" slay "yoda<6><BOT><>"
L 10/08/2022 - 02:30:08: [plmenu.amxx] Cmd: "spectator`<1><STEAM_0:0:75035875><>" slay "red devil<8><BOT><>"
L 10/08/2022 - 02:30:08: [plmenu.amxx] Cmd: "spectator`<1><STEAM_0:0:75035875><>" slay "Chubbs<10><BOT><>"
L 10/08/2022 - 02:30:18: [telemenu.amxx] Cmd: "spectator`<1><STEAM_0:0:75035875><>" teleport "peopleRpoop<7><BOT><>"
L 10/08/2022 - 02:31:05: [telemenu.amxx] Cmd: "spectator`<1><STEAM_0:0:75035875><>" teleport "peopleRpoop<7><BOT><>"
L 10/08/2022 - 03:19:08: -------- Mapchange to de_dust2 --------
L 10/08/2022 - 03:19:49: -------- Mapchange to de_dust2 --------
L 10/08/2022 - 03:20:10: -------- Mapchange to de_dust2 --------
L 10/08/2022 - 03:28:57: -------- Mapchange to de_dust2 --------
L 10/08/2022 - 03:29:04: [admin.amxx] Login: "spectator`<1><STEAM_0:0:75035875><>" became an admin (account "STEAM_0:0:75035875") (access "abcdefghijklmnopqrstuv") (address "192.168.56.1")
L 10/08/2022 - 03:29:33: [plmenu.amxx] Cmd: "spectator`<1><STEAM_0:0:75035875><>" slap with 5 damage "Major<3><BOT><>"
L 10/08/2022 - 03:29:33: [plmenu.amxx] Cmd: "spectator`<1><STEAM_0:0:75035875><>" slap with 5 damage "vittu<4><BOT><>"
L 10/08/2022 - 03:29:33: [plmenu.amxx] Cmd: "spectator`<1><STEAM_0:0:75035875><>" slap with 5 damage "ffmcobalt<5><BOT><>"
L 10/08/2022 - 03:29:33: [plmenu.amxx] Cmd: "spectator`<1><STEAM_0:0:75035875><>" slap with 5 damage "ewok<6><BOT><>"
L 10/08/2022 - 03:29:34: [plmenu.amxx] Cmd: "spectator`<1><STEAM_0:0:75035875><>" slap with 5 damage "Texas<7><BOT><>"
L 10/08/2022 - 03:29:37: [plmenu.amxx] Cmd: "spectator`<1><STEAM_0:0:75035875><>" slay "Major<3><BOT><>"
L 10/08/2022 - 03:29:38: [plmenu.amxx] Cmd: "spectator`<1><STEAM_0:0:75035875><>" slay "vittu<4><BOT><>"
L 10/08/2022 - 03:29:38: [plmenu.amxx] Cmd: "spectator`<1><STEAM_0:0:75035875><>" slay "ffmcobalt<5><BOT><>"
L 10/08/2022 - 03:29:38: [plmenu.amxx] Cmd: "spectator`<1><STEAM_0:0:75035875><>" slay "ewok<6><BOT><>"
L 10/08/2022 - 03:29:38: [plmenu.amxx] Cmd: "spectator`<1><STEAM_0:0:75035875><>" slay "Texas<7><BOT><>"
L 10/08/2022 - 03:29:39: [plmenu.amxx] Cmd: "spectator`<1><STEAM_0:0:75035875><>" slay "gixsir1000<8><BOT><>"
L 10/08/2022 - 03:29:39: [plmenu.amxx] Cmd: "spectator`<1><STEAM_0:0:75035875><>" slay "Galdalfus<9><BOT><>"
L 10/08/2022 - 03:29:39: [plmenu.amxx] Cmd: "spectator`<1><STEAM_0:0:75035875><>" slay "ultimo101<10><BOT><>"
L 10/08/2022 - 03:29:44: [telemenu.amxx] Cmd: "spectator`<1><STEAM_0:0:75035875><>" teleport "kingkilla<2><BOT><>"
L 10/08/2022 - 03:31:51: [plmenu.amxx] Cmd: "spectator`<1><STEAM_0:0:75035875><>" slay "kingkilla<2><BOT><>"
L 10/08/2022 - 03:31:51: [plmenu.amxx] Cmd: "spectator`<1><STEAM_0:0:75035875><>" slay "Major<3><BOT><>"
L 10/08/2022 - 03:31:52: [plmenu.amxx] Cmd: "spectator`<1><STEAM_0:0:75035875><>" slay "vittu<4><BOT><>"
L 10/08/2022 - 03:31:52: [plmenu.amxx] Cmd: "spectator`<1><STEAM_0:0:75035875><>" slay "ffmcobalt<5><BOT><>"
L 10/08/2022 - 03:31:52: [plmenu.amxx] Cmd: "spectator`<1><STEAM_0:0:75035875><>" slay "ewok<6><BOT><>"
L 10/08/2022 - 03:31:53: [plmenu.amxx] Cmd: "spectator`<1><STEAM_0:0:75035875><>" slay "gixsir1000<8><BOT><>"
L 10/08/2022 - 03:31:54: [plmenu.amxx] Cmd: "spectator`<1><STEAM_0:0:75035875><>" slay "Galdalfus<9><BOT><>"
L 10/08/2022 - 03:31:54: [plmenu.amxx] Cmd: "spectator`<1><STEAM_0:0:75035875><>" slay "ultimo101<10><BOT><>"
L 10/08/2022 - 03:32:08: [telemenu.amxx] Cmd: "spectator`<1><STEAM_0:0:75035875><>" teleport "Texas<7><BOT><>"
L 10/08/2022 - 03:49:18: -------- Mapchange to de_dust2 --------
L 10/08/2022 - 03:49:28: [admin.amxx] Login: "spectator`<6><STEAM_0:0:75035875><>" became an admin (account "STEAM_0:0:75035875") (access "abcdefghijklmnopqrstuv") (address "192.168.56.1")
L 10/08/2022 - 03:49:57: [plmenu.amxx] Cmd: "spectator`<6><STEAM_0:0:75035875><>" slay "bling bling<1><BOT><>"
L 10/08/2022 - 03:49:57: [plmenu.amxx] Cmd: "spectator`<6><STEAM_0:0:75035875><>" slay "[SMUT]DarkDruid<2><BOT><>"
L 10/08/2022 - 03:49:58: [plmenu.amxx] Cmd: "spectator`<6><STEAM_0:0:75035875><>" slay "kirby<3><BOT><>"
L 10/08/2022 - 03:49:58: [plmenu.amxx] Cmd: "spectator`<6><STEAM_0:0:75035875><>" slay "-CARDIAC-<4><BOT><>"
L 10/08/2022 - 03:49:59: [plmenu.amxx] Cmd: "spectator`<6><STEAM_0:0:75035875><>" slay "vittu<5><BOT><>"
L 10/08/2022 - 03:49:59: [plmenu.amxx] Cmd: "spectator`<6><STEAM_0:0:75035875><>" slay "The Muffin Man<7><BOT><>"
L 10/08/2022 - 03:50:01: [plmenu.amxx] Cmd: "spectator`<6><STEAM_0:0:75035875><>" slay "DrEdGe FuEgO<9><BOT><>"
L 10/08/2022 - 03:50:01: [plmenu.amxx] Cmd: "spectator`<6><STEAM_0:0:75035875><>" slay "Fat Matt<10><BOT><>"
L 10/08/2022 - 03:50:04: [telemenu.amxx] Cmd: "spectator`<6><STEAM_0:0:75035875><>" teleport "goat<8><BOT><>"
L 10/08/2022 - 05:34:04: -------- Mapchange to de_dust2 --------
L 10/08/2022 - 05:34:08: [admin.amxx] Login: "spectator`<1><STEAM_0:0:75035875><>" became an admin (account "STEAM_0:0:75035875") (access "abcdefghijklmnopqrstuv") (address "192.168.56.1")
L 10/08/2022 - 05:34:40: [plmenu.amxx] Cmd: "spectator`<1><STEAM_0:0:75035875><>" slay "Wigger Vampire<2><BOT><>"
L 10/08/2022 - 05:34:40: [plmenu.amxx] Cmd: "spectator`<1><STEAM_0:0:75035875><>" slay "HappyKiD<3><BOT><>"
L 10/08/2022 - 05:34:41: [plmenu.amxx] Cmd: "spectator`<1><STEAM_0:0:75035875><>" slay "bunkerking111<4><BOT><>"
L 10/08/2022 - 05:34:41: [plmenu.amxx] Cmd: "spectator`<1><STEAM_0:0:75035875><>" slay "Flying Martini<5><BOT><>"
L 10/08/2022 - 05:34:41: [plmenu.amxx] Cmd: "spectator`<1><STEAM_0:0:75035875><>" slay "Zachalicious<6><BOT><>"
L 10/08/2022 - 05:34:43: [plmenu.amxx] Cmd: "spectator`<1><STEAM_0:0:75035875><>" slay "Ronin Marmot<8><BOT><>"
L 10/08/2022 - 05:34:43: [plmenu.amxx] Cmd: "spectator`<1><STEAM_0:0:75035875><>" slay "bobjones<9><BOT><>"
L 10/08/2022 - 05:34:43: [plmenu.amxx] Cmd: "spectator`<1><STEAM_0:0:75035875><>" slay "omega<10><BOT><>"
L 10/08/2022 - 05:34:50: [telemenu.amxx] Cmd: "spectator`<1><STEAM_0:0:75035875><>" teleport "CheezyPinoy<7><BOT><>"
L 10/08/2022 - 05:35:05: [telemenu.amxx] Cmd: "spectator`<1><STEAM_0:0:75035875><>" teleport "CheezyPinoy<7><BOT><>"
L 10/08/2022 - 05:35:20: [telemenu.amxx] Cmd: "spectator`<1><STEAM_0:0:75035875><>" teleport "CheezyPinoy<7><BOT><>"
L 10/08/2022 - 05:52:08: [mapchooser.amxx] Vote: Voting for the nextmap started
L 10/08/2022 - 05:52:23: [mapchooser.amxx] Vote: Voting for the nextmap finished. The nextmap will be de_airstrip
L 10/08/2022 - 05:54:18: -------- Mapchange to de_airstrip --------
L 10/08/2022 - 06:12:19: [mapchooser.amxx] Vote: Voting for the nextmap started
L 10/08/2022 - 06:12:34: [mapchooser.amxx] Vote: Voting for the nextmap finished. The nextmap will be cs_havana
L 10/08/2022 - 06:14:29: -------- Mapchange to cs_havana --------
L 10/08/2022 - 06:32:30: [mapchooser.amxx] Vote: Voting for the nextmap started
L 10/08/2022 - 06:32:45: [mapchooser.amxx] Vote: Voting for the nextmap finished. The nextmap will be de_chateau
L 10/08/2022 - 06:34:40: -------- Mapchange to de_chateau --------
L 10/08/2022 - 13:09:59: -------- Mapchange to de_dust2 --------
L 10/08/2022 - 13:10:32: [admin.amxx] Login: "spectator`<10><STEAM_0:0:75035875><>" became an admin (account "STEAM_0:0:75035875") (access "abcdefghijklmnopqrstuv") (address "192.168.56.1")
L 10/08/2022 - 13:12:22: [plmenu.amxx] Cmd: "spectator`<10><STEAM_0:0:75035875><>" slay "The Muffin Man<1><BOT><>"
L 10/08/2022 - 13:12:23: [plmenu.amxx] Cmd: "spectator`<10><STEAM_0:0:75035875><>" slay "Dk-Unknown<3><BOT><>"
L 10/08/2022 - 13:12:23: [plmenu.amxx] Cmd: "spectator`<10><STEAM_0:0:75035875><>" slay "aznfaijai<4><BOT><>"
L 10/08/2022 - 13:12:24: [plmenu.amxx] Cmd: "spectator`<10><STEAM_0:0:75035875><>" slay "Slayin<5><BOT><>"
L 10/08/2022 - 13:12:24: [plmenu.amxx] Cmd: "spectator`<10><STEAM_0:0:75035875><>" slay "kirby<6><BOT><>"
L 10/08/2022 - 13:12:24: [plmenu.amxx] Cmd: "spectator`<10><STEAM_0:0:75035875><>" slay "pyr0`<7><BOT><>"
L 10/08/2022 - 13:12:26: [plmenu.amxx] Cmd: "spectator`<10><STEAM_0:0:75035875><>" slay "DarkWarrior<8><BOT><>"
L 10/08/2022 - 13:12:26: [plmenu.amxx] Cmd: "spectator`<10><STEAM_0:0:75035875><>" slay "Mushlafa<9><BOT><>"
L 10/08/2022 - 13:12:29: [telemenu.amxx] Cmd: "spectator`<10><STEAM_0:0:75035875><>" teleport "wiggles<2><BOT><>"
L 10/08/2022 - 13:29:57: [mapchooser.amxx] Vote: Voting for the nextmap started
L 10/08/2022 - 13:30:12: [mapchooser.amxx] Vote: Voting for the nextmap finished. The nextmap will be de_aztec
L 10/08/2022 - 13:49:42: [mapchooser.amxx] Vote: Voting for the nextmap started
L 10/08/2022 - 13:49:57: [mapchooser.amxx] Vote: Voting for the nextmap finished. Map de_dust2 will be extended to next 15 minutes
L 10/08/2022 - 14:25:27: [mapchooser.amxx] Vote: Voting for the nextmap started
L 10/08/2022 - 14:25:42: [mapchooser.amxx] Vote: Voting for the nextmap finished. The nextmap will be de_aztec
L 10/08/2022 - 14:27:41: -------- Mapchange to de_aztec --------
L 10/08/2022 - 14:45:42: [mapchooser.amxx] Vote: Voting for the nextmap started
L 10/08/2022 - 14:45:57: [mapchooser.amxx] Vote: Voting for the nextmap finished. The nextmap will be cs_havana
L 10/08/2022 - 15:30:11: -------- Mapchange to cs_havana --------
L 10/08/2022 - 15:39:33: -------- Mapchange to de_dust2 --------
L 10/08/2022 - 15:39:37: [admin.amxx] Login: "spectator`<1><STEAM_0:0:75035875><>" became an admin (account "STEAM_0:0:75035875") (access "abcdefghijklmnopqrstuv") (address "192.168.56.1")
L 10/08/2022 - 15:40:08: [plmenu.amxx] Cmd: "spectator`<1><STEAM_0:0:75035875><>" slay "BDM-WhiteViper<3><BOT><>"
L 10/08/2022 - 15:40:08: [plmenu.amxx] Cmd: "spectator`<1><STEAM_0:0:75035875><>" slay "Spriggan<4><BOT><>"
L 10/08/2022 - 15:40:09: [plmenu.amxx] Cmd: "spectator`<1><STEAM_0:0:75035875><>" slay "pyr0`<5><BOT><>"
L 10/08/2022 - 15:40:09: [plmenu.amxx] Cmd: "spectator`<1><STEAM_0:0:75035875><>" slay "Ronin Marmot<6><BOT><>"
L 10/08/2022 - 15:40:09: [plmenu.amxx] Cmd: "spectator`<1><STEAM_0:0:75035875><>" slay "Nikolai<7><BOT><>"
L 10/08/2022 - 15:40:16: [telemenu.amxx] Cmd: "spectator`<1><STEAM_0:0:75035875><>" teleport "aznfaijai<2><BOT><>"
L 10/08/2022 - 15:40:55: [plmenu.amxx] Cmd: "spectator`<1><STEAM_0:0:75035875><>" slay "aznfaijai<2><BOT><>"
L 10/08/2022 - 15:40:55: [plmenu.amxx] Cmd: "spectator`<1><STEAM_0:0:75035875><>" slay "BDM-WhiteViper<3><BOT><>"
L 10/08/2022 - 15:40:56: [plmenu.amxx] Cmd: "spectator`<1><STEAM_0:0:75035875><>" slay "Spriggan<4><BOT><>"
L 10/08/2022 - 15:40:57: [plmenu.amxx] Cmd: "spectator`<1><STEAM_0:0:75035875><>" slay "pyr0`<5><BOT><>"
L 10/08/2022 - 15:40:57: [plmenu.amxx] Cmd: "spectator`<1><STEAM_0:0:75035875><>" slay "Ronin Marmot<6><BOT><>"
L 10/08/2022 - 15:40:59: [plmenu.amxx] Cmd: "spectator`<1><STEAM_0:0:75035875><>" slay "yoshi<8><BOT><>"
L 10/08/2022 - 15:40:59: [plmenu.amxx] Cmd: "spectator`<1><STEAM_0:0:75035875><>" slay "bunkerking111<10><BOT><>"
L 10/08/2022 - 15:41:05: [telemenu.amxx] Cmd: "spectator`<1><STEAM_0:0:75035875><>" teleport "Zachalicious<9><BOT><>"
L 10/08/2022 - 15:42:34: -------- Mapchange to de_dust2 --------
L 10/08/2022 - 15:42:37: [admin.amxx] Login: "spectator`<1><STEAM_0:0:75035875><>" became an admin (account "STEAM_0:0:75035875") (access "abcdefghijklmnopqrstuv") (address "192.168.56.1")
L 10/08/2022 - 15:43:45: [plmenu.amxx] Cmd: "spectator`<1><STEAM_0:0:75035875><>" slay "blueguile<2><BOT><>"
L 10/08/2022 - 15:43:46: [plmenu.amxx] Cmd: "spectator`<1><STEAM_0:0:75035875><>" slay "The Muffin Man<5><BOT><>"
L 10/08/2022 - 15:43:46: [plmenu.amxx] Cmd: "spectator`<1><STEAM_0:0:75035875><>" slay "Ronin Marmot<6><BOT><>"
L 10/08/2022 - 15:43:47: [plmenu.amxx] Cmd: "spectator`<1><STEAM_0:0:75035875><>" slay "Slayin<7><BOT><>"
L 10/08/2022 - 15:43:48: [plmenu.amxx] Cmd: "spectator`<1><STEAM_0:0:75035875><>" slay "alldritc<8><BOT><>"
L 10/08/2022 - 15:43:49: [plmenu.amxx] Cmd: "spectator`<1><STEAM_0:0:75035875><>" slay "bling bling<10><BOT><>"
L 10/08/2022 - 15:43:53: [telemenu.amxx] Cmd: "spectator`<1><STEAM_0:0:75035875><>" teleport "dead weight<3><BOT><>"
L 10/08/2022 - 15:52:47: -------- Mapchange to de_dust2 --------
L 10/08/2022 - 15:52:50: [admin.amxx] Login: "spectator`<1><STEAM_0:0:75035875><>" became an admin (account "STEAM_0:0:75035875") (access "abcdefghijklmnopqrstuv") (address "192.168.56.1")
L 10/08/2022 - 15:53:23: [plmenu.amxx] Cmd: "spectator`<1><STEAM_0:0:75035875><>" slay "Twinner<2><BOT><>"
L 10/08/2022 - 15:53:23: [plmenu.amxx] Cmd: "spectator`<1><STEAM_0:0:75035875><>" slay "wind<3><BOT><>"
L 10/08/2022 - 15:53:24: [plmenu.amxx] Cmd: "spectator`<1><STEAM_0:0:75035875><>" slay "un4given<4><BOT><>"
L 10/08/2022 - 15:53:24: [plmenu.amxx] Cmd: "spectator`<1><STEAM_0:0:75035875><>" slay "k0h0<5><BOT><>"
L 10/08/2022 - 15:53:26: [plmenu.amxx] Cmd: "spectator`<1><STEAM_0:0:75035875><>" slay "CheezyPinoy<8><BOT><>"
L 10/08/2022 - 15:53:26: [plmenu.amxx] Cmd: "spectator`<1><STEAM_0:0:75035875><>" slay "Firestorm<9><BOT><>"
L 10/08/2022 - 15:53:27: [plmenu.amxx] Cmd: "spectator`<1><STEAM_0:0:75035875><>" slay "Anthology<10><BOT><>"
L 10/08/2022 - 15:53:31: [telemenu.amxx] Cmd: "spectator`<1><STEAM_0:0:75035875><>" teleport "joem91606<7><BOT><>"
L 10/08/2022 - 15:55:01: -------- Mapchange to de_dust2 --------
L 10/08/2022 - 15:55:04: [admin.amxx] Login: "spectator`<1><STEAM_0:0:75035875><>" became an admin (account "STEAM_0:0:75035875") (access "abcdefghijklmnopqrstuv") (address "192.168.56.1")
L 10/08/2022 - 15:55:36: [plmenu.amxx] Cmd: "spectator`<1><STEAM_0:0:75035875><>" slay "DevilScream<2><BOT><>"
L 10/08/2022 - 15:55:36: [plmenu.amxx] Cmd: "spectator`<1><STEAM_0:0:75035875><>" slay "iamblazed<3><BOT><>"
L 10/08/2022 - 15:55:37: [plmenu.amxx] Cmd: "spectator`<1><STEAM_0:0:75035875><>" slay "AfluffyKitten<6><BOT><>"
L 10/08/2022 - 15:55:37: [plmenu.amxx] Cmd: "spectator`<1><STEAM_0:0:75035875><>" slay "aliendewd1<7><BOT><>"
L 10/08/2022 - 15:55:38: [plmenu.amxx] Cmd: "spectator`<1><STEAM_0:0:75035875><>" slay "Smok3<8><BOT><>"
L 10/08/2022 - 15:55:38: [plmenu.amxx] Cmd: "spectator`<1><STEAM_0:0:75035875><>" slay "Chrono<10><BOT><>"
L 10/08/2022 - 15:55:38: [plmenu.amxx] Cmd: "spectator`<1><STEAM_0:0:75035875><>" slay "007<9><BOT><>"
L 10/08/2022 - 15:55:44: [telemenu.amxx] Cmd: "spectator`<1><STEAM_0:0:75035875><>" teleport "dawgz<4><BOT><>"
L 10/08/2022 - 15:56:11: [telemenu.amxx] Cmd: "spectator`<1><STEAM_0:0:75035875><>" teleport "dawgz<4><BOT><>"
L 10/08/2022 - 16:13:04: [mapchooser.amxx] Vote: Voting for the nextmap started
L 10/08/2022 - 16:13:19: [mapchooser.amxx] Vote: Voting for the nextmap finished. The nextmap will be de_airstrip
L 10/08/2022 - 16:15:14: -------- Mapchange to de_airstrip --------
L 10/08/2022 - 16:15:16: [admin.amxx] Login: "spectator`<1><STEAM_0:0:75035875><>" became an admin (account "STEAM_0:0:75035875") (access "abcdefghijklmnopqrstuv") (address "192.168.56.1")
L 10/08/2022 - 16:33:15: [mapchooser.amxx] Vote: Voting for the nextmap started
L 10/08/2022 - 16:33:30: [mapchooser.amxx] Vote: Voting for the nextmap finished. Map de_airstrip will be extended to next 15 minutes
L 10/08/2022 - 17:06:03: -------- Mapchange to de_dust2 --------
L 10/08/2022 - 17:07:11: -------- Mapchange to de_dust2 --------
L 10/08/2022 - 17:07:21: [admin.amxx] Login: "spectator`<19><STEAM_0:0:75035875><>" became an admin (account "STEAM_0:0:75035875") (access "abcdefghijklmnopqrstuv") (address "192.168.56.1")
L 10/08/2022 - 17:07:42: [plmenu.amxx] Cmd: "spectator`<19><STEAM_0:0:75035875><>" slay "[Saber]Psycho<11><BOT><>"
L 10/08/2022 - 17:07:42: [plmenu.amxx] Cmd: "spectator`<19><STEAM_0:0:75035875><>" slay "Flying Martini<12><BOT><>"
L 10/08/2022 - 17:07:42: [plmenu.amxx] Cmd: "spectator`<19><STEAM_0:0:75035875><>" slay "shooterman<13><BOT><>"
L 10/08/2022 - 17:07:42: [plmenu.amxx] Cmd: "spectator`<19><STEAM_0:0:75035875><>" slay "Gilroy<14><BOT><>"
L 10/08/2022 - 17:07:43: [plmenu.amxx] Cmd: "spectator`<19><STEAM_0:0:75035875><>" slay "MeRCeNaRy<15><BOT><>"
L 10/08/2022 - 17:07:43: [plmenu.amxx] Cmd: "spectator`<19><STEAM_0:0:75035875><>" slay "aznfaijai<16><BOT><>"
L 10/08/2022 - 17:07:45: [plmenu.amxx] Cmd: "spectator`<19><STEAM_0:0:75035875><>" slay "joem91606<17><BOT><>"
L 10/08/2022 - 17:07:45: [plmenu.amxx] Cmd: "spectator`<19><STEAM_0:0:75035875><>" slay "Mushlafa<18><BOT><>"
L 10/08/2022 - 17:07:52: [telemenu.amxx] Cmd: "spectator`<19><STEAM_0:0:75035875><>" teleport "ultimo101<10><BOT><>"
L 10/08/2022 - 17:11:23: -------- Mapchange to de_dust2 --------
L 10/08/2022 - 17:11:26: [admin.amxx] Login: "spectator`<1><STEAM_0:0:75035875><>" became an admin (account "STEAM_0:0:75035875") (access "abcdefghijklmnopqrstuv") (address "192.168.56.1")
L 10/08/2022 - 17:11:36: [plmenu.amxx] Cmd: "spectator`<1><STEAM_0:0:75035875><>" slay "AfluffyKitten<3><BOT><>"
L 10/08/2022 - 17:11:37: [plmenu.amxx] Cmd: "spectator`<1><STEAM_0:0:75035875><>" slay "tHeCh0sEn0nE<4><BOT><>"
L 10/08/2022 - 17:11:37: [plmenu.amxx] Cmd: "spectator`<1><STEAM_0:0:75035875><>" slay "thunder<5><BOT><>"
L 10/08/2022 - 17:11:37: [plmenu.amxx] Cmd: "spectator`<1><STEAM_0:0:75035875><>" slay "SaVaGe_RuBy<6><BOT><>"
L 10/08/2022 - 17:11:38: [plmenu.amxx] Cmd: "spectator`<1><STEAM_0:0:75035875><>" slay "ultimo101<7><BOT><>"
L 10/08/2022 - 17:11:39: [plmenu.amxx] Cmd: "spectator`<1><STEAM_0:0:75035875><>" slay "pyr0`<8><BOT><>"
L 10/08/2022 - 17:11:39: [plmenu.amxx] Cmd: "spectator`<1><STEAM_0:0:75035875><>" slay "Galdalfus<9><BOT><>"
L 10/08/2022 - 17:11:40: [plmenu.amxx] Cmd: "spectator`<1><STEAM_0:0:75035875><>" slay "miesso<10><BOT><>"
L 10/08/2022 - 17:11:52: [telemenu.amxx] Cmd: "spectator`<1><STEAM_0:0:75035875><>" teleport "Death Knight<2><BOT><>"
L 10/08/2022 - 17:16:24: -------- Mapchange to de_dust2 --------
L 10/08/2022 - 17:16:27: [admin.amxx] Login: "spectator`<1><STEAM_0:0:75035875><>" became an admin (account "STEAM_0:0:75035875") (access "abcdefghijklmnopqrstuv") (address "192.168.56.1")
L 10/08/2022 - 17:16:39: [plmenu.amxx] Cmd: "spectator`<1><STEAM_0:0:75035875><>" slay "vittu<3><BOT><>"
L 10/08/2022 - 17:16:39: [plmenu.amxx] Cmd: "spectator`<1><STEAM_0:0:75035875><>" slay "Brandon<4><BOT><>"
L 10/08/2022 - 17:16:40: [plmenu.amxx] Cmd: "spectator`<1><STEAM_0:0:75035875><>" slay "-CARDIAC-<5><BOT><>"
L 10/08/2022 - 17:16:40: [plmenu.amxx] Cmd: "spectator`<1><STEAM_0:0:75035875><>" slay "funk<6><BOT><>"
L 10/08/2022 - 17:16:40: [plmenu.amxx] Cmd: "spectator`<1><STEAM_0:0:75035875><>" slay "thunder<7><BOT><>"
L 10/08/2022 - 17:16:41: [plmenu.amxx] Cmd: "spectator`<1><STEAM_0:0:75035875><>" slay "-=Sh0rTy=-<8><BOT><>"
L 10/08/2022 - 17:16:42: [plmenu.amxx] Cmd: "spectator`<1><STEAM_0:0:75035875><>" slay "Dk-Unknown<9><BOT><>"
L 10/08/2022 - 17:16:42: [plmenu.amxx] Cmd: "spectator`<1><STEAM_0:0:75035875><>" slay "alldritc<10><BOT><>"
L 10/08/2022 - 17:16:52: [telemenu.amxx] Cmd: "spectator`<1><STEAM_0:0:75035875><>" teleport "CheezyPinoy<2><BOT><>"
L 10/08/2022 - 17:18:50: -------- Mapchange to de_dust2 --------
L 10/08/2022 - 17:18:54: [admin.amxx] Login: "spectator`<1><STEAM_0:0:75035875><>" became an admin (account "STEAM_0:0:75035875") (access "abcdefghijklmnopqrstuv") (address "192.168.56.1")
L 10/08/2022 - 17:19:21: [plmenu.amxx] Cmd: "spectator`<1><STEAM_0:0:75035875><>" slay "waeldreegia<3><BOT><>"
L 10/08/2022 - 17:19:21: [plmenu.amxx] Cmd: "spectator`<1><STEAM_0:0:75035875><>" slay "Tator<4><BOT><>"
L 10/08/2022 - 17:19:21: [plmenu.amxx] Cmd: "spectator`<1><STEAM_0:0:75035875><>" slay "Helios<5><BOT><>"
L 10/08/2022 - 17:19:22: [plmenu.amxx] Cmd: "spectator`<1><STEAM_0:0:75035875><>" slay "aznfaijai<6><BOT><>"
L 10/08/2022 - 17:19:22: [plmenu.amxx] Cmd: "spectator`<1><STEAM_0:0:75035875><>" slay "ultimo101<7><BOT><>"
L 10/08/2022 - 17:19:23: [plmenu.amxx] Cmd: "spectator`<1><STEAM_0:0:75035875><>" slay "Dori<8><BOT><>"
L 10/08/2022 - 17:19:24: [plmenu.amxx] Cmd: "spectator`<1><STEAM_0:0:75035875><>" slay "-=Sh0rTy=-<9><BOT><>"
L 10/08/2022 - 17:19:24: [plmenu.amxx] Cmd: "spectator`<1><STEAM_0:0:75035875><>" slay "gixsir1000<10><BOT><>"
L 10/08/2022 - 17:19:32: [telemenu.amxx] Cmd: "spectator`<1><STEAM_0:0:75035875><>" teleport "thecounter_king<2><BOT><>"
L 10/08/2022 - 17:24:10: -------- Mapchange to de_dust2 --------
L 10/08/2022 - 17:24:13: [admin.amxx] Login: "spectator`<1><STEAM_0:0:75035875><>" became an admin (account "STEAM_0:0:75035875") (access "abcdefghijklmnopqrstuv") (address "192.168.56.1")
L 10/08/2022 - 17:24:29: [plmenu.amxx] Cmd: "spectator`<1><STEAM_0:0:75035875><>" slay "-=Sh0rTy=-<2><BOT><>"
L 10/08/2022 - 17:24:30: [plmenu.amxx] Cmd: "spectator`<1><STEAM_0:0:75035875><>" slay "thunder<3><BOT><>"
L 10/08/2022 - 17:24:30: [plmenu.amxx] Cmd: "spectator`<1><STEAM_0:0:75035875><>" slay "ksqueakj<4><BOT><>"
L 10/08/2022 - 17:24:31: [plmenu.amxx] Cmd: "spectator`<1><STEAM_0:0:75035875><>" slay "HappyKiD<6><BOT><>"
L 10/08/2022 - 17:24:31: [plmenu.amxx] Cmd: "spectator`<1><STEAM_0:0:75035875><>" slay "Dk-Unknown<7><BOT><>"
L 10/08/2022 - 17:24:32: [plmenu.amxx] Cmd: "spectator`<1><STEAM_0:0:75035875><>" slay "thecounter_king<8><BOT><>"
L 10/08/2022 - 17:24:32: [plmenu.amxx] Cmd: "spectator`<1><STEAM_0:0:75035875><>" slay "kaosbob<9><BOT><>"
L 10/08/2022 - 17:24:33: [plmenu.amxx] Cmd: "spectator`<1><STEAM_0:0:75035875><>" slay "[Saber]Psycho<10><BOT><>"
L 10/08/2022 - 17:24:42: [telemenu.amxx] Cmd: "spectator`<1><STEAM_0:0:75035875><>" teleport "Hextor<5><BOT><>"
L 10/08/2022 - 17:35:04: -------- Mapchange to de_dust2 --------
L 10/08/2022 - 17:35:07: [admin.amxx] Login: "spectator`<1><STEAM_0:0:75035875><>" became an admin (account "STEAM_0:0:75035875") (access "abcdefghijklmnopqrstuv") (address "192.168.56.1")
L 10/08/2022 - 17:36:23: [plmenu.amxx] Cmd: "spectator`<1><STEAM_0:0:75035875><>" slay "Sh0oTeR<3><BOT><>"
L 10/08/2022 - 17:36:23: [plmenu.amxx] Cmd: "spectator`<1><STEAM_0:0:75035875><>" slay "Fat Matt<4><BOT><>"
L 10/08/2022 - 17:36:23: [plmenu.amxx] Cmd: "spectator`<1><STEAM_0:0:75035875><>" slay ".e7`~Silent<5><BOT><>"
L 10/08/2022 - 17:36:24: [plmenu.amxx] Cmd: "spectator`<1><STEAM_0:0:75035875><>" slay "kaosbob<6><BOT><>"
L 10/08/2022 - 17:36:24: [plmenu.amxx] Cmd: "spectator`<1><STEAM_0:0:75035875><>" slay "gixsir1000<7><BOT><>"
L 10/08/2022 - 17:36:24: [plmenu.amxx] Cmd: "spectator`<1><STEAM_0:0:75035875><>" slay "bob<8><BOT><>"
L 10/08/2022 - 17:36:25: [plmenu.amxx] Cmd: "spectator`<1><STEAM_0:0:75035875><>" slay "Magnus<9><BOT><>"
L 10/08/2022 - 17:36:25: [plmenu.amxx] Cmd: "spectator`<1><STEAM_0:0:75035875><>" slay "miesso<10><BOT><>"
L 10/08/2022 - 17:36:36: [telemenu.amxx] Cmd: "spectator`<1><STEAM_0:0:75035875><>" teleport "Buddy101<2><BOT><>"
L 10/08/2022 - 17:37:15: [plmenu.amxx] Cmd: "spectator`<1><STEAM_0:0:75035875><>" slay "Sh0oTeR<3><BOT><>"
L 10/08/2022 - 17:37:16: [plmenu.amxx] Cmd: "spectator`<1><STEAM_0:0:75035875><>" slay "Fat Matt<4><BOT><>"
L 10/08/2022 - 17:37:16: [plmenu.amxx] Cmd: "spectator`<1><STEAM_0:0:75035875><>" slay ".e7`~Silent<5><BOT><>"
L 10/08/2022 - 17:37:16: [plmenu.amxx] Cmd: "spectator`<1><STEAM_0:0:75035875><>" slay "kaosbob<6><BOT><>"
L 10/08/2022 - 17:37:16: [plmenu.amxx] Cmd: "spectator`<1><STEAM_0:0:75035875><>" slay "gixsir1000<7><BOT><>"
L 10/08/2022 - 17:37:17: [plmenu.amxx] Cmd: "spectator`<1><STEAM_0:0:75035875><>" slay "bob<8><BOT><>"
L 10/08/2022 - 17:37:17: [plmenu.amxx] Cmd: "spectator`<1><STEAM_0:0:75035875><>" slay "Magnus<9><BOT><>"
L 10/08/2022 - 17:37:17: [plmenu.amxx] Cmd: "spectator`<1><STEAM_0:0:75035875><>" slay "miesso<10><BOT><>"
L 10/08/2022 - 17:37:24: [telemenu.amxx] Cmd: "spectator`<1><STEAM_0:0:75035875><>" teleport "Buddy101<2><BOT><>"
L 10/08/2022 - 17:43:16: -------- Mapchange to de_dust2 --------
L 10/08/2022 - 17:43:19: [admin.amxx] Login: "spectator`<1><STEAM_0:0:75035875><>" became an admin (account "STEAM_0:0:75035875") (access "abcdefghijklmnopqrstuv") (address "192.168.56.1")
L 10/08/2022 - 17:43:34: [plmenu.amxx] Cmd: "spectator`<1><STEAM_0:0:75035875><>" slay "simslater<3><BOT><>"
L 10/08/2022 - 17:43:34: [plmenu.amxx] Cmd: "spectator`<1><STEAM_0:0:75035875><>" slay "kaosbob<4><BOT><>"
L 10/08/2022 - 17:43:35: [plmenu.amxx] Cmd: "spectator`<1><STEAM_0:0:75035875><>" slay "DROP DEAD FRED<5><BOT><>"
L 10/08/2022 - 17:43:35: [plmenu.amxx] Cmd: "spectator`<1><STEAM_0:0:75035875><>" slay "Fat Matt<7><BOT><>"
L 10/08/2022 - 17:43:37: [plmenu.amxx] Cmd: "spectator`<1><STEAM_0:0:75035875><>" slap with 0 damage "rolo123<6><BOT><>"
L 10/08/2022 - 17:43:40: [plmenu.amxx] Cmd: "spectator`<1><STEAM_0:0:75035875><>" slap with 0 damage "rolo123<6><BOT><>"
L 10/08/2022 - 17:43:44: [plmenu.amxx] Cmd: "spectator`<1><STEAM_0:0:75035875><>" slay "bisTEK<8><BOT><>"
L 10/08/2022 - 17:43:45: [plmenu.amxx] Cmd: "spectator`<1><STEAM_0:0:75035875><>" slay "FatManMGS2<9><BOT><>"
L 10/08/2022 - 17:43:45: [plmenu.amxx] Cmd: "spectator`<1><STEAM_0:0:75035875><>" slay "bunkerking111<10><BOT><>"
L 10/08/2022 - 17:43:47: [plmenu.amxx] Cmd: "spectator`<1><STEAM_0:0:75035875><>" slay "rolo123<6><BOT><>"
L 10/08/2022 - 17:44:04: [telemenu.amxx] Cmd: "spectator`<1><STEAM_0:0:75035875><>" teleport "AttAckA<2><BOT><>"
L 10/08/2022 - 17:51:33: -------- Mapchange to de_dust2 --------
L 10/08/2022 - 17:51:41: [admin.amxx] Login: "spectator`<2><STEAM_0:0:75035875><>" became an admin (account "STEAM_0:0:75035875") (access "abcdefghijklmnopqrstuv") (address "192.168.56.1")
L 10/08/2022 - 17:52:00: [plmenu.amxx] Cmd: "spectator`<2><STEAM_0:0:75035875><>" slay "Twinner<3><BOT><>"
L 10/08/2022 - 17:52:00: [plmenu.amxx] Cmd: "spectator`<2><STEAM_0:0:75035875><>" slay "Texas<4><BOT><>"
L 10/08/2022 - 17:52:00: [plmenu.amxx] Cmd: "spectator`<2><STEAM_0:0:75035875><>" slay "butterfly<5><BOT><>"
L 10/08/2022 - 17:52:01: [plmenu.amxx] Cmd: "spectator`<2><STEAM_0:0:75035875><>" slay "shooterman<6><BOT><>"
L 10/08/2022 - 17:52:01: [plmenu.amxx] Cmd: "spectator`<2><STEAM_0:0:75035875><>" slay "eGGfOO<7><BOT><>"
L 10/08/2022 - 17:52:03: [plmenu.amxx] Cmd: "spectator`<2><STEAM_0:0:75035875><>" slay "gixsir1000<8><BOT><>"
L 10/08/2022 - 17:52:04: [plmenu.amxx] Cmd: "spectator`<2><STEAM_0:0:75035875><>" slay "thunder<9><BOT><>"
L 10/08/2022 - 17:52:04: [plmenu.amxx] Cmd: "spectator`<2><STEAM_0:0:75035875><>" slay "articwolf<10><BOT><>"
L 10/08/2022 - 17:52:15: [telemenu.amxx] Cmd: "spectator`<2><STEAM_0:0:75035875><>" teleport "dawgz<1><BOT><>"
L 10/08/2022 - 17:53:22: [plmenu.amxx] Cmd: "spectator`<2><STEAM_0:0:75035875><>" slay "Twinner<3><BOT><>"
L 10/08/2022 - 17:53:22: [plmenu.amxx] Cmd: "spectator`<2><STEAM_0:0:75035875><>" slay "Texas<4><BOT><>"
L 10/08/2022 - 17:53:22: [plmenu.amxx] Cmd: "spectator`<2><STEAM_0:0:75035875><>" slay "butterfly<5><BOT><>"
L 10/08/2022 - 17:53:23: [plmenu.amxx] Cmd: "spectator`<2><STEAM_0:0:75035875><>" slay "shooterman<6><BOT><>"
L 10/08/2022 - 17:53:23: [plmenu.amxx] Cmd: "spectator`<2><STEAM_0:0:75035875><>" slay "eGGfOO<7><BOT><>"
L 10/08/2022 - 17:53:24: [plmenu.amxx] Cmd: "spectator`<2><STEAM_0:0:75035875><>" slay "gixsir1000<8><BOT><>"
L 10/08/2022 - 17:53:24: [plmenu.amxx] Cmd: "spectator`<2><STEAM_0:0:75035875><>" slay "thunder<9><BOT><>"
L 10/08/2022 - 17:53:24: [plmenu.amxx] Cmd: "spectator`<2><STEAM_0:0:75035875><>" slay "articwolf<10><BOT><>"
L 10/08/2022 - 17:53:32: [telemenu.amxx] Cmd: "spectator`<2><STEAM_0:0:75035875><>" teleport "dawgz<1><BOT><>"
L 10/08/2022 - 17:58:36: -------- Mapchange to de_dust2 --------
L 10/08/2022 - 17:58:39: [admin.amxx] Login: "spectator`<1><STEAM_0:0:75035875><>" became an admin (account "STEAM_0:0:75035875") (access "abcdefghijklmnopqrstuv") (address "192.168.56.1")
L 10/08/2022 - 17:58:52: [plmenu.amxx] Cmd: "spectator`<1><STEAM_0:0:75035875><>" slay "BorHor<3><BOT><>"
L 10/08/2022 - 17:58:52: [plmenu.amxx] Cmd: "spectator`<1><STEAM_0:0:75035875><>" slay "Jonny Matrix<4><BOT><>"
L 10/08/2022 - 17:58:52: [plmenu.amxx] Cmd: "spectator`<1><STEAM_0:0:75035875><>" slay "Counerstrike1<5><BOT><>"
L 10/08/2022 - 17:58:52: [plmenu.amxx] Cmd: "spectator`<1><STEAM_0:0:75035875><>" slay "vittu<6><BOT><>"
L 10/08/2022 - 17:58:53: [plmenu.amxx] Cmd: "spectator`<1><STEAM_0:0:75035875><>" slay "Nihility<7><BOT><>"
L 10/08/2022 - 17:58:53: [plmenu.amxx] Cmd: "spectator`<1><STEAM_0:0:75035875><>" slay "Slayin<8><BOT><>"
L 10/08/2022 - 17:58:54: [plmenu.amxx] Cmd: "spectator`<1><STEAM_0:0:75035875><>" slay "HappyKiD<9><BOT><>"
L 10/08/2022 - 17:58:54: [plmenu.amxx] Cmd: "spectator`<1><STEAM_0:0:75035875><>" slay "xUTxJackFrost<10><BOT><>"
L 10/08/2022 - 18:15:52: -------- Mapchange to de_dust2 --------
L 10/08/2022 - 18:15:58: [admin.amxx] Login: "spectator`<1><STEAM_0:0:75035875><>" became an admin (account "STEAM_0:0:75035875") (access "abcdefghijklmnopqrstuv") (address "192.168.56.1")
L 10/08/2022 - 18:16:10: [plmenu.amxx] Cmd: "spectator`<1><STEAM_0:0:75035875><>" slay "Brandon<2><BOT><>"
L 10/08/2022 - 18:16:10: [plmenu.amxx] Cmd: "spectator`<1><STEAM_0:0:75035875><>" slay "Nihility<3><BOT><>"
L 10/08/2022 - 18:16:11: [plmenu.amxx] Cmd: "spectator`<1><STEAM_0:0:75035875><>" slay "Wigger Vampire<4><BOT><>"
L 10/08/2022 - 18:16:11: [plmenu.amxx] Cmd: "spectator`<1><STEAM_0:0:75035875><>" slay "jakejake<5><BOT><>"
L 10/08/2022 - 18:16:12: [plmenu.amxx] Cmd: "spectator`<1><STEAM_0:0:75035875><>" slay "HappyKiD<7><BOT><>"
L 10/08/2022 - 18:16:13: [plmenu.amxx] Cmd: "spectator`<1><STEAM_0:0:75035875><>" slay "Gilroy<8><BOT><>"
L 10/08/2022 - 18:16:14: [plmenu.amxx] Cmd: "spectator`<1><STEAM_0:0:75035875><>" slay "bussemann<9><BOT><>"
L 10/08/2022 - 18:16:14: [plmenu.amxx] Cmd: "spectator`<1><STEAM_0:0:75035875><>" slay "alldritc<10><BOT><>"
L 10/08/2022 - 18:16:33: [telemenu.amxx] Cmd: "spectator`<1><STEAM_0:0:75035875><>" teleport "omega<6><BOT><>"
L 10/08/2022 - 18:16:59: [plmenu.amxx] Cmd: "spectator`<1><STEAM_0:0:75035875><>" slay "Brandon<2><BOT><>"
L 10/08/2022 - 18:16:59: [plmenu.amxx] Cmd: "spectator`<1><STEAM_0:0:75035875><>" slay "Nihility<3><BOT><>"
L 10/08/2022 - 18:17:00: [plmenu.amxx] Cmd: "spectator`<1><STEAM_0:0:75035875><>" slay "Wigger Vampire<4><BOT><>"
L 10/08/2022 - 18:17:00: [plmenu.amxx] Cmd: "spectator`<1><STEAM_0:0:75035875><>" slay "jakejake<5><BOT><>"
L 10/08/2022 - 18:17:00: [plmenu.amxx] Cmd: "spectator`<1><STEAM_0:0:75035875><>" slay "omega<6><BOT><>"
L 10/08/2022 - 18:17:02: [plmenu.amxx] Cmd: "spectator`<1><STEAM_0:0:75035875><>" slay "Gilroy<8><BOT><>"
L 10/08/2022 - 18:17:02: [plmenu.amxx] Cmd: "spectator`<1><STEAM_0:0:75035875><>" slay "bussemann<9><BOT><>"
L 10/08/2022 - 18:17:03: [plmenu.amxx] Cmd: "spectator`<1><STEAM_0:0:75035875><>" slay "alldritc<10><BOT><>"
L 10/08/2022 - 18:33:54: [mapchooser.amxx] Vote: Voting for the nextmap started
L 10/08/2022 - 18:34:09: [mapchooser.amxx] Vote: Voting for the nextmap finished. The nextmap will be de_airstrip
L 10/08/2022 - 18:36:04: -------- Mapchange to de_airstrip --------
L 10/08/2022 - 18:54:04: [mapchooser.amxx] Vote: Voting for the nextmap started
L 10/08/2022 - 18:54:20: [mapchooser.amxx] Vote: Voting for the nextmap finished. The nextmap will be cs_havana
L 10/08/2022 - 18:56:14: -------- Mapchange to cs_havana --------
L 10/08/2022 - 19:14:15: [mapchooser.amxx] Vote: Voting for the nextmap started
L 10/08/2022 - 19:14:30: [mapchooser.amxx] Vote: Voting for the nextmap finished. The nextmap will be de_chateau
L 10/08/2022 - 19:16:25: -------- Mapchange to de_chateau --------
L 10/08/2022 - 19:34:25: [mapchooser.amxx] Vote: Voting for the nextmap started
L 10/08/2022 - 19:34:40: [mapchooser.amxx] Vote: Voting for the nextmap finished. The nextmap will be de_aztec
L 10/08/2022 - 19:36:34: -------- Mapchange to de_aztec --------
L 10/08/2022 - 19:54:35: [mapchooser.amxx] Vote: Voting for the nextmap started
L 10/08/2022 - 19:54:50: [mapchooser.amxx] Vote: Voting for the nextmap finished. The nextmap will be as_oilrig
L 10/08/2022 - 19:56:45: -------- Mapchange to as_oilrig --------
L 10/08/2022 - 20:14:45: [mapchooser.amxx] Vote: Voting for the nextmap started
L 10/08/2022 - 20:15:01: [mapchooser.amxx] Vote: Voting for the nextmap finished. The nextmap will be cs_siege
L 10/08/2022 - 20:16:55: -------- Mapchange to cs_siege --------
L 10/08/2022 - 20:34:56: [mapchooser.amxx] Vote: Voting for the nextmap started
L 10/08/2022 - 20:35:11: [mapchooser.amxx] Vote: Voting for the nextmap finished. The nextmap will be de_cbble
L 10/08/2022 - 20:37:05: -------- Mapchange to de_cbble --------
L 10/08/2022 - 20:55:06: [mapchooser.amxx] Vote: Voting for the nextmap started
L 10/08/2022 - 20:55:21: [mapchooser.amxx] Vote: Voting for the nextmap finished. The nextmap will be de_dust
L 10/08/2022 - 20:57:16: -------- Mapchange to de_dust --------
L 10/08/2022 - 21:15:17: [mapchooser.amxx] Vote: Voting for the nextmap started
L 10/08/2022 - 21:15:32: [mapchooser.amxx] Vote: Voting for the nextmap finished. The nextmap will be cs_747
L 10/08/2022 - 21:17:26: -------- Mapchange to cs_747 --------
L 10/08/2022 - 21:35:27: [mapchooser.amxx] Vote: Voting for the nextmap started
L 10/08/2022 - 21:35:42: [mapchooser.amxx] Vote: Voting for the nextmap finished. The nextmap will be de_prodigy
L 10/08/2022 - 21:37:36: -------- Mapchange to de_prodigy --------
L 10/08/2022 - 21:55:37: [mapchooser.amxx] Vote: Voting for the nextmap started
L 10/08/2022 - 21:55:52: [mapchooser.amxx] Vote: Voting for the nextmap finished. The nextmap will be cs_assault
L 10/08/2022 - 21:57:46: -------- Mapchange to cs_assault --------
L 10/08/2022 - 22:15:47: [mapchooser.amxx] Vote: Voting for the nextmap started
L 10/08/2022 - 22:16:02: [mapchooser.amxx] Vote: Voting for the nextmap finished. The nextmap will be cs_office
L 10/08/2022 - 22:17:57: -------- Mapchange to cs_office --------
