L 04/05/2022 - 00:21:33: -------- Mapchange to de_dust2 --------
L 04/05/2022 - 00:21:33: [CSX] Could not load csstats file: cstrike\addons\amxmodx\data\csstats.dat
L 04/05/2022 - 00:21:38: -------- Mapchange to de_dust2 --------
L 04/05/2022 - 00:21:38: [CSX] Could not load csstats file: cstrike\addons\amxmodx\data\csstats.dat
L 04/05/2022 - 00:53:37: -------- Mapchange to de_dust2 --------
L 04/05/2022 - 00:53:38: [CSX] Could not load csstats file: cstrike\addons\amxmodx\data\csstats.dat
L 04/05/2022 - 01:27:35: -------- Mapchange to de_dust2 --------
L 04/05/2022 - 01:27:35: [CSX] Could not load csstats file: cstrike\addons\amxmodx\data\csstats.dat
L 04/05/2022 - 01:28:07: -------- Mapchange to de_dust2 --------
L 04/05/2022 - 01:28:07: [CSX] Could not load csstats file: cstrike\addons\amxmodx\data\csstats.dat
L 04/05/2022 - 01:28:07: [oo_test.amxx] performance issue. Function plugin_init executed more than 2.2ms.
L 04/05/2022 - 01:29:15: -------- Mapchange to de_dust2 --------
L 04/05/2022 - 01:29:15: [CSX] Could not load csstats file: cstrike\addons\amxmodx\data\csstats.dat
L 04/05/2022 - 01:29:15: [oo_test.amxx] performance issue. Function plugin_init executed more than 2.0ms.
L 04/05/2022 - 01:33:12: -------- Mapchange to de_dust2 --------
L 04/05/2022 - 01:33:12: [CSX] Could not load csstats file: cstrike\addons\amxmodx\data\csstats.dat
L 04/05/2022 - 01:33:12: [oo_test.amxx] performance issue. Function plugin_init executed more than 3.0ms.
L 04/05/2022 - 01:37:48: -------- Mapchange to de_dust2 --------
L 04/05/2022 - 01:37:48: [CSX] Could not load csstats file: cstrike\addons\amxmodx\data\csstats.dat
L 04/05/2022 - 01:37:49: [oo_test.amxx] performance issue. Function plugin_init executed more than 1.5ms.
L 04/05/2022 - 01:38:58: -------- Mapchange to de_dust2 --------
L 04/05/2022 - 01:38:58: [CSX] Could not load csstats file: cstrike\addons\amxmodx\data\csstats.dat
L 04/05/2022 - 01:38:59: [oo_test.amxx] performance issue. Function plugin_init executed more than 3.0ms.
L 04/05/2022 - 01:43:31: -------- Mapchange to de_dust2 --------
L 04/05/2022 - 01:43:32: [CSX] Could not load csstats file: cstrike\addons\amxmodx\data\csstats.dat
L 04/05/2022 - 01:43:32: [oo_test.amxx] performance issue. Function plugin_init executed more than 1.3ms.
L 04/05/2022 - 01:46:42: -------- Mapchange to de_dust2 --------
L 04/05/2022 - 01:46:42: [CSX] Could not load csstats file: cstrike\addons\amxmodx\data\csstats.dat
L 04/05/2022 - 01:46:43: [oo_test.amxx] performance issue. Function plugin_init executed more than 1.5ms.
L 04/05/2022 - 01:48:02: -------- Mapchange to de_dust2 --------
L 04/05/2022 - 01:48:02: [CSX] Could not load csstats file: cstrike\addons\amxmodx\data\csstats.dat
L 04/05/2022 - 01:48:03: [oo_test.amxx] performance issue. Function plugin_init executed more than 1.6ms.
L 04/05/2022 - 01:50:50: -------- Mapchange to de_dust2 --------
L 04/05/2022 - 01:50:50: [CSX] Could not load csstats file: cstrike\addons\amxmodx\data\csstats.dat
L 04/05/2022 - 01:50:51: [oo_test.amxx] performance issue. Function plugin_init executed more than 9.1ms.
L 04/05/2022 - 01:51:44: -------- Mapchange to de_dust2 --------
L 04/05/2022 - 01:51:44: [CSX] Could not load csstats file: cstrike\addons\amxmodx\data\csstats.dat
L 04/05/2022 - 01:51:45: [oo_test.amxx] performance issue. Function plugin_init executed more than 1.8ms.
L 04/05/2022 - 01:54:13: -------- Mapchange to de_dust2 --------
L 04/05/2022 - 01:54:13: [CSX] Could not load csstats file: cstrike\addons\amxmodx\data\csstats.dat
L 04/05/2022 - 01:54:13: [oo_test.amxx] performance issue. Function plugin_init executed more than 1.1ms.
L 04/05/2022 - 01:57:21: -------- Mapchange to de_dust2 --------
L 04/05/2022 - 01:57:21: [CSX] Could not load csstats file: cstrike\addons\amxmodx\data\csstats.dat
L 04/05/2022 - 01:57:22: [oo_test.amxx] performance issue. Function plugin_init executed more than 5.0ms.
L 04/05/2022 - 01:59:55: -------- Mapchange to de_dust2 --------
L 04/05/2022 - 01:59:55: [CSX] Could not load csstats file: cstrike\addons\amxmodx\data\csstats.dat
L 04/05/2022 - 01:59:55: [oo_test.amxx] performance issue. Function oo_init executed more than 2.5ms.
L 04/05/2022 - 02:00:32: -------- Mapchange to de_dust2 --------
L 04/05/2022 - 02:00:32: [oo_test.amxx] performance issue. Function oo_init executed more than 6.0ms.
L 04/05/2022 - 02:02:17: -------- Mapchange to de_dust2 --------
L 04/05/2022 - 02:02:17: [oo_test.amxx] performance issue. Function oo_init executed more than 1.3ms.
L 04/05/2022 - 02:05:04: -------- Mapchange to de_dust2 --------
L 04/05/2022 - 02:05:05: [oo_test.amxx] performance issue. Function oo_init executed more than 6.1ms.
L 04/05/2022 - 02:07:45: -------- Mapchange to de_dust2 --------
L 04/05/2022 - 02:07:45: [oo_test.amxx] performance issue. Function oo_init executed more than 3.2ms.
L 04/05/2022 - 02:07:48: [oo_test2.amxx] performance issue. Function CmdTestOO executed more than 6.7ms.
L 04/05/2022 - 02:08:17: -------- Mapchange to de_dust2 --------
L 04/05/2022 - 02:08:17: [oo_test.amxx] performance issue. Function oo_init executed more than 7.2ms.
L 04/05/2022 - 02:08:20: [oo_test2.amxx] performance issue. Function CmdTestOO executed more than 30.7ms.
L 04/05/2022 - 02:08:58: -------- Mapchange to de_dust2 --------
L 04/05/2022 - 02:08:58: [oo_test.amxx] performance issue. Function oo_init executed more than 4.1ms.
L 04/05/2022 - 09:56:03: -------- Mapchange to de_dust2 --------
L 04/05/2022 - 09:59:46: -------- Mapchange to de_dust2 --------
L 04/05/2022 - 10:01:41: -------- Mapchange to de_dust2 --------
L 04/05/2022 - 10:03:44: -------- Mapchange to de_dust2 --------
L 04/05/2022 - 10:04:47: -------- Mapchange to de_dust2 --------
L 04/05/2022 - 10:05:16: -------- Mapchange to de_dust2 --------
L 04/05/2022 - 10:09:46: -------- Mapchange to de_dust2 --------
L 04/05/2022 - 10:10:22: -------- Mapchange to de_dust2 --------
L 04/05/2022 - 10:10:22: [oo_test.amxx] performance issue. Function oo_init executed more than 3.7ms.
L 04/05/2022 - 10:58:30: -------- Mapchange to de_dust2 --------
L 04/05/2022 - 10:58:30: [oo_test.amxx] performance issue. Function oo_init executed more than 4.9ms.
L 04/05/2022 - 11:02:07: -------- Mapchange to de_dust2 --------
L 04/05/2022 - 11:02:07: [oo_test.amxx] performance issue. Function oo_init executed more than 31.6ms.
L 04/05/2022 - 11:02:14: [oo_test2.amxx] performance issue. Function CmdTestOO executed more than 40.8ms.
L 04/05/2022 - 11:06:47: -------- Mapchange to de_dust2 --------
L 04/05/2022 - 11:06:47: [oo_test.amxx] performance issue. Function oo_init executed more than 30.0ms.
L 04/05/2022 - 11:06:51: [oo_test2.amxx] performance issue. Function CmdTestOO executed more than 48.1ms.
L 04/05/2022 - 11:07:26: [oo_test2.amxx] performance issue. Function CmdTestOO executed more than 39.8ms.
L 04/05/2022 - 11:07:45: [oo_test2.amxx] performance issue. Function CmdTestOO executed more than 46.4ms.
L 04/05/2022 - 11:22:26: -------- Mapchange to de_dust2 --------
L 04/05/2022 - 11:22:26: [oo_test.amxx] performance issue. Function oo_init executed more than 31.3ms.
L 04/05/2022 - 13:24:16: -------- Mapchange to de_dust2 --------
L 04/05/2022 - 13:24:17: [oo_test.amxx] performance issue. Function oo_init executed more than 1.3ms.
L 04/05/2022 - 13:32:54: -------- Mapchange to de_dust2 --------
L 04/05/2022 - 13:37:34: [oo_test2.amxx] performance issue. Function CmdTestOO executed more than 49.0ms.
L 04/05/2022 - 13:38:07: -------- Mapchange to de_dust2 --------
L 04/05/2022 - 13:39:54: -------- Mapchange to de_dust2 --------
L 04/05/2022 - 13:39:58: [oo_test2.amxx] performance issue. Function CmdTestOO executed more than 5.3ms.
L 04/05/2022 - 13:41:24: -------- Mapchange to de_dust2 --------
L 04/05/2022 - 13:41:26: [oo_test2.amxx] performance issue. Function CmdTestOO executed more than 5.0ms.
L 04/05/2022 - 13:54:46: [oo_test2.amxx] performance issue. Function CmdTestOO executed more than 4.6ms.
L 04/05/2022 - 14:19:12: -------- Mapchange to de_dust2 --------
L 04/05/2022 - 14:19:15: [contagion.amxx] performance issue. Function oo_init executed more than 2.8ms.
L 04/05/2022 - 14:19:15: [ctg_zombie.amxx] performance issue. Function plugin_precache executed more than 8.3ms.
L 04/05/2022 - 14:19:15: [ctg_human.amxx] performance issue. Function plugin_precache executed more than 3.2ms.
L 04/05/2022 - 14:19:33: -------- Mapchange to de_dust2 --------
L 04/05/2022 - 14:19:33: [contagion.amxx] performance issue. Function oo_init executed more than 1.0ms.
L 04/05/2022 - 14:19:33: [ctg_zombie.amxx] performance issue. Function oo_init executed more than 1.2ms.
L 04/05/2022 - 14:19:33: [ctg_zombie.amxx] performance issue. Function plugin_precache executed more than 5.6ms.
L 04/05/2022 - 14:19:33: [ctg_human.amxx] performance issue. Function plugin_precache executed more than 3.4ms.
L 04/05/2022 - 14:21:56: -------- Mapchange to de_dust2 --------
L 04/05/2022 - 14:21:57: [contagion.amxx] performance issue. Function oo_init executed more than 1.0ms.
L 04/05/2022 - 14:21:57: [ctg_zombie.amxx] performance issue. Function plugin_precache executed more than 5.4ms.
L 04/05/2022 - 14:21:57: [ctg_human.amxx] performance issue. Function plugin_precache executed more than 5.5ms.
L 04/05/2022 - 14:24:56: -------- Mapchange to de_dust2 --------
L 04/05/2022 - 14:26:52: -------- Mapchange to de_dust2 --------
L 04/05/2022 - 14:26:58: -------- Mapchange to de_dust2 --------
L 04/05/2022 - 14:37:37: -------- Mapchange to de_dust2 --------
L 04/05/2022 - 14:37:37: [contagion.amxx] performance issue. Function oo_init executed more than 2.8ms.
L 04/05/2022 - 14:38:31: -------- Mapchange to de_dust2 --------
L 04/05/2022 - 14:38:31: [contagion.amxx] performance issue. Function plugin_precache executed more than 1.4ms.
L 04/05/2022 - 14:40:19: -------- Mapchange to de_dust2 --------
L 04/05/2022 - 14:40:19: [contagion.amxx] performance issue. Function plugin_precache executed more than 1.2ms.
L 04/05/2022 - 14:46:49: -------- Mapchange to de_dust2 --------
L 04/05/2022 - 14:46:50: [oo_test.amxx] performance issue. Function oo_init executed more than 1.5ms.
L 04/05/2022 - 14:46:50: [contagion.amxx] performance issue. Function plugin_precache executed more than 1.1ms.
L 04/05/2022 - 14:57:19: -------- Mapchange to de_dust2 --------
L 04/05/2022 - 14:57:19: [contagion.amxx] performance issue. Function plugin_precache executed more than 1.1ms.
L 04/05/2022 - 14:58:35: -------- Mapchange to de_dust2 --------
L 04/05/2022 - 14:58:36: [contagion.amxx] performance issue. Function plugin_precache executed more than 3.1ms.
L 04/05/2022 - 15:00:01: -------- Mapchange to de_dust2 --------
L 04/05/2022 - 15:00:01: [contagion.amxx] performance issue. Function plugin_precache executed more than 1.0ms.
L 04/05/2022 - 15:02:15: -------- Mapchange to de_dust2 --------
L 04/05/2022 - 15:02:16: [contagion.amxx] performance issue. Function plugin_precache executed more than 1.3ms.
L 04/05/2022 - 15:05:46: -------- Mapchange to de_dust2 --------
L 04/05/2022 - 15:20:01: -------- Mapchange to de_dust2 --------
L 04/05/2022 - 15:20:01: [contagion.amxx] performance issue. Function plugin_precache executed more than 2.1ms.
L 04/05/2022 - 16:05:28: -------- Mapchange to de_dust2 --------
L 04/05/2022 - 16:05:36: -------- Mapchange to de_dust2 --------
L 04/05/2022 - 16:05:36: [contagion.amxx] performance issue. Function plugin_precache executed more than 1.1ms.
L 04/05/2022 - 16:28:30: -------- Mapchange to de_dust2 --------
L 04/05/2022 - 16:28:52: -------- Mapchange to de_dust2 --------
L 04/05/2022 - 16:28:52: [contagion.amxx] performance issue. Function plugin_precache executed more than 1.1ms.
L 04/05/2022 - 16:32:22: -------- Mapchange to de_dust2 --------
L 04/05/2022 - 16:34:52: -------- Mapchange to de_dust2 --------
L 04/05/2022 - 16:34:52: [contagion.amxx] performance issue. Function plugin_precache executed more than 1.3ms.
L 04/05/2022 - 16:48:13: -------- Mapchange to de_dust2 --------
L 04/05/2022 - 16:48:14: [contagion.amxx] performance issue. Function plugin_precache executed more than 1.1ms.
L 04/05/2022 - 16:48:36: -------- Mapchange to de_dust2 --------
L 04/05/2022 - 16:48:36: [contagion.amxx] performance issue. Function plugin_precache executed more than 1.2ms.
L 04/05/2022 - 16:51:29: -------- Mapchange to de_dust2 --------
L 04/05/2022 - 16:51:29: [contagion.amxx] performance issue. Function plugin_precache executed more than 1.3ms.
L 04/05/2022 - 16:53:14: -------- Mapchange to de_dust2 --------
L 04/05/2022 - 16:53:14: [contagion.amxx] performance issue. Function plugin_precache executed more than 1.2ms.
L 04/05/2022 - 16:56:50: -------- Mapchange to de_dust2 --------
L 04/05/2022 - 16:57:21: -------- Mapchange to de_dust2 --------
L 04/05/2022 - 16:57:22: [oo_test.amxx] performance issue. Function oo_init executed more than 18.0ms.
L 04/05/2022 - 16:57:22: [contagion.amxx] performance issue. Function plugin_precache executed more than 3.6ms.
L 04/05/2022 - 17:00:01: -------- Mapchange to de_dust2 --------
L 04/05/2022 - 17:09:50: -------- Mapchange to de_dust2 --------
L 04/05/2022 - 17:09:50: [contagion.amxx] performance issue. Function plugin_precache executed more than 1.3ms.
L 04/05/2022 - 17:09:50: [ctg_zombie.amxx] performance issue. Function plugin_precache executed more than 60.9ms.
L 04/05/2022 - 17:11:38: -------- Mapchange to de_dust2 --------
L 04/05/2022 - 17:11:38: [ctg_zombie.amxx] performance issue. Function plugin_precache executed more than 48.0ms.
L 04/05/2022 - 17:13:58: -------- Mapchange to de_dust2 --------
L 04/05/2022 - 17:13:58: [contagion.amxx] performance issue. Function plugin_precache executed more than 1.3ms.
L 04/05/2022 - 17:13:58: [ctg_zombie.amxx] performance issue. Function plugin_precache executed more than 61.6ms.
L 04/05/2022 - 17:15:38: -------- Mapchange to de_dust2 --------
L 04/05/2022 - 17:15:39: [ctg_zombie.amxx] performance issue. Function plugin_precache executed more than 59.4ms.
L 04/05/2022 - 17:23:08: -------- Mapchange to de_dust2 --------
L 04/05/2022 - 17:23:08: [contagion.amxx] performance issue. Function plugin_precache executed more than 1.1ms.
L 04/05/2022 - 17:23:08: [ctg_zombie.amxx] performance issue. Function plugin_precache executed more than 72.9ms.
L 04/05/2022 - 17:32:01: -------- Mapchange to de_dust2 --------
L 04/05/2022 - 17:32:02: [ctg_zombie.amxx] performance issue. Function plugin_precache executed more than 47.7ms.
L 04/05/2022 - 17:33:28: -------- Mapchange to de_dust2 --------
L 04/05/2022 - 17:33:28: [oo_test.amxx] performance issue. Function oo_init executed more than 1.0ms.
L 04/05/2022 - 17:33:28: [contagion.amxx] performance issue. Function plugin_precache executed more than 1.4ms.
L 04/05/2022 - 17:33:28: [ctg_zombie.amxx] performance issue. Function plugin_precache executed more than 80.5ms.
L 04/05/2022 - 17:35:02: -------- Mapchange to de_dust2 --------
L 04/05/2022 - 17:35:02: [contagion.amxx] performance issue. Function plugin_precache executed more than 1.1ms.
L 04/05/2022 - 17:35:03: [ctg_zombie.amxx] performance issue. Function plugin_precache executed more than 89.1ms.
L 04/05/2022 - 17:36:50: -------- Mapchange to de_dust2 --------
L 04/05/2022 - 17:36:50: [contagion.amxx] performance issue. Function plugin_precache executed more than 1.6ms.
L 04/05/2022 - 17:36:50: [ctg_zombie.amxx] performance issue. Function plugin_precache executed more than 70.6ms.
L 04/05/2022 - 17:39:42: -------- Mapchange to de_dust2 --------
L 04/05/2022 - 17:39:42: [ctg_zombie.amxx] performance issue. Function plugin_precache executed more than 45.7ms.
L 04/05/2022 - 17:39:43: [contagion.amxx] performance issue. Function plugin_init executed more than 6.5ms.
L 04/05/2022 - 17:41:00: -------- Mapchange to de_dust2 --------
L 04/05/2022 - 17:41:00: [oo_test.amxx] performance issue. Function oo_init executed more than 1.1ms.
L 04/05/2022 - 17:41:00: [contagion.amxx] performance issue. Function oo_init executed more than 1.2ms.
L 04/05/2022 - 17:41:01: [ctg_zombie.amxx] performance issue. Function plugin_precache executed more than 43.6ms.
L 04/05/2022 - 17:41:01: [contagion.amxx] performance issue. Function plugin_init executed more than 4.7ms.
L 04/05/2022 - 17:41:51: -------- Mapchange to de_dust2 --------
L 04/05/2022 - 17:41:51: [contagion.amxx] performance issue. Function oo_init executed more than 1.2ms.
L 04/05/2022 - 17:41:52: [ctg_zombie.amxx] performance issue. Function plugin_precache executed more than 42.2ms.
L 04/05/2022 - 17:41:52: [contagion.amxx] performance issue. Function plugin_init executed more than 4.4ms.
L 04/05/2022 - 17:56:16: -------- Mapchange to de_dust2 --------
L 04/05/2022 - 17:56:17: [ctg_zombie.amxx] performance issue. Function plugin_precache executed more than 2.6ms.
L 04/05/2022 - 17:56:30: -------- Mapchange to de_dust2 --------
L 04/05/2022 - 17:56:30: [ctg_zombie.amxx] performance issue. Function plugin_precache executed more than 2.3ms.
L 04/05/2022 - 17:56:30: [ctg_human.amxx] performance issue. Function plugin_precache executed more than 3.0ms.
L 04/05/2022 - 17:57:28: -------- Mapchange to de_dust2 --------
L 04/05/2022 - 17:57:29: [ctg_zombie.amxx] performance issue. Function plugin_precache executed more than 3.9ms.
L 04/05/2022 - 17:57:29: [ctg_human.amxx] performance issue. Function plugin_precache executed more than 7.1ms.
L 04/05/2022 - 17:57:29: [contagion.amxx] performance issue. Function plugin_init executed more than 1.1ms.
L 04/05/2022 - 18:01:14: -------- Mapchange to de_dust2 --------
L 04/05/2022 - 18:01:15: [ctg_zombie.amxx] performance issue. Function plugin_precache executed more than 5.9ms.
L 04/05/2022 - 18:01:15: [ctg_human.amxx] performance issue. Function plugin_precache executed more than 4.0ms.
L 04/05/2022 - 18:01:15: [contagion.amxx] performance issue. Function plugin_init executed more than 1.2ms.
L 04/05/2022 - 18:02:45: -------- Mapchange to de_dust2 --------
L 04/05/2022 - 18:02:45: [ctg_zombie.amxx] performance issue. Function plugin_precache executed more than 8.1ms.
L 04/05/2022 - 18:02:45: [ctg_human.amxx] performance issue. Function plugin_precache executed more than 7.0ms.
L 04/05/2022 - 18:02:45: [contagion.amxx] performance issue. Function plugin_init executed more than 4.4ms.
L 04/05/2022 - 18:03:19: -------- Mapchange to de_dust2 --------
L 04/05/2022 - 18:03:19: [contagion.amxx] performance issue. Function oo_init executed more than 2.1ms.
L 04/05/2022 - 18:03:19: [ctg_zombie.amxx] performance issue. Function plugin_precache executed more than 9.0ms.
L 04/05/2022 - 18:03:19: [ctg_human.amxx] performance issue. Function plugin_precache executed more than 5.0ms.
L 04/05/2022 - 18:03:20: [contagion.amxx] performance issue. Function plugin_init executed more than 6.8ms.
L 04/05/2022 - 18:05:55: -------- Mapchange to de_dust2 --------
L 04/05/2022 - 18:05:55: [contagion.amxx] performance issue. Function oo_init executed more than 1.1ms.
L 04/05/2022 - 18:05:55: [ctg_zombie.amxx] performance issue. Function plugin_precache executed more than 4.7ms.
L 04/05/2022 - 18:05:55: [ctg_human.amxx] performance issue. Function plugin_precache executed more than 5.4ms.
L 04/05/2022 - 18:05:55: [contagion.amxx] performance issue. Function plugin_init executed more than 3.4ms.
L 04/05/2022 - 18:07:15: -------- Mapchange to de_dust2 --------
L 04/05/2022 - 18:07:15: [contagion.amxx] performance issue. Function oo_init executed more than 1.0ms.
L 04/05/2022 - 18:07:15: [ctg_zombie.amxx] performance issue. Function plugin_precache executed more than 6.3ms.
L 04/05/2022 - 18:07:15: [ctg_human.amxx] performance issue. Function plugin_precache executed more than 9.4ms.
L 04/05/2022 - 18:07:16: [contagion.amxx] performance issue. Function plugin_init executed more than 3.6ms.
L 04/05/2022 - 18:08:14: -------- Mapchange to de_dust2 --------
L 04/05/2022 - 18:08:14: [oo_test.amxx] performance issue. Function oo_init executed more than 1.3ms.
L 04/05/2022 - 18:08:14: [contagion.amxx] performance issue. Function oo_init executed more than 1.3ms.
L 04/05/2022 - 18:08:15: [ctg_human.amxx] performance issue. Function oo_init executed more than 1.7ms.
L 04/05/2022 - 18:08:15: [ctg_zombie.amxx] performance issue. Function plugin_precache executed more than 10.5ms.
L 04/05/2022 - 18:08:15: [ctg_human.amxx] performance issue. Function plugin_precache executed more than 13.1ms.
L 04/05/2022 - 18:08:15: [contagion.amxx] performance issue. Function plugin_init executed more than 38.9ms.
L 04/05/2022 - 18:10:01: -------- Mapchange to de_dust2 --------
L 04/05/2022 - 18:10:01: [ctg_zombie.amxx] performance issue. Function plugin_precache executed more than 19.9ms.
L 04/05/2022 - 18:10:01: [ctg_human.amxx] performance issue. Function plugin_precache executed more than 18.3ms.
L 04/05/2022 - 18:10:02: [contagion.amxx] performance issue. Function plugin_init executed more than 5.2ms.
L 04/05/2022 - 18:11:34: -------- Mapchange to de_dust2 --------
L 04/05/2022 - 18:11:34: [ctg_zombie.amxx] performance issue. Function plugin_precache executed more than 9.7ms.
L 04/05/2022 - 18:11:34: [ctg_human.amxx] performance issue. Function plugin_precache executed more than 8.9ms.
L 04/05/2022 - 18:11:35: [contagion.amxx] performance issue. Function plugin_init executed more than 4.0ms.
L 04/05/2022 - 18:11:44: -------- Mapchange to de_dust2 --------
L 04/05/2022 - 18:11:44: [contagion.amxx] performance issue. Function oo_init executed more than 1.8ms.
L 04/05/2022 - 18:11:44: [ctg_zombie.amxx] performance issue. Function plugin_precache executed more than 13.1ms.
L 04/05/2022 - 18:11:44: [ctg_human.amxx] performance issue. Function plugin_precache executed more than 14.5ms.
L 04/05/2022 - 18:11:45: [contagion.amxx] performance issue. Function plugin_init executed more than 5.7ms.
L 04/05/2022 - 18:12:24: -------- Mapchange to de_dust2 --------
L 04/05/2022 - 18:12:24: [ctg_zombie.amxx] performance issue. Function plugin_precache executed more than 20.5ms.
L 04/05/2022 - 18:12:24: [ctg_human.amxx] performance issue. Function plugin_precache executed more than 11.4ms.
L 04/05/2022 - 18:12:24: [contagion.amxx] performance issue. Function plugin_init executed more than 7.1ms.
L 04/05/2022 - 18:13:30: -------- Mapchange to de_dust2 --------
L 04/05/2022 - 18:13:30: [ctg_human.amxx] performance issue. Function oo_init executed more than 1.3ms.
L 04/05/2022 - 18:13:31: [ctg_zombie.amxx] performance issue. Function plugin_precache executed more than 67.7ms.
L 04/05/2022 - 18:13:31: [ctg_human.amxx] performance issue. Function plugin_precache executed more than 14.8ms.
L 04/05/2022 - 18:13:31: [contagion.amxx] performance issue. Function plugin_init executed more than 6.3ms.
L 04/05/2022 - 18:16:10: -------- Mapchange to de_dust2 --------
L 04/05/2022 - 18:16:10: [ctg_zombie.amxx] performance issue. Function plugin_precache executed more than 30.6ms.
L 04/05/2022 - 18:16:10: [ctg_human.amxx] performance issue. Function plugin_precache executed more than 16.5ms.
L 04/05/2022 - 18:16:11: [contagion.amxx] performance issue. Function plugin_init executed more than 4.8ms.
L 04/05/2022 - 18:19:35: -------- Mapchange to de_dust2 --------
L 04/05/2022 - 18:19:36: [ctg_zombie.amxx] performance issue. Function plugin_precache executed more than 12.0ms.
L 04/05/2022 - 18:19:36: [ctg_human.amxx] performance issue. Function plugin_precache executed more than 9.6ms.
L 04/05/2022 - 18:19:36: [contagion.amxx] performance issue. Function plugin_init executed more than 3.2ms.
L 04/05/2022 - 18:19:49: -------- Mapchange to de_dust2 --------
L 04/05/2022 - 18:19:49: [oo_test.amxx] performance issue. Function oo_init executed more than 1.3ms.
L 04/05/2022 - 18:19:49: [contagion.amxx] performance issue. Function oo_init executed more than 1.7ms.
L 04/05/2022 - 18:19:50: [ctg_zombie.amxx] performance issue. Function plugin_precache executed more than 16.4ms.
L 04/05/2022 - 18:19:50: [ctg_human.amxx] performance issue. Function plugin_precache executed more than 11.9ms.
L 04/05/2022 - 18:19:50: [contagion.amxx] performance issue. Function plugin_init executed more than 6.2ms.
L 04/05/2022 - 18:23:32: -------- Mapchange to de_dust2 --------
L 04/05/2022 - 18:23:33: [ctg_zombie.amxx] performance issue. Function plugin_precache executed more than 45.0ms.
L 04/05/2022 - 18:23:33: [ctg_human.amxx] performance issue. Function plugin_precache executed more than 46.5ms.
L 04/05/2022 - 18:23:33: [contagion.amxx] performance issue. Function plugin_init executed more than 5.2ms.
L 04/05/2022 - 18:30:52: -------- Mapchange to de_dust2 --------
L 04/05/2022 - 18:30:52: [contagion.amxx] performance issue. Function oo_init executed more than 2.2ms.
L 04/05/2022 - 18:30:53: [ctg_zombie.amxx] performance issue. Function plugin_precache executed more than 47.5ms.
L 04/05/2022 - 18:30:53: [ctg_human.amxx] performance issue. Function plugin_precache executed more than 49.1ms.
L 04/05/2022 - 18:30:53: [contagion.amxx] performance issue. Function plugin_init executed more than 4.8ms.
L 04/05/2022 - 18:33:24: -------- Mapchange to de_dust2 --------
L 04/05/2022 - 18:33:24: [oo_test.amxx] performance issue. Function oo_init executed more than 1.5ms.
L 04/05/2022 - 18:33:24: [contagion.amxx] performance issue. Function oo_init executed more than 7.7ms.
L 04/05/2022 - 18:33:25: [ctg_zombie.amxx] performance issue. Function plugin_precache executed more than 50.8ms.
L 04/05/2022 - 18:33:25: [ctg_human.amxx] performance issue. Function plugin_precache executed more than 46.0ms.
L 04/05/2022 - 18:33:25: [contagion.amxx] performance issue. Function plugin_init executed more than 11.8ms.
L 04/05/2022 - 18:34:15: -------- Mapchange to de_dust2 --------
L 04/05/2022 - 18:34:15: [contagion.amxx] performance issue. Function oo_init executed more than 12.0ms.
L 04/05/2022 - 18:34:15: [ctg_zombie.amxx] performance issue. Function plugin_precache executed more than 60.3ms.
L 04/05/2022 - 18:34:15: [ctg_human.amxx] performance issue. Function plugin_precache executed more than 37.7ms.
L 04/05/2022 - 18:34:16: [contagion.amxx] performance issue. Function plugin_init executed more than 7.5ms.
L 04/05/2022 - 18:35:01: -------- Mapchange to de_dust2 --------
L 04/05/2022 - 18:35:01: [contagion.amxx] performance issue. Function oo_init executed more than 1.5ms.
L 04/05/2022 - 18:35:01: [ctg_zombie.amxx] performance issue. Function plugin_precache executed more than 31.1ms.
L 04/05/2022 - 18:35:01: [ctg_human.amxx] performance issue. Function plugin_precache executed more than 25.2ms.
L 04/05/2022 - 18:35:02: [contagion.amxx] performance issue. Function plugin_init executed more than 3.0ms.
L 04/05/2022 - 18:35:05: [contagion.amxx] performance issue. Function client_connectex executed more than 2.4ms.
L 04/05/2022 - 18:35:44: -------- Mapchange to de_dust2 --------
L 04/05/2022 - 18:35:44: [contagion.amxx] performance issue. Function oo_init executed more than 1.3ms.
L 04/05/2022 - 18:35:44: [ctg_zombie.amxx] performance issue. Function plugin_precache executed more than 27.2ms.
L 04/05/2022 - 18:35:45: [ctg_human.amxx] performance issue. Function plugin_precache executed more than 23.2ms.
L 04/05/2022 - 18:35:45: [contagion.amxx] performance issue. Function plugin_init executed more than 4.0ms.
L 04/05/2022 - 18:36:18: -------- Mapchange to de_dust2 --------
L 04/05/2022 - 18:36:18: [contagion.amxx] performance issue. Function oo_init executed more than 1.3ms.
L 04/05/2022 - 18:36:18: [ctg_zombie.amxx] performance issue. Function plugin_precache executed more than 28.6ms.
L 04/05/2022 - 18:36:18: [ctg_human.amxx] performance issue. Function plugin_precache executed more than 28.0ms.
L 04/05/2022 - 18:36:19: [contagion.amxx] performance issue. Function plugin_init executed more than 4.2ms.
L 04/05/2022 - 18:36:22: [contagion.amxx] performance issue. Function client_connectex executed more than 4.6ms.
L 04/05/2022 - 18:37:35: -------- Mapchange to de_dust2 --------
L 04/05/2022 - 18:37:35: [contagion.amxx] performance issue. Function oo_init executed more than 1.8ms.
L 04/05/2022 - 18:37:35: [ctg_zombie.amxx] performance issue. Function plugin_precache executed more than 59.2ms.
L 04/05/2022 - 18:37:35: [ctg_human.amxx] performance issue. Function plugin_precache executed more than 40.0ms.
L 04/05/2022 - 18:37:35: [contagion.amxx] performance issue. Function plugin_init executed more than 11.9ms.
L 04/05/2022 - 18:41:13: -------- Mapchange to de_dust2 --------
L 04/05/2022 - 18:41:13: [contagion.amxx] performance issue. Function oo_init executed more than 2.2ms.
L 04/05/2022 - 18:41:13: [ctg_zombie.amxx] performance issue. Function plugin_precache executed more than 51.8ms.
L 04/05/2022 - 18:41:14: [ctg_human.amxx] performance issue. Function plugin_precache executed more than 59.4ms.
L 04/05/2022 - 18:41:14: [contagion.amxx] performance issue. Function plugin_init executed more than 11.1ms.
L 04/05/2022 - 18:45:28: -------- Mapchange to de_dust2 --------
L 04/05/2022 - 18:45:28: [contagion.amxx] performance issue. Function oo_init executed more than 2.2ms.
L 04/05/2022 - 18:45:29: [ctg_zombie.amxx] performance issue. Function plugin_precache executed more than 54.9ms.
L 04/05/2022 - 18:45:29: [ctg_human.amxx] performance issue. Function plugin_precache executed more than 52.4ms.
L 04/05/2022 - 18:45:29: [contagion.amxx] performance issue. Function plugin_init executed more than 4.6ms.
L 04/05/2022 - 18:54:56: -------- Mapchange to de_dust2 --------
L 04/05/2022 - 18:54:56: [contagion.amxx] performance issue. Function oo_init executed more than 1.7ms.
L 04/05/2022 - 18:54:56: [ctg_zombie.amxx] performance issue. Function plugin_precache executed more than 86.3ms.
L 04/05/2022 - 18:54:56: [ctg_human.amxx] performance issue. Function plugin_precache executed more than 84.7ms.
L 04/05/2022 - 18:54:57: [contagion.amxx] performance issue. Function plugin_init executed more than 6.4ms.
L 04/05/2022 - 18:56:19: -------- Mapchange to de_dust2 --------
L 04/05/2022 - 18:56:19: [contagion.amxx] performance issue. Function oo_init executed more than 6.5ms.
L 04/05/2022 - 18:56:19: [ctg_zombie.amxx] performance issue. Function oo_init executed more than 2.2ms.
L 04/05/2022 - 18:56:20: [ctg_zombie.amxx] performance issue. Function plugin_precache executed more than 134.8ms.
L 04/05/2022 - 18:56:20: [ctg_human.amxx] performance issue. Function plugin_precache executed more than 114.5ms.
L 04/05/2022 - 18:56:20: [contagion.amxx] performance issue. Function plugin_init executed more than 12.4ms.
L 04/05/2022 - 18:59:03: -------- Mapchange to de_dust2 --------
L 04/05/2022 - 18:59:03: [contagion.amxx] performance issue. Function oo_init executed more than 1.5ms.
L 04/05/2022 - 18:59:03: [ctg_zombie.amxx] performance issue. Function plugin_precache executed more than 39.9ms.
L 04/05/2022 - 18:59:03: [ctg_human.amxx] performance issue. Function plugin_precache executed more than 44.1ms.
L 04/05/2022 - 18:59:04: [contagion.amxx] performance issue. Function plugin_init executed more than 5.2ms.
L 04/05/2022 - 18:59:07: [contagion.amxx] performance issue. Function client_connectex executed more than 15.6ms.
L 04/05/2022 - 19:00:19: -------- Mapchange to de_dust2 --------
L 04/05/2022 - 19:00:19: [contagion.amxx] performance issue. Function oo_init executed more than 1.1ms.
L 04/05/2022 - 19:00:19: [ctg_zombie.amxx] performance issue. Function plugin_precache executed more than 3.3ms.
L 04/05/2022 - 19:00:19: [ctg_human.amxx] performance issue. Function plugin_precache executed more than 3.3ms.
L 04/05/2022 - 19:00:42: -------- Mapchange to de_dust2 --------
L 04/05/2022 - 19:00:42: [ctg_zombie.amxx] performance issue. Function plugin_precache executed more than 2.7ms.
L 04/05/2022 - 19:00:42: [ctg_human.amxx] performance issue. Function plugin_precache executed more than 3.1ms.
L 04/05/2022 - 19:00:48: [contagion.amxx] performance issue. Function client_connectex executed more than 9.4ms.
L 04/05/2022 - 19:47:15: [contagion.amxx] performance issue. Function client_disconnected executed more than 2182648.2ms.
L 04/05/2022 - 19:47:25: -------- Mapchange to de_dust2 --------
L 04/05/2022 - 19:47:25: [ctg_zombie.amxx] performance issue. Function plugin_precache executed more than 4.5ms.
L 04/05/2022 - 19:47:25: [ctg_human.amxx] performance issue. Function plugin_precache executed more than 4.3ms.
L 04/05/2022 - 19:47:27: [contagion.amxx] performance issue. Function plugin_init executed more than 1.0ms.
L 04/05/2022 - 19:48:12: [contagion.amxx] performance issue. Function client_connectex executed more than 4.0ms.
L 04/05/2022 - 19:48:38: [contagion.amxx] performance issue. Function client_disconnected executed more than 3.7ms.
L 04/05/2022 - 19:48:38: -------- Mapchange to de_dust2 --------
L 04/05/2022 - 19:48:38: [ctg_zombie.amxx] performance issue. Function plugin_precache executed more than 4.5ms.
L 04/05/2022 - 19:48:38: [ctg_human.amxx] performance issue. Function plugin_precache executed more than 2.9ms.
L 04/05/2022 - 19:48:39: [contagion.amxx] performance issue. Function client_connectex executed more than 3.6ms.
L 04/05/2022 - 19:49:27: [contagion.amxx] performance issue. Function client_disconnected executed more than 3.6ms.
L 04/05/2022 - 19:49:27: [contagion.amxx] performance issue. Function client_connectex executed more than 3.9ms.
L 04/05/2022 - 19:51:15: [ctg_test.amxx] performance issue. Function CmdPlayerClass executed more than 46.0ms.
L 04/05/2022 - 19:51:29: [ctg_test.amxx] performance issue. Function CmdPlayerClass executed more than 2.4ms.
L 04/05/2022 - 19:54:53: [contagion.amxx] performance issue. Function client_disconnected executed more than 4.5ms.
L 04/05/2022 - 19:54:53: -------- Mapchange to de_dust2 --------
L 04/05/2022 - 19:54:53: [ctg_zombie.amxx] performance issue. Function plugin_precache executed more than 3.7ms.
L 04/05/2022 - 19:54:53: [ctg_human.amxx] performance issue. Function plugin_precache executed more than 2.3ms.
L 04/05/2022 - 19:54:55: [contagion.amxx] performance issue. Function client_connectex executed more than 2.7ms.
L 04/05/2022 - 19:55:01: [ctg_test.amxx] performance issue. Function CmdPlayerClass executed more than 1.8ms.
L 04/05/2022 - 19:55:59: [contagion.amxx] performance issue. Function client_disconnected executed more than 8.8ms.
L 04/05/2022 - 19:56:00: -------- Mapchange to de_dust2 --------
L 04/05/2022 - 19:56:00: [ctg_zombie.amxx] performance issue. Function plugin_precache executed more than 2.2ms.
L 04/05/2022 - 19:56:00: [ctg_human.amxx] performance issue. Function plugin_precache executed more than 2.7ms.
L 04/05/2022 - 19:56:01: [contagion.amxx] performance issue. Function client_connectex executed more than 4.6ms.
L 04/05/2022 - 19:56:07: [ctg_test.amxx] performance issue. Function CmdPlayerClass executed more than 5.8ms.
L 04/05/2022 - 19:57:41: [contagion.amxx] performance issue. Function client_disconnected executed more than 6.9ms.
L 04/05/2022 - 19:57:41: -------- Mapchange to de_dust2 --------
L 04/05/2022 - 19:57:41: [ctg_zombie.amxx] performance issue. Function plugin_precache executed more than 2.3ms.
L 04/05/2022 - 19:57:41: [ctg_human.amxx] performance issue. Function plugin_precache executed more than 4.1ms.
L 04/05/2022 - 19:57:42: [contagion.amxx] performance issue. Function client_connectex executed more than 5.6ms.
L 04/05/2022 - 19:57:47: [ctg_test.amxx] performance issue. Function CmdPlayerClass executed more than 6.1ms.
L 04/05/2022 - 20:00:38: [contagion.amxx] performance issue. Function client_disconnected executed more than 6.7ms.
L 04/05/2022 - 20:00:39: -------- Mapchange to de_dust2 --------
L 04/05/2022 - 20:00:39: [ctg_zombie.amxx] performance issue. Function plugin_precache executed more than 20.0ms.
L 04/05/2022 - 20:00:39: [ctg_human.amxx] performance issue. Function plugin_precache executed more than 8.3ms.
L 04/05/2022 - 20:00:41: [contagion.amxx] performance issue. Function client_connectex executed more than 6.7ms.
L 04/05/2022 - 20:00:48: [ctg_test.amxx] performance issue. Function CmdPlayerClass executed more than 44.9ms.
L 04/05/2022 - 20:06:24: [contagion.amxx] performance issue. Function client_disconnected executed more than 3.7ms.
L 04/05/2022 - 20:06:24: -------- Mapchange to de_dust2 --------
L 04/05/2022 - 20:06:24: [ctg_zombie.amxx] performance issue. Function plugin_precache executed more than 26.9ms.
L 04/05/2022 - 20:06:24: [ctg_human.amxx] performance issue. Function plugin_precache executed more than 34.0ms.
L 04/05/2022 - 20:06:25: [contagion.amxx] performance issue. Function client_connectex executed more than 3.4ms.
L 04/05/2022 - 20:07:33: [ctg_test.amxx] performance issue. Function CmdPlayerClass executed more than 43.5ms.
L 04/05/2022 - 20:09:31: [contagion.amxx] performance issue. Function client_disconnected executed more than 5.7ms.
L 04/05/2022 - 20:09:31: -------- Mapchange to de_dust2 --------
L 04/05/2022 - 20:09:31: [ctg_zombie.amxx] performance issue. Function plugin_precache executed more than 25.9ms.
L 04/05/2022 - 20:09:31: [ctg_human.amxx] performance issue. Function plugin_precache executed more than 34.3ms.
L 04/05/2022 - 20:09:32: [contagion.amxx] performance issue. Function client_connectex executed more than 12.6ms.
L 04/05/2022 - 20:09:38: [ctg_test.amxx] performance issue. Function CmdPlayerClass executed more than 45.3ms.
L 04/05/2022 - 20:11:54: [contagion.amxx] performance issue. Function client_disconnected executed more than 9.8ms.
L 04/05/2022 - 20:11:54: -------- Mapchange to de_dust2 --------
L 04/05/2022 - 20:11:54: [ctg_zombie.amxx] performance issue. Function plugin_precache executed more than 28.4ms.
L 04/05/2022 - 20:11:54: [ctg_human.amxx] performance issue. Function plugin_precache executed more than 29.2ms.
L 04/05/2022 - 20:11:55: [contagion.amxx] performance issue. Function plugin_init executed more than 1.6ms.
L 04/05/2022 - 20:11:55: [contagion.amxx] performance issue. Function client_connectex executed more than 3.9ms.
L 04/05/2022 - 20:12:01: [ctg_test.amxx] performance issue. Function CmdPlayerClass executed more than 46.0ms.
L 04/05/2022 - 20:14:05: [contagion.amxx] performance issue. Function client_disconnected executed more than 6.5ms.
L 04/05/2022 - 20:14:06: -------- Mapchange to de_dust2 --------
L 04/05/2022 - 20:14:06: [ctg_zombie.amxx] performance issue. Function plugin_precache executed more than 24.5ms.
L 04/05/2022 - 20:14:06: [ctg_human.amxx] performance issue. Function plugin_precache executed more than 33.2ms.
L 04/05/2022 - 20:14:07: [contagion.amxx] performance issue. Function plugin_init executed more than 1.3ms.
L 04/05/2022 - 20:14:07: [contagion.amxx] performance issue. Function client_connectex executed more than 4.8ms.
L 04/05/2022 - 20:14:13: [ctg_test.amxx] performance issue. Function CmdPlayerClass executed more than 46.9ms.
L 04/05/2022 - 20:14:37: [contagion.amxx] performance issue. Function client_disconnected executed more than 14.0ms.
L 04/05/2022 - 20:14:37: -------- Mapchange to de_dust2 --------
L 04/05/2022 - 20:14:37: [ctg_zombie.amxx] performance issue. Function plugin_precache executed more than 28.3ms.
L 04/05/2022 - 20:14:37: [ctg_human.amxx] performance issue. Function plugin_precache executed more than 34.9ms.
L 04/05/2022 - 20:14:38: [contagion.amxx] performance issue. Function client_connectex executed more than 4.7ms.
L 04/05/2022 - 20:14:44: [ctg_test.amxx] performance issue. Function CmdPlayerClass executed more than 52.6ms.
L 04/05/2022 - 20:16:32: [contagion.amxx] performance issue. Function client_disconnected executed more than 6.0ms.
L 04/05/2022 - 20:16:32: -------- Mapchange to de_dust2 --------
L 04/05/2022 - 20:16:33: [ctg_zombie.amxx] performance issue. Function plugin_precache executed more than 25.1ms.
L 04/05/2022 - 20:16:33: [ctg_human.amxx] performance issue. Function plugin_precache executed more than 36.0ms.
L 04/05/2022 - 20:16:34: [contagion.amxx] performance issue. Function client_connectex executed more than 4.5ms.
L 04/05/2022 - 20:16:44: [ctg_test.amxx] performance issue. Function CmdPlayerClass executed more than 8.0ms.
L 04/05/2022 - 20:17:04: [contagion.amxx] performance issue. Function OnPlayerResetMaxSpeed_Post executed more than 48.2ms.
L 04/05/2022 - 20:17:04: [ctg_test.amxx] performance issue. Function CmdPlayerClass executed more than 78.3ms.
L 04/05/2022 - 20:20:00: [contagion.amxx] performance issue. Function client_disconnected executed more than 8.2ms.
L 04/05/2022 - 20:20:00: -------- Mapchange to de_dust2 --------
L 04/05/2022 - 20:20:00: [ctg_zombie.amxx] performance issue. Function plugin_precache executed more than 29.4ms.
L 04/05/2022 - 20:20:00: [ctg_human.amxx] performance issue. Function plugin_precache executed more than 36.1ms.
L 04/05/2022 - 20:20:01: [contagion.amxx] performance issue. Function client_connectex executed more than 2.7ms.
L 04/05/2022 - 20:20:13: [ctg_test.amxx] performance issue. Function CmdPlayerClass executed more than 6.7ms.
L 04/05/2022 - 20:20:13: [ctg_test.amxx] performance issue. Function CmdPlayerClass executed more than 8.4ms.
L 04/05/2022 - 20:20:14: [contagion.amxx] performance issue. Function OnPlayerResetMaxSpeed_Post executed more than 39.1ms.
L 04/05/2022 - 20:20:14: [ctg_test.amxx] performance issue. Function CmdPlayerClass executed more than 62.2ms.
L 04/05/2022 - 20:20:47: [contagion.amxx] performance issue. Function OnPlayerResetMaxSpeed_Post executed more than 42.0ms.
L 04/05/2022 - 20:20:47: [ctg_test.amxx] performance issue. Function CmdPlayerClass executed more than 69.5ms.
L 04/05/2022 - 20:20:48: [contagion.amxx] performance issue. Function OnPlayerResetMaxSpeed_Post executed more than 36.7ms.
L 04/05/2022 - 20:20:48: [ctg_test.amxx] performance issue. Function CmdPlayerClass executed more than 63.2ms.
L 04/05/2022 - 20:23:38: [contagion.amxx] performance issue. Function client_disconnected executed more than 4.9ms.
L 04/05/2022 - 20:23:39: -------- Mapchange to de_dust2 --------
L 04/05/2022 - 20:23:39: [ctg_zombie.amxx] performance issue. Function plugin_precache executed more than 24.5ms.
L 04/05/2022 - 20:23:39: [ctg_human.amxx] performance issue. Function plugin_precache executed more than 32.6ms.
L 04/05/2022 - 20:23:40: [contagion.amxx] performance issue. Function client_connectex executed more than 4.2ms.
L 04/05/2022 - 20:23:49: -------- Mapchange to de_dust2 --------
L 04/05/2022 - 20:23:49: [contagion.amxx] performance issue. Function oo_init executed more than 1.0ms.
L 04/05/2022 - 20:23:49: [ctg_zombie.amxx] performance issue. Function plugin_precache executed more than 17.3ms.
L 04/05/2022 - 20:23:49: [ctg_human.amxx] performance issue. Function plugin_precache executed more than 18.0ms.
L 04/05/2022 - 20:23:52: [contagion.amxx] performance issue. Function client_connectex executed more than 3.2ms.
L 04/05/2022 - 20:23:59: [ctg_test.amxx] performance issue. Function CmdPlayerClass executed more than 6.2ms.
L 04/05/2022 - 20:24:01: [ctg_test.amxx] performance issue. Function CmdPlayerClass executed more than 7.5ms.
L 04/05/2022 - 20:24:22: [contagion.amxx] performance issue. Function OnPlayerResetMaxSpeed_Post executed more than 52.0ms.
L 04/05/2022 - 20:24:22: [ctg_test.amxx] performance issue. Function CmdPlayerClass executed more than 89.5ms.
L 04/05/2022 - 20:28:02: [contagion.amxx] performance issue. Function client_disconnected executed more than 4.7ms.
L 04/05/2022 - 20:28:02: -------- Mapchange to de_dust2 --------
L 04/05/2022 - 20:28:03: [ctg_zombie.amxx] performance issue. Function plugin_precache executed more than 23.1ms.
L 04/05/2022 - 20:28:03: [ctg_human.amxx] performance issue. Function plugin_precache executed more than 27.0ms.
L 04/05/2022 - 20:28:04: [contagion.amxx] performance issue. Function client_connectex executed more than 3.6ms.
L 04/05/2022 - 20:28:09: [ctg_test.amxx] performance issue. Function CmdPlayerClass executed more than 6.0ms.
L 04/05/2022 - 20:28:09: [ctg_test.amxx] performance issue. Function CmdPlayerClass executed more than 8.1ms.
L 04/05/2022 - 20:28:10: [ctg_test.amxx] performance issue. Function CmdPlayerClass executed more than 8.7ms.
L 04/05/2022 - 20:28:10: [ctg_test.amxx] performance issue. Function CmdPlayerClass executed more than 7.8ms.
L 04/05/2022 - 20:28:11: [ctg_test.amxx] performance issue. Function CmdPlayerClass executed more than 7.7ms.
L 04/05/2022 - 20:28:11: [ctg_test.amxx] performance issue. Function CmdPlayerClass executed more than 8.2ms.
L 04/05/2022 - 20:28:12: [ctg_test.amxx] performance issue. Function CmdPlayerClass executed more than 9.3ms.
L 04/05/2022 - 20:28:12: [ctg_test.amxx] performance issue. Function CmdPlayerClass executed more than 7.6ms.
L 04/05/2022 - 20:30:04: [contagion.amxx] performance issue. Function client_disconnected executed more than 4.6ms.
L 04/05/2022 - 20:30:04: -------- Mapchange to de_dust2 --------
L 04/05/2022 - 20:30:04: [ctg_zombie.amxx] performance issue. Function plugin_precache executed more than 28.1ms.
L 04/05/2022 - 20:30:04: [ctg_human.amxx] performance issue. Function plugin_precache executed more than 34.0ms.
L 04/05/2022 - 20:30:05: [contagion.amxx] performance issue. Function client_connectex executed more than 3.7ms.
L 04/05/2022 - 20:30:13: [ctg_test.amxx] performance issue. Function CmdPlayerClass executed more than 6.1ms.
L 04/05/2022 - 20:32:55: [contagion.amxx] performance issue. Function client_disconnected executed more than 4.4ms.
L 04/05/2022 - 20:32:56: -------- Mapchange to de_dust2 --------
L 04/05/2022 - 20:32:56: [ctg_zombie.amxx] performance issue. Function plugin_precache executed more than 27.4ms.
L 04/05/2022 - 20:32:56: [ctg_human.amxx] performance issue. Function plugin_precache executed more than 25.1ms.
L 04/05/2022 - 20:32:56: [contagion.amxx] performance issue. Function plugin_init executed more than 1.2ms.
L 04/05/2022 - 20:32:57: [contagion.amxx] performance issue. Function client_connectex executed more than 4.2ms.
L 04/05/2022 - 20:33:05: [ctg_test.amxx] performance issue. Function CmdPlayerClass executed more than 5.5ms.
L 04/05/2022 - 20:34:25: [contagion.amxx] performance issue. Function client_disconnected executed more than 4.5ms.
L 04/05/2022 - 20:34:25: -------- Mapchange to de_dust2 --------
L 04/05/2022 - 20:34:25: [ctg_zombie.amxx] performance issue. Function plugin_precache executed more than 26.0ms.
L 04/05/2022 - 20:34:25: [ctg_human.amxx] performance issue. Function plugin_precache executed more than 33.5ms.
L 04/05/2022 - 20:34:26: [contagion.amxx] performance issue. Function plugin_init executed more than 1.0ms.
L 04/05/2022 - 20:34:26: [contagion.amxx] performance issue. Function client_connectex executed more than 3.7ms.
L 04/05/2022 - 20:34:35: [ctg_test.amxx] performance issue. Function CmdPlayerClass executed more than 10.8ms.
L 04/05/2022 - 20:34:51: [ctg_test.amxx] performance issue. Function CmdPlayerClass executed more than 8.6ms.
L 04/05/2022 - 20:35:24: [ctg_test.amxx] performance issue. Function CmdPlayerClass executed more than 8.1ms.
L 04/05/2022 - 20:42:00: -------- Mapchange to de_dust2 --------
L 04/05/2022 - 20:42:02: [ctg_zombie.amxx] performance issue. Function plugin_precache executed more than 13.5ms.
L 04/05/2022 - 20:42:02: [ctg_human.amxx] performance issue. Function plugin_precache executed more than 15.5ms.
L 04/05/2022 - 20:42:39: -------- Mapchange to de_dust2 --------
L 04/05/2022 - 20:42:39: [ctg_zombie.amxx] performance issue. Function plugin_precache executed more than 11.3ms.
L 04/05/2022 - 20:42:39: [ctg_human.amxx] performance issue. Function plugin_precache executed more than 11.1ms.
L 04/05/2022 - 21:57:35: -------- Mapchange to de_dust2 --------
L 04/05/2022 - 21:57:35: [ctg_zombie.amxx] performance issue. Function plugin_precache executed more than 14.5ms.
L 04/05/2022 - 21:57:35: [ctg_human.amxx] performance issue. Function plugin_precache executed more than 17.3ms.
L 04/05/2022 - 21:57:54: [contagion.amxx] performance issue. Function client_connectex executed more than 3.0ms.
L 04/05/2022 - 21:58:28: [contagion.amxx] performance issue. Function client_disconnected executed more than 3.0ms.
L 04/05/2022 - 21:58:28: -------- Mapchange to de_dust2 --------
L 04/05/2022 - 21:58:28: [ctg_zombie.amxx] performance issue. Function plugin_precache executed more than 11.7ms.
L 04/05/2022 - 21:58:28: [ctg_human.amxx] performance issue. Function plugin_precache executed more than 12.5ms.
L 04/05/2022 - 21:58:29: [contagion.amxx] performance issue. Function client_connectex executed more than 2.8ms.
L 04/05/2022 - 21:59:00: [contagion.amxx] performance issue. Function client_disconnected executed more than 1.7ms.
L 04/05/2022 - 21:59:00: -------- Mapchange to de_dust2 --------
L 04/05/2022 - 21:59:00: [ctg_zombie.amxx] performance issue. Function plugin_precache executed more than 12.4ms.
L 04/05/2022 - 21:59:00: [ctg_human.amxx] performance issue. Function plugin_precache executed more than 14.6ms.
L 04/05/2022 - 21:59:01: [contagion.amxx] performance issue. Function client_connectex executed more than 4.1ms.
L 04/05/2022 - 21:59:56: [contagion.amxx] performance issue. Function client_disconnected executed more than 1.6ms.
L 04/05/2022 - 21:59:56: -------- Mapchange to de_dust2 --------
L 04/05/2022 - 21:59:56: [ctg_zombie.amxx] performance issue. Function plugin_precache executed more than 11.7ms.
L 04/05/2022 - 21:59:56: [ctg_human.amxx] performance issue. Function plugin_precache executed more than 11.9ms.
L 04/05/2022 - 21:59:57: [contagion.amxx] performance issue. Function client_connectex executed more than 2.6ms.
L 04/05/2022 - 22:01:34: [contagion.amxx] performance issue. Function client_disconnected executed more than 1.8ms.
L 04/05/2022 - 22:01:34: -------- Mapchange to de_dust2 --------
L 04/05/2022 - 22:01:34: [ctg_zombie.amxx] performance issue. Function plugin_precache executed more than 13.2ms.
L 04/05/2022 - 22:01:34: [ctg_human.amxx] performance issue. Function plugin_precache executed more than 17.0ms.
L 04/05/2022 - 22:01:35: [contagion.amxx] performance issue. Function client_connectex executed more than 2.4ms.
L 04/05/2022 - 22:01:55: [contagion.amxx] performance issue. Function client_disconnected executed more than 4.6ms.
L 04/05/2022 - 22:01:55: -------- Mapchange to de_dust2 --------
L 04/05/2022 - 22:01:55: [ctg_zombie.amxx] performance issue. Function plugin_precache executed more than 12.2ms.
L 04/05/2022 - 22:01:55: [ctg_human.amxx] performance issue. Function plugin_precache executed more than 13.4ms.
L 04/05/2022 - 22:01:56: [contagion.amxx] performance issue. Function client_connectex executed more than 4.0ms.
L 04/05/2022 - 22:02:02: [contagion.amxx] performance issue. Function OnPlayerResetMaxSpeed_Post executed more than 2891.7ms.
L 04/05/2022 - 22:02:05: [contagion.amxx] performance issue. Function OnPlayerResetMaxSpeed_Post executed more than 2862.7ms.
L 04/05/2022 - 22:02:08: [contagion.amxx] performance issue. Function OnPlayerResetMaxSpeed_Post executed more than 2705.9ms.
L 04/05/2022 - 22:02:14: [contagion.amxx] performance issue. Function OnPlayerResetMaxSpeed_Post executed more than 2701.0ms.
L 04/05/2022 - 22:03:51: [contagion.amxx] performance issue. Function client_disconnected executed more than 1.8ms.
L 04/05/2022 - 22:03:51: -------- Mapchange to de_dust2 --------
L 04/05/2022 - 22:03:51: [ctg_zombie.amxx] performance issue. Function plugin_precache executed more than 14.4ms.
L 04/05/2022 - 22:03:51: [ctg_human.amxx] performance issue. Function plugin_precache executed more than 15.9ms.
L 04/05/2022 - 22:03:52: [contagion.amxx] performance issue. Function client_connectex executed more than 2.7ms.
L 04/05/2022 - 22:03:56: [contagion.amxx] performance issue. Function OnPlayerResetMaxSpeed_Post executed more than 7.4ms.
L 04/05/2022 - 22:03:56: [contagion.amxx] performance issue. Function OnPlayerResetMaxSpeed_Post executed more than 6.8ms.
L 04/05/2022 - 22:03:56: [contagion.amxx] performance issue. Function OnPlayerResetMaxSpeed_Post executed more than 6.3ms.
L 04/05/2022 - 22:03:59: [contagion.amxx] performance issue. Function OnPlayerResetMaxSpeed_Post executed more than 6.5ms.
L 04/05/2022 - 22:05:07: [contagion.amxx] performance issue. Function client_disconnected executed more than 1.8ms.
L 04/05/2022 - 22:05:07: -------- Mapchange to de_dust2 --------
L 04/05/2022 - 22:05:07: [ctg_zombie.amxx] performance issue. Function plugin_precache executed more than 12.8ms.
L 04/05/2022 - 22:05:07: [ctg_human.amxx] performance issue. Function plugin_precache executed more than 15.1ms.
L 04/05/2022 - 22:05:08: [contagion.amxx] performance issue. Function client_connectex executed more than 2.1ms.
L 04/05/2022 - 22:05:12: [contagion.amxx] performance issue. Function OnPlayerResetMaxSpeed_Post executed more than 4.0ms.
L 04/05/2022 - 22:05:12: [contagion.amxx] performance issue. Function OnPlayerResetMaxSpeed_Post executed more than 3.0ms.
L 04/05/2022 - 22:05:12: [contagion.amxx] performance issue. Function OnPlayerResetMaxSpeed_Post executed more than 3.2ms.
L 04/05/2022 - 22:05:12: [contagion.amxx] performance issue. Function CsGetTeam executed more than 1.5ms.
L 04/05/2022 - 22:05:12: [contagion.amxx] performance issue. Function PdataGetTeam executed more than 1.3ms.
L 04/05/2022 - 22:05:12: [contagion.amxx] performance issue. Function CsGetTeam executed more than 1.3ms.
L 04/05/2022 - 22:05:12: [contagion.amxx] performance issue. Function PdataGetTeam executed more than 1.0ms.
L 04/05/2022 - 22:05:12: [contagion.amxx] performance issue. Function CsGetTeam executed more than 1.7ms.
L 04/05/2022 - 22:05:12: [contagion.amxx] performance issue. Function PdataGetTeam executed more than 1.0ms.
L 04/05/2022 - 22:05:15: [contagion.amxx] performance issue. Function OnPlayerResetMaxSpeed_Post executed more than 4.3ms.
L 04/05/2022 - 22:05:15: [contagion.amxx] performance issue. Function CsGetTeam executed more than 1.5ms.
L 04/05/2022 - 22:05:15: [contagion.amxx] performance issue. Function PdataGetTeam executed more than 1.2ms.
L 04/05/2022 - 22:05:33: [contagion.amxx] performance issue. Function client_disconnected executed more than 2.9ms.
L 04/05/2022 - 22:05:33: -------- Mapchange to de_dust2 --------
L 04/05/2022 - 22:05:33: [ctg_zombie.amxx] performance issue. Function plugin_precache executed more than 13.2ms.
L 04/05/2022 - 22:05:33: [ctg_human.amxx] performance issue. Function plugin_precache executed more than 15.6ms.
L 04/05/2022 - 22:05:33: [contagion.amxx] performance issue. Function plugin_init executed more than 1.1ms.
L 04/05/2022 - 22:05:34: [contagion.amxx] performance issue. Function client_connectex executed more than 2.8ms.
L 04/05/2022 - 22:05:37: [contagion.amxx] performance issue. Function OnPlayerResetMaxSpeed_Post executed more than 4.4ms.
L 04/05/2022 - 22:05:37: [contagion.amxx] performance issue. Function OnPlayerResetMaxSpeed_Post executed more than 2.5ms.
L 04/05/2022 - 22:05:37: [contagion.amxx] performance issue. Function OnPlayerResetMaxSpeed_Post executed more than 2.7ms.
L 04/05/2022 - 22:05:37: [contagion.amxx] performance issue. Function CsGetTeam executed more than 16.3ms.
L 04/05/2022 - 22:05:37: [contagion.amxx] performance issue. Function PdataGetTeam executed more than 12.8ms.
L 04/05/2022 - 22:05:37: [contagion.amxx] performance issue. Function CsGetTeam executed more than 14.1ms.
L 04/05/2022 - 22:05:37: [contagion.amxx] performance issue. Function PdataGetTeam executed more than 14.8ms.
L 04/05/2022 - 22:05:37: [contagion.amxx] performance issue. Function CsGetTeam executed more than 14.7ms.
L 04/05/2022 - 22:05:37: [contagion.amxx] performance issue. Function PdataGetTeam executed more than 15.0ms.
L 04/05/2022 - 22:05:41: [contagion.amxx] performance issue. Function OnPlayerResetMaxSpeed_Post executed more than 5.7ms.
L 04/05/2022 - 22:05:41: [contagion.amxx] performance issue. Function CsGetTeam executed more than 14.1ms.
L 04/05/2022 - 22:05:41: [contagion.amxx] performance issue. Function PdataGetTeam executed more than 11.6ms.
L 04/05/2022 - 22:06:41: [contagion.amxx] performance issue. Function client_disconnected executed more than 2.1ms.
L 04/05/2022 - 22:06:41: -------- Mapchange to de_dust2 --------
L 04/05/2022 - 22:06:41: [ctg_zombie.amxx] performance issue. Function plugin_precache executed more than 11.0ms.
L 04/05/2022 - 22:06:41: [ctg_human.amxx] performance issue. Function plugin_precache executed more than 14.0ms.
L 04/05/2022 - 22:06:42: [contagion.amxx] performance issue. Function client_connectex executed more than 3.4ms.
L 04/05/2022 - 22:06:46: [contagion.amxx] performance issue. Function CsGetTeam executed more than 12.4ms.
L 04/05/2022 - 22:06:46: [contagion.amxx] performance issue. Function PdataGetTeam executed more than 12.1ms.
L 04/05/2022 - 22:06:46: [contagion.amxx] performance issue. Function CsGetTeam executed more than 13.7ms.
L 04/05/2022 - 22:06:46: [contagion.amxx] performance issue. Function PdataGetTeam executed more than 13.1ms.
L 04/05/2022 - 22:06:46: [contagion.amxx] performance issue. Function CsGetTeam executed more than 14.2ms.
L 04/05/2022 - 22:06:46: [contagion.amxx] performance issue. Function PdataGetTeam executed more than 15.5ms.
L 04/05/2022 - 22:06:49: [contagion.amxx] performance issue. Function CsGetTeam executed more than 12.9ms.
L 04/05/2022 - 22:06:49: [contagion.amxx] performance issue. Function PdataGetTeam executed more than 15.1ms.
L 04/05/2022 - 22:07:09: [contagion.amxx] performance issue. Function CsGetTeam executed more than 12.7ms.
L 04/05/2022 - 22:07:09: [contagion.amxx] performance issue. Function PdataGetTeam executed more than 13.1ms.
L 04/05/2022 - 22:09:13: [contagion.amxx] performance issue. Function client_disconnected executed more than 2.8ms.
L 04/05/2022 - 22:09:13: -------- Mapchange to de_dust2 --------
L 04/05/2022 - 22:09:14: [ctg_zombie.amxx] performance issue. Function plugin_precache executed more than 12.7ms.
L 04/05/2022 - 22:09:14: [ctg_human.amxx] performance issue. Function plugin_precache executed more than 14.9ms.
L 04/05/2022 - 22:09:14: [contagion.amxx] performance issue. Function client_connectex executed more than 3.5ms.
L 04/05/2022 - 22:09:20: [contagion.amxx] performance issue. Function CsGetTeam executed more than 1547.5ms.
L 04/05/2022 - 22:09:21: [contagion.amxx] performance issue. Function PdataGetTeam executed more than 1427.6ms.
L 04/05/2022 - 22:09:22: [contagion.amxx] performance issue. Function CsGetTeam executed more than 1412.9ms.
L 04/05/2022 - 22:09:24: [contagion.amxx] performance issue. Function PdataGetTeam executed more than 1305.8ms.
L 04/05/2022 - 22:09:25: [contagion.amxx] performance issue. Function CsGetTeam executed more than 1415.6ms.
L 04/05/2022 - 22:09:26: [contagion.amxx] performance issue. Function PdataGetTeam executed more than 1301.3ms.
L 04/05/2022 - 22:09:31: [contagion.amxx] performance issue. Function CsGetTeam executed more than 1395.1ms.
L 04/05/2022 - 22:09:32: [contagion.amxx] performance issue. Function PdataGetTeam executed more than 1290.0ms.
L 04/05/2022 - 22:14:38: [contagion.amxx] performance issue. Function CsGetTeam executed more than 1383.2ms.
L 04/05/2022 - 22:14:40: [contagion.amxx] performance issue. Function PdataGetTeam executed more than 1259.7ms.
L 04/05/2022 - 22:14:47: [contagion.amxx] performance issue. Function CsGetTeam executed more than 1398.2ms.
L 04/05/2022 - 22:14:48: [contagion.amxx] performance issue. Function PdataGetTeam executed more than 1298.6ms.
L 04/05/2022 - 22:19:38: [contagion.amxx] performance issue. Function client_disconnected executed more than 2.6ms.
