L 06/30/2022 - 23:04:28: -------- Mapchange to de_dust2 --------
L 06/30/2022 - 23:04:28: [AMXX] Plugin "oo_test.amxx" failed to load: Plugin uses an unknown function (name "oo_method") - check your modules.ini.
L 06/30/2022 - 23:05:25: -------- Mapchange to de_dust2 --------
L 06/30/2022 - 23:05:58: -------- Mapchange to de_dust2 --------
L 06/30/2022 - 23:05:58: [test_oo.amxx] performance issue. Function oo_init executed more than 1.7ms.
L 06/30/2022 - 23:05:59: [test_oo.amxx] performance issue. Function Animal@Sleep executed more than 2.3ms.
L 06/30/2022 - 23:05:59: [test_oo.amxx] performance issue. Function Animal@Eat executed more than 2.7ms.
L 06/30/2022 - 23:05:59: [test_oo.amxx] performance issue. Function Animal@Dtor executed more than 1.3ms.
L 06/30/2022 - 23:10:08: -------- Mapchange to de_dust2 --------
L 06/30/2022 - 23:10:08: [test_oo.amxx] performance issue. Function Animal@Sleep executed more than 3.9ms.
L 06/30/2022 - 23:10:08: [test_oo.amxx] performance issue. Function Animal@Eat executed more than 5.1ms.
L 06/30/2022 - 23:10:08: [test_oo.amxx] performance issue. Function Animal@Dtor executed more than 2.7ms.
L 06/30/2022 - 23:10:09: [test_oo.amxx] performance issue. Function plugin_init executed more than 61.3ms.
L 06/30/2022 - 23:11:11: -------- Mapchange to de_dust2 --------
L 06/30/2022 - 23:11:11: [test_oo.amxx] performance issue. Function Animal@Sleep executed more than 1.9ms.
L 06/30/2022 - 23:11:11: [test_oo.amxx] performance issue. Function Animal@Eat executed more than 2.6ms.
L 06/30/2022 - 23:11:11: [test_oo.amxx] performance issue. Function Animal@Dtor executed more than 1.2ms.
L 06/30/2022 - 23:12:29: -------- Mapchange to de_dust2 --------
L 06/30/2022 - 23:12:29: [test_oo.amxx] performance issue. Function Animal@Sleep executed more than 2.8ms.
L 06/30/2022 - 23:12:29: [test_oo.amxx] performance issue. Function Animal@Eat executed more than 3.3ms.
L 06/30/2022 - 23:12:29: [test_oo.amxx] performance issue. Function Animal@Dtor executed more than 1.3ms.
L 06/30/2022 - 23:15:24: -------- Mapchange to de_dust2 --------
L 06/30/2022 - 23:15:24: [test_oo.amxx] performance issue. Function oo_init executed more than 1.2ms.
L 06/30/2022 - 23:15:24: [test_oo.amxx] performance issue. Function Animal@Sleep executed more than 2.7ms.
L 06/30/2022 - 23:15:24: [test_oo.amxx] performance issue. Function Animal@Eat executed more than 4.1ms.
L 06/30/2022 - 23:15:24: [test_oo.amxx] performance issue. Function Animal@Dtor executed more than 1.5ms.
L 06/30/2022 - 23:15:24: [test_oo.amxx] performance issue. Function Cat@Eat executed more than 1.3ms.
L 06/30/2022 - 23:15:24: [test_oo.amxx] performance issue. Function Cat@Dtor executed more than 1.5ms.
L 06/30/2022 - 23:15:24: [test_oo.amxx] performance issue. Function Animal@Dtor executed more than 3.0ms.
L 06/30/2022 - 23:15:24: [test_oo.amxx] performance issue. Function Dog@Sleep executed more than 1.3ms.
L 06/30/2022 - 23:15:24: [test_oo.amxx] performance issue. Function Dog@Dtor executed more than 1.6ms.
L 06/30/2022 - 23:15:24: [test_oo.amxx] performance issue. Function Animal@Dtor executed more than 1.6ms.
L 06/30/2022 - 23:15:24: [test_oo.amxx] performance issue. Function plugin_init executed more than 109.0ms.
L 06/30/2022 - 23:15:49: -------- Mapchange to de_dust2 --------
L 06/30/2022 - 23:15:50: [test_oo.amxx] performance issue. Function Animal@Sleep executed more than 2.5ms.
L 06/30/2022 - 23:15:50: [test_oo.amxx] performance issue. Function Animal@Eat executed more than 2.4ms.
L 06/30/2022 - 23:15:50: [test_oo.amxx] performance issue. Function Animal@Dtor executed more than 2.4ms.
L 06/30/2022 - 23:15:50: [test_oo.amxx] performance issue. Function Cat@Eat executed more than 1.3ms.
L 06/30/2022 - 23:15:50: [test_oo.amxx] performance issue. Function Cat@Dtor executed more than 1.6ms.
L 06/30/2022 - 23:15:50: [test_oo.amxx] performance issue. Function Animal@Dtor executed more than 1.6ms.
L 06/30/2022 - 23:15:50: [test_oo.amxx] performance issue. Function Dog@Sleep executed more than 2.2ms.
L 06/30/2022 - 23:15:50: [test_oo.amxx] performance issue. Function Dog@Dtor executed more than 1.4ms.
L 06/30/2022 - 23:15:50: [test_oo.amxx] performance issue. Function Animal@Dtor executed more than 1.0ms.
L 06/30/2022 - 23:15:50: [test_oo.amxx] performance issue. Function plugin_init executed more than 99.5ms.
L 06/30/2022 - 23:16:24: -------- Mapchange to de_dust2 --------
L 06/30/2022 - 23:23:33: -------- Mapchange to de_dust2 --------
L 06/30/2022 - 23:24:05: -------- Mapchange to de_dust2 --------
L 06/30/2022 - 23:25:23: -------- Mapchange to de_dust2 --------
L 06/30/2022 - 23:27:05: -------- Mapchange to de_dust2 --------
L 06/30/2022 - 23:45:06: [mapchooser.amxx] Vote: Voting for the nextmap started
L 06/30/2022 - 23:45:21: [mapchooser.amxx] Vote: Voting for the nextmap finished. The nextmap will be de_airstrip
L 06/30/2022 - 23:47:17: -------- Mapchange to de_airstrip --------
