L 04/27/2022 - 21:15:40: -------- Mapchange to de_dust2 --------
L 04/27/2022 - 21:16:08: [hao123.amxx] performance issue. Function OnPlayerSpawn_Post executed more than 3.9ms.
L 04/27/2022 - 21:18:16: -------- Mapchange to de_dust2 --------
L 04/27/2022 - 21:22:18: -------- Mapchange to de_dust2 --------
L 04/27/2022 - 21:22:57: -------- Mapchange to de_dust2 --------
L 04/27/2022 - 21:23:30: -------- Mapchange to de_dust2 --------
L 04/27/2022 - 21:23:33: -------- Mapchange to de_dust2 --------
L 04/27/2022 - 21:24:45: -------- Mapchange to de_dust2 --------
L 04/27/2022 - 21:26:07: -------- Mapchange to de_dust2 --------
L 04/27/2022 - 21:27:21: -------- Mapchange to de_dust2 --------
L 04/27/2022 - 21:28:10: -------- Mapchange to de_dust2 --------
L 04/27/2022 - 21:29:03: -------- Mapchange to de_dust2 --------
L 04/27/2022 - 21:33:49: -------- Mapchange to de_dust2 --------
L 04/27/2022 - 21:46:33: -------- Mapchange to de_dust2 --------
L 04/27/2022 - 21:49:20: -------- Mapchange to de_dust2 --------
L 04/27/2022 - 21:50:42: -------- Mapchange to de_dust2 --------
L 04/27/2022 - 21:51:50: -------- Mapchange to de_dust2 --------
L 04/27/2022 - 21:54:03: -------- Mapchange to de_dust2 --------
L 04/27/2022 - 21:55:00: -------- Mapchange to de_dust2 --------
L 04/27/2022 - 22:13:01: [mapchooser.amxx] Vote: Voting for the nextmap started
L 04/27/2022 - 22:13:16: [mapchooser.amxx] Vote: Voting for the nextmap finished. The nextmap will be de_airstrip
L 04/27/2022 - 22:15:10: -------- Mapchange to de_airstrip --------
