L 07/01/2022 - 00:05:17: [mapchooser.amxx] Vote: Voting for the nextmap started
L 07/01/2022 - 00:05:32: [mapchooser.amxx] Vote: Voting for the nextmap finished. The nextmap will be cs_havana
L 07/01/2022 - 00:07:27: -------- Mapchange to cs_havana --------
L 07/01/2022 - 00:25:28: [mapchooser.amxx] Vote: Voting for the nextmap started
L 07/01/2022 - 00:25:43: [mapchooser.amxx] Vote: Voting for the nextmap finished. The nextmap will be de_chateau
L 07/01/2022 - 00:27:37: -------- Mapchange to de_chateau --------
L 07/01/2022 - 00:45:38: [mapchooser.amxx] Vote: Voting for the nextmap started
L 07/01/2022 - 00:45:53: [mapchooser.amxx] Vote: Voting for the nextmap finished. The nextmap will be de_aztec
L 07/01/2022 - 00:47:47: -------- Mapchange to de_aztec --------
L 07/01/2022 - 01:05:47: [mapchooser.amxx] Vote: Voting for the nextmap started
L 07/01/2022 - 01:06:03: [mapchooser.amxx] Vote: Voting for the nextmap finished. The nextmap will be as_oilrig
L 07/01/2022 - 01:07:58: -------- Mapchange to as_oilrig --------
L 07/01/2022 - 01:25:58: [mapchooser.amxx] Vote: Voting for the nextmap started
L 07/01/2022 - 01:26:13: [mapchooser.amxx] Vote: Voting for the nextmap finished. The nextmap will be cs_siege
L 07/01/2022 - 01:28:08: -------- Mapchange to cs_siege --------
L 07/01/2022 - 01:46:08: [mapchooser.amxx] Vote: Voting for the nextmap started
L 07/01/2022 - 01:46:23: [mapchooser.amxx] Vote: Voting for the nextmap finished. The nextmap will be de_cbble
L 07/01/2022 - 01:48:18: -------- Mapchange to de_cbble --------
L 07/01/2022 - 02:06:18: [mapchooser.amxx] Vote: Voting for the nextmap started
L 07/01/2022 - 02:06:33: [mapchooser.amxx] Vote: Voting for the nextmap finished. The nextmap will be de_dust
L 07/01/2022 - 02:08:29: -------- Mapchange to de_dust --------
