L 09/22/2022 - 20:08:27: -------- Mapchange to de_dust2 --------
L 09/22/2022 - 20:26:40: [mapchooser.amxx] Vote: Voting for the nextmap started
L 09/22/2022 - 20:26:55: [mapchooser.amxx] Vote: Voting for the nextmap finished. The nextmap will be de_airstrip
L 09/22/2022 - 20:28:57: -------- Mapchange to de_airstrip --------
L 09/22/2022 - 20:47:08: [mapchooser.amxx] Vote: Voting for the nextmap started
L 09/22/2022 - 20:47:23: [mapchooser.amxx] Vote: Voting for the nextmap finished. The nextmap will be cs_havana
L 09/22/2022 - 20:49:24: -------- Mapchange to cs_havana --------
L 09/22/2022 - 21:07:24: [mapchooser.amxx] Vote: Voting for the nextmap started
L 09/22/2022 - 21:07:39: [mapchooser.amxx] Vote: Voting for the nextmap finished. The nextmap will be de_chateau
L 09/22/2022 - 21:09:41: -------- Mapchange to de_chateau --------
L 09/22/2022 - 21:27:41: [mapchooser.amxx] Vote: Voting for the nextmap started
L 09/22/2022 - 21:27:56: [mapchooser.amxx] Vote: Voting for the nextmap finished. The nextmap will be de_aztec
L 09/22/2022 - 21:29:57: -------- Mapchange to de_aztec --------
L 09/22/2022 - 21:47:58: [mapchooser.amxx] Vote: Voting for the nextmap started
L 09/22/2022 - 21:48:13: [mapchooser.amxx] Vote: Voting for the nextmap finished. The nextmap will be as_oilrig
L 09/22/2022 - 21:50:14: -------- Mapchange to as_oilrig --------
L 09/22/2022 - 22:08:15: [mapchooser.amxx] Vote: Voting for the nextmap started
L 09/22/2022 - 22:08:30: [mapchooser.amxx] Vote: Voting for the nextmap finished. The nextmap will be cs_siege
L 09/22/2022 - 22:10:31: -------- Mapchange to cs_siege --------
L 09/22/2022 - 22:28:31: [mapchooser.amxx] Vote: Voting for the nextmap started
L 09/22/2022 - 22:28:46: [mapchooser.amxx] Vote: Voting for the nextmap finished. The nextmap will be de_cbble
L 09/22/2022 - 22:30:47: -------- Mapchange to de_cbble --------
L 09/22/2022 - 22:48:47: [mapchooser.amxx] Vote: Voting for the nextmap started
L 09/22/2022 - 22:49:02: [mapchooser.amxx] Vote: Voting for the nextmap finished. The nextmap will be de_dust
L 09/22/2022 - 22:51:03: -------- Mapchange to de_dust --------
L 09/22/2022 - 23:10:03: -------- Mapchange to de_dust2 --------
L 09/22/2022 - 23:10:46: [admin.amxx] Login: "peter5001<20><STEAM_0:0:75035875><>" became an admin (account "STEAM_0:0:75035875") (access "abcdefghijklmnopqrstuv") (address "125.59.199.58")
