L 05/29/2022 - 15:08:03: -------- Mapchange to de_dust2 --------
L 05/29/2022 - 15:08:03: [oo_test.amxx] performance issue. Function Test@Ctor executed more than 1.2ms.
L 05/29/2022 - 15:08:03: [oo.amxx] performance issue. Function native_new executed more than 2.4ms.
L 05/29/2022 - 15:08:03: [oo_test.amxx] performance issue. Function oo_init executed more than 3.3ms.
L 05/29/2022 - 15:08:03: [oo.amxx] performance issue. Function plugin_precache executed more than 4.3ms.
L 05/29/2022 - 15:08:03: [ctg_PlayerClassInfo.amxx] performance issue. Function PlayerClassInfo@LoadJson executed more than 12.7ms.
L 05/29/2022 - 15:08:03: [oo.amxx] performance issue. Function native_call executed more than 14.2ms.
L 05/29/2022 - 15:08:03: [ctg_PlayerClassInfo.amxx] performance issue. Function PlayerClassInfo@Ctor executed more than 15.9ms.
L 05/29/2022 - 15:08:03: [oo.amxx] performance issue. Function native_new executed more than 17.6ms.
L 05/29/2022 - 15:08:03: [ctg_Human.amxx] performance issue. Function plugin_precache executed more than 21.4ms.
L 05/29/2022 - 15:08:03: [ctg_PlayerClassInfo.amxx] performance issue. Function PlayerClassInfo@LoadJson executed more than 10.4ms.
L 05/29/2022 - 15:08:03: [oo.amxx] performance issue. Function native_call executed more than 12.9ms.
L 05/29/2022 - 15:08:03: [ctg_PlayerClassInfo.amxx] performance issue. Function PlayerClassInfo@Ctor executed more than 14.9ms.
L 05/29/2022 - 15:08:03: [oo.amxx] performance issue. Function native_new executed more than 16.3ms.
L 05/29/2022 - 15:08:03: [ctg_Zombie.amxx] performance issue. Function plugin_precache executed more than 17.6ms.
L 05/29/2022 - 15:08:04: [oo.amxx] performance issue. Function plugin_init executed more than 54.4ms.
L 05/29/2022 - 15:08:04: [hsjai.amxx] performance issue. Function plugin_init executed more than 17.0ms.
L 05/29/2022 - 15:08:15: -------- Mapchange to de_dust2 --------
L 05/29/2022 - 15:08:15: [oo_test.amxx] performance issue. Function oo_init executed more than 1.0ms.
L 05/29/2022 - 15:08:15: [oo.amxx] performance issue. Function plugin_precache executed more than 2.1ms.
L 05/29/2022 - 15:08:15: [ctg_PlayerClassInfo.amxx] performance issue. Function PlayerClassInfo@LoadJson executed more than 12.0ms.
L 05/29/2022 - 15:08:15: [oo.amxx] performance issue. Function native_call executed more than 16.8ms.
L 05/29/2022 - 15:08:15: [ctg_PlayerClassInfo.amxx] performance issue. Function PlayerClassInfo@Ctor executed more than 18.5ms.
L 05/29/2022 - 15:08:15: [oo.amxx] performance issue. Function native_new executed more than 19.8ms.
L 05/29/2022 - 15:08:15: [ctg_Human.amxx] performance issue. Function plugin_precache executed more than 21.1ms.
L 05/29/2022 - 15:08:15: [ctg_PlayerClassInfo.amxx] performance issue. Function PlayerClassInfo@LoadJson executed more than 10.8ms.
L 05/29/2022 - 15:08:15: [oo.amxx] performance issue. Function native_call executed more than 12.4ms.
L 05/29/2022 - 15:08:15: [ctg_PlayerClassInfo.amxx] performance issue. Function PlayerClassInfo@Ctor executed more than 15.0ms.
L 05/29/2022 - 15:08:15: [oo.amxx] performance issue. Function native_new executed more than 16.4ms.
L 05/29/2022 - 15:08:15: [ctg_Zombie.amxx] performance issue. Function plugin_precache executed more than 17.7ms.
L 05/29/2022 - 15:08:16: [oo.amxx] performance issue. Function plugin_init executed more than 50.0ms.
L 05/29/2022 - 15:08:16: [hsjai.amxx] performance issue. Function plugin_init executed more than 19.5ms.
