L 10/07/2022 - 20:12:52: -------- Mapchange to de_dust2 --------
L 10/07/2022 - 20:13:08: [admin.amxx] Login: "spectator`<1><STEAM_0:0:75035875><>" became an admin (account "STEAM_0:0:75035875") (access "abcdefghijklmnopqrstuv") (address "192.168.56.1")
L 10/07/2022 - 20:15:54: -------- Mapchange to de_dust2 --------
L 10/07/2022 - 20:16:08: [admin.amxx] Login: "spectator`<1><STEAM_0:0:75035875><>" became an admin (account "STEAM_0:0:75035875") (access "abcdefghijklmnopqrstuv") (address "192.168.56.1")
L 10/07/2022 - 20:17:08: [telemenu.amxx] Cmd: "spectator`<1><STEAM_0:0:75035875><>" teleport "bussemann<5><BOT><>"
L 10/07/2022 - 20:22:13: [telemenu.amxx] Cmd: "spectator`<1><STEAM_0:0:75035875><>" teleport "bussemann<5><BOT><>"
L 10/07/2022 - 20:27:38: -------- Mapchange to de_dust2 --------
L 10/07/2022 - 20:27:39: [admin.amxx] Login: "spectator`<1><STEAM_0:0:75035875><>" became an admin (account "STEAM_0:0:75035875") (access "abcdefghijklmnopqrstuv") (address "192.168.56.1")
L 10/07/2022 - 20:28:42: [telemenu.amxx] Cmd: "spectator`<1><STEAM_0:0:75035875><>" teleport "Serial_Victim<11><BOT><>"
L 10/07/2022 - 20:29:06: [plmenu.amxx] Cmd: "spectator`<1><STEAM_0:0:75035875><>" slay "spectator`<1><STEAM_0:0:75035875><>"
L 10/07/2022 - 20:29:07: [plmenu.amxx] Cmd: "spectator`<1><STEAM_0:0:75035875><>" slay "INEOIVulture<12><BOT><>"
L 10/07/2022 - 20:29:07: [plmenu.amxx] Cmd: "spectator`<1><STEAM_0:0:75035875><>" slay "Chubbs<13><BOT><>"
L 10/07/2022 - 20:29:08: [plmenu.amxx] Cmd: "spectator`<1><STEAM_0:0:75035875><>" slay "bussemann<14><BOT><>"
L 10/07/2022 - 20:29:09: [plmenu.amxx] Cmd: "spectator`<1><STEAM_0:0:75035875><>" slay "funk<15><BOT><>"
L 10/07/2022 - 20:29:12: [plmenu.amxx] Cmd: "spectator`<1><STEAM_0:0:75035875><>" slay "peopleRpoop<16><BOT><>"
L 10/07/2022 - 20:29:13: [plmenu.amxx] Cmd: "spectator`<1><STEAM_0:0:75035875><>" slay "RaGe<17><BOT><>"
L 10/07/2022 - 20:29:14: [plmenu.amxx] Cmd: "spectator`<1><STEAM_0:0:75035875><>" slay "ChRoNo<18><BOT><>"
L 10/07/2022 - 20:29:15: [plmenu.amxx] Cmd: "spectator`<1><STEAM_0:0:75035875><>" slay "fury16<19><BOT><>"
L 10/07/2022 - 20:31:06: -------- Mapchange to de_dust2 --------
L 10/07/2022 - 20:31:07: [admin.amxx] Login: "spectator`<1><STEAM_0:0:75035875><>" became an admin (account "STEAM_0:0:75035875") (access "abcdefghijklmnopqrstuv") (address "192.168.56.1")
L 10/07/2022 - 20:34:19: -------- Mapchange to de_dust2 --------
L 10/07/2022 - 20:34:20: [admin.amxx] Login: "spectator`<1><STEAM_0:0:75035875><>" became an admin (account "STEAM_0:0:75035875") (access "abcdefghijklmnopqrstuv") (address "192.168.56.1")
L 10/07/2022 - 20:34:44: [plmenu.amxx] Cmd: "spectator`<1><STEAM_0:0:75035875><>" slay "Serial_Victim<29><BOT><>"
L 10/07/2022 - 20:34:44: [plmenu.amxx] Cmd: "spectator`<1><STEAM_0:0:75035875><>" slay "INEOIVulture<30><BOT><>"
L 10/07/2022 - 20:34:45: [plmenu.amxx] Cmd: "spectator`<1><STEAM_0:0:75035875><>" slay "Chubbs<31><BOT><>"
L 10/07/2022 - 20:34:45: [plmenu.amxx] Cmd: "spectator`<1><STEAM_0:0:75035875><>" slay "bussemann<32><BOT><>"
L 10/07/2022 - 20:34:45: [plmenu.amxx] Cmd: "spectator`<1><STEAM_0:0:75035875><>" slay "funk<33><BOT><>"
L 10/07/2022 - 20:34:46: [plmenu.amxx] Cmd: "spectator`<1><STEAM_0:0:75035875><>" slay "peopleRpoop<34><BOT><>"
L 10/07/2022 - 20:34:46: [plmenu.amxx] Cmd: "spectator`<1><STEAM_0:0:75035875><>" slay "spectator`<1><STEAM_0:0:75035875><>"
L 10/07/2022 - 20:34:47: [plmenu.amxx] Cmd: "spectator`<1><STEAM_0:0:75035875><>" slay "RaGe<35><BOT><>"
L 10/07/2022 - 20:34:48: [plmenu.amxx] Cmd: "spectator`<1><STEAM_0:0:75035875><>" slay "ChRoNo<36><BOT><>"
L 10/07/2022 - 20:34:48: [plmenu.amxx] Cmd: "spectator`<1><STEAM_0:0:75035875><>" slay "fury16<37><BOT><>"
L 10/07/2022 - 20:35:02: [plmenu.amxx] Cmd: "spectator`<1><STEAM_0:0:75035875><>" slay "spectator`<1><STEAM_0:0:75035875><>"
L 10/07/2022 - 20:35:02: [plmenu.amxx] Cmd: "spectator`<1><STEAM_0:0:75035875><>" slay "Serial_Victim<29><BOT><>"
L 10/07/2022 - 20:35:02: [plmenu.amxx] Cmd: "spectator`<1><STEAM_0:0:75035875><>" slay "INEOIVulture<30><BOT><>"
L 10/07/2022 - 20:35:03: [plmenu.amxx] Cmd: "spectator`<1><STEAM_0:0:75035875><>" slay "Chubbs<31><BOT><>"
L 10/07/2022 - 20:35:46: -------- Mapchange to de_dust2 --------
L 10/07/2022 - 20:35:47: [admin.amxx] Login: "spectator`<1><STEAM_0:0:75035875><>" became an admin (account "STEAM_0:0:75035875") (access "abcdefghijklmnopqrstuv") (address "192.168.56.1")
L 10/07/2022 - 20:48:11: -------- Mapchange to de_dust2 --------
L 10/07/2022 - 20:49:19: -------- Mapchange to de_dust2 --------
L 10/07/2022 - 20:54:36: -------- Mapchange to de_dust2 --------
L 10/07/2022 - 20:54:39: [admin.amxx] Login: "spectator`<1><STEAM_0:0:75035875><>" became an admin (account "STEAM_0:0:75035875") (access "abcdefghijklmnopqrstuv") (address "192.168.56.1")
L 10/07/2022 - 20:54:57: -------- Mapchange to de_dust2 --------
L 10/07/2022 - 20:55:02: [admin.amxx] Login: "spectator`<1><STEAM_0:0:75035875><>" became an admin (account "STEAM_0:0:75035875") (access "abcdefghijklmnopqrstuv") (address "192.168.56.1")
L 10/07/2022 - 21:07:56: -------- Mapchange to de_dust2 --------
L 10/07/2022 - 21:08:01: [admin.amxx] Login: "spectator`<1><STEAM_0:0:75035875><>" became an admin (account "STEAM_0:0:75035875") (access "abcdefghijklmnopqrstuv") (address "192.168.56.1")
L 10/07/2022 - 21:10:05: [plmenu.amxx] Cmd: "spectator`<1><STEAM_0:0:75035875><>" slay "spectator`<1><STEAM_0:0:75035875><>"
L 10/07/2022 - 21:10:06: [plmenu.amxx] Cmd: "spectator`<1><STEAM_0:0:75035875><>" slay "aznfaijai<2><BOT><>"
L 10/07/2022 - 21:10:06: [plmenu.amxx] Cmd: "spectator`<1><STEAM_0:0:75035875><>" slay "kingkilla<3><BOT><>"
L 10/07/2022 - 21:10:06: [plmenu.amxx] Cmd: "spectator`<1><STEAM_0:0:75035875><>" slay "shooterman<4><BOT><>"
L 10/07/2022 - 21:10:07: [plmenu.amxx] Cmd: "spectator`<1><STEAM_0:0:75035875><>" slay "ChRoNo<5><BOT><>"
L 10/07/2022 - 21:10:07: [plmenu.amxx] Cmd: "spectator`<1><STEAM_0:0:75035875><>" slay "dead weight<6><BOT><>"
L 10/07/2022 - 21:10:07: [plmenu.amxx] Cmd: "spectator`<1><STEAM_0:0:75035875><>" slay "AfluffyKitten<7><BOT><>"
L 10/07/2022 - 21:10:10: [plmenu.amxx] Cmd: "spectator`<1><STEAM_0:0:75035875><>" slay "dslodolce<8><BOT><>"
L 10/07/2022 - 21:10:10: [plmenu.amxx] Cmd: "spectator`<1><STEAM_0:0:75035875><>" slay "Death Knight<9><BOT><>"
L 10/07/2022 - 21:10:24: [plmenu.amxx] Cmd: "spectator`<1><STEAM_0:0:75035875><>" slay "spectator`<1><STEAM_0:0:75035875><>"
L 10/07/2022 - 21:10:25: [plmenu.amxx] Cmd: "spectator`<1><STEAM_0:0:75035875><>" slay "aznfaijai<2><BOT><>"
L 10/07/2022 - 21:10:25: [plmenu.amxx] Cmd: "spectator`<1><STEAM_0:0:75035875><>" slay "kingkilla<3><BOT><>"
L 10/07/2022 - 21:10:26: [plmenu.amxx] Cmd: "spectator`<1><STEAM_0:0:75035875><>" slay "shooterman<4><BOT><>"
L 10/07/2022 - 21:10:26: [plmenu.amxx] Cmd: "spectator`<1><STEAM_0:0:75035875><>" slay "ChRoNo<5><BOT><>"
L 10/07/2022 - 21:10:27: [plmenu.amxx] Cmd: "spectator`<1><STEAM_0:0:75035875><>" slay "dead weight<6><BOT><>"
L 10/07/2022 - 21:10:28: [plmenu.amxx] Cmd: "spectator`<1><STEAM_0:0:75035875><>" slay "AfluffyKitten<7><BOT><>"
L 10/07/2022 - 21:10:28: [plmenu.amxx] Cmd: "spectator`<1><STEAM_0:0:75035875><>" slay "dslodolce<8><BOT><>"
L 10/07/2022 - 21:10:30: [plmenu.amxx] Cmd: "spectator`<1><STEAM_0:0:75035875><>" slay "Death Knight<9><BOT><>"
L 10/07/2022 - 21:10:30: [plmenu.amxx] Cmd: "spectator`<1><STEAM_0:0:75035875><>" slay "Domo<10><BOT><>"
L 10/07/2022 - 21:25:07: [plmenu.amxx] Cmd: "spectator`<1><STEAM_0:0:75035875><>" slay "aznfaijai<2><BOT><>"
L 10/07/2022 - 21:25:08: [plmenu.amxx] Cmd: "spectator`<1><STEAM_0:0:75035875><>" slay "shooterman<4><BOT><>"
L 10/07/2022 - 21:25:08: [plmenu.amxx] Cmd: "spectator`<1><STEAM_0:0:75035875><>" slay "ChRoNo<5><BOT><>"
L 10/07/2022 - 21:25:09: [plmenu.amxx] Cmd: "spectator`<1><STEAM_0:0:75035875><>" slay "AfluffyKitten<7><BOT><>"
L 10/07/2022 - 21:25:10: [plmenu.amxx] Cmd: "spectator`<1><STEAM_0:0:75035875><>" slay "dslodolce<8><BOT><>"
L 10/07/2022 - 21:25:10: [plmenu.amxx] Cmd: "spectator`<1><STEAM_0:0:75035875><>" slay "Death Knight<9><BOT><>"
L 10/07/2022 - 21:25:11: [plmenu.amxx] Cmd: "spectator`<1><STEAM_0:0:75035875><>" slay "Domo<10><BOT><>"
L 10/07/2022 - 21:25:59: [mapchooser.amxx] Vote: Voting for the nextmap started
L 10/07/2022 - 21:26:14: [mapchooser.amxx] Vote: Voting for the nextmap finished. Map de_dust2 will be extended to next 15 minutes
L 10/07/2022 - 22:52:28: -------- Mapchange to de_dust2 --------
L 10/07/2022 - 22:53:07: -------- Mapchange to de_dust2 --------
L 10/07/2022 - 22:53:37: -------- Mapchange to de_dust2 --------
L 10/07/2022 - 22:53:41: [admin.amxx] Login: "spectator`<19><STEAM_0:0:75035875><>" became an admin (account "STEAM_0:0:75035875") (access "abcdefghijklmnopqrstuv") (address "192.168.56.1")
L 10/07/2022 - 22:54:40: [telemenu.amxx] Cmd: "spectator`<19><STEAM_0:0:75035875><>" teleport "ffmcobalt<20><BOT><>"
L 10/07/2022 - 22:54:47: [plmenu.amxx] Cmd: "spectator`<19><STEAM_0:0:75035875><>" slay "ffmcobalt<20><BOT><>"
L 10/07/2022 - 23:02:34: [telemenu.amxx] Cmd: "spectator`<19><STEAM_0:0:75035875><>" teleport "ffmcobalt<20><BOT><>"
L 10/07/2022 - 23:02:35: [telemenu.amxx] Cmd: "spectator`<19><STEAM_0:0:75035875><>" teleport "AfluffyKitten<21><BOT><>"
L 10/07/2022 - 23:02:36: [telemenu.amxx] Cmd: "spectator`<19><STEAM_0:0:75035875><>" teleport "Nihility<22><BOT><>"
L 10/07/2022 - 23:02:42: [telemenu.amxx] Cmd: "spectator`<19><STEAM_0:0:75035875><>" teleport "ewok<28><BOT><>"
L 10/07/2022 - 23:11:37: [mapchooser.amxx] Vote: Voting for the nextmap started
L 10/07/2022 - 23:11:52: [mapchooser.amxx] Vote: Voting for the nextmap finished. The nextmap will be de_chateau
L 10/07/2022 - 23:13:47: -------- Mapchange to de_chateau --------
L 10/07/2022 - 23:31:47: [mapchooser.amxx] Vote: Voting for the nextmap started
L 10/07/2022 - 23:32:02: [mapchooser.amxx] Vote: Voting for the nextmap finished. The nextmap will be de_aztec
L 10/07/2022 - 23:33:56: -------- Mapchange to de_aztec --------
L 10/07/2022 - 23:46:24: -------- Mapchange to de_dust2 --------
L 10/07/2022 - 23:46:43: [admin.amxx] Login: "spectator`<10><STEAM_0:0:75035875><>" became an admin (account "STEAM_0:0:75035875") (access "abcdefghijklmnopqrstuv") (address "192.168.56.1")
L 10/07/2022 - 23:47:08: [telemenu.amxx] Cmd: "spectator`<10><STEAM_0:0:75035875><>" teleport "thesofafox<5><BOT><>"
L 10/07/2022 - 23:49:47: -------- Mapchange to de_dust2 --------
L 10/07/2022 - 23:49:50: [admin.amxx] Login: "spectator`<1><STEAM_0:0:75035875><>" became an admin (account "STEAM_0:0:75035875") (access "abcdefghijklmnopqrstuv") (address "192.168.56.1")
L 10/07/2022 - 23:51:41: [telemenu.amxx] Cmd: "spectator`<1><STEAM_0:0:75035875><>" teleport "INEOIVulture<10><BOT><>"
