L 05/31/2022 - 00:00:00: [mapchooser.amxx] Vote: Voting for the nextmap started
L 05/31/2022 - 00:00:15: [mapchooser.amxx] Vote: Voting for the nextmap finished. The nextmap will be de_prodigy
L 05/31/2022 - 00:02:09: -------- Mapchange to de_prodigy --------
L 05/31/2022 - 00:02:10: [ctg_PlayerClassInfo.amxx] performance issue. Function PlayerClassInfo@LoadJson executed more than 9.4ms.
L 05/31/2022 - 00:02:10: [oo.amxx] performance issue. Function native_call executed more than 10.5ms.
L 05/31/2022 - 00:02:10: [ctg_PlayerClassInfo.amxx] performance issue. Function PlayerClassInfo@Ctor executed more than 12.0ms.
L 05/31/2022 - 00:02:10: [oo.amxx] performance issue. Function native_new executed more than 13.3ms.
L 05/31/2022 - 00:02:10: [ctg_Human.amxx] performance issue. Function plugin_precache executed more than 14.0ms.
L 05/31/2022 - 00:02:10: [ctg_PlayerClassInfo.amxx] performance issue. Function PlayerClassInfo@LoadJson executed more than 9.7ms.
L 05/31/2022 - 00:02:10: [oo.amxx] performance issue. Function native_call executed more than 10.6ms.
L 05/31/2022 - 00:02:10: [ctg_PlayerClassInfo.amxx] performance issue. Function PlayerClassInfo@Ctor executed more than 11.9ms.
L 05/31/2022 - 00:02:10: [oo.amxx] performance issue. Function native_new executed more than 12.8ms.
L 05/31/2022 - 00:02:10: [ctg_Zombie.amxx] performance issue. Function plugin_precache executed more than 13.5ms.
L 05/31/2022 - 00:02:10: [oo.amxx] performance issue. Function plugin_init executed more than 28.2ms.
L 05/31/2022 - 00:02:10: [hsjai.amxx] performance issue. Function plugin_init executed more than 16.2ms.
L 05/31/2022 - 00:20:09: [mapchooser.amxx] Vote: Voting for the nextmap started
L 05/31/2022 - 00:20:24: [mapchooser.amxx] Vote: Voting for the nextmap finished. The nextmap will be cs_assault
L 05/31/2022 - 00:22:19: -------- Mapchange to cs_assault --------
L 05/31/2022 - 00:22:19: [oo.amxx] performance issue. Function plugin_precache executed more than 1.1ms.
L 05/31/2022 - 00:22:19: [ctg_PlayerClassInfo.amxx] performance issue. Function PlayerClassInfo@LoadJson executed more than 30.2ms.
L 05/31/2022 - 00:22:19: [oo.amxx] performance issue. Function native_call executed more than 31.5ms.
L 05/31/2022 - 00:22:19: [ctg_PlayerClassInfo.amxx] performance issue. Function PlayerClassInfo@Ctor executed more than 33.5ms.
L 05/31/2022 - 00:22:19: [oo.amxx] performance issue. Function native_new executed more than 34.6ms.
L 05/31/2022 - 00:22:19: [ctg_Human.amxx] performance issue. Function plugin_precache executed more than 35.6ms.
L 05/31/2022 - 00:22:19: [ctg_PlayerClassInfo.amxx] performance issue. Function PlayerClassInfo@LoadJson executed more than 22.0ms.
L 05/31/2022 - 00:22:19: [oo.amxx] performance issue. Function native_call executed more than 24.1ms.
L 05/31/2022 - 00:22:19: [ctg_PlayerClassInfo.amxx] performance issue. Function PlayerClassInfo@Ctor executed more than 26.8ms.
L 05/31/2022 - 00:22:19: [oo.amxx] performance issue. Function native_new executed more than 28.8ms.
L 05/31/2022 - 00:22:19: [ctg_Zombie.amxx] performance issue. Function plugin_precache executed more than 30.7ms.
L 05/31/2022 - 00:22:20: [oo.amxx] performance issue. Function plugin_init executed more than 34.4ms.
L 05/31/2022 - 00:22:20: [hsjai.amxx] performance issue. Function plugin_init executed more than 9.2ms.
