L 10/05/2022 - 03:43:36: -------- Mapchange to de_dust2 --------
L 10/05/2022 - 03:44:15: -------- Mapchange to de_dust2 --------
L 10/05/2022 - 03:44:45: -------- Mapchange to de_dust2 --------
L 10/05/2022 - 03:44:45: [AMXX] Plugin "ctg_gamemode_infection.amxx" failed to load: Plugin uses an unknown function (name "ctg_playerclass_is") - check your modules.ini.
L 10/05/2022 - 03:44:54: [admin.amxx] Login: "spectator`<1><STEAM_0:0:75035875><>" became an admin (account "STEAM_0:0:75035875") (access "abcdefghijklmnopqrstuv") (address "192.168.56.1")
L 10/05/2022 - 03:55:57: -------- Mapchange to de_dust2 --------
L 10/05/2022 - 03:55:58: [admin.amxx] Login: "spectator`<1><STEAM_0:0:75035875><>" became an admin (account "STEAM_0:0:75035875") (access "abcdefghijklmnopqrstuv") (address "192.168.56.1")
L 10/05/2022 - 03:58:11: [admin.amxx] Login: "spectator`<4><STEAM_0:0:75035875><>" became an admin (account "STEAM_0:0:75035875") (access "abcdefghijklmnopqrstuv") (address "127.0.0.1")
L 10/05/2022 - 04:03:19: -------- Mapchange to de_dust2 --------
L 10/05/2022 - 04:03:33: -------- Mapchange to de_dust2 --------
L 10/05/2022 - 04:04:10: [admin.amxx] Login: "spectator`<1><STEAM_0:0:75035875><>" became an admin (account "STEAM_0:0:75035875") (access "abcdefghijklmnopqrstuv") (address "192.168.56.1")
L 10/05/2022 - 04:04:23: -------- Mapchange to de_dust2 --------
L 10/05/2022 - 04:04:24: [admin.amxx] Login: "spectator`<1><STEAM_0:0:75035875><>" became an admin (account "STEAM_0:0:75035875") (access "abcdefghijklmnopqrstuv") (address "192.168.56.1")
L 10/05/2022 - 04:08:07: -------- Mapchange to de_dust2 --------
L 10/05/2022 - 04:08:10: [admin.amxx] Login: "spectator`<2><STEAM_0:0:75035875><>" became an admin (account "STEAM_0:0:75035875") (access "abcdefghijklmnopqrstuv") (address "192.168.56.1")
L 10/05/2022 - 04:27:07: [mapchooser.amxx] Vote: Voting for the nextmap started
L 10/05/2022 - 04:27:23: [mapchooser.amxx] Vote: Voting for the nextmap finished. The nextmap will be de_chateau
L 10/05/2022 - 04:29:14: -------- Mapchange to de_chateau --------
L 10/05/2022 - 04:47:15: [mapchooser.amxx] Vote: Voting for the nextmap started
L 10/05/2022 - 04:47:30: [mapchooser.amxx] Vote: Voting for the nextmap finished. The nextmap will be de_aztec
L 10/05/2022 - 04:50:21: -------- Mapchange to de_aztec --------
L 10/05/2022 - 05:08:22: [mapchooser.amxx] Vote: Voting for the nextmap started
L 10/05/2022 - 05:08:37: [mapchooser.amxx] Vote: Voting for the nextmap finished. The nextmap will be as_oilrig
L 10/05/2022 - 05:11:28: -------- Mapchange to as_oilrig --------
L 10/05/2022 - 05:29:29: [mapchooser.amxx] Vote: Voting for the nextmap started
L 10/05/2022 - 05:29:44: [mapchooser.amxx] Vote: Voting for the nextmap finished. The nextmap will be cs_siege
L 10/05/2022 - 05:32:35: -------- Mapchange to cs_siege --------
L 10/05/2022 - 05:50:36: [mapchooser.amxx] Vote: Voting for the nextmap started
L 10/05/2022 - 05:50:51: [mapchooser.amxx] Vote: Voting for the nextmap finished. The nextmap will be de_cbble
L 10/05/2022 - 05:53:42: -------- Mapchange to de_cbble --------
L 10/05/2022 - 06:11:43: [mapchooser.amxx] Vote: Voting for the nextmap started
L 10/05/2022 - 06:11:58: [mapchooser.amxx] Vote: Voting for the nextmap finished. The nextmap will be de_dust
L 10/05/2022 - 06:14:49: -------- Mapchange to de_dust --------
L 10/05/2022 - 06:32:50: [mapchooser.amxx] Vote: Voting for the nextmap started
L 10/05/2022 - 06:33:05: [mapchooser.amxx] Vote: Voting for the nextmap finished. The nextmap will be cs_747
L 10/05/2022 - 06:35:56: -------- Mapchange to cs_747 --------
L 10/05/2022 - 06:53:57: [mapchooser.amxx] Vote: Voting for the nextmap started
L 10/05/2022 - 06:54:12: [mapchooser.amxx] Vote: Voting for the nextmap finished. The nextmap will be de_prodigy
L 10/05/2022 - 06:57:03: -------- Mapchange to de_prodigy --------
L 10/05/2022 - 07:15:04: [mapchooser.amxx] Vote: Voting for the nextmap started
L 10/05/2022 - 07:15:19: [mapchooser.amxx] Vote: Voting for the nextmap finished. The nextmap will be cs_assault
L 10/05/2022 - 07:18:10: -------- Mapchange to cs_assault --------
L 10/05/2022 - 07:36:11: [mapchooser.amxx] Vote: Voting for the nextmap started
L 10/05/2022 - 07:36:26: [mapchooser.amxx] Vote: Voting for the nextmap finished. The nextmap will be cs_office
L 10/05/2022 - 07:39:18: -------- Mapchange to cs_office --------
L 10/05/2022 - 12:35:01: -------- Mapchange to de_dust2 --------
L 10/05/2022 - 12:35:05: [AMXX] Plugin "ctg_playerclass.amxx" failed to load: Plugin uses an unknown function (name "oo_new") - check your modules.ini.
L 10/05/2022 - 12:35:05: [AMXX] Plugin "ctg_human.amxx" failed to load: Plugin uses an unknown function (name "oo_get") - check your modules.ini.
L 10/05/2022 - 12:35:05: [AMXX] Plugin "ctg_zombie.amxx" failed to load: Plugin uses an unknown function (name "oo_get") - check your modules.ini.
L 10/05/2022 - 12:35:05: [AMXX] Plugin "ctg_gamemode.amxx" failed to load: Plugin uses an unknown function (name "oo_new") - check your modules.ini.
L 10/05/2022 - 12:35:05: [AMXX] Plugin "ctg_gamemode_infection.amxx" failed to load: Plugin uses an unknown function (name "oo_call") - check your modules.ini.
L 10/05/2022 - 12:35:05: [AMXX] Plugin "ctg_command.amxx" failed to load: Plugin uses an unknown function (name "oo_subclass_of") - check your modules.ini.
L 10/05/2022 - 12:35:31: -------- Mapchange to de_dust2 --------
L 10/05/2022 - 12:35:42: [admin.amxx] Login: "spectator`<1><STEAM_0:0:75035875><>" became an admin (account "STEAM_0:0:75035875") (access "abcdefghijklmnopqrstuv") (address "192.168.56.1")
L 10/05/2022 - 12:39:30: -------- Mapchange to de_dust2 --------
L 10/05/2022 - 12:39:33: [admin.amxx] Login: "spectator`<1><STEAM_0:0:75035875><>" became an admin (account "STEAM_0:0:75035875") (access "abcdefghijklmnopqrstuv") (address "192.168.56.1")
L 10/05/2022 - 12:40:05: -------- Mapchange to de_dust2 --------
L 10/05/2022 - 12:40:07: [admin.amxx] Login: "spectator`<1><STEAM_0:0:75035875><>" became an admin (account "STEAM_0:0:75035875") (access "abcdefghijklmnopqrstuv") (address "192.168.56.1")
L 10/05/2022 - 12:58:21: [mapchooser.amxx] Vote: Voting for the nextmap started
L 10/05/2022 - 12:58:36: [mapchooser.amxx] Vote: Voting for the nextmap finished. The nextmap will be cs_havana
L 10/05/2022 - 13:00:36: -------- Mapchange to cs_havana --------
L 10/05/2022 - 13:04:36: -------- Mapchange to cs_havana --------
L 10/05/2022 - 13:04:38: [admin.amxx] Login: "spectator`<7><STEAM_0:0:75035875><>" became an admin (account "STEAM_0:0:75035875") (access "abcdefghijklmnopqrstuv") (address "192.168.56.1")
L 10/05/2022 - 13:22:36: [mapchooser.amxx] Vote: Voting for the nextmap started
L 10/05/2022 - 13:22:51: [mapchooser.amxx] Vote: Voting for the nextmap finished. The nextmap will be de_aztec
L 10/05/2022 - 13:25:05: -------- Mapchange to de_aztec --------
L 10/05/2022 - 13:43:06: [mapchooser.amxx] Vote: Voting for the nextmap started
L 10/05/2022 - 13:43:21: [mapchooser.amxx] Vote: Voting for the nextmap finished. The nextmap will be as_oilrig
L 10/05/2022 - 13:45:35: -------- Mapchange to as_oilrig --------
L 10/05/2022 - 14:03:36: [mapchooser.amxx] Vote: Voting for the nextmap started
L 10/05/2022 - 14:03:51: [mapchooser.amxx] Vote: Voting for the nextmap finished. The nextmap will be cs_siege
L 10/05/2022 - 14:06:05: -------- Mapchange to cs_siege --------
L 10/05/2022 - 14:24:05: [mapchooser.amxx] Vote: Voting for the nextmap started
L 10/05/2022 - 14:24:20: [mapchooser.amxx] Vote: Voting for the nextmap finished. The nextmap will be de_cbble
L 10/05/2022 - 14:26:34: -------- Mapchange to de_cbble --------
L 10/05/2022 - 14:44:35: [mapchooser.amxx] Vote: Voting for the nextmap started
L 10/05/2022 - 14:44:50: [mapchooser.amxx] Vote: Voting for the nextmap finished. The nextmap will be de_dust
L 10/05/2022 - 14:47:04: -------- Mapchange to de_dust --------
L 10/05/2022 - 15:05:05: [mapchooser.amxx] Vote: Voting for the nextmap started
L 10/05/2022 - 15:05:20: [mapchooser.amxx] Vote: Voting for the nextmap finished. The nextmap will be cs_747
L 10/05/2022 - 15:07:34: -------- Mapchange to cs_747 --------
L 10/05/2022 - 15:25:35: [mapchooser.amxx] Vote: Voting for the nextmap started
L 10/05/2022 - 15:25:50: [mapchooser.amxx] Vote: Voting for the nextmap finished. The nextmap will be de_prodigy
L 10/05/2022 - 15:28:03: -------- Mapchange to de_prodigy --------
L 10/05/2022 - 15:46:04: [mapchooser.amxx] Vote: Voting for the nextmap started
L 10/05/2022 - 15:46:19: [mapchooser.amxx] Vote: Voting for the nextmap finished. The nextmap will be cs_assault
L 10/05/2022 - 15:48:33: -------- Mapchange to cs_assault --------
L 10/05/2022 - 16:06:33: [mapchooser.amxx] Vote: Voting for the nextmap started
L 10/05/2022 - 16:06:48: [mapchooser.amxx] Vote: Voting for the nextmap finished. The nextmap will be cs_office
L 10/05/2022 - 16:09:03: -------- Mapchange to cs_office --------
L 10/05/2022 - 16:27:03: [mapchooser.amxx] Vote: Voting for the nextmap started
L 10/05/2022 - 16:27:18: [mapchooser.amxx] Vote: Voting for the nextmap finished. The nextmap will be cs_italy
L 10/05/2022 - 16:29:32: -------- Mapchange to cs_italy --------
L 10/05/2022 - 16:47:33: [mapchooser.amxx] Vote: Voting for the nextmap started
L 10/05/2022 - 16:47:48: [mapchooser.amxx] Vote: Voting for the nextmap finished. The nextmap will be cs_backalley
L 10/05/2022 - 16:50:02: -------- Mapchange to cs_backalley --------
L 10/05/2022 - 16:56:45: -------- Mapchange to cs_backalley --------
L 10/05/2022 - 16:57:03: [admin.amxx] Login: "spectator`<34><STEAM_0:0:75035875><>" became an admin (account "STEAM_0:0:75035875") (access "abcdefghijklmnopqrstuv") (address "192.168.56.1")
L 10/05/2022 - 16:59:54: [telemenu.amxx] Cmd: "spectator`<34><STEAM_0:0:75035875><>" teleport "blueguile<33><BOT><>"
L 10/05/2022 - 17:01:08: [telemenu.amxx] Cmd: "spectator`<34><STEAM_0:0:75035875><>" teleport "blueguile<33><BOT><>"
L 10/05/2022 - 17:02:31: [telemenu.amxx] Cmd: "spectator`<34><STEAM_0:0:75035875><>" teleport "-CARDIAC-<32><BOT><>"
L 10/05/2022 - 17:02:35: [telemenu.amxx] Cmd: "spectator`<34><STEAM_0:0:75035875><>" teleport "-CARDIAC-<32><BOT><>"
L 10/05/2022 - 17:02:35: [telemenu.amxx] Cmd: "spectator`<34><STEAM_0:0:75035875><>" teleport "blueguile<33><BOT><>"
L 10/05/2022 - 17:04:55: -------- Mapchange to cs_backalley --------
L 10/05/2022 - 17:04:56: [admin.amxx] Login: "spectator`<34><STEAM_0:0:75035875><>" became an admin (account "STEAM_0:0:75035875") (access "abcdefghijklmnopqrstuv") (address "192.168.56.1")
L 10/05/2022 - 17:22:55: [mapchooser.amxx] Vote: Voting for the nextmap started
L 10/05/2022 - 17:23:10: [mapchooser.amxx] Vote: Voting for the nextmap finished. The nextmap will be de_airstrip
L 10/05/2022 - 17:25:24: -------- Mapchange to de_airstrip --------
L 10/05/2022 - 17:43:24: [mapchooser.amxx] Vote: Voting for the nextmap started
L 10/05/2022 - 17:43:39: [mapchooser.amxx] Vote: Voting for the nextmap finished. The nextmap will be cs_havana
L 10/05/2022 - 17:45:54: -------- Mapchange to cs_havana --------
L 10/05/2022 - 18:03:54: [mapchooser.amxx] Vote: Voting for the nextmap started
L 10/05/2022 - 18:04:09: [mapchooser.amxx] Vote: Voting for the nextmap finished. The nextmap will be de_chateau
L 10/05/2022 - 18:06:23: -------- Mapchange to de_chateau --------
L 10/05/2022 - 18:24:24: [mapchooser.amxx] Vote: Voting for the nextmap started
L 10/05/2022 - 18:24:39: [mapchooser.amxx] Vote: Voting for the nextmap finished. The nextmap will be de_aztec
L 10/05/2022 - 18:26:52: -------- Mapchange to de_aztec --------
L 10/05/2022 - 18:44:51: [mapchooser.amxx] Vote: Voting for the nextmap started
L 10/05/2022 - 18:45:06: [mapchooser.amxx] Vote: Voting for the nextmap finished. The nextmap will be as_oilrig
L 10/05/2022 - 18:47:20: -------- Mapchange to as_oilrig --------
L 10/05/2022 - 19:05:21: [mapchooser.amxx] Vote: Voting for the nextmap started
L 10/05/2022 - 19:05:36: [mapchooser.amxx] Vote: Voting for the nextmap finished. The nextmap will be cs_siege
L 10/05/2022 - 19:07:50: -------- Mapchange to cs_siege --------
L 10/05/2022 - 19:25:50: [mapchooser.amxx] Vote: Voting for the nextmap started
L 10/05/2022 - 19:26:05: [mapchooser.amxx] Vote: Voting for the nextmap finished. The nextmap will be de_cbble
L 10/05/2022 - 19:28:19: -------- Mapchange to de_cbble --------
L 10/05/2022 - 19:46:19: [mapchooser.amxx] Vote: Voting for the nextmap started
L 10/05/2022 - 19:46:34: [mapchooser.amxx] Vote: Voting for the nextmap finished. The nextmap will be de_dust
L 10/05/2022 - 19:48:49: -------- Mapchange to de_dust --------
L 10/05/2022 - 20:06:49: [mapchooser.amxx] Vote: Voting for the nextmap started
L 10/05/2022 - 20:07:04: [mapchooser.amxx] Vote: Voting for the nextmap finished. The nextmap will be cs_747
L 10/05/2022 - 20:09:19: -------- Mapchange to cs_747 --------
L 10/05/2022 - 20:27:19: [mapchooser.amxx] Vote: Voting for the nextmap started
L 10/05/2022 - 20:27:34: [mapchooser.amxx] Vote: Voting for the nextmap finished. The nextmap will be de_prodigy
L 10/05/2022 - 20:29:48: -------- Mapchange to de_prodigy --------
L 10/05/2022 - 20:47:48: [mapchooser.amxx] Vote: Voting for the nextmap started
L 10/05/2022 - 20:48:03: [mapchooser.amxx] Vote: Voting for the nextmap finished. The nextmap will be cs_assault
L 10/05/2022 - 20:50:17: -------- Mapchange to cs_assault --------
L 10/05/2022 - 21:12:51: -------- Mapchange to de_dust2 --------
L 10/05/2022 - 21:13:28: [admin.amxx] Login: "spectator`<1><STEAM_0:0:75035875><>" became an admin (account "STEAM_0:0:75035875") (access "abcdefghijklmnopqrstuv") (address "192.168.56.1")
L 10/05/2022 - 21:42:51: [mapchooser.amxx] Vote: Voting for the nextmap started
L 10/05/2022 - 21:43:06: [mapchooser.amxx] Vote: Voting for the nextmap finished. Map de_dust2 will be extended to next 15 minutes
L 10/05/2022 - 21:57:51: [mapchooser.amxx] Vote: Voting for the nextmap started
L 10/05/2022 - 21:58:06: [mapchooser.amxx] Vote: Voting for the nextmap finished. The nextmap will be de_airstrip
L 10/05/2022 - 22:00:09: -------- Mapchange to de_airstrip --------
L 10/05/2022 - 22:18:09: [mapchooser.amxx] Vote: Voting for the nextmap started
L 10/05/2022 - 22:18:24: [mapchooser.amxx] Vote: Voting for the nextmap finished. The nextmap will be cs_havana
L 10/05/2022 - 22:32:12: -------- Mapchange to cs_havana --------
L 10/05/2022 - 22:50:13: [mapchooser.amxx] Vote: Voting for the nextmap started
L 10/05/2022 - 22:50:28: [mapchooser.amxx] Vote: Voting for the nextmap finished. The nextmap will be de_chateau
L 10/05/2022 - 23:04:16: -------- Mapchange to de_chateau --------
L 10/05/2022 - 23:22:16: [mapchooser.amxx] Vote: Voting for the nextmap started
L 10/05/2022 - 23:22:31: [mapchooser.amxx] Vote: Voting for the nextmap finished. The nextmap will be de_aztec
L 10/05/2022 - 23:36:18: -------- Mapchange to de_aztec --------
L 10/05/2022 - 23:54:19: [mapchooser.amxx] Vote: Voting for the nextmap started
L 10/05/2022 - 23:54:34: [mapchooser.amxx] Vote: Voting for the nextmap finished. The nextmap will be as_oilrig
