L 08/11/2022 - 00:14:10: [mapchooser.amxx] Vote: Voting for the nextmap started
L 08/11/2022 - 00:14:25: [mapchooser.amxx] Vote: Voting for the nextmap finished. The nextmap will be de_airstrip
L 08/11/2022 - 00:16:20: -------- Mapchange to de_airstrip --------
L 08/11/2022 - 00:34:20: [mapchooser.amxx] Vote: Voting for the nextmap started
L 08/11/2022 - 00:34:35: [mapchooser.amxx] Vote: Voting for the nextmap finished. The nextmap will be cs_havana
L 08/11/2022 - 00:36:31: -------- Mapchange to cs_havana --------
L 08/11/2022 - 00:54:31: [mapchooser.amxx] Vote: Voting for the nextmap started
L 08/11/2022 - 00:54:46: [mapchooser.amxx] Vote: Voting for the nextmap finished. The nextmap will be de_chateau
L 08/11/2022 - 00:56:41: -------- Mapchange to de_chateau --------
L 08/11/2022 - 01:14:41: [mapchooser.amxx] Vote: Voting for the nextmap started
L 08/11/2022 - 01:14:56: [mapchooser.amxx] Vote: Voting for the nextmap finished. The nextmap will be de_aztec
L 08/11/2022 - 01:17:28: -------- Mapchange to de_aztec --------
L 08/11/2022 - 22:32:50: -------- Mapchange to de_dust2 --------
L 08/11/2022 - 22:33:32: -------- Mapchange to de_dust2 --------
L 08/11/2022 - 22:44:40: -------- Mapchange to de_dust2 --------
L 08/11/2022 - 22:49:57: -------- Mapchange to de_dust2 --------
L 08/11/2022 - 22:50:12: -------- Mapchange to de_dust2 --------
L 08/11/2022 - 22:58:07: -------- Mapchange to de_dust2 --------
L 08/11/2022 - 22:58:18: -------- Mapchange to de_dust2 --------
L 08/11/2022 - 23:00:22: -------- Mapchange to de_dust2 --------
L 08/11/2022 - 23:00:50: -------- Mapchange to de_dust2 --------
L 08/11/2022 - 23:01:33: -------- Mapchange to de_dust2 --------
L 08/11/2022 - 23:18:29: -------- Mapchange to de_dust2 --------
L 08/11/2022 - 23:18:51: -------- Mapchange to de_dust2 --------
L 08/11/2022 - 23:20:02: -------- Mapchange to de_dust2 --------
L 08/11/2022 - 23:21:08: -------- Mapchange to de_dust2 --------
L 08/11/2022 - 23:23:51: -------- Mapchange to de_dust2 --------
L 08/11/2022 - 23:24:10: -------- Mapchange to de_dust2 --------
L 08/11/2022 - 23:29:15: -------- Mapchange to de_dust2 --------
L 08/11/2022 - 23:29:41: -------- Mapchange to de_dust2 --------
L 08/11/2022 - 23:31:35: -------- Mapchange to de_dust2 --------
L 08/11/2022 - 23:33:04: -------- Mapchange to de_dust2 --------
L 08/11/2022 - 23:33:55: -------- Mapchange to de_dust2 --------
L 08/11/2022 - 23:34:43: -------- Mapchange to de_dust2 --------
