L 04/25/2022 - 00:36:54: -------- Mapchange to de_dust2 --------
L 04/25/2022 - 00:37:18: [hao123.amxx] performance issue. Function OnPlayerSpawn_Post executed more than 13.1ms.
L 04/25/2022 - 00:38:38: -------- Mapchange to de_dust2 --------
L 04/25/2022 - 00:39:39: -------- Mapchange to de_dust2 --------
L 04/25/2022 - 00:39:46: [hao123.amxx] performance issue. Function OnPlayerSpawn_Post executed more than 1.0ms.
L 04/25/2022 - 00:40:49: -------- Mapchange to de_dust2 --------
L 04/25/2022 - 00:42:33: -------- Mapchange to de_dust2 --------
L 04/25/2022 - 00:44:27: -------- Mapchange to de_dust2 --------
L 04/25/2022 - 00:44:30: [hao123.amxx] performance issue. Function OnPlayerSpawn_Post executed more than 27.0ms.
L 04/25/2022 - 00:44:54: -------- Mapchange to de_dust2 --------
L 04/25/2022 - 00:47:25: -------- Mapchange to de_dust2 --------
L 04/25/2022 - 00:49:55: -------- Mapchange to de_dust2 --------
L 04/25/2022 - 01:08:10: [mapchooser.amxx] Vote: Voting for the nextmap started
L 04/25/2022 - 01:08:25: [mapchooser.amxx] Vote: Voting for the nextmap finished. The nextmap will be cs_747
L 04/25/2022 - 01:10:17: -------- Mapchange to cs_747 --------
L 04/25/2022 - 01:18:28: -------- Mapchange to de_dust2 --------
L 04/25/2022 - 01:19:49: -------- Mapchange to de_dust2 --------
L 04/25/2022 - 01:20:46: -------- Mapchange to de_dust2 --------
L 04/25/2022 - 01:38:47: [mapchooser.amxx] Vote: Voting for the nextmap started
L 04/25/2022 - 01:39:02: [mapchooser.amxx] Vote: Voting for the nextmap finished. The nextmap will be de_airstrip
L 04/25/2022 - 01:41:07: -------- Mapchange to de_airstrip --------
L 04/25/2022 - 01:47:18: -------- Mapchange to de_dust2 --------
L 04/25/2022 - 01:50:17: -------- Mapchange to de_dust2 --------
L 04/25/2022 - 02:00:47: -------- Mapchange to de_dust2 --------
L 04/25/2022 - 02:08:56: -------- Mapchange to de_dust2 --------
L 04/25/2022 - 02:14:26: -------- Mapchange to de_dust2 --------
L 04/25/2022 - 02:23:17: -------- Mapchange to de_dust2 --------
L 04/25/2022 - 02:26:43: -------- Mapchange to de_dust2 --------
L 04/25/2022 - 02:44:44: [mapchooser.amxx] Vote: Voting for the nextmap started
L 04/25/2022 - 02:44:59: [mapchooser.amxx] Vote: Voting for the nextmap finished. The nextmap will be de_airstrip
L 04/25/2022 - 02:47:03: -------- Mapchange to de_airstrip --------
L 04/25/2022 - 02:47:51: -------- Mapchange to de_dust2 --------
L 04/25/2022 - 14:54:08: -------- Mapchange to de_dust2 --------
L 04/25/2022 - 15:12:56: [mapchooser.amxx] Vote: Voting for the nextmap started
L 04/25/2022 - 15:13:11: [mapchooser.amxx] Vote: Voting for the nextmap finished. The nextmap will be de_airstrip
L 04/25/2022 - 15:15:08: -------- Mapchange to de_airstrip --------
L 04/25/2022 - 15:19:30: -------- Mapchange to de_dust2 --------
L 04/25/2022 - 15:24:57: -------- Mapchange to de_dust2 --------
L 04/25/2022 - 15:42:58: [mapchooser.amxx] Vote: Voting for the nextmap started
L 04/25/2022 - 15:43:14: [mapchooser.amxx] Vote: Voting for the nextmap finished. The nextmap will be de_nuke
L 04/25/2022 - 15:45:18: -------- Mapchange to de_nuke --------
L 04/25/2022 - 16:03:39: [mapchooser.amxx] Vote: Voting for the nextmap started
L 04/25/2022 - 16:03:54: [mapchooser.amxx] Vote: Voting for the nextmap finished. The nextmap will be cs_havana
L 04/25/2022 - 16:05:59: -------- Mapchange to cs_havana --------
L 04/25/2022 - 16:24:07: [mapchooser.amxx] Vote: Voting for the nextmap started
L 04/25/2022 - 16:24:22: [mapchooser.amxx] Vote: Voting for the nextmap finished. The nextmap will be de_chateau
L 04/25/2022 - 16:26:26: -------- Mapchange to de_chateau --------
L 04/25/2022 - 16:53:18: -------- Mapchange to de_dust2 --------
L 04/25/2022 - 16:53:41: -------- Mapchange to de_dust2 --------
L 04/25/2022 - 17:07:16: -------- Mapchange to de_dust2 --------
