L 05/30/2022 - 19:03:55: -------- Mapchange to de_dust2 --------
L 05/30/2022 - 19:03:55: [oo.amxx] performance issue. Function plugin_precache executed more than 1.1ms.
L 05/30/2022 - 19:03:55: [ctg_PlayerClassInfo.amxx] performance issue. Function PlayerClassInfo@LoadJson executed more than 13.9ms.
L 05/30/2022 - 19:03:55: [oo.amxx] performance issue. Function native_call executed more than 15.0ms.
L 05/30/2022 - 19:03:55: [ctg_PlayerClassInfo.amxx] performance issue. Function PlayerClassInfo@Ctor executed more than 16.7ms.
L 05/30/2022 - 19:03:55: [oo.amxx] performance issue. Function native_new executed more than 17.7ms.
L 05/30/2022 - 19:03:55: [ctg_Human.amxx] performance issue. Function plugin_precache executed more than 22.7ms.
L 05/30/2022 - 19:03:55: [ctg_PlayerClassInfo.amxx] performance issue. Function PlayerClassInfo@LoadJson executed more than 13.2ms.
L 05/30/2022 - 19:03:55: [oo.amxx] performance issue. Function native_call executed more than 14.6ms.
L 05/30/2022 - 19:03:55: [ctg_PlayerClassInfo.amxx] performance issue. Function PlayerClassInfo@Ctor executed more than 16.6ms.
L 05/30/2022 - 19:03:55: [oo.amxx] performance issue. Function native_new executed more than 17.9ms.
L 05/30/2022 - 19:03:55: [ctg_Zombie.amxx] performance issue. Function plugin_precache executed more than 19.2ms.
L 05/30/2022 - 19:03:55: [oo.amxx] performance issue. Function plugin_init executed more than 52.9ms.
L 05/30/2022 - 19:03:55: [hsjai.amxx] performance issue. Function plugin_init executed more than 25.1ms.
L 05/30/2022 - 19:10:36: -------- Mapchange to de_dust2 --------
L 05/30/2022 - 19:10:36: [oo_test.amxx] performance issue. Function oo_init executed more than 1.0ms.
L 05/30/2022 - 19:10:36: [oo.amxx] performance issue. Function plugin_precache executed more than 2.3ms.
L 05/30/2022 - 19:10:36: [ctg_PlayerClassInfo.amxx] performance issue. Function PlayerClassInfo@LoadJson executed more than 14.6ms.
L 05/30/2022 - 19:10:36: [oo.amxx] performance issue. Function native_call executed more than 18.1ms.
L 05/30/2022 - 19:10:36: [ctg_PlayerClassInfo.amxx] performance issue. Function PlayerClassInfo@Ctor executed more than 19.7ms.
L 05/30/2022 - 19:10:36: [oo.amxx] performance issue. Function native_new executed more than 21.1ms.
L 05/30/2022 - 19:10:36: [ctg_Human.amxx] performance issue. Function plugin_precache executed more than 22.6ms.
L 05/30/2022 - 19:10:36: [ctg_PlayerClassInfo.amxx] performance issue. Function PlayerClassInfo@LoadJson executed more than 11.1ms.
L 05/30/2022 - 19:10:36: [oo.amxx] performance issue. Function native_call executed more than 12.6ms.
L 05/30/2022 - 19:10:36: [ctg_PlayerClassInfo.amxx] performance issue. Function PlayerClassInfo@Ctor executed more than 14.9ms.
L 05/30/2022 - 19:10:36: [oo.amxx] performance issue. Function native_new executed more than 16.2ms.
L 05/30/2022 - 19:10:36: [ctg_Zombie.amxx] performance issue. Function plugin_precache executed more than 17.4ms.
L 05/30/2022 - 19:10:37: [oo.amxx] performance issue. Function plugin_init executed more than 55.1ms.
L 05/30/2022 - 19:10:37: [hsjai.amxx] performance issue. Function plugin_init executed more than 18.3ms.
L 05/30/2022 - 19:12:23: -------- Mapchange to de_dust2 --------
L 05/30/2022 - 19:12:23: [ctg_PlayerClassInfo.amxx] performance issue. Function PlayerClassInfo@LoadJson executed more than 12.9ms.
L 05/30/2022 - 19:12:23: [oo.amxx] performance issue. Function native_call executed more than 13.6ms.
L 05/30/2022 - 19:12:23: [ctg_PlayerClassInfo.amxx] performance issue. Function PlayerClassInfo@Ctor executed more than 14.7ms.
L 05/30/2022 - 19:12:23: [oo.amxx] performance issue. Function native_new executed more than 19.0ms.
L 05/30/2022 - 19:12:23: [ctg_Human.amxx] performance issue. Function plugin_precache executed more than 20.3ms.
L 05/30/2022 - 19:12:23: [ctg_PlayerClassInfo.amxx] performance issue. Function PlayerClassInfo@LoadJson executed more than 8.9ms.
L 05/30/2022 - 19:12:23: [oo.amxx] performance issue. Function native_call executed more than 11.5ms.
L 05/30/2022 - 19:12:23: [ctg_PlayerClassInfo.amxx] performance issue. Function PlayerClassInfo@Ctor executed more than 13.7ms.
L 05/30/2022 - 19:12:23: [oo.amxx] performance issue. Function native_new executed more than 15.1ms.
L 05/30/2022 - 19:12:23: [ctg_Zombie.amxx] performance issue. Function plugin_precache executed more than 16.6ms.
L 05/30/2022 - 19:12:23: [oo.amxx] performance issue. Function plugin_init executed more than 51.9ms.
L 05/30/2022 - 19:12:23: [ctg_Player.amxx] performance issue. Function plugin_init executed more than 1.0ms.
L 05/30/2022 - 19:12:23: [hsjai.amxx] performance issue. Function plugin_init executed more than 16.4ms.
L 05/30/2022 - 20:40:34: -------- Mapchange to de_dust2 --------
L 05/30/2022 - 20:40:34: [oo.amxx] performance issue. Function plugin_precache executed more than 1.0ms.
L 05/30/2022 - 20:40:34: [ctg_PlayerClassInfo.amxx] performance issue. Function PlayerClassInfo@LoadJson executed more than 13.6ms.
L 05/30/2022 - 20:40:34: [oo.amxx] performance issue. Function native_call executed more than 14.5ms.
L 05/30/2022 - 20:40:34: [ctg_PlayerClassInfo.amxx] performance issue. Function PlayerClassInfo@Ctor executed more than 16.5ms.
L 05/30/2022 - 20:40:34: [oo.amxx] performance issue. Function native_new executed more than 17.6ms.
L 05/30/2022 - 20:40:34: [ctg_Human.amxx] performance issue. Function plugin_precache executed more than 18.6ms.
L 05/30/2022 - 20:40:34: [ctg_PlayerClassInfo.amxx] performance issue. Function PlayerClassInfo@LoadJson executed more than 11.2ms.
L 05/30/2022 - 20:40:34: [oo.amxx] performance issue. Function native_call executed more than 12.9ms.
L 05/30/2022 - 20:40:34: [ctg_PlayerClassInfo.amxx] performance issue. Function PlayerClassInfo@Ctor executed more than 17.2ms.
L 05/30/2022 - 20:40:34: [oo.amxx] performance issue. Function native_new executed more than 18.4ms.
L 05/30/2022 - 20:40:34: [ctg_Zombie.amxx] performance issue. Function plugin_precache executed more than 19.4ms.
L 05/30/2022 - 20:40:35: [oo.amxx] performance issue. Function plugin_init executed more than 51.4ms.
L 05/30/2022 - 20:40:35: [hsjai.amxx] performance issue. Function plugin_init executed more than 18.4ms.
L 05/30/2022 - 20:58:35: [mapchooser.amxx] Vote: Voting for the nextmap started
L 05/30/2022 - 20:58:50: [mapchooser.amxx] Vote: Voting for the nextmap finished. The nextmap will be de_airstrip
L 05/30/2022 - 21:00:45: -------- Mapchange to de_airstrip --------
L 05/30/2022 - 21:00:45: [ctg_PlayerClassInfo.amxx] performance issue. Function PlayerClassInfo@LoadJson executed more than 9.2ms.
L 05/30/2022 - 21:00:45: [oo.amxx] performance issue. Function native_call executed more than 10.5ms.
L 05/30/2022 - 21:00:45: [ctg_PlayerClassInfo.amxx] performance issue. Function PlayerClassInfo@Ctor executed more than 12.2ms.
L 05/30/2022 - 21:00:45: [oo.amxx] performance issue. Function native_new executed more than 12.7ms.
L 05/30/2022 - 21:00:45: [ctg_Human.amxx] performance issue. Function plugin_precache executed more than 13.2ms.
L 05/30/2022 - 21:00:45: [ctg_PlayerClassInfo.amxx] performance issue. Function PlayerClassInfo@LoadJson executed more than 7.4ms.
L 05/30/2022 - 21:00:45: [oo.amxx] performance issue. Function native_call executed more than 8.0ms.
L 05/30/2022 - 21:00:45: [ctg_PlayerClassInfo.amxx] performance issue. Function PlayerClassInfo@Ctor executed more than 8.7ms.
L 05/30/2022 - 21:00:45: [oo.amxx] performance issue. Function native_new executed more than 10.3ms.
L 05/30/2022 - 21:00:45: [ctg_Zombie.amxx] performance issue. Function plugin_precache executed more than 13.4ms.
L 05/30/2022 - 21:00:45: [oo.amxx] performance issue. Function plugin_init executed more than 51.6ms.
L 05/30/2022 - 21:00:45: [hsjai.amxx] performance issue. Function plugin_init executed more than 15.9ms.
L 05/30/2022 - 21:18:45: [mapchooser.amxx] Vote: Voting for the nextmap started
L 05/30/2022 - 21:19:00: [mapchooser.amxx] Vote: Voting for the nextmap finished. The nextmap will be cs_havana
L 05/30/2022 - 21:20:54: -------- Mapchange to cs_havana --------
L 05/30/2022 - 21:20:54: [oo_test.amxx] performance issue. Function Test@Ctor executed more than 1.6ms.
L 05/30/2022 - 21:20:54: [oo.amxx] performance issue. Function native_new executed more than 2.7ms.
L 05/30/2022 - 21:20:54: [oo_test.amxx] performance issue. Function oo_init executed more than 3.8ms.
L 05/30/2022 - 21:20:54: [oo.amxx] performance issue. Function plugin_precache executed more than 5.0ms.
L 05/30/2022 - 21:20:54: [ctg_PlayerClassInfo.amxx] performance issue. Function PlayerClassInfo@LoadJson executed more than 28.7ms.
L 05/30/2022 - 21:20:54: [oo.amxx] performance issue. Function native_call executed more than 30.0ms.
L 05/30/2022 - 21:20:54: [ctg_PlayerClassInfo.amxx] performance issue. Function PlayerClassInfo@Ctor executed more than 31.7ms.
L 05/30/2022 - 21:20:54: [oo.amxx] performance issue. Function native_new executed more than 32.7ms.
L 05/30/2022 - 21:20:54: [ctg_Human.amxx] performance issue. Function plugin_precache executed more than 34.9ms.
L 05/30/2022 - 21:20:54: [ctg_PlayerClassInfo.amxx] performance issue. Function PlayerClassInfo@LoadJson executed more than 21.7ms.
L 05/30/2022 - 21:20:54: [oo.amxx] performance issue. Function native_call executed more than 23.3ms.
L 05/30/2022 - 21:20:54: [ctg_PlayerClassInfo.amxx] performance issue. Function PlayerClassInfo@Ctor executed more than 25.4ms.
L 05/30/2022 - 21:20:54: [oo.amxx] performance issue. Function native_new executed more than 26.8ms.
L 05/30/2022 - 21:20:54: [ctg_Zombie.amxx] performance issue. Function plugin_precache executed more than 28.2ms.
L 05/30/2022 - 21:20:55: [oo.amxx] performance issue. Function plugin_init executed more than 50.6ms.
L 05/30/2022 - 21:20:55: [hsjai.amxx] performance issue. Function plugin_init executed more than 15.4ms.
L 05/30/2022 - 21:38:54: [mapchooser.amxx] Vote: Voting for the nextmap started
L 05/30/2022 - 21:39:10: [mapchooser.amxx] Vote: Voting for the nextmap finished. The nextmap will be de_chateau
L 05/30/2022 - 21:41:04: -------- Mapchange to de_chateau --------
L 05/30/2022 - 21:41:04: [oo.amxx] performance issue. Function plugin_precache executed more than 1.0ms.
L 05/30/2022 - 21:41:04: [ctg_PlayerClassInfo.amxx] performance issue. Function PlayerClassInfo@LoadJson executed more than 12.0ms.
L 05/30/2022 - 21:41:04: [oo.amxx] performance issue. Function native_call executed more than 13.6ms.
L 05/30/2022 - 21:41:04: [ctg_PlayerClassInfo.amxx] performance issue. Function PlayerClassInfo@Ctor executed more than 15.4ms.
L 05/30/2022 - 21:41:04: [oo.amxx] performance issue. Function native_new executed more than 16.7ms.
L 05/30/2022 - 21:41:04: [ctg_Human.amxx] performance issue. Function plugin_precache executed more than 18.1ms.
L 05/30/2022 - 21:41:04: [ctg_PlayerClassInfo.amxx] performance issue. Function PlayerClassInfo@LoadJson executed more than 9.4ms.
L 05/30/2022 - 21:41:04: [oo.amxx] performance issue. Function native_call executed more than 10.9ms.
L 05/30/2022 - 21:41:04: [ctg_PlayerClassInfo.amxx] performance issue. Function PlayerClassInfo@Ctor executed more than 13.2ms.
L 05/30/2022 - 21:41:04: [oo.amxx] performance issue. Function native_new executed more than 14.5ms.
L 05/30/2022 - 21:41:04: [ctg_Zombie.amxx] performance issue. Function plugin_precache executed more than 16.7ms.
L 05/30/2022 - 21:41:04: [oo.amxx] performance issue. Function plugin_init executed more than 55.9ms.
L 05/30/2022 - 21:41:04: [hsjai.amxx] performance issue. Function plugin_init executed more than 18.7ms.
L 05/30/2022 - 21:59:04: [mapchooser.amxx] Vote: Voting for the nextmap started
L 05/30/2022 - 21:59:19: [mapchooser.amxx] Vote: Voting for the nextmap finished. The nextmap will be de_aztec
L 05/30/2022 - 22:01:13: -------- Mapchange to de_aztec --------
L 05/30/2022 - 22:01:13: [oo.amxx] performance issue. Function plugin_precache executed more than 1.0ms.
L 05/30/2022 - 22:01:13: [ctg_PlayerClassInfo.amxx] performance issue. Function PlayerClassInfo@LoadJson executed more than 11.8ms.
L 05/30/2022 - 22:01:13: [oo.amxx] performance issue. Function native_call executed more than 13.2ms.
L 05/30/2022 - 22:01:13: [ctg_PlayerClassInfo.amxx] performance issue. Function PlayerClassInfo@Ctor executed more than 15.0ms.
L 05/30/2022 - 22:01:13: [oo.amxx] performance issue. Function native_new executed more than 16.2ms.
L 05/30/2022 - 22:01:13: [ctg_Human.amxx] performance issue. Function plugin_precache executed more than 17.3ms.
L 05/30/2022 - 22:01:13: [ctg_PlayerClassInfo.amxx] performance issue. Function PlayerClassInfo@LoadJson executed more than 9.3ms.
L 05/30/2022 - 22:01:13: [oo.amxx] performance issue. Function native_call executed more than 11.1ms.
L 05/30/2022 - 22:01:13: [ctg_PlayerClassInfo.amxx] performance issue. Function PlayerClassInfo@Ctor executed more than 13.1ms.
L 05/30/2022 - 22:01:13: [oo.amxx] performance issue. Function native_new executed more than 14.6ms.
L 05/30/2022 - 22:01:13: [ctg_Zombie.amxx] performance issue. Function plugin_precache executed more than 15.9ms.
L 05/30/2022 - 22:01:13: [oo.amxx] performance issue. Function plugin_init executed more than 50.0ms.
L 05/30/2022 - 22:01:13: [hsjai.amxx] performance issue. Function plugin_init executed more than 18.2ms.
L 05/30/2022 - 22:19:13: [mapchooser.amxx] Vote: Voting for the nextmap started
L 05/30/2022 - 22:19:28: [mapchooser.amxx] Vote: Voting for the nextmap finished. The nextmap will be as_oilrig
L 05/30/2022 - 22:21:22: -------- Mapchange to as_oilrig --------
L 05/30/2022 - 22:21:22: [oo_test.amxx] performance issue. Function Test@Ctor executed more than 1.5ms.
L 05/30/2022 - 22:21:22: [oo.amxx] performance issue. Function native_new executed more than 4.0ms.
L 05/30/2022 - 22:21:22: [oo_test.amxx] performance issue. Function oo_init executed more than 4.9ms.
L 05/30/2022 - 22:21:22: [oo.amxx] performance issue. Function plugin_precache executed more than 6.0ms.
L 05/30/2022 - 22:21:22: [ctg_PlayerClassInfo.amxx] performance issue. Function PlayerClassInfo@LoadJson executed more than 20.8ms.
L 05/30/2022 - 22:21:22: [oo.amxx] performance issue. Function native_call executed more than 22.5ms.
L 05/30/2022 - 22:21:22: [ctg_PlayerClassInfo.amxx] performance issue. Function PlayerClassInfo@Ctor executed more than 24.1ms.
L 05/30/2022 - 22:21:22: [oo.amxx] performance issue. Function native_new executed more than 25.1ms.
L 05/30/2022 - 22:21:22: [ctg_Human.amxx] performance issue. Function plugin_precache executed more than 26.0ms.
L 05/30/2022 - 22:21:22: [ctg_PlayerClassInfo.amxx] performance issue. Function PlayerClassInfo@LoadJson executed more than 19.9ms.
L 05/30/2022 - 22:21:22: [oo.amxx] performance issue. Function native_call executed more than 21.5ms.
L 05/30/2022 - 22:21:22: [ctg_PlayerClassInfo.amxx] performance issue. Function PlayerClassInfo@Ctor executed more than 24.3ms.
L 05/30/2022 - 22:21:22: [oo.amxx] performance issue. Function native_new executed more than 25.4ms.
L 05/30/2022 - 22:21:22: [ctg_Zombie.amxx] performance issue. Function plugin_precache executed more than 27.3ms.
L 05/30/2022 - 22:21:23: [oo.amxx] performance issue. Function plugin_init executed more than 49.9ms.
L 05/30/2022 - 22:21:23: [hsjai.amxx] performance issue. Function plugin_init executed more than 15.9ms.
L 05/30/2022 - 22:39:22: [mapchooser.amxx] Vote: Voting for the nextmap started
L 05/30/2022 - 22:39:37: [mapchooser.amxx] Vote: Voting for the nextmap finished. The nextmap will be cs_siege
L 05/30/2022 - 22:41:31: -------- Mapchange to cs_siege --------
L 05/30/2022 - 22:41:32: [ctg_PlayerClassInfo.amxx] performance issue. Function PlayerClassInfo@LoadJson executed more than 16.9ms.
L 05/30/2022 - 22:41:32: [oo.amxx] performance issue. Function native_call executed more than 18.1ms.
L 05/30/2022 - 22:41:32: [ctg_PlayerClassInfo.amxx] performance issue. Function PlayerClassInfo@Ctor executed more than 19.6ms.
L 05/30/2022 - 22:41:32: [oo.amxx] performance issue. Function native_new executed more than 20.6ms.
L 05/30/2022 - 22:41:32: [ctg_Human.amxx] performance issue. Function plugin_precache executed more than 21.8ms.
L 05/30/2022 - 22:41:32: [ctg_PlayerClassInfo.amxx] performance issue. Function PlayerClassInfo@LoadJson executed more than 9.7ms.
L 05/30/2022 - 22:41:32: [oo.amxx] performance issue. Function native_call executed more than 10.8ms.
L 05/30/2022 - 22:41:32: [ctg_PlayerClassInfo.amxx] performance issue. Function PlayerClassInfo@Ctor executed more than 12.4ms.
L 05/30/2022 - 22:41:32: [oo.amxx] performance issue. Function native_new executed more than 15.3ms.
L 05/30/2022 - 22:41:32: [ctg_Zombie.amxx] performance issue. Function plugin_precache executed more than 16.1ms.
L 05/30/2022 - 22:41:32: [oo.amxx] performance issue. Function plugin_init executed more than 28.3ms.
L 05/30/2022 - 22:41:32: [hsjai.amxx] performance issue. Function plugin_init executed more than 9.5ms.
L 05/30/2022 - 22:59:32: [mapchooser.amxx] Vote: Voting for the nextmap started
L 05/30/2022 - 22:59:47: [mapchooser.amxx] Vote: Voting for the nextmap finished. The nextmap will be de_cbble
L 05/30/2022 - 23:01:41: -------- Mapchange to de_cbble --------
L 05/30/2022 - 23:01:41: [ctg_PlayerClassInfo.amxx] performance issue. Function PlayerClassInfo@LoadJson executed more than 31.9ms.
L 05/30/2022 - 23:01:41: [oo.amxx] performance issue. Function native_call executed more than 33.4ms.
L 05/30/2022 - 23:01:41: [ctg_PlayerClassInfo.amxx] performance issue. Function PlayerClassInfo@Ctor executed more than 35.8ms.
L 05/30/2022 - 23:01:41: [oo.amxx] performance issue. Function native_new executed more than 37.3ms.
L 05/30/2022 - 23:01:41: [ctg_Human.amxx] performance issue. Function plugin_precache executed more than 38.4ms.
L 05/30/2022 - 23:01:41: [ctg_PlayerClassInfo.amxx] performance issue. Function PlayerClassInfo@LoadJson executed more than 18.9ms.
L 05/30/2022 - 23:01:41: [oo.amxx] performance issue. Function native_call executed more than 20.1ms.
L 05/30/2022 - 23:01:41: [ctg_PlayerClassInfo.amxx] performance issue. Function PlayerClassInfo@Ctor executed more than 21.7ms.
L 05/30/2022 - 23:01:41: [oo.amxx] performance issue. Function native_new executed more than 22.9ms.
L 05/30/2022 - 23:01:41: [ctg_Zombie.amxx] performance issue. Function plugin_precache executed more than 24.3ms.
L 05/30/2022 - 23:01:42: [oo.amxx] performance issue. Function plugin_init executed more than 29.7ms.
L 05/30/2022 - 23:01:42: [hsjai.amxx] performance issue. Function plugin_init executed more than 9.4ms.
L 05/30/2022 - 23:19:42: [mapchooser.amxx] Vote: Voting for the nextmap started
L 05/30/2022 - 23:19:57: [mapchooser.amxx] Vote: Voting for the nextmap finished. The nextmap will be de_dust
L 05/30/2022 - 23:21:51: -------- Mapchange to de_dust --------
L 05/30/2022 - 23:21:51: [ctg_PlayerClassInfo.amxx] performance issue. Function PlayerClassInfo@LoadJson executed more than 22.7ms.
L 05/30/2022 - 23:21:51: [oo.amxx] performance issue. Function native_call executed more than 23.8ms.
L 05/30/2022 - 23:21:51: [ctg_PlayerClassInfo.amxx] performance issue. Function PlayerClassInfo@Ctor executed more than 25.1ms.
L 05/30/2022 - 23:21:51: [oo.amxx] performance issue. Function native_new executed more than 25.8ms.
L 05/30/2022 - 23:21:51: [ctg_Human.amxx] performance issue. Function plugin_precache executed more than 26.5ms.
L 05/30/2022 - 23:21:51: [ctg_PlayerClassInfo.amxx] performance issue. Function PlayerClassInfo@LoadJson executed more than 21.9ms.
L 05/30/2022 - 23:21:51: [oo.amxx] performance issue. Function native_call executed more than 23.1ms.
L 05/30/2022 - 23:21:51: [ctg_PlayerClassInfo.amxx] performance issue. Function PlayerClassInfo@Ctor executed more than 24.7ms.
L 05/30/2022 - 23:21:51: [oo.amxx] performance issue. Function native_new executed more than 25.7ms.
L 05/30/2022 - 23:21:51: [ctg_Zombie.amxx] performance issue. Function plugin_precache executed more than 26.5ms.
L 05/30/2022 - 23:21:52: [oo.amxx] performance issue. Function plugin_init executed more than 31.3ms.
L 05/30/2022 - 23:21:52: [hsjai.amxx] performance issue. Function plugin_init executed more than 9.9ms.
L 05/30/2022 - 23:39:51: [mapchooser.amxx] Vote: Voting for the nextmap started
L 05/30/2022 - 23:40:06: [mapchooser.amxx] Vote: Voting for the nextmap finished. The nextmap will be cs_747
L 05/30/2022 - 23:42:00: -------- Mapchange to cs_747 --------
L 05/30/2022 - 23:42:00: [oo.amxx] performance issue. Function plugin_precache executed more than 1.0ms.
L 05/30/2022 - 23:42:00: [ctg_PlayerClassInfo.amxx] performance issue. Function PlayerClassInfo@LoadJson executed more than 15.7ms.
L 05/30/2022 - 23:42:00: [oo.amxx] performance issue. Function native_call executed more than 16.6ms.
L 05/30/2022 - 23:42:00: [ctg_PlayerClassInfo.amxx] performance issue. Function PlayerClassInfo@Ctor executed more than 17.8ms.
L 05/30/2022 - 23:42:00: [oo.amxx] performance issue. Function native_new executed more than 18.6ms.
L 05/30/2022 - 23:42:00: [ctg_Human.amxx] performance issue. Function plugin_precache executed more than 19.3ms.
L 05/30/2022 - 23:42:00: [ctg_PlayerClassInfo.amxx] performance issue. Function PlayerClassInfo@LoadJson executed more than 11.3ms.
L 05/30/2022 - 23:42:00: [oo.amxx] performance issue. Function native_call executed more than 12.4ms.
L 05/30/2022 - 23:42:00: [ctg_PlayerClassInfo.amxx] performance issue. Function PlayerClassInfo@Ctor executed more than 13.7ms.
L 05/30/2022 - 23:42:00: [oo.amxx] performance issue. Function native_new executed more than 14.5ms.
L 05/30/2022 - 23:42:00: [ctg_Zombie.amxx] performance issue. Function plugin_precache executed more than 15.2ms.
L 05/30/2022 - 23:42:01: [oo.amxx] performance issue. Function plugin_init executed more than 30.9ms.
L 05/30/2022 - 23:42:01: [hsjai.amxx] performance issue. Function plugin_init executed more than 10.6ms.
