L 05/05/2022 - 00:03:10: [mapchooser.amxx] Vote: Voting for the nextmap started
L 05/05/2022 - 00:03:25: [mapchooser.amxx] Vote: Voting for the nextmap finished. The nextmap will be cs_siege
L 05/05/2022 - 00:05:19: -------- Mapchange to cs_siege --------
L 05/05/2022 - 00:05:37: [hahajai.amxx] performance issue. Function plugin_init executed more than 17411.3ms.
L 05/05/2022 - 00:23:36: [mapchooser.amxx] Vote: Voting for the nextmap started
L 05/05/2022 - 00:23:51: [mapchooser.amxx] Vote: Voting for the nextmap finished. The nextmap will be de_cbble
L 05/05/2022 - 00:25:45: -------- Mapchange to de_cbble --------
L 05/05/2022 - 00:26:04: [hahajai.amxx] performance issue. Function plugin_init executed more than 18751.4ms.
L 05/05/2022 - 00:44:03: [mapchooser.amxx] Vote: Voting for the nextmap started
L 05/05/2022 - 00:44:19: [mapchooser.amxx] Vote: Voting for the nextmap finished. The nextmap will be de_dust
L 05/05/2022 - 00:46:13: -------- Mapchange to de_dust --------
L 05/05/2022 - 00:46:30: [hahajai.amxx] performance issue. Function plugin_init executed more than 17344.0ms.
L 05/05/2022 - 01:04:30: [mapchooser.amxx] Vote: Voting for the nextmap started
L 05/05/2022 - 01:04:45: [mapchooser.amxx] Vote: Voting for the nextmap finished. The nextmap will be cs_747
L 05/05/2022 - 01:06:39: -------- Mapchange to cs_747 --------
L 05/05/2022 - 01:06:58: [hahajai.amxx] performance issue. Function plugin_init executed more than 18707.4ms.
L 05/05/2022 - 01:24:57: [mapchooser.amxx] Vote: Voting for the nextmap started
L 05/05/2022 - 01:25:12: [mapchooser.amxx] Vote: Voting for the nextmap finished. The nextmap will be de_prodigy
L 05/05/2022 - 01:27:07: -------- Mapchange to de_prodigy --------
L 05/05/2022 - 01:27:25: [hahajai.amxx] performance issue. Function plugin_init executed more than 17570.6ms.
L 05/05/2022 - 01:45:24: [mapchooser.amxx] Vote: Voting for the nextmap started
L 05/05/2022 - 01:45:39: [mapchooser.amxx] Vote: Voting for the nextmap finished. The nextmap will be cs_assault
L 05/05/2022 - 01:47:33: -------- Mapchange to cs_assault --------
L 05/05/2022 - 01:47:54: [hahajai.amxx] performance issue. Function plugin_init executed more than 20815.9ms.
L 05/05/2022 - 06:43:08: -------- Mapchange to de_dust2 --------
L 05/05/2022 - 06:43:09: [oo_test.amxx] performance issue. Function plugin_init executed more than 20.6ms.
L 05/05/2022 - 06:45:25: -------- Mapchange to de_dust2 --------
L 05/05/2022 - 06:45:25: [oo.amxx] performance issue. Function plugin_init executed more than 1.9ms.
L 05/05/2022 - 06:45:25: [oo_test.amxx] performance issue. Function plugin_init executed more than 18.9ms.
L 05/05/2022 - 06:45:25: [oo.amxx] performance issue. Function plugin_precache executed more than 67.0ms.
L 05/05/2022 - 06:45:26: [oo_test.amxx] performance issue. Function plugin_init executed more than 15.8ms.
L 05/05/2022 - 06:45:39: -------- Mapchange to de_dust2 --------
L 05/05/2022 - 06:45:39: [oo.amxx] performance issue. Function plugin_init executed more than 1.4ms.
L 05/05/2022 - 06:45:39: [oo_test.amxx] performance issue. Function plugin_init executed more than 16.1ms.
L 05/05/2022 - 06:45:39: [oo.amxx] performance issue. Function plugin_precache executed more than 63.6ms.
L 05/05/2022 - 06:45:39: [oo_test.amxx] performance issue. Function plugin_init executed more than 18.8ms.
L 05/05/2022 - 06:46:42: -------- Mapchange to de_dust2 --------
L 05/05/2022 - 06:46:43: [oo.amxx] performance issue. Function plugin_init executed more than 1.5ms.
L 05/05/2022 - 06:46:43: [oo_test.amxx] performance issue. Function plugin_init executed more than 16.3ms.
L 05/05/2022 - 06:47:06: -------- Mapchange to de_dust2 --------
L 05/05/2022 - 06:47:06: [oo_test.amxx] performance issue. Function oo_init executed more than 17.0ms.
L 05/05/2022 - 06:47:06: [oo.amxx] performance issue. Function plugin_precache executed more than 18.1ms.
L 05/05/2022 - 06:47:07: [oo.amxx] performance issue. Function plugin_init executed more than 7.3ms.
L 05/05/2022 - 06:47:07: [oo_test.amxx] performance issue. Function Animal@Ctor executed more than 17.1ms.
L 05/05/2022 - 06:47:07: [oo.amxx] performance issue. Function native_new executed more than 18.2ms.
L 05/05/2022 - 06:47:07: [oo_test.amxx] performance issue. Function plugin_init executed more than 27.7ms.
L 05/05/2022 - 06:48:29: -------- Mapchange to de_dust2 --------
L 05/05/2022 - 06:48:29: [oo_test.amxx] performance issue. Function oo_init executed more than 17.1ms.
L 05/05/2022 - 06:48:29: [oo.amxx] performance issue. Function plugin_precache executed more than 18.3ms.
L 05/05/2022 - 06:48:30: [oo.amxx] performance issue. Function plugin_init executed more than 7.9ms.
L 05/05/2022 - 06:48:30: [oo_test.amxx] performance issue. Function Animal@Ctor executed more than 16.8ms.
L 05/05/2022 - 06:48:30: [oo.amxx] performance issue. Function native_new executed more than 17.8ms.
L 05/05/2022 - 06:48:30: [oo_test.amxx] performance issue. Function plugin_init executed more than 27.4ms.
L 05/05/2022 - 06:51:37: -------- Mapchange to de_dust2 --------
L 05/05/2022 - 06:51:37: [oo.amxx] performance issue. Function plugin_init executed more than 18.9ms.
L 05/05/2022 - 06:51:38: [oo_test.amxx] performance issue. Function Animal@Ctor executed more than 17.3ms.
L 05/05/2022 - 06:51:38: [oo.amxx] performance issue. Function native_new executed more than 18.4ms.
L 05/05/2022 - 06:51:38: [oo_test.amxx] performance issue. Function plugin_init executed more than 28.7ms.
L 05/05/2022 - 06:52:10: -------- Mapchange to de_dust2 --------
L 05/05/2022 - 06:52:10: [oo.amxx] performance issue. Function plugin_init executed more than 21.9ms.
L 05/05/2022 - 06:52:10: [oo_test.amxx] performance issue. Function Animal@Ctor executed more than 17.1ms.
L 05/05/2022 - 06:52:10: [oo.amxx] performance issue. Function native_new executed more than 18.4ms.
L 05/05/2022 - 06:52:10: [oo_test.amxx] performance issue. Function plugin_init executed more than 28.8ms.
L 05/05/2022 - 06:53:18: -------- Mapchange to de_dust2 --------
L 05/05/2022 - 06:53:19: [oo.amxx] performance issue. Function plugin_init executed more than 22.0ms.
L 05/05/2022 - 06:53:19: [oo_test.amxx] performance issue. Function Animal@Ctor executed more than 17.3ms.
L 05/05/2022 - 06:53:19: [oo.amxx] performance issue. Function native_new executed more than 18.4ms.
L 05/05/2022 - 06:53:19: [oo_test.amxx] performance issue. Function plugin_init executed more than 29.2ms.
L 05/05/2022 - 07:03:40: -------- Mapchange to de_dust2 --------
L 05/05/2022 - 07:03:40: [oo.amxx] performance issue. Function plugin_init executed more than 19.1ms.
L 05/05/2022 - 07:03:40: [oo_test.amxx] performance issue. Function Animal@Ctor executed more than 18.2ms.
L 05/05/2022 - 07:03:40: [oo.amxx] performance issue. Function native_new executed more than 20.1ms.
L 05/05/2022 - 07:03:40: [oo_test.amxx] performance issue. Function plugin_init executed more than 31.1ms.
L 05/05/2022 - 07:05:12: -------- Mapchange to de_dust2 --------
L 05/05/2022 - 07:05:12: [oo.amxx] performance issue. Function plugin_init executed more than 19.0ms.
L 05/05/2022 - 07:05:12: [oo_test.amxx] performance issue. Function Animal@Ctor executed more than 18.3ms.
L 05/05/2022 - 07:05:12: [oo.amxx] performance issue. Function native_new executed more than 19.7ms.
L 05/05/2022 - 07:05:12: [oo_test.amxx] performance issue. Function plugin_init executed more than 30.4ms.
L 05/05/2022 - 07:07:45: -------- Mapchange to de_dust2 --------
L 05/05/2022 - 07:07:45: [oo.amxx] performance issue. Function plugin_init executed more than 21.6ms.
L 05/05/2022 - 07:07:45: [oo_test.amxx] performance issue. Function Animal@Ctor executed more than 17.7ms.
L 05/05/2022 - 07:07:45: [oo.amxx] performance issue. Function native_new executed more than 18.7ms.
L 05/05/2022 - 07:07:45: [oo_test.amxx] performance issue. Function plugin_init executed more than 29.8ms.
L 05/05/2022 - 07:07:49: -------- Mapchange to de_dust2 --------
L 05/05/2022 - 07:07:50: [oo.amxx] performance issue. Function plugin_init executed more than 21.7ms.
L 05/05/2022 - 07:07:50: [oo_test.amxx] performance issue. Function Animal@Ctor executed more than 18.3ms.
L 05/05/2022 - 07:07:50: [oo.amxx] performance issue. Function native_new executed more than 19.4ms.
L 05/05/2022 - 07:07:50: [oo_test.amxx] performance issue. Function plugin_init executed more than 32.9ms.
L 05/05/2022 - 07:12:12: -------- Mapchange to de_dust2 --------
L 05/05/2022 - 07:12:13: [oo.amxx] performance issue. Function plugin_init executed more than 21.9ms.
L 05/05/2022 - 07:12:13: [oo_test.amxx] performance issue. Function Animal@Ctor executed more than 17.6ms.
L 05/05/2022 - 07:12:13: [oo.amxx] performance issue. Function native_new executed more than 18.7ms.
L 05/05/2022 - 07:12:13: [oo_test.amxx] performance issue. Function plugin_init executed more than 29.9ms.
L 05/05/2022 - 07:15:48: -------- Mapchange to de_dust2 --------
L 05/05/2022 - 07:15:49: [oo.amxx] performance issue. Function plugin_init executed more than 21.3ms.
L 05/05/2022 - 07:15:49: [oo_test.amxx] performance issue. Function Animal@Ctor executed more than 18.3ms.
L 05/05/2022 - 07:15:49: [oo.amxx] performance issue. Function native_new executed more than 19.4ms.
L 05/05/2022 - 07:15:49: [oo_test.amxx] performance issue. Function plugin_init executed more than 31.0ms.
L 05/05/2022 - 07:16:08: -------- Mapchange to de_dust2 --------
L 05/05/2022 - 07:16:09: [oo.amxx] performance issue. Function plugin_init executed more than 20.4ms.
L 05/05/2022 - 07:16:09: [oo_test.amxx] performance issue. Function Animal@Ctor executed more than 19.2ms.
L 05/05/2022 - 07:16:09: [oo.amxx] performance issue. Function native_new executed more than 20.3ms.
L 05/05/2022 - 07:16:09: [oo_test.amxx] performance issue. Function plugin_init executed more than 31.1ms.
L 05/05/2022 - 07:18:06: -------- Mapchange to de_dust2 --------
L 05/05/2022 - 07:18:06: [oo.amxx] performance issue. Function plugin_init executed more than 21.4ms.
L 05/05/2022 - 07:18:06: [oo_test.amxx] performance issue. Function plugin_init executed more than 18.8ms.
L 05/05/2022 - 07:18:49: -------- Mapchange to de_dust2 --------
L 05/05/2022 - 07:18:50: [oo.amxx] performance issue. Function plugin_init executed more than 19.6ms.
L 05/05/2022 - 07:18:50: [oo_test.amxx] performance issue. Function Animal@Eat executed more than 3.0ms.
L 05/05/2022 - 07:18:50: [oo.amxx] performance issue. Function native_call executed more than 11.8ms.
L 05/05/2022 - 07:21:07: -------- Mapchange to de_dust2 --------
L 05/05/2022 - 07:21:08: [oo.amxx] performance issue. Function plugin_init executed more than 20.3ms.
L 05/05/2022 - 07:21:08: [oo_test.amxx] performance issue. Function Cat@Ctor executed more than 18.3ms.
L 05/05/2022 - 07:21:08: [oo.amxx] performance issue. Function native_new executed more than 20.7ms.
L 05/05/2022 - 07:21:08: [oo_test.amxx] performance issue. Function plugin_init executed more than 34.4ms.
L 05/05/2022 - 07:23:34: -------- Mapchange to de_dust2 --------
L 05/05/2022 - 07:23:34: [oo.amxx] performance issue. Function plugin_init executed more than 20.0ms.
L 05/05/2022 - 07:23:34: [oo_test.amxx] performance issue. Function Cat@Ctor executed more than 18.9ms.
L 05/05/2022 - 07:23:34: [oo.amxx] performance issue. Function native_new executed more than 20.3ms.
L 05/05/2022 - 07:23:34: [oo_test.amxx] performance issue. Function plugin_init executed more than 34.5ms.
L 05/05/2022 - 07:30:58: -------- Mapchange to de_dust2 --------
L 05/05/2022 - 07:30:58: [oo.amxx] performance issue. Function plugin_init executed more than 18.5ms.
L 05/05/2022 - 07:30:58: [oo_test.amxx] performance issue. Function Cat@Ctor executed more than 1.5ms.
L 05/05/2022 - 07:30:58: [oo.amxx] performance issue. Function native_new executed more than 7.5ms.
L 05/05/2022 - 07:30:58: [oo.amxx] performance issue. Function native_delete executed more than 1.6ms.
L 05/05/2022 - 07:30:58: [oo_test.amxx] performance issue. Function Dog@Ctor executed more than 1.7ms.
L 05/05/2022 - 07:30:58: [oo.amxx] performance issue. Function native_new executed more than 11.8ms.
L 05/05/2022 - 07:30:58: [oo_test.amxx] performance issue. Function plugin_init executed more than 58.0ms.
L 05/05/2022 - 07:32:48: -------- Mapchange to de_dust2 --------
L 05/05/2022 - 07:32:49: [oo.amxx] performance issue. Function plugin_init executed more than 24.0ms.
L 05/05/2022 - 07:32:49: [oo_test.amxx] performance issue. Function Animal@Ctor executed more than 3.0ms.
L 05/05/2022 - 07:32:49: [oo.amxx] performance issue. Function native_new executed more than 12.9ms.
L 05/05/2022 - 07:32:49: [oo_test.amxx] performance issue. Function Cat@Ctor executed more than 1.5ms.
L 05/05/2022 - 07:32:49: [oo.amxx] performance issue. Function native_new executed more than 12.0ms.
L 05/05/2022 - 07:32:49: [oo.amxx] performance issue. Function native_delete executed more than 1.5ms.
L 05/05/2022 - 07:32:49: [oo_test.amxx] performance issue. Function Dog@Ctor executed more than 1.6ms.
L 05/05/2022 - 07:32:49: [oo.amxx] performance issue. Function native_new executed more than 10.8ms.
L 05/05/2022 - 07:32:49: [oo_test.amxx] performance issue. Function plugin_init executed more than 109.4ms.
L 05/05/2022 - 07:33:06: -------- Mapchange to de_dust2 --------
L 05/05/2022 - 07:33:06: [oo.amxx] performance issue. Function plugin_init executed more than 20.6ms.
L 05/05/2022 - 07:33:06: [oo_test.amxx] performance issue. Function Animal@Eat executed more than 2.9ms.
L 05/05/2022 - 07:33:06: [oo.amxx] performance issue. Function native_call executed more than 11.3ms.
L 05/05/2022 - 07:33:06: [oo_test.amxx] performance issue. Function Cat@Ctor executed more than 1.5ms.
L 05/05/2022 - 07:33:06: [oo.amxx] performance issue. Function native_new executed more than 10.7ms.
L 05/05/2022 - 07:33:06: [oo_test.amxx] performance issue. Function Animal@Dtor executed more than 1.9ms.
L 05/05/2022 - 07:33:06: [oo.amxx] performance issue. Function native_delete executed more than 9.9ms.
L 05/05/2022 - 07:33:06: [oo_test.amxx] performance issue. Function Dog@Ctor executed more than 1.8ms.
L 05/05/2022 - 07:33:06: [oo.amxx] performance issue. Function native_new executed more than 11.3ms.
L 05/05/2022 - 07:33:06: [oo.amxx] performance issue. Function native_delete executed more than 1.4ms.
L 05/05/2022 - 07:33:06: [oo_test.amxx] performance issue. Function plugin_init executed more than 103.8ms.
L 05/05/2022 - 07:33:26: -------- Mapchange to de_dust2 --------
L 05/05/2022 - 07:33:26: [oo.amxx] performance issue. Function plugin_init executed more than 21.1ms.
L 05/05/2022 - 07:33:26: [oo_test.amxx] performance issue. Function Cat@Ctor executed more than 1.5ms.
L 05/05/2022 - 07:33:26: [oo.amxx] performance issue. Function native_new executed more than 11.9ms.
L 05/05/2022 - 07:33:26: [oo_test.amxx] performance issue. Function Dog@Ctor executed more than 1.5ms.
L 05/05/2022 - 07:33:26: [oo.amxx] performance issue. Function native_new executed more than 8.8ms.
L 05/05/2022 - 07:33:26: [oo.amxx] performance issue. Function native_delete executed more than 1.4ms.
L 05/05/2022 - 07:33:26: [oo.amxx] performance issue. Function native_delete executed more than 1.4ms.
L 05/05/2022 - 07:33:26: [oo_test.amxx] performance issue. Function plugin_init executed more than 71.4ms.
L 05/05/2022 - 07:35:14: -------- Mapchange to de_dust2 --------
L 05/05/2022 - 07:35:15: [oo.amxx] performance issue. Function plugin_init executed more than 19.4ms.
L 05/05/2022 - 07:35:15: [oo_test.amxx] performance issue. Function Animal@Ctor executed more than 2.7ms.
L 05/05/2022 - 07:35:15: [oo.amxx] performance issue. Function native_new executed more than 13.0ms.
L 05/05/2022 - 07:35:15: [oo_test.amxx] performance issue. Function Cat@Ctor executed more than 1.4ms.
L 05/05/2022 - 07:35:15: [oo.amxx] performance issue. Function native_new executed more than 11.1ms.
L 05/05/2022 - 07:35:15: [oo_test.amxx] performance issue. Function Cat@Eat executed more than 1.8ms.
L 05/05/2022 - 07:35:15: [oo.amxx] performance issue. Function native_call executed more than 11.3ms.
L 05/05/2022 - 07:35:15: [oo_test.amxx] performance issue. Function Dog@Ctor executed more than 1.8ms.
L 05/05/2022 - 07:35:15: [oo.amxx] performance issue. Function native_new executed more than 11.0ms.
L 05/05/2022 - 07:35:15: [oo_test.amxx] performance issue. Function Animal@Dtor executed more than 1.6ms.
L 05/05/2022 - 07:35:15: [oo.amxx] performance issue. Function native_delete executed more than 10.1ms.
L 05/05/2022 - 07:35:15: [oo.amxx] performance issue. Function native_delete executed more than 1.8ms.
L 05/05/2022 - 07:35:15: [oo_test.amxx] performance issue. Function Dog@Dtor executed more than 1.1ms.
L 05/05/2022 - 07:35:15: [oo.amxx] performance issue. Function native_delete executed more than 10.1ms.
L 05/05/2022 - 07:35:15: [oo_test.amxx] performance issue. Function plugin_init executed more than 152.2ms.
L 05/05/2022 - 07:37:31: -------- Mapchange to de_dust2 --------
L 05/05/2022 - 07:37:31: [oo.amxx] performance issue. Function plugin_init executed more than 18.9ms.
L 05/05/2022 - 07:37:31: [oo_test.amxx] performance issue. Function Animal@Ctor executed more than 2.9ms.
L 05/05/2022 - 07:37:31: [oo.amxx] performance issue. Function native_new executed more than 12.3ms.
L 05/05/2022 - 07:37:31: [oo_test.amxx] performance issue. Function Cat@Ctor executed more than 1.6ms.
L 05/05/2022 - 07:37:31: [oo.amxx] performance issue. Function native_new executed more than 11.1ms.
L 05/05/2022 - 07:37:31: [oo_test.amxx] performance issue. Function Cat@Eat executed more than 1.7ms.
L 05/05/2022 - 07:37:31: [oo.amxx] performance issue. Function native_call executed more than 11.8ms.
L 05/05/2022 - 07:37:31: [oo_test.amxx] performance issue. Function Dog@Ctor executed more than 1.5ms.
L 05/05/2022 - 07:37:31: [oo.amxx] performance issue. Function native_new executed more than 11.1ms.
L 05/05/2022 - 07:37:31: [oo_test.amxx] performance issue. Function Animal@Dtor executed more than 2.6ms.
L 05/05/2022 - 07:37:31: [oo.amxx] performance issue. Function native_delete executed more than 10.6ms.
L 05/05/2022 - 07:37:31: [oo.amxx] performance issue. Function native_delete executed more than 1.8ms.
L 05/05/2022 - 07:37:31: [oo.amxx] performance issue. Function native_delete executed more than 1.7ms.
L 05/05/2022 - 07:37:31: [oo_test.amxx] performance issue. Function plugin_init executed more than 141.4ms.
L 05/05/2022 - 07:38:15: -------- Mapchange to de_dust2 --------
L 05/05/2022 - 07:38:15: [oo.amxx] performance issue. Function plugin_init executed more than 20.5ms.
L 05/05/2022 - 07:38:15: [oo_test.amxx] performance issue. Function Animal@Eat executed more than 2.8ms.
L 05/05/2022 - 07:38:15: [oo.amxx] performance issue. Function native_call executed more than 12.2ms.
L 05/05/2022 - 07:38:15: [oo_test.amxx] performance issue. Function Cat@Ctor executed more than 1.9ms.
L 05/05/2022 - 07:38:15: [oo.amxx] performance issue. Function native_new executed more than 11.8ms.
L 05/05/2022 - 07:38:15: [oo.amxx] performance issue. Function native_call executed more than 2.3ms.
L 05/05/2022 - 07:38:15: [oo_test.amxx] performance issue. Function Dog@Ctor executed more than 1.7ms.
L 05/05/2022 - 07:38:15: [oo.amxx] performance issue. Function native_new executed more than 12.3ms.
L 05/05/2022 - 07:38:15: [oo.amxx] performance issue. Function native_call executed more than 1.0ms.
L 05/05/2022 - 07:38:15: [oo_test.amxx] performance issue. Function Cat@Dtor executed more than 1.5ms.
L 05/05/2022 - 07:38:15: [oo.amxx] performance issue. Function native_delete executed more than 11.7ms.
L 05/05/2022 - 07:38:15: [oo.amxx] performance issue. Function native_delete executed more than 1.7ms.
L 05/05/2022 - 07:38:15: [oo_test.amxx] performance issue. Function plugin_init executed more than 131.6ms.
L 05/05/2022 - 07:40:32: -------- Mapchange to de_dust2 --------
L 05/05/2022 - 07:40:33: [oo.amxx] performance issue. Function plugin_init executed more than 19.2ms.
L 05/05/2022 - 07:40:33: [oo_test.amxx] performance issue. Function Cat@Ctor executed more than 1.4ms.
L 05/05/2022 - 07:40:33: [oo.amxx] performance issue. Function native_new executed more than 17.7ms.
L 05/05/2022 - 07:40:33: [oo_test.amxx] performance issue. Function Cat@Eat executed more than 1.1ms.
L 05/05/2022 - 07:40:33: [oo.amxx] performance issue. Function native_call executed more than 16.9ms.
L 05/05/2022 - 07:40:33: [oo_test.amxx] performance issue. Function Dog@Ctor executed more than 1.6ms.
L 05/05/2022 - 07:40:33: [oo.amxx] performance issue. Function native_new executed more than 10.5ms.
L 05/05/2022 - 07:40:33: [oo_test.amxx] performance issue. Function Dog@Eat executed more than 2.3ms.
L 05/05/2022 - 07:40:33: [oo.amxx] performance issue. Function native_call executed more than 11.9ms.
L 05/05/2022 - 07:40:33: [oo_test.amxx] performance issue. Function Animal@Dtor executed more than 1.0ms.
L 05/05/2022 - 07:40:33: [oo.amxx] performance issue. Function native_delete executed more than 11.0ms.
L 05/05/2022 - 07:40:33: [oo.amxx] performance issue. Function native_delete executed more than 1.4ms.
L 05/05/2022 - 07:40:33: [oo_test.amxx] performance issue. Function Dog@Dtor executed more than 1.7ms.
L 05/05/2022 - 07:40:33: [oo.amxx] performance issue. Function native_delete executed more than 12.7ms.
L 05/05/2022 - 07:40:33: [oo_test.amxx] performance issue. Function plugin_init executed more than 187.1ms.
L 05/05/2022 - 07:40:35: -------- Mapchange to de_dust2 --------
L 05/05/2022 - 07:40:36: [oo.amxx] performance issue. Function plugin_init executed more than 22.2ms.
L 05/05/2022 - 07:40:36: [oo_test.amxx] performance issue. Function Cat@Ctor executed more than 1.3ms.
L 05/05/2022 - 07:40:36: [oo.amxx] performance issue. Function native_new executed more than 12.3ms.
L 05/05/2022 - 07:40:36: [oo_test.amxx] performance issue. Function Dog@Ctor executed more than 1.6ms.
L 05/05/2022 - 07:40:36: [oo.amxx] performance issue. Function native_new executed more than 11.0ms.
L 05/05/2022 - 07:40:36: [oo_test.amxx] performance issue. Function Animal@Dtor executed more than 1.0ms.
L 05/05/2022 - 07:40:36: [oo.amxx] performance issue. Function native_delete executed more than 10.0ms.
L 05/05/2022 - 07:40:36: [oo_test.amxx] performance issue. Function Animal@Dtor executed more than 1.0ms.
L 05/05/2022 - 07:40:36: [oo.amxx] performance issue. Function native_delete executed more than 11.0ms.
L 05/05/2022 - 07:40:36: [oo.amxx] performance issue. Function native_delete executed more than 1.6ms.
L 05/05/2022 - 07:40:36: [oo_test.amxx] performance issue. Function plugin_init executed more than 111.2ms.
L 05/05/2022 - 07:41:05: -------- Mapchange to de_dust2 --------
L 05/05/2022 - 07:41:06: [oo.amxx] performance issue. Function plugin_init executed more than 22.1ms.
L 05/05/2022 - 07:41:06: [oo_test.amxx] performance issue. Function Cat@Ctor executed more than 1.3ms.
L 05/05/2022 - 07:41:06: [oo.amxx] performance issue. Function native_new executed more than 12.1ms.
L 05/05/2022 - 07:41:06: [oo.amxx] performance issue. Function native_call executed more than 1.5ms.
L 05/05/2022 - 07:41:06: [oo_test.amxx] performance issue. Function Dog@Ctor executed more than 1.7ms.
L 05/05/2022 - 07:41:06: [oo.amxx] performance issue. Function native_new executed more than 11.7ms.
L 05/05/2022 - 07:41:06: [oo.amxx] performance issue. Function native_delete executed more than 1.4ms.
L 05/05/2022 - 07:41:06: [oo.amxx] performance issue. Function native_delete executed more than 1.5ms.
L 05/05/2022 - 07:41:06: [oo_test.amxx] performance issue. Function plugin_init executed more than 86.0ms.
L 05/05/2022 - 07:54:53: -------- Mapchange to de_dust2 --------
L 05/05/2022 - 07:54:53: [oo.amxx] performance issue. Function plugin_init executed more than 19.6ms.
L 05/05/2022 - 07:54:53: [oo_test.amxx] performance issue. Function Animal@Eat executed more than 2.9ms.
L 05/05/2022 - 07:54:53: [oo.amxx] performance issue. Function native_call executed more than 19.9ms.
L 05/05/2022 - 07:54:53: [oo.amxx] performance issue. Function native_call executed more than 1.0ms.
L 05/05/2022 - 07:54:53: [oo_test.amxx] performance issue. Function Cat@Ctor executed more than 15.7ms.
L 05/05/2022 - 07:54:53: [oo.amxx] performance issue. Function native_new executed more than 30.0ms.
L 05/05/2022 - 07:54:53: [oo_test.amxx] performance issue. Function Animal@Ctor executed more than 1.0ms.
L 05/05/2022 - 07:54:53: [oo.amxx] performance issue. Function native_call executed more than 14.7ms.
L 05/05/2022 - 07:54:53: [oo_test.amxx] performance issue. Function Dog@Ctor executed more than 31.1ms.
L 05/05/2022 - 07:54:53: [oo.amxx] performance issue. Function native_new executed more than 45.4ms.
L 05/05/2022 - 07:54:53: [oo_test.amxx] performance issue. Function Dog@Bark executed more than 1.0ms.
L 05/05/2022 - 07:54:53: [oo.amxx] performance issue. Function native_call executed more than 12.3ms.
L 05/05/2022 - 07:54:53: [oo.amxx] performance issue. Function native_delete executed more than 1.5ms.
L 05/05/2022 - 07:54:53: [oo_test.amxx] performance issue. Function Animal@Dtor executed more than 1.9ms.
L 05/05/2022 - 07:54:53: [oo.amxx] performance issue. Function native_delete executed more than 11.9ms.
L 05/05/2022 - 07:54:53: [oo_test.amxx] performance issue. Function plugin_init executed more than 214.4ms.
L 05/05/2022 - 07:56:07: -------- Mapchange to de_dust2 --------
L 05/05/2022 - 07:56:08: [oo.amxx] performance issue. Function plugin_init executed more than 24.5ms.
L 05/05/2022 - 07:56:08: [oo_test.amxx] performance issue. Function plugin_init executed more than 2.8ms.
L 05/05/2022 - 07:56:37: -------- Mapchange to de_dust2 --------
L 05/05/2022 - 07:56:37: [oo.amxx] performance issue. Function plugin_init executed more than 23.8ms.
L 05/05/2022 - 07:56:37: [oo_test.amxx] performance issue. Function plugin_init executed more than 2.1ms.
L 05/05/2022 - 07:56:47: -------- Mapchange to de_dust2 --------
L 05/05/2022 - 07:56:48: [oo.amxx] performance issue. Function plugin_init executed more than 22.3ms.
L 05/05/2022 - 07:59:12: -------- Mapchange to de_dust2 --------
L 05/05/2022 - 07:59:12: [oo.amxx] performance issue. Function plugin_init executed more than 21.0ms.
L 05/05/2022 - 07:59:12: [oo_test.amxx] performance issue. Function plugin_init executed more than 1.0ms.
L 05/05/2022 - 12:57:19: -------- Mapchange to de_dust2 --------
L 05/05/2022 - 12:57:20: [oo.amxx] performance issue. Function native_class executed more than 22.0ms.
L 05/05/2022 - 12:57:20: [oo_test.amxx] performance issue. Function oo_init executed more than 44.8ms.
L 05/05/2022 - 12:57:20: [oo.amxx] performance issue. Function plugin_precache executed more than 45.9ms.
L 05/05/2022 - 12:57:24: [oo.amxx] performance issue. Function plugin_init executed more than 1.7ms.
L 05/05/2022 - 12:57:24: [oo.amxx] performance issue. Function native_new executed more than 17.4ms.
L 05/05/2022 - 12:57:24: [oo_test.amxx] performance issue. Function plugin_init executed more than 40.7ms.
L 05/05/2022 - 12:59:01: -------- Mapchange to de_dust2 --------
L 05/05/2022 - 12:59:01: [oo.amxx] performance issue. Function plugin_init executed more than 24.2ms.
L 05/05/2022 - 12:59:01: [oo_test.amxx] performance issue. Function Cat@Ctor executed more than 1.6ms.
L 05/05/2022 - 12:59:01: [oo.amxx] performance issue. Function native_new executed more than 11.0ms.
L 05/05/2022 - 12:59:01: [oo_test.amxx] performance issue. Function Dog@Ctor executed more than 1.3ms.
L 05/05/2022 - 12:59:01: [oo.amxx] performance issue. Function native_new executed more than 10.1ms.
L 05/05/2022 - 12:59:01: [oo.amxx] performance issue. Function native_delete executed more than 1.6ms.
L 05/05/2022 - 12:59:01: [oo.amxx] performance issue. Function native_delete executed more than 1.5ms.
L 05/05/2022 - 12:59:01: [oo_test.amxx] performance issue. Function plugin_init executed more than 68.7ms.
L 05/05/2022 - 12:59:29: -------- Mapchange to de_dust2 --------
L 05/05/2022 - 12:59:30: [oo.amxx] performance issue. Function plugin_init executed more than 20.1ms.
L 05/05/2022 - 12:59:30: [oo_test.amxx] performance issue. Function Cat@Ctor executed more than 3.7ms.
L 05/05/2022 - 12:59:30: [oo.amxx] performance issue. Function native_new executed more than 10.2ms.
L 05/05/2022 - 12:59:30: [oo_test.amxx] performance issue. Function Dog@Ctor executed more than 1.5ms.
L 05/05/2022 - 12:59:30: [oo.amxx] performance issue. Function native_new executed more than 11.0ms.
L 05/05/2022 - 12:59:30: [oo.amxx] performance issue. Function native_delete executed more than 1.6ms.
L 05/05/2022 - 12:59:30: [oo.amxx] performance issue. Function native_delete executed more than 1.4ms.
L 05/05/2022 - 12:59:30: [oo_test.amxx] performance issue. Function plugin_init executed more than 68.1ms.
L 05/05/2022 - 13:17:29: [mapchooser.amxx] Vote: Voting for the nextmap started
L 05/05/2022 - 13:17:44: [mapchooser.amxx] Vote: Voting for the nextmap finished. The nextmap will be de_chateau
L 05/05/2022 - 13:19:38: -------- Mapchange to de_chateau --------
L 05/05/2022 - 13:19:39: [oo.amxx] performance issue. Function plugin_init executed more than 20.6ms.
L 05/05/2022 - 13:19:39: [oo_test.amxx] performance issue. Function Cat@Ctor executed more than 1.2ms.
L 05/05/2022 - 13:19:39: [oo.amxx] performance issue. Function native_new executed more than 10.7ms.
L 05/05/2022 - 13:19:39: [oo_test.amxx] performance issue. Function Dog@Ctor executed more than 1.3ms.
L 05/05/2022 - 13:19:39: [oo.amxx] performance issue. Function native_new executed more than 10.2ms.
L 05/05/2022 - 13:19:39: [oo.amxx] performance issue. Function native_delete executed more than 1.3ms.
L 05/05/2022 - 13:19:39: [oo.amxx] performance issue. Function native_delete executed more than 1.4ms.
L 05/05/2022 - 13:19:39: [oo_test.amxx] performance issue. Function plugin_init executed more than 69.1ms.
L 05/05/2022 - 13:37:38: [mapchooser.amxx] Vote: Voting for the nextmap started
L 05/05/2022 - 13:37:53: [mapchooser.amxx] Vote: Voting for the nextmap finished. The nextmap will be de_aztec
L 05/05/2022 - 13:39:47: -------- Mapchange to de_aztec --------
L 05/05/2022 - 13:39:47: [oo.amxx] performance issue. Function plugin_init executed more than 21.7ms.
L 05/05/2022 - 13:39:48: [oo_test.amxx] performance issue. Function Cat@Ctor executed more than 1.3ms.
L 05/05/2022 - 13:39:48: [oo.amxx] performance issue. Function native_new executed more than 10.9ms.
L 05/05/2022 - 13:39:48: [oo_test.amxx] performance issue. Function Dog@Ctor executed more than 3.1ms.
L 05/05/2022 - 13:39:48: [oo.amxx] performance issue. Function native_new executed more than 9.5ms.
L 05/05/2022 - 13:39:48: [oo.amxx] performance issue. Function native_delete executed more than 1.4ms.
L 05/05/2022 - 13:39:48: [oo.amxx] performance issue. Function native_delete executed more than 1.5ms.
L 05/05/2022 - 13:39:48: [oo_test.amxx] performance issue. Function plugin_init executed more than 64.9ms.
L 05/05/2022 - 13:59:36: [mapchooser.amxx] Vote: Voting for the nextmap started
L 05/05/2022 - 13:59:51: [mapchooser.amxx] Vote: Voting for the nextmap finished. The nextmap will be as_oilrig
L 05/05/2022 - 14:02:06: -------- Mapchange to as_oilrig --------
L 05/05/2022 - 14:02:06: [oo.amxx] performance issue. Function plugin_init executed more than 21.1ms.
L 05/05/2022 - 14:02:06: [oo_test.amxx] performance issue. Function Cat@Ctor executed more than 1.3ms.
L 05/05/2022 - 14:02:06: [oo.amxx] performance issue. Function native_new executed more than 10.0ms.
L 05/05/2022 - 14:02:06: [oo_test.amxx] performance issue. Function Dog@Ctor executed more than 1.6ms.
L 05/05/2022 - 14:02:06: [oo.amxx] performance issue. Function native_new executed more than 8.7ms.
L 05/05/2022 - 14:02:06: [oo.amxx] performance issue. Function native_delete executed more than 1.3ms.
L 05/05/2022 - 14:02:06: [oo.amxx] performance issue. Function native_delete executed more than 1.5ms.
L 05/05/2022 - 14:02:06: [oo_test.amxx] performance issue. Function plugin_init executed more than 67.7ms.
L 05/05/2022 - 14:22:37: [mapchooser.amxx] Vote: Voting for the nextmap started
L 05/05/2022 - 14:23:12: [mapchooser.amxx] Vote: Voting for the nextmap finished. The nextmap will be cs_siege
L 05/05/2022 - 14:25:07: -------- Mapchange to cs_siege --------
L 05/05/2022 - 14:25:07: [oo.amxx] performance issue. Function plugin_init executed more than 20.3ms.
L 05/05/2022 - 14:25:07: [oo_test.amxx] performance issue. Function Cat@Ctor executed more than 1.2ms.
L 05/05/2022 - 14:25:07: [oo.amxx] performance issue. Function native_new executed more than 10.1ms.
L 05/05/2022 - 14:25:07: [oo_test.amxx] performance issue. Function Dog@Ctor executed more than 1.4ms.
L 05/05/2022 - 14:25:07: [oo.amxx] performance issue. Function native_new executed more than 8.5ms.
L 05/05/2022 - 14:25:07: [oo.amxx] performance issue. Function native_delete executed more than 1.5ms.
L 05/05/2022 - 14:25:07: [oo.amxx] performance issue. Function native_delete executed more than 1.5ms.
L 05/05/2022 - 14:25:07: [oo_test.amxx] performance issue. Function plugin_init executed more than 66.7ms.
L 05/05/2022 - 14:45:44: [mapchooser.amxx] Vote: Voting for the nextmap started
L 05/05/2022 - 14:45:59: [mapchooser.amxx] Vote: Voting for the nextmap finished. The nextmap will be de_cbble
L 05/05/2022 - 14:48:15: -------- Mapchange to de_cbble --------
L 05/05/2022 - 14:48:15: [oo.amxx] performance issue. Function plugin_init executed more than 19.1ms.
L 05/05/2022 - 14:48:15: [oo_test.amxx] performance issue. Function Animal@Ctor executed more than 2.7ms.
L 05/05/2022 - 14:48:15: [oo.amxx] performance issue. Function native_call executed more than 9.9ms.
L 05/05/2022 - 14:48:15: [oo_test.amxx] performance issue. Function Cat@Ctor executed more than 21.0ms.
L 05/05/2022 - 14:48:15: [oo.amxx] performance issue. Function native_new executed more than 30.1ms.
L 05/05/2022 - 14:48:15: [oo_test.amxx] performance issue. Function Dog@Ctor executed more than 1.8ms.
L 05/05/2022 - 14:48:16: [oo.amxx] performance issue. Function native_new executed more than 8.5ms.
L 05/05/2022 - 14:48:16: [oo_test.amxx] performance issue. Function Animal@Dtor executed more than 1.5ms.
L 05/05/2022 - 14:48:16: [oo.amxx] performance issue. Function native_delete executed more than 8.1ms.
L 05/05/2022 - 14:48:16: [oo.amxx] performance issue. Function native_delete executed more than 1.4ms.
L 05/05/2022 - 14:48:16: [oo_test.amxx] performance issue. Function plugin_init executed more than 93.0ms.
L 05/05/2022 - 15:08:46: [mapchooser.amxx] Vote: Voting for the nextmap started
L 05/05/2022 - 15:09:01: [mapchooser.amxx] Vote: Voting for the nextmap finished. The nextmap will be de_dust
L 05/05/2022 - 15:11:16: -------- Mapchange to de_dust --------
L 05/05/2022 - 15:11:17: [oo.amxx] performance issue. Function plugin_init executed more than 17.9ms.
L 05/05/2022 - 15:11:17: [oo_test.amxx] performance issue. Function Cat@Ctor executed more than 1.3ms.
L 05/05/2022 - 15:11:17: [oo.amxx] performance issue. Function native_new executed more than 11.0ms.
L 05/05/2022 - 15:11:17: [oo_test.amxx] performance issue. Function Dog@Ctor executed more than 1.4ms.
L 05/05/2022 - 15:11:17: [oo.amxx] performance issue. Function native_new executed more than 8.6ms.
L 05/05/2022 - 15:11:17: [oo.amxx] performance issue. Function native_delete executed more than 1.5ms.
L 05/05/2022 - 15:11:17: [oo.amxx] performance issue. Function native_delete executed more than 1.8ms.
L 05/05/2022 - 15:11:17: [oo_test.amxx] performance issue. Function plugin_init executed more than 64.0ms.
L 05/05/2022 - 15:31:48: [mapchooser.amxx] Vote: Voting for the nextmap started
L 05/05/2022 - 15:32:03: [mapchooser.amxx] Vote: Voting for the nextmap finished. The nextmap will be cs_747
L 05/05/2022 - 15:34:19: -------- Mapchange to cs_747 --------
L 05/05/2022 - 15:34:20: [oo.amxx] performance issue. Function plugin_init executed more than 19.8ms.
L 05/05/2022 - 15:34:20: [oo_test.amxx] performance issue. Function Cat@Ctor executed more than 1.3ms.
L 05/05/2022 - 15:34:20: [oo.amxx] performance issue. Function native_new executed more than 10.5ms.
L 05/05/2022 - 15:34:20: [oo_test.amxx] performance issue. Function Dog@Ctor executed more than 1.6ms.
L 05/05/2022 - 15:34:20: [oo.amxx] performance issue. Function native_new executed more than 8.9ms.
L 05/05/2022 - 15:34:20: [oo.amxx] performance issue. Function native_delete executed more than 1.4ms.
L 05/05/2022 - 15:34:20: [oo.amxx] performance issue. Function native_delete executed more than 1.6ms.
L 05/05/2022 - 15:34:20: [oo_test.amxx] performance issue. Function plugin_init executed more than 65.0ms.
L 05/05/2022 - 15:54:55: [mapchooser.amxx] Vote: Voting for the nextmap started
L 05/05/2022 - 15:55:10: [mapchooser.amxx] Vote: Voting for the nextmap finished. The nextmap will be de_prodigy
L 05/05/2022 - 15:57:26: -------- Mapchange to de_prodigy --------
L 05/05/2022 - 15:57:27: [oo.amxx] performance issue. Function plugin_init executed more than 20.8ms.
L 05/05/2022 - 15:57:27: [oo_test.amxx] performance issue. Function Cat@Ctor executed more than 1.5ms.
L 05/05/2022 - 15:57:27: [oo.amxx] performance issue. Function native_new executed more than 7.6ms.
L 05/05/2022 - 15:57:27: [oo_test.amxx] performance issue. Function Dog@Ctor executed more than 1.3ms.
L 05/05/2022 - 15:57:27: [oo.amxx] performance issue. Function native_new executed more than 9.4ms.
L 05/05/2022 - 15:57:27: [oo.amxx] performance issue. Function native_delete executed more than 1.3ms.
L 05/05/2022 - 15:57:27: [oo.amxx] performance issue. Function native_delete executed more than 1.4ms.
L 05/05/2022 - 15:57:27: [oo_test.amxx] performance issue. Function plugin_init executed more than 62.5ms.
L 05/05/2022 - 16:17:58: [mapchooser.amxx] Vote: Voting for the nextmap started
L 05/05/2022 - 16:18:13: [mapchooser.amxx] Vote: Voting for the nextmap finished. The nextmap will be cs_assault
L 05/05/2022 - 16:20:29: -------- Mapchange to cs_assault --------
L 05/05/2022 - 16:20:29: [oo.amxx] performance issue. Function plugin_init executed more than 21.6ms.
L 05/05/2022 - 16:20:29: [oo_test.amxx] performance issue. Function Cat@Ctor executed more than 1.4ms.
L 05/05/2022 - 16:20:29: [oo.amxx] performance issue. Function native_new executed more than 9.9ms.
L 05/05/2022 - 16:20:29: [oo_test.amxx] performance issue. Function Animal@Ctor executed more than 1.6ms.
L 05/05/2022 - 16:20:29: [oo.amxx] performance issue. Function native_call executed more than 8.9ms.
L 05/05/2022 - 16:20:29: [oo_test.amxx] performance issue. Function Dog@Ctor executed more than 21.2ms.
L 05/05/2022 - 16:20:29: [oo.amxx] performance issue. Function native_new executed more than 33.7ms.
L 05/05/2022 - 16:20:29: [oo.amxx] performance issue. Function native_delete executed more than 1.4ms.
L 05/05/2022 - 16:20:29: [oo.amxx] performance issue. Function native_delete executed more than 1.6ms.
L 05/05/2022 - 16:20:29: [oo_test.amxx] performance issue. Function plugin_init executed more than 89.0ms.
L 05/05/2022 - 16:41:01: [mapchooser.amxx] Vote: Voting for the nextmap started
L 05/05/2022 - 16:41:16: [mapchooser.amxx] Vote: Voting for the nextmap finished. The nextmap will be cs_office
L 05/05/2022 - 16:43:32: -------- Mapchange to cs_office --------
L 05/05/2022 - 16:43:33: [oo.amxx] performance issue. Function plugin_init executed more than 21.3ms.
L 05/05/2022 - 16:43:33: [oo_test.amxx] performance issue. Function Cat@Ctor executed more than 3.1ms.
L 05/05/2022 - 16:43:33: [oo.amxx] performance issue. Function native_new executed more than 9.5ms.
L 05/05/2022 - 16:43:33: [oo_test.amxx] performance issue. Function Dog@Ctor executed more than 1.6ms.
L 05/05/2022 - 16:43:33: [oo.amxx] performance issue. Function native_new executed more than 8.5ms.
L 05/05/2022 - 16:43:33: [oo.amxx] performance issue. Function native_delete executed more than 1.4ms.
L 05/05/2022 - 16:43:33: [oo.amxx] performance issue. Function native_delete executed more than 1.6ms.
L 05/05/2022 - 16:43:33: [oo_test.amxx] performance issue. Function plugin_init executed more than 64.2ms.
L 05/05/2022 - 17:03:00: [mapchooser.amxx] Vote: Voting for the nextmap started
L 05/05/2022 - 17:03:15: [mapchooser.amxx] Vote: Voting for the nextmap finished. The nextmap will be cs_italy
L 05/05/2022 - 17:05:09: -------- Mapchange to cs_italy --------
L 05/05/2022 - 17:05:09: [oo.amxx] performance issue. Function plugin_init executed more than 22.7ms.
L 05/05/2022 - 17:05:09: [oo_test.amxx] performance issue. Function Cat@Ctor executed more than 1.5ms.
L 05/05/2022 - 17:05:09: [oo.amxx] performance issue. Function native_new executed more than 15.0ms.
L 05/05/2022 - 17:05:09: [oo_test.amxx] performance issue. Function Dog@Ctor executed more than 1.3ms.
L 05/05/2022 - 17:05:09: [oo.amxx] performance issue. Function native_new executed more than 10.7ms.
L 05/05/2022 - 17:05:09: [oo.amxx] performance issue. Function native_delete executed more than 1.5ms.
L 05/05/2022 - 17:05:09: [oo.amxx] performance issue. Function native_delete executed more than 1.4ms.
L 05/05/2022 - 17:05:09: [oo_test.amxx] performance issue. Function plugin_init executed more than 75.8ms.
L 05/05/2022 - 17:23:09: [mapchooser.amxx] Vote: Voting for the nextmap started
L 05/05/2022 - 17:23:24: [mapchooser.amxx] Vote: Voting for the nextmap finished. The nextmap will be cs_backalley
L 05/05/2022 - 17:25:18: -------- Mapchange to cs_backalley --------
L 05/05/2022 - 17:25:18: [oo.amxx] performance issue. Function plugin_init executed more than 24.7ms.
L 05/05/2022 - 17:25:18: [oo_test.amxx] performance issue. Function Cat@Ctor executed more than 1.4ms.
L 05/05/2022 - 17:25:18: [oo.amxx] performance issue. Function native_new executed more than 12.8ms.
L 05/05/2022 - 17:25:18: [oo_test.amxx] performance issue. Function Dog@Ctor executed more than 1.8ms.
L 05/05/2022 - 17:25:18: [oo.amxx] performance issue. Function native_new executed more than 10.2ms.
L 05/05/2022 - 17:25:18: [oo.amxx] performance issue. Function native_delete executed more than 1.6ms.
L 05/05/2022 - 17:25:18: [oo.amxx] performance issue. Function native_delete executed more than 1.6ms.
L 05/05/2022 - 17:25:18: [oo_test.amxx] performance issue. Function plugin_init executed more than 75.8ms.
L 05/05/2022 - 17:45:20: -------- Mapchange to de_dust2 --------
L 05/05/2022 - 17:45:24: [oo.amxx] performance issue. Function plugin_init executed more than 17.7ms.
L 05/05/2022 - 17:45:24: [oo_test.amxx] performance issue. Function Animal@Ctor executed more than 2.9ms.
L 05/05/2022 - 17:45:24: [oo.amxx] performance issue. Function native_new executed more than 12.5ms.
L 05/05/2022 - 17:45:24: [oo_test.amxx] performance issue. Function Cat@Ctor executed more than 1.7ms.
L 05/05/2022 - 17:45:24: [oo.amxx] performance issue. Function native_new executed more than 10.2ms.
L 05/05/2022 - 17:45:24: [oo_test.amxx] performance issue. Function Dog@Ctor executed more than 4.1ms.
L 05/05/2022 - 17:45:24: [oo.amxx] performance issue. Function native_new executed more than 10.8ms.
L 05/05/2022 - 17:45:24: [oo.amxx] performance issue. Function native_delete executed more than 1.5ms.
L 05/05/2022 - 17:45:24: [oo_test.amxx] performance issue. Function Dog@Dtor executed more than 1.9ms.
L 05/05/2022 - 17:45:24: [oo.amxx] performance issue. Function native_delete executed more than 12.3ms.
L 05/05/2022 - 17:45:24: [oo_test.amxx] performance issue. Function plugin_init executed more than 103.5ms.
L 05/05/2022 - 18:03:25: [mapchooser.amxx] Vote: Voting for the nextmap started
L 05/05/2022 - 18:03:40: [mapchooser.amxx] Vote: Voting for the nextmap finished. The nextmap will be de_airstrip
L 05/05/2022 - 18:05:34: -------- Mapchange to de_airstrip --------
L 05/05/2022 - 18:05:35: [oo.amxx] performance issue. Function plugin_init executed more than 12.9ms.
L 05/05/2022 - 18:05:35: [oo_test.amxx] performance issue. Function plugin_init executed more than 6.6ms.
L 05/05/2022 - 18:08:02: -------- Mapchange to de_airstrip --------
L 05/05/2022 - 18:08:03: [oo.amxx] performance issue. Function plugin_init executed more than 13.3ms.
