L 06/16/2022 - 00:10:05: [mapchooser.amxx] Vote: Voting for the nextmap started
L 06/16/2022 - 00:10:20: [mapchooser.amxx] Vote: Voting for the nextmap finished. The nextmap will be de_airstrip
L 06/16/2022 - 00:12:15: -------- Mapchange to de_airstrip --------
L 06/16/2022 - 00:12:15: [contagion.amxx] performance issue. Function oo_init executed more than 2.0ms.
L 06/16/2022 - 00:12:15: [contagion.amxx] performance issue. Function PlayerClassInfo@LoadJson executed more than 13.0ms.
L 06/16/2022 - 00:12:15: [contagion.amxx] performance issue. Function HumanInfo@LoadAssets executed more than 14.6ms.
L 06/16/2022 - 00:12:15: [contagion.amxx] performance issue. Function PlayerClassInfo@Ctor executed more than 23.6ms.
L 06/16/2022 - 00:12:15: [contagion.amxx] performance issue. Function HumanInfo@Ctor executed more than 31.5ms.
L 06/16/2022 - 00:12:15: [contagion.amxx] performance issue. Function PlayerClassInfo@LoadJson executed more than 9.1ms.
L 06/16/2022 - 00:12:15: [contagion.amxx] performance issue. Function ZombieInfo@LoadAssets executed more than 10.4ms.
L 06/16/2022 - 00:12:15: [contagion.amxx] performance issue. Function PlayerClassInfo@Ctor executed more than 19.7ms.
L 06/16/2022 - 00:12:15: [contagion.amxx] performance issue. Function ZombieInfo@Ctor executed more than 26.9ms.
L 06/16/2022 - 00:12:15: [contagion.amxx] performance issue. Function plugin_precache executed more than 77.7ms.
L 06/16/2022 - 00:31:00: [mapchooser.amxx] Vote: Voting for the nextmap started
L 06/16/2022 - 00:31:15: [mapchooser.amxx] Vote: Voting for the nextmap finished. The nextmap will be cs_havana
L 06/16/2022 - 00:33:56: -------- Mapchange to cs_havana --------
L 06/16/2022 - 00:33:56: [contagion.amxx] performance issue. Function oo_init executed more than 2.2ms.
L 06/16/2022 - 00:33:56: [contagion.amxx] performance issue. Function PlayerClassInfo@LoadJson executed more than 10.0ms.
L 06/16/2022 - 00:33:56: [contagion.amxx] performance issue. Function HumanInfo@LoadAssets executed more than 11.4ms.
L 06/16/2022 - 00:33:56: [contagion.amxx] performance issue. Function PlayerClassInfo@Ctor executed more than 22.2ms.
L 06/16/2022 - 00:33:56: [contagion.amxx] performance issue. Function HumanInfo@Ctor executed more than 30.0ms.
L 06/16/2022 - 00:33:56: [contagion.amxx] performance issue. Function PlayerClassInfo@LoadJson executed more than 9.4ms.
L 06/16/2022 - 00:33:56: [contagion.amxx] performance issue. Function ZombieInfo@LoadAssets executed more than 10.9ms.
L 06/16/2022 - 00:33:56: [contagion.amxx] performance issue. Function PlayerClassInfo@Ctor executed more than 21.6ms.
L 06/16/2022 - 00:33:56: [contagion.amxx] performance issue. Function ZombieInfo@Ctor executed more than 33.1ms.
L 06/16/2022 - 00:33:56: [contagion.amxx] performance issue. Function plugin_precache executed more than 83.3ms.
L 06/16/2022 - 00:56:46: [mapchooser.amxx] Vote: Voting for the nextmap started
L 06/16/2022 - 00:57:01: [mapchooser.amxx] Vote: Voting for the nextmap finished. The nextmap will be de_chateau
L 06/16/2022 - 00:58:55: -------- Mapchange to de_chateau --------
L 06/16/2022 - 00:58:55: [contagion.amxx] performance issue. Function oo_init executed more than 2.3ms.
L 06/16/2022 - 00:58:55: [contagion.amxx] performance issue. Function PlayerClassInfo@LoadJson executed more than 10.5ms.
L 06/16/2022 - 00:58:55: [contagion.amxx] performance issue. Function HumanInfo@LoadAssets executed more than 11.8ms.
L 06/16/2022 - 00:58:55: [contagion.amxx] performance issue. Function PlayerClassInfo@Ctor executed more than 24.3ms.
L 06/16/2022 - 00:58:55: [contagion.amxx] performance issue. Function HumanInfo@Ctor executed more than 35.6ms.
L 06/16/2022 - 00:58:55: [contagion.amxx] performance issue. Function PlayerClassInfo@LoadJson executed more than 10.7ms.
L 06/16/2022 - 00:58:55: [contagion.amxx] performance issue. Function ZombieInfo@LoadAssets executed more than 12.7ms.
L 06/16/2022 - 00:58:55: [contagion.amxx] performance issue. Function PlayerClassInfo@Ctor executed more than 25.3ms.
L 06/16/2022 - 00:58:55: [contagion.amxx] performance issue. Function ZombieInfo@Ctor executed more than 36.8ms.
L 06/16/2022 - 00:58:55: [contagion.amxx] performance issue. Function plugin_precache executed more than 96.0ms.
L 06/16/2022 - 01:21:31: [mapchooser.amxx] Vote: Voting for the nextmap started
L 06/16/2022 - 01:21:46: [mapchooser.amxx] Vote: Voting for the nextmap finished. The nextmap will be de_aztec
L 06/16/2022 - 01:24:24: -------- Mapchange to de_aztec --------
L 06/16/2022 - 01:24:25: [contagion.amxx] performance issue. Function oo_init executed more than 2.2ms.
L 06/16/2022 - 01:24:25: [contagion.amxx] performance issue. Function PlayerClassInfo@LoadJson executed more than 9.6ms.
L 06/16/2022 - 01:24:25: [contagion.amxx] performance issue. Function HumanInfo@LoadAssets executed more than 11.2ms.
L 06/16/2022 - 01:24:25: [contagion.amxx] performance issue. Function PlayerClassInfo@Ctor executed more than 24.3ms.
L 06/16/2022 - 01:24:25: [contagion.amxx] performance issue. Function HumanInfo@Ctor executed more than 39.5ms.
L 06/16/2022 - 01:24:25: [contagion.amxx] performance issue. Function PlayerClassInfo@LoadJson executed more than 9.8ms.
L 06/16/2022 - 01:24:25: [contagion.amxx] performance issue. Function ZombieInfo@LoadAssets executed more than 11.6ms.
L 06/16/2022 - 01:24:25: [contagion.amxx] performance issue. Function PlayerClassInfo@Ctor executed more than 23.9ms.
L 06/16/2022 - 01:24:25: [contagion.amxx] performance issue. Function ZombieInfo@Ctor executed more than 34.9ms.
L 06/16/2022 - 01:24:25: [contagion.amxx] performance issue. Function plugin_precache executed more than 96.8ms.
L 06/16/2022 - 01:24:25: [contagion.amxx] performance issue. Function plugin_init executed more than 1.0ms.
L 06/16/2022 - 01:46:06: [mapchooser.amxx] Vote: Voting for the nextmap started
L 06/16/2022 - 01:46:21: [mapchooser.amxx] Vote: Voting for the nextmap finished. The nextmap will be as_oilrig
L 06/16/2022 - 01:48:15: -------- Mapchange to as_oilrig --------
L 06/16/2022 - 01:48:15: [contagion.amxx] performance issue. Function oo_init executed more than 2.4ms.
L 06/16/2022 - 01:48:15: [contagion.amxx] performance issue. Function PlayerClassInfo@LoadJson executed more than 10.8ms.
L 06/16/2022 - 01:48:15: [contagion.amxx] performance issue. Function HumanInfo@LoadAssets executed more than 12.1ms.
L 06/16/2022 - 01:48:15: [contagion.amxx] performance issue. Function PlayerClassInfo@Ctor executed more than 26.1ms.
L 06/16/2022 - 01:48:15: [contagion.amxx] performance issue. Function HumanInfo@Ctor executed more than 38.2ms.
L 06/16/2022 - 01:48:15: [contagion.amxx] performance issue. Function PlayerClassInfo@LoadJson executed more than 9.8ms.
L 06/16/2022 - 01:48:15: [contagion.amxx] performance issue. Function ZombieInfo@LoadAssets executed more than 12.3ms.
L 06/16/2022 - 01:48:15: [contagion.amxx] performance issue. Function PlayerClassInfo@Ctor executed more than 25.9ms.
L 06/16/2022 - 01:48:15: [contagion.amxx] performance issue. Function ZombieInfo@Ctor executed more than 40.3ms.
L 06/16/2022 - 01:48:15: [contagion.amxx] performance issue. Function plugin_precache executed more than 103.5ms.
L 06/16/2022 - 02:06:16: [mapchooser.amxx] Vote: Voting for the nextmap started
L 06/16/2022 - 02:06:31: [mapchooser.amxx] Vote: Voting for the nextmap finished. The nextmap will be cs_siege
