L 04/16/2022 - 23:36:44: -------- Mapchange to de_dust2 --------
L 04/16/2022 - 23:36:45: [oo_test.amxx] performance issue. Function oo_init executed more than 3.7ms.
L 04/16/2022 - 23:36:45: [contagion.amxx] performance issue. Function oo_init executed more than 1.5ms.
L 04/16/2022 - 23:36:45: [ctg_zombie.amxx] performance issue. Function plugin_precache executed more than 103.1ms.
L 04/16/2022 - 23:36:45: [ctg_human.amxx] performance issue. Function plugin_precache executed more than 69.7ms.
L 04/16/2022 - 23:36:53: -------- Mapchange to de_dust2 --------
L 04/16/2022 - 23:36:53: [ctg_zombie.amxx] performance issue. Function plugin_precache executed more than 8.3ms.
L 04/16/2022 - 23:36:53: [ctg_human.amxx] performance issue. Function plugin_precache executed more than 9.2ms.
L 04/16/2022 - 23:40:46: -------- Mapchange to de_dust2 --------
L 04/16/2022 - 23:40:47: [ctg_zombie.amxx] performance issue. Function plugin_precache executed more than 9.2ms.
L 04/16/2022 - 23:40:47: [ctg_human.amxx] performance issue. Function plugin_precache executed more than 12.2ms.
L 04/16/2022 - 23:42:30: -------- Mapchange to de_dust2 --------
L 04/16/2022 - 23:42:30: [ctg_zombie.amxx] performance issue. Function plugin_precache executed more than 8.6ms.
L 04/16/2022 - 23:42:30: [ctg_human.amxx] performance issue. Function plugin_precache executed more than 9.7ms.
L 04/16/2022 - 23:42:47: -------- Mapchange to de_dust2 --------
L 04/16/2022 - 23:42:47: [ctg_zombie.amxx] performance issue. Function plugin_precache executed more than 9.2ms.
L 04/16/2022 - 23:42:47: [ctg_human.amxx] performance issue. Function plugin_precache executed more than 11.9ms.
L 04/16/2022 - 23:43:16: -------- Mapchange to de_dust2 --------
L 04/16/2022 - 23:43:16: [ctg_zombie.amxx] performance issue. Function plugin_precache executed more than 8.3ms.
L 04/16/2022 - 23:43:16: [ctg_human.amxx] performance issue. Function plugin_precache executed more than 11.8ms.
L 04/16/2022 - 23:43:36: -------- Mapchange to de_dust2 --------
L 04/16/2022 - 23:43:36: [ctg_zombie.amxx] performance issue. Function plugin_precache executed more than 8.8ms.
L 04/16/2022 - 23:43:36: [ctg_human.amxx] performance issue. Function plugin_precache executed more than 10.3ms.
L 04/16/2022 - 23:43:36: [contagion.amxx] performance issue. Function plugin_init executed more than 1.5ms.
L 04/16/2022 - 23:43:49: -------- Mapchange to de_dust2 --------
L 04/16/2022 - 23:43:50: [ctg_zombie.amxx] performance issue. Function plugin_precache executed more than 21.6ms.
L 04/16/2022 - 23:43:50: [ctg_human.amxx] performance issue. Function plugin_precache executed more than 14.5ms.
